[2023-06-14T14:05:06.793+0000] {taskinstance.py:1103} INFO - Dependencies all met for dep_context=non-requeueable deps ti=<TaskInstance: time_task.insert_value manual__2023-06-14T14:05:04.881810+00:00 [queued]>
[2023-06-14T14:05:06.800+0000] {taskinstance.py:1103} INFO - Dependencies all met for dep_context=requeueable deps ti=<TaskInstance: time_task.insert_value manual__2023-06-14T14:05:04.881810+00:00 [queued]>
[2023-06-14T14:05:06.801+0000] {taskinstance.py:1308} INFO - Starting attempt 1 of 1
[2023-06-14T14:05:06.808+0000] {taskinstance.py:1327} INFO - Executing <Task(PostgresOperator): insert_value> on 2023-06-14 14:05:04.881810+00:00
[2023-06-14T14:05:06.811+0000] {standard_task_runner.py:57} INFO - Started process 178 to run task
[2023-06-14T14:05:06.814+0000] {standard_task_runner.py:84} INFO - Running: ['***', 'tasks', 'run', 'time_task', 'insert_value', 'manual__2023-06-14T14:05:04.881810+00:00', '--job-id', '8', '--raw', '--subdir', 'DAGS_FOLDER/create_database_postgres.py', '--cfg-path', '/tmp/tmpvysip9b5']
[2023-06-14T14:05:06.815+0000] {standard_task_runner.py:85} INFO - Job 8: Subtask insert_value
[2023-06-14T14:05:06.852+0000] {task_command.py:410} INFO - Running <TaskInstance: time_task.insert_value manual__2023-06-14T14:05:04.881810+00:00 [running]> on host aa59ed19919a
[2023-06-14T14:05:06.910+0000] {taskinstance.py:1547} INFO - Exporting env vars: AIRFLOW_CTX_DAG_OWNER='***' AIRFLOW_CTX_DAG_ID='time_task' AIRFLOW_CTX_TASK_ID='insert_value' AIRFLOW_CTX_EXECUTION_DATE='2023-06-14T14:05:04.881810+00:00' AIRFLOW_CTX_TRY_NUMBER='1' AIRFLOW_CTX_DAG_RUN_ID='manual__2023-06-14T14:05:04.881810+00:00'
[2023-06-14T14:05:06.911+0000] {sql.py:262} INFO - Executing: 
                INSERT INTO myTime VALUES (CURRENT_TIMESTAMP);   
        
[2023-06-14T14:05:06.919+0000] {base.py:73} INFO - Using connection ID 'postgres' for task execution.
[2023-06-14T14:05:06.957+0000] {base.py:73} INFO - Using connection ID 'postgres' for task execution.
[2023-06-14T14:05:06.962+0000] {sql.py:375} INFO - Running statement: 
                INSERT INTO myTime VALUES (CURRENT_TIMESTAMP);   
        , parameters: None
[2023-06-14T14:05:06.964+0000] {sql.py:384} INFO - Rows affected: 1
[2023-06-14T14:05:06.973+0000] {taskinstance.py:1350} INFO - Marking task as SUCCESS. dag_id=time_task, task_id=insert_value, execution_date=20230614T140504, start_date=20230614T140506, end_date=20230614T140506
[2023-06-14T14:05:07.027+0000] {local_task_job_runner.py:225} INFO - Task exited with return code 0
[2023-06-14T14:05:07.041+0000] {taskinstance.py:2651} INFO - 0 downstream tasks scheduled from follow-on schedule check
