[2023-06-14T14:05:05.696+0000] {taskinstance.py:1103} INFO - Dependencies all met for dep_context=non-requeueable deps ti=<TaskInstance: time_task.create_table manual__2023-06-14T14:05:04.881810+00:00 [queued]>
[2023-06-14T14:05:05.702+0000] {taskinstance.py:1103} INFO - Dependencies all met for dep_context=requeueable deps ti=<TaskInstance: time_task.create_table manual__2023-06-14T14:05:04.881810+00:00 [queued]>
[2023-06-14T14:05:05.703+0000] {taskinstance.py:1308} INFO - Starting attempt 1 of 1
[2023-06-14T14:05:05.710+0000] {taskinstance.py:1327} INFO - Executing <Task(PostgresOperator): create_table> on 2023-06-14 14:05:04.881810+00:00
[2023-06-14T14:05:05.714+0000] {standard_task_runner.py:57} INFO - Started process 176 to run task
[2023-06-14T14:05:05.717+0000] {standard_task_runner.py:84} INFO - Running: ['***', 'tasks', 'run', 'time_task', 'create_table', 'manual__2023-06-14T14:05:04.881810+00:00', '--job-id', '7', '--raw', '--subdir', 'DAGS_FOLDER/create_database_postgres.py', '--cfg-path', '/tmp/tmpt7sbfhui']
[2023-06-14T14:05:05.718+0000] {standard_task_runner.py:85} INFO - Job 7: Subtask create_table
[2023-06-14T14:05:05.761+0000] {task_command.py:410} INFO - Running <TaskInstance: time_task.create_table manual__2023-06-14T14:05:04.881810+00:00 [running]> on host aa59ed19919a
[2023-06-14T14:05:05.826+0000] {taskinstance.py:1547} INFO - Exporting env vars: AIRFLOW_CTX_DAG_OWNER='***' AIRFLOW_CTX_DAG_ID='time_task' AIRFLOW_CTX_TASK_ID='create_table' AIRFLOW_CTX_EXECUTION_DATE='2023-06-14T14:05:04.881810+00:00' AIRFLOW_CTX_TRY_NUMBER='1' AIRFLOW_CTX_DAG_RUN_ID='manual__2023-06-14T14:05:04.881810+00:00'
[2023-06-14T14:05:05.827+0000] {sql.py:262} INFO - Executing: 
            CREATE TABLE IF NOT EXISTS myTime (
                curr_time TIMESTAMP
            );
        
[2023-06-14T14:05:05.835+0000] {base.py:73} INFO - Using connection ID 'postgres' for task execution.
[2023-06-14T14:05:05.880+0000] {base.py:73} INFO - Using connection ID 'postgres' for task execution.
[2023-06-14T14:05:05.885+0000] {sql.py:375} INFO - Running statement: 
            CREATE TABLE IF NOT EXISTS myTime (
                curr_time TIMESTAMP
            );
        , parameters: None
[2023-06-14T14:05:05.894+0000] {taskinstance.py:1350} INFO - Marking task as SUCCESS. dag_id=time_task, task_id=create_table, execution_date=20230614T140504, start_date=20230614T140505, end_date=20230614T140505
[2023-06-14T14:05:05.929+0000] {local_task_job_runner.py:225} INFO - Task exited with return code 0
[2023-06-14T14:05:05.948+0000] {taskinstance.py:2651} INFO - 1 downstream tasks scheduled from follow-on schedule check
