[2023-06-14T17:02:33.766+0000] {taskinstance.py:1103} INFO - Dependencies all met for dep_context=non-requeueable deps ti=<TaskInstance: time_task.insert_value manual__2023-06-14T17:02:31.795739+00:00 [queued]>
[2023-06-14T17:02:33.772+0000] {taskinstance.py:1103} INFO - Dependencies all met for dep_context=requeueable deps ti=<TaskInstance: time_task.insert_value manual__2023-06-14T17:02:31.795739+00:00 [queued]>
[2023-06-14T17:02:33.773+0000] {taskinstance.py:1308} INFO - Starting attempt 1 of 1
[2023-06-14T17:02:33.780+0000] {taskinstance.py:1327} INFO - Executing <Task(PostgresOperator): insert_value> on 2023-06-14 17:02:31.795739+00:00
[2023-06-14T17:02:33.785+0000] {standard_task_runner.py:57} INFO - Started process 258 to run task
[2023-06-14T17:02:33.788+0000] {standard_task_runner.py:84} INFO - Running: ['***', 'tasks', 'run', 'time_task', 'insert_value', 'manual__2023-06-14T17:02:31.795739+00:00', '--job-id', '10', '--raw', '--subdir', 'DAGS_FOLDER/create_database_postgres.py', '--cfg-path', '/tmp/tmpqix3bqj9']
[2023-06-14T17:02:33.789+0000] {standard_task_runner.py:85} INFO - Job 10: Subtask insert_value
[2023-06-14T17:02:33.826+0000] {task_command.py:410} INFO - Running <TaskInstance: time_task.insert_value manual__2023-06-14T17:02:31.795739+00:00 [running]> on host aa59ed19919a
[2023-06-14T17:02:33.884+0000] {taskinstance.py:1547} INFO - Exporting env vars: AIRFLOW_CTX_DAG_OWNER='***' AIRFLOW_CTX_DAG_ID='time_task' AIRFLOW_CTX_TASK_ID='insert_value' AIRFLOW_CTX_EXECUTION_DATE='2023-06-14T17:02:31.795739+00:00' AIRFLOW_CTX_TRY_NUMBER='1' AIRFLOW_CTX_DAG_RUN_ID='manual__2023-06-14T17:02:31.795739+00:00'
[2023-06-14T17:02:33.885+0000] {sql.py:262} INFO - Executing: 
                INSERT INTO myTime VALUES (CURRENT_TIMESTAMP);   
        
[2023-06-14T17:02:33.893+0000] {base.py:73} INFO - Using connection ID 'postgres' for task execution.
[2023-06-14T17:02:33.931+0000] {base.py:73} INFO - Using connection ID 'postgres' for task execution.
[2023-06-14T17:02:33.936+0000] {sql.py:375} INFO - Running statement: 
                INSERT INTO myTime VALUES (CURRENT_TIMESTAMP);   
        , parameters: None
[2023-06-14T17:02:33.937+0000] {sql.py:384} INFO - Rows affected: 1
[2023-06-14T17:02:33.947+0000] {taskinstance.py:1350} INFO - Marking task as SUCCESS. dag_id=time_task, task_id=insert_value, execution_date=20230614T170231, start_date=20230614T170233, end_date=20230614T170233
[2023-06-14T17:02:34.000+0000] {local_task_job_runner.py:225} INFO - Task exited with return code 0
[2023-06-14T17:02:34.014+0000] {taskinstance.py:2651} INFO - 0 downstream tasks scheduled from follow-on schedule check
