[2023-06-14T17:02:32.780+0000] {taskinstance.py:1103} INFO - Dependencies all met for dep_context=non-requeueable deps ti=<TaskInstance: time_task.create_table manual__2023-06-14T17:02:31.795739+00:00 [queued]>
[2023-06-14T17:02:32.788+0000] {taskinstance.py:1103} INFO - Dependencies all met for dep_context=requeueable deps ti=<TaskInstance: time_task.create_table manual__2023-06-14T17:02:31.795739+00:00 [queued]>
[2023-06-14T17:02:32.788+0000] {taskinstance.py:1308} INFO - Starting attempt 1 of 1
[2023-06-14T17:02:32.797+0000] {taskinstance.py:1327} INFO - Executing <Task(PostgresOperator): create_table> on 2023-06-14 17:02:31.795739+00:00
[2023-06-14T17:02:32.803+0000] {standard_task_runner.py:57} INFO - Started process 256 to run task
[2023-06-14T17:02:32.807+0000] {standard_task_runner.py:84} INFO - Running: ['***', 'tasks', 'run', 'time_task', 'create_table', 'manual__2023-06-14T17:02:31.795739+00:00', '--job-id', '9', '--raw', '--subdir', 'DAGS_FOLDER/create_database_postgres.py', '--cfg-path', '/tmp/tmpthwwno9z']
[2023-06-14T17:02:32.809+0000] {standard_task_runner.py:85} INFO - Job 9: Subtask create_table
[2023-06-14T17:02:32.852+0000] {task_command.py:410} INFO - Running <TaskInstance: time_task.create_table manual__2023-06-14T17:02:31.795739+00:00 [running]> on host aa59ed19919a
[2023-06-14T17:02:32.916+0000] {taskinstance.py:1547} INFO - Exporting env vars: AIRFLOW_CTX_DAG_OWNER='***' AIRFLOW_CTX_DAG_ID='time_task' AIRFLOW_CTX_TASK_ID='create_table' AIRFLOW_CTX_EXECUTION_DATE='2023-06-14T17:02:31.795739+00:00' AIRFLOW_CTX_TRY_NUMBER='1' AIRFLOW_CTX_DAG_RUN_ID='manual__2023-06-14T17:02:31.795739+00:00'
[2023-06-14T17:02:32.917+0000] {sql.py:262} INFO - Executing: 
            CREATE TABLE IF NOT EXISTS myTime (
                curr_time TIMESTAMP
            );
        
[2023-06-14T17:02:32.926+0000] {base.py:73} INFO - Using connection ID 'postgres' for task execution.
[2023-06-14T17:02:32.976+0000] {base.py:73} INFO - Using connection ID 'postgres' for task execution.
[2023-06-14T17:02:32.982+0000] {sql.py:375} INFO - Running statement: 
            CREATE TABLE IF NOT EXISTS myTime (
                curr_time TIMESTAMP
            );
        , parameters: None
[2023-06-14T17:02:32.992+0000] {taskinstance.py:1350} INFO - Marking task as SUCCESS. dag_id=time_task, task_id=create_table, execution_date=20230614T170231, start_date=20230614T170232, end_date=20230614T170232
[2023-06-14T17:02:33.019+0000] {local_task_job_runner.py:225} INFO - Task exited with return code 0
[2023-06-14T17:02:33.036+0000] {taskinstance.py:2651} INFO - 1 downstream tasks scheduled from follow-on schedule check
