[2023-06-14T14:00:47.419+0000] {taskinstance.py:1103} INFO - Dependencies all met for dep_context=non-requeueable deps ti=<TaskInstance: time_task.create_table manual__2023-06-14T14:00:46.823419+00:00 [queued]>
[2023-06-14T14:00:47.426+0000] {taskinstance.py:1103} INFO - Dependencies all met for dep_context=requeueable deps ti=<TaskInstance: time_task.create_table manual__2023-06-14T14:00:46.823419+00:00 [queued]>
[2023-06-14T14:00:47.426+0000] {taskinstance.py:1308} INFO - Starting attempt 1 of 1
[2023-06-14T14:00:47.435+0000] {taskinstance.py:1327} INFO - Executing <Task(PostgresOperator): create_table> on 2023-06-14 14:00:46.823419+00:00
[2023-06-14T14:00:47.441+0000] {standard_task_runner.py:57} INFO - Started process 100 to run task
[2023-06-14T14:00:47.445+0000] {standard_task_runner.py:84} INFO - Running: ['***', 'tasks', 'run', 'time_task', 'create_table', 'manual__2023-06-14T14:00:46.823419+00:00', '--job-id', '5', '--raw', '--subdir', 'DAGS_FOLDER/create_database_postgres.py', '--cfg-path', '/tmp/tmpwdm4_r74']
[2023-06-14T14:00:47.446+0000] {standard_task_runner.py:85} INFO - Job 5: Subtask create_table
[2023-06-14T14:00:47.501+0000] {task_command.py:410} INFO - Running <TaskInstance: time_task.create_table manual__2023-06-14T14:00:46.823419+00:00 [running]> on host aa59ed19919a
[2023-06-14T14:00:47.567+0000] {taskinstance.py:1547} INFO - Exporting env vars: AIRFLOW_CTX_DAG_OWNER='***' AIRFLOW_CTX_DAG_ID='time_task' AIRFLOW_CTX_TASK_ID='create_table' AIRFLOW_CTX_EXECUTION_DATE='2023-06-14T14:00:46.823419+00:00' AIRFLOW_CTX_TRY_NUMBER='1' AIRFLOW_CTX_DAG_RUN_ID='manual__2023-06-14T14:00:46.823419+00:00'
[2023-06-14T14:00:47.568+0000] {sql.py:262} INFO - Executing: 
            CREATE TABLE IF NOT EXISTS myTime (
                curr_time TIMESTAMP
            );
        
[2023-06-14T14:00:47.577+0000] {base.py:73} INFO - Using connection ID 'postgres' for task execution.
[2023-06-14T14:00:47.643+0000] {base.py:73} INFO - Using connection ID 'postgres' for task execution.
[2023-06-14T14:00:47.648+0000] {sql.py:375} INFO - Running statement: 
            CREATE TABLE IF NOT EXISTS myTime (
                curr_time TIMESTAMP
            );
        , parameters: None
[2023-06-14T14:00:47.660+0000] {taskinstance.py:1350} INFO - Marking task as SUCCESS. dag_id=time_task, task_id=create_table, execution_date=20230614T140046, start_date=20230614T140047, end_date=20230614T140047
[2023-06-14T14:00:47.699+0000] {local_task_job_runner.py:225} INFO - Task exited with return code 0
[2023-06-14T14:00:47.721+0000] {taskinstance.py:2651} INFO - 1 downstream tasks scheduled from follow-on schedule check
