[2023-06-14T13:56:47.640+0000] {taskinstance.py:1103} INFO - Dependencies all met for dep_context=non-requeueable deps ti=<TaskInstance: postgres_dag.create_table manual__2023-06-14T13:56:46.181185+00:00 [queued]>
[2023-06-14T13:56:47.674+0000] {taskinstance.py:1103} INFO - Dependencies all met for dep_context=requeueable deps ti=<TaskInstance: postgres_dag.create_table manual__2023-06-14T13:56:46.181185+00:00 [queued]>
[2023-06-14T13:56:47.676+0000] {taskinstance.py:1308} INFO - Starting attempt 1 of 2
[2023-06-14T13:56:47.754+0000] {taskinstance.py:1327} INFO - Executing <Task(PostgresOperator): create_table> on 2023-06-14 13:56:46.181185+00:00
[2023-06-14T13:56:47.762+0000] {standard_task_runner.py:57} INFO - Started process 73 to run task
[2023-06-14T13:56:47.783+0000] {standard_task_runner.py:84} INFO - Running: ['***', 'tasks', 'run', 'postgres_dag', 'create_table', 'manual__2023-06-14T13:56:46.181185+00:00', '--job-id', '3', '--raw', '--subdir', 'DAGS_FOLDER/create_database_postgres.py', '--cfg-path', '/tmp/tmpjehldrj7']
[2023-06-14T13:56:47.806+0000] {standard_task_runner.py:85} INFO - Job 3: Subtask create_table
[2023-06-14T13:56:48.136+0000] {task_command.py:410} INFO - Running <TaskInstance: postgres_dag.create_table manual__2023-06-14T13:56:46.181185+00:00 [running]> on host 366197f8877d
[2023-06-14T13:56:48.725+0000] {taskinstance.py:1547} INFO - Exporting env vars: AIRFLOW_CTX_DAG_OWNER='***' AIRFLOW_CTX_DAG_ID='postgres_dag' AIRFLOW_CTX_TASK_ID='create_table' AIRFLOW_CTX_EXECUTION_DATE='2023-06-14T13:56:46.181185+00:00' AIRFLOW_CTX_TRY_NUMBER='1' AIRFLOW_CTX_DAG_RUN_ID='manual__2023-06-14T13:56:46.181185+00:00'
[2023-06-14T13:56:48.728+0000] {sql.py:262} INFO - Executing: 
    CREATE TABLE IF NOT EXISTS sample_table (
    name VARCHAR(50),
    age INTEGER,
    email VARCHAR(100)
);
[2023-06-14T13:56:48.832+0000] {base.py:73} INFO - Using connection ID 'postgres_connection' for task execution.
[2023-06-14T13:56:49.735+0000] {base.py:73} INFO - Using connection ID 'postgres_connection' for task execution.
[2023-06-14T13:56:49.777+0000] {sql.py:375} INFO - Running statement: 
    CREATE TABLE IF NOT EXISTS sample_table (
    name VARCHAR(50),
    age INTEGER,
    email VARCHAR(100)
);, parameters: None
[2023-06-14T13:56:49.841+0000] {taskinstance.py:1350} INFO - Marking task as SUCCESS. dag_id=postgres_dag, task_id=create_table, execution_date=20230614T135646, start_date=20230614T135647, end_date=20230614T135649
[2023-06-14T13:56:49.978+0000] {local_task_job_runner.py:225} INFO - Task exited with return code 0
[2023-06-14T13:56:50.032+0000] {taskinstance.py:2651} INFO - 0 downstream tasks scheduled from follow-on schedule check
