[2023-06-14T14:00:47.996+0000] {taskinstance.py:1103} INFO - Dependencies all met for dep_context=non-requeueable deps ti=<TaskInstance: time_task.insert_value manual__2023-06-14T14:00:46.823419+00:00 [queued]>
[2023-06-14T14:00:48.002+0000] {taskinstance.py:1103} INFO - Dependencies all met for dep_context=requeueable deps ti=<TaskInstance: time_task.insert_value manual__2023-06-14T14:00:46.823419+00:00 [queued]>
[2023-06-14T14:00:48.003+0000] {taskinstance.py:1308} INFO - Starting attempt 1 of 1
[2023-06-14T14:00:48.010+0000] {taskinstance.py:1327} INFO - Executing <Task(PostgresOperator): insert_value> on 2023-06-14 14:00:46.823419+00:00
[2023-06-14T14:00:48.014+0000] {standard_task_runner.py:57} INFO - Started process 102 to run task
[2023-06-14T14:00:48.017+0000] {standard_task_runner.py:84} INFO - Running: ['***', 'tasks', 'run', 'time_task', 'insert_value', 'manual__2023-06-14T14:00:46.823419+00:00', '--job-id', '6', '--raw', '--subdir', 'DAGS_FOLDER/create_database_postgres.py', '--cfg-path', '/tmp/tmppnectwms']
[2023-06-14T14:00:48.018+0000] {standard_task_runner.py:85} INFO - Job 6: Subtask insert_value
[2023-06-14T14:00:48.056+0000] {task_command.py:410} INFO - Running <TaskInstance: time_task.insert_value manual__2023-06-14T14:00:46.823419+00:00 [running]> on host aa59ed19919a
[2023-06-14T14:00:48.111+0000] {taskinstance.py:1547} INFO - Exporting env vars: AIRFLOW_CTX_DAG_OWNER='***' AIRFLOW_CTX_DAG_ID='time_task' AIRFLOW_CTX_TASK_ID='insert_value' AIRFLOW_CTX_EXECUTION_DATE='2023-06-14T14:00:46.823419+00:00' AIRFLOW_CTX_TRY_NUMBER='1' AIRFLOW_CTX_DAG_RUN_ID='manual__2023-06-14T14:00:46.823419+00:00'
[2023-06-14T14:00:48.112+0000] {sql.py:262} INFO - Executing: 
                INSERT INTO myTime VALUES (CURRENT_TIMESTAMP);   
        
[2023-06-14T14:00:48.120+0000] {base.py:73} INFO - Using connection ID 'postgres' for task execution.
[2023-06-14T14:00:48.159+0000] {base.py:73} INFO - Using connection ID 'postgres' for task execution.
[2023-06-14T14:00:48.163+0000] {sql.py:375} INFO - Running statement: 
                INSERT INTO myTime VALUES (CURRENT_TIMESTAMP);   
        , parameters: None
[2023-06-14T14:00:48.165+0000] {sql.py:384} INFO - Rows affected: 1
[2023-06-14T14:00:48.174+0000] {taskinstance.py:1350} INFO - Marking task as SUCCESS. dag_id=time_task, task_id=insert_value, execution_date=20230614T140046, start_date=20230614T140047, end_date=20230614T140048
[2023-06-14T14:00:48.190+0000] {local_task_job_runner.py:225} INFO - Task exited with return code 0
[2023-06-14T14:00:48.204+0000] {taskinstance.py:2651} INFO - 0 downstream tasks scheduled from follow-on schedule check
