[2023-06-14T13:45:05.507+0000] {taskinstance.py:1103} INFO - Dependencies all met for dep_context=non-requeueable deps ti=<TaskInstance: postgres_dag.create_table scheduled__2023-04-23T00:00:00+00:00 [queued]>
[2023-06-14T13:45:05.742+0000] {taskinstance.py:1103} INFO - Dependencies all met for dep_context=requeueable deps ti=<TaskInstance: postgres_dag.create_table scheduled__2023-04-23T00:00:00+00:00 [queued]>
[2023-06-14T13:45:05.747+0000] {taskinstance.py:1308} INFO - Starting attempt 2 of 2
[2023-06-14T13:45:05.954+0000] {taskinstance.py:1327} INFO - Executing <Task(PostgresOperator): create_table> on 2023-04-23 00:00:00+00:00
[2023-06-14T13:45:06.018+0000] {standard_task_runner.py:57} INFO - Started process 265 to run task
[2023-06-14T13:45:06.073+0000] {standard_task_runner.py:84} INFO - Running: ['***', 'tasks', 'run', 'postgres_dag', 'create_table', 'scheduled__2023-04-23T00:00:00+00:00', '--job-id', '29', '--raw', '--subdir', 'DAGS_FOLDER/create_database_postgres.py', '--cfg-path', '/tmp/tmps2um0abu']
[2023-06-14T13:45:06.090+0000] {standard_task_runner.py:85} INFO - Job 29: Subtask create_table
[2023-06-14T13:45:06.893+0000] {task_command.py:410} INFO - Running <TaskInstance: postgres_dag.create_table scheduled__2023-04-23T00:00:00+00:00 [running]> on host 770b1916921e
[2023-06-14T13:45:07.450+0000] {taskinstance.py:1547} INFO - Exporting env vars: AIRFLOW_CTX_DAG_OWNER='***' AIRFLOW_CTX_DAG_ID='postgres_dag' AIRFLOW_CTX_TASK_ID='create_table' AIRFLOW_CTX_EXECUTION_DATE='2023-04-23T00:00:00+00:00' AIRFLOW_CTX_TRY_NUMBER='2' AIRFLOW_CTX_DAG_RUN_ID='scheduled__2023-04-23T00:00:00+00:00'
[2023-06-14T13:45:07.456+0000] {sql.py:262} INFO - Executing: 
    CREATE TABLE IF NOT EXISTS sample_table (
    name VARCHAR(50),
    age INTEGER,
    email VARCHAR(100)
);
[2023-06-14T13:45:07.488+0000] {base.py:73} INFO - Using connection ID 'postgres_connection' for task execution.
[2023-06-14T13:45:07.575+0000] {base.py:73} INFO - Using connection ID 'postgres_connection' for task execution.
[2023-06-14T13:45:07.597+0000] {sql.py:375} INFO - Running statement: 
    CREATE TABLE IF NOT EXISTS sample_table (
    name VARCHAR(50),
    age INTEGER,
    email VARCHAR(100)
);, parameters: None
[2023-06-14T13:45:07.686+0000] {taskinstance.py:1350} INFO - Marking task as SUCCESS. dag_id=postgres_dag, task_id=create_table, execution_date=20230423T000000, start_date=20230614T134505, end_date=20230614T134507
[2023-06-14T13:45:07.961+0000] {local_task_job_runner.py:225} INFO - Task exited with return code 0
[2023-06-14T13:45:08.042+0000] {taskinstance.py:2651} INFO - 1 downstream tasks scheduled from follow-on schedule check
