[2023-06-14T13:54:01.957+0000] {taskinstance.py:1103} INFO - Dependencies all met for dep_context=non-requeueable deps ti=<TaskInstance: postgres_dag.create_table manual__2023-06-14T13:54:00.500841+00:00 [queued]>
[2023-06-14T13:54:01.983+0000] {taskinstance.py:1103} INFO - Dependencies all met for dep_context=requeueable deps ti=<TaskInstance: postgres_dag.create_table manual__2023-06-14T13:54:00.500841+00:00 [queued]>
[2023-06-14T13:54:01.984+0000] {taskinstance.py:1308} INFO - Starting attempt 1 of 2
[2023-06-14T13:54:02.008+0000] {taskinstance.py:1327} INFO - Executing <Task(PostgresOperator): create_table> on 2023-06-14 13:54:00.500841+00:00
[2023-06-14T13:54:02.014+0000] {standard_task_runner.py:57} INFO - Started process 75 to run task
[2023-06-14T13:54:02.024+0000] {standard_task_runner.py:84} INFO - Running: ['***', 'tasks', 'run', 'postgres_dag', 'create_table', 'manual__2023-06-14T13:54:00.500841+00:00', '--job-id', '3', '--raw', '--subdir', 'DAGS_FOLDER/create_database_postgres.py', '--cfg-path', '/tmp/tmp7v1lnzqh']
[2023-06-14T13:54:02.026+0000] {standard_task_runner.py:85} INFO - Job 3: Subtask create_table
[2023-06-14T13:54:02.198+0000] {task_command.py:410} INFO - Running <TaskInstance: postgres_dag.create_table manual__2023-06-14T13:54:00.500841+00:00 [running]> on host e981f43aaef1
[2023-06-14T13:54:02.533+0000] {taskinstance.py:1547} INFO - Exporting env vars: AIRFLOW_CTX_DAG_OWNER='***' AIRFLOW_CTX_DAG_ID='postgres_dag' AIRFLOW_CTX_TASK_ID='create_table' AIRFLOW_CTX_EXECUTION_DATE='2023-06-14T13:54:00.500841+00:00' AIRFLOW_CTX_TRY_NUMBER='1' AIRFLOW_CTX_DAG_RUN_ID='manual__2023-06-14T13:54:00.500841+00:00'
[2023-06-14T13:54:02.551+0000] {sql.py:262} INFO - Executing: 
    CREATE TABLE IF NOT EXISTS sample_table (
    name VARCHAR(50),
    age INTEGER,
    email VARCHAR(100)
);
[2023-06-14T13:54:02.651+0000] {base.py:73} INFO - Using connection ID 'postgres_connection' for task execution.
[2023-06-14T13:54:03.053+0000] {base.py:73} INFO - Using connection ID 'postgres_connection' for task execution.
[2023-06-14T13:54:03.088+0000] {sql.py:375} INFO - Running statement: 
    CREATE TABLE IF NOT EXISTS sample_table (
    name VARCHAR(50),
    age INTEGER,
    email VARCHAR(100)
);, parameters: None
[2023-06-14T13:54:03.233+0000] {taskinstance.py:1350} INFO - Marking task as SUCCESS. dag_id=postgres_dag, task_id=create_table, execution_date=20230614T135400, start_date=20230614T135401, end_date=20230614T135403
[2023-06-14T13:54:03.368+0000] {local_task_job_runner.py:225} INFO - Task exited with return code 0
[2023-06-14T13:54:03.403+0000] {taskinstance.py:2651} INFO - 1 downstream tasks scheduled from follow-on schedule check
