[2023-06-14T13:32:11.441+0000] {processor.py:157} INFO - Started process (PID=573) to work on /opt/airflow/dags/create_database_postgres.py
[2023-06-14T13:32:11.445+0000] {processor.py:826} INFO - Processing file /opt/airflow/dags/create_database_postgres.py for tasks to queue
[2023-06-14T13:32:11.447+0000] {logging_mixin.py:149} INFO - [2023-06-14T13:32:11.447+0000] {dagbag.py:541} INFO - Filling up the DagBag from /opt/airflow/dags/create_database_postgres.py
[2023-06-14T13:32:11.471+0000] {processor.py:836} INFO - DAG(s) dict_keys(['postgres_dag']) retrieved from /opt/airflow/dags/create_database_postgres.py
[2023-06-14T13:32:11.617+0000] {logging_mixin.py:149} INFO - [2023-06-14T13:32:11.617+0000] {manager.py:504} INFO - Created Permission View: can edit on DAG:postgres_dag
[2023-06-14T13:32:11.624+0000] {logging_mixin.py:149} INFO - [2023-06-14T13:32:11.624+0000] {manager.py:504} INFO - Created Permission View: can read on DAG:postgres_dag
[2023-06-14T13:32:11.635+0000] {logging_mixin.py:149} INFO - [2023-06-14T13:32:11.635+0000] {manager.py:504} INFO - Created Permission View: can delete on DAG:postgres_dag
[2023-06-14T13:32:11.637+0000] {logging_mixin.py:149} INFO - [2023-06-14T13:32:11.636+0000] {dag.py:2726} INFO - Sync 1 DAGs
[2023-06-14T13:32:11.652+0000] {logging_mixin.py:149} INFO - [2023-06-14T13:32:11.651+0000] {dag.py:2747} INFO - Creating ORM DAG for postgres_dag
[2023-06-14T13:32:11.663+0000] {logging_mixin.py:149} INFO - [2023-06-14T13:32:11.663+0000] {dag.py:3490} INFO - Setting next_dagrun for postgres_dag to 2023-04-20T00:00:00+00:00, run_after=2023-04-21T00:00:00+00:00
[2023-06-14T13:32:11.682+0000] {processor.py:179} INFO - Processing /opt/airflow/dags/create_database_postgres.py took 0.247 seconds
[2023-06-14T13:32:15.998+0000] {processor.py:157} INFO - Started process (PID=580) to work on /opt/airflow/dags/create_database_postgres.py
[2023-06-14T13:32:16.000+0000] {processor.py:826} INFO - Processing file /opt/airflow/dags/create_database_postgres.py for tasks to queue
[2023-06-14T13:32:16.001+0000] {logging_mixin.py:149} INFO - [2023-06-14T13:32:16.001+0000] {dagbag.py:541} INFO - Filling up the DagBag from /opt/airflow/dags/create_database_postgres.py
[2023-06-14T13:32:16.019+0000] {processor.py:836} INFO - DAG(s) dict_keys(['postgres_dag']) retrieved from /opt/airflow/dags/create_database_postgres.py
[2023-06-14T13:32:16.034+0000] {logging_mixin.py:149} INFO - [2023-06-14T13:32:16.033+0000] {dag.py:2726} INFO - Sync 1 DAGs
[2023-06-14T13:32:16.050+0000] {logging_mixin.py:149} INFO - [2023-06-14T13:32:16.049+0000] {dag.py:3490} INFO - Setting next_dagrun for postgres_dag to 2023-04-20T00:00:00+00:00, run_after=2023-04-21T00:00:00+00:00
[2023-06-14T13:32:16.062+0000] {processor.py:179} INFO - Processing /opt/airflow/dags/create_database_postgres.py took 0.070 seconds
[2023-06-14T13:32:46.909+0000] {processor.py:157} INFO - Started process (PID=637) to work on /opt/airflow/dags/create_database_postgres.py
[2023-06-14T13:32:46.911+0000] {processor.py:826} INFO - Processing file /opt/airflow/dags/create_database_postgres.py for tasks to queue
[2023-06-14T13:32:46.912+0000] {logging_mixin.py:149} INFO - [2023-06-14T13:32:46.912+0000] {dagbag.py:541} INFO - Filling up the DagBag from /opt/airflow/dags/create_database_postgres.py
[2023-06-14T13:32:46.924+0000] {processor.py:836} INFO - DAG(s) dict_keys(['postgres_dag']) retrieved from /opt/airflow/dags/create_database_postgres.py
[2023-06-14T13:32:46.945+0000] {logging_mixin.py:149} INFO - [2023-06-14T13:32:46.945+0000] {dag.py:2726} INFO - Sync 1 DAGs
[2023-06-14T13:32:46.960+0000] {logging_mixin.py:149} INFO - [2023-06-14T13:32:46.960+0000] {dag.py:3490} INFO - Setting next_dagrun for postgres_dag to 2023-04-20T00:00:00+00:00, run_after=2023-04-21T00:00:00+00:00
[2023-06-14T13:32:46.970+0000] {processor.py:179} INFO - Processing /opt/airflow/dags/create_database_postgres.py took 0.066 seconds
[2023-06-14T13:33:17.261+0000] {processor.py:157} INFO - Started process (PID=694) to work on /opt/airflow/dags/create_database_postgres.py
[2023-06-14T13:33:17.263+0000] {processor.py:826} INFO - Processing file /opt/airflow/dags/create_database_postgres.py for tasks to queue
[2023-06-14T13:33:17.264+0000] {logging_mixin.py:149} INFO - [2023-06-14T13:33:17.264+0000] {dagbag.py:541} INFO - Filling up the DagBag from /opt/airflow/dags/create_database_postgres.py
[2023-06-14T13:33:17.271+0000] {processor.py:836} INFO - DAG(s) dict_keys(['postgres_dag']) retrieved from /opt/airflow/dags/create_database_postgres.py
[2023-06-14T13:33:17.291+0000] {logging_mixin.py:149} INFO - [2023-06-14T13:33:17.291+0000] {dag.py:2726} INFO - Sync 1 DAGs
[2023-06-14T13:33:17.306+0000] {logging_mixin.py:149} INFO - [2023-06-14T13:33:17.306+0000] {dag.py:3490} INFO - Setting next_dagrun for postgres_dag to 2023-04-20T00:00:00+00:00, run_after=2023-04-21T00:00:00+00:00
[2023-06-14T13:33:17.317+0000] {processor.py:179} INFO - Processing /opt/airflow/dags/create_database_postgres.py took 0.059 seconds
[2023-06-14T13:33:47.700+0000] {processor.py:157} INFO - Started process (PID=751) to work on /opt/airflow/dags/create_database_postgres.py
[2023-06-14T13:33:47.703+0000] {processor.py:826} INFO - Processing file /opt/airflow/dags/create_database_postgres.py for tasks to queue
[2023-06-14T13:33:47.704+0000] {logging_mixin.py:149} INFO - [2023-06-14T13:33:47.704+0000] {dagbag.py:541} INFO - Filling up the DagBag from /opt/airflow/dags/create_database_postgres.py
[2023-06-14T13:33:47.716+0000] {processor.py:836} INFO - DAG(s) dict_keys(['postgres_dag']) retrieved from /opt/airflow/dags/create_database_postgres.py
[2023-06-14T13:33:47.739+0000] {logging_mixin.py:149} INFO - [2023-06-14T13:33:47.739+0000] {dag.py:2726} INFO - Sync 1 DAGs
[2023-06-14T13:33:47.755+0000] {logging_mixin.py:149} INFO - [2023-06-14T13:33:47.754+0000] {dag.py:3490} INFO - Setting next_dagrun for postgres_dag to 2023-04-20T00:00:00+00:00, run_after=2023-04-21T00:00:00+00:00
[2023-06-14T13:33:47.765+0000] {processor.py:179} INFO - Processing /opt/airflow/dags/create_database_postgres.py took 0.072 seconds
[2023-06-14T13:34:18.415+0000] {processor.py:157} INFO - Started process (PID=808) to work on /opt/airflow/dags/create_database_postgres.py
[2023-06-14T13:34:18.418+0000] {processor.py:826} INFO - Processing file /opt/airflow/dags/create_database_postgres.py for tasks to queue
[2023-06-14T13:34:18.419+0000] {logging_mixin.py:149} INFO - [2023-06-14T13:34:18.419+0000] {dagbag.py:541} INFO - Filling up the DagBag from /opt/airflow/dags/create_database_postgres.py
[2023-06-14T13:34:18.433+0000] {processor.py:836} INFO - DAG(s) dict_keys(['postgres_dag']) retrieved from /opt/airflow/dags/create_database_postgres.py
[2023-06-14T13:34:18.458+0000] {logging_mixin.py:149} INFO - [2023-06-14T13:34:18.458+0000] {dag.py:2726} INFO - Sync 1 DAGs
[2023-06-14T13:34:18.477+0000] {logging_mixin.py:149} INFO - [2023-06-14T13:34:18.477+0000] {dag.py:3490} INFO - Setting next_dagrun for postgres_dag to 2023-04-20T00:00:00+00:00, run_after=2023-04-21T00:00:00+00:00
[2023-06-14T13:34:18.489+0000] {processor.py:179} INFO - Processing /opt/airflow/dags/create_database_postgres.py took 0.079 seconds
[2023-06-14T13:34:49.042+0000] {processor.py:157} INFO - Started process (PID=865) to work on /opt/airflow/dags/create_database_postgres.py
[2023-06-14T13:34:49.043+0000] {processor.py:826} INFO - Processing file /opt/airflow/dags/create_database_postgres.py for tasks to queue
[2023-06-14T13:34:49.045+0000] {logging_mixin.py:149} INFO - [2023-06-14T13:34:49.044+0000] {dagbag.py:541} INFO - Filling up the DagBag from /opt/airflow/dags/create_database_postgres.py
[2023-06-14T13:34:49.054+0000] {processor.py:836} INFO - DAG(s) dict_keys(['postgres_dag']) retrieved from /opt/airflow/dags/create_database_postgres.py
[2023-06-14T13:34:49.076+0000] {logging_mixin.py:149} INFO - [2023-06-14T13:34:49.076+0000] {dag.py:2726} INFO - Sync 1 DAGs
[2023-06-14T13:34:49.092+0000] {logging_mixin.py:149} INFO - [2023-06-14T13:34:49.092+0000] {dag.py:3490} INFO - Setting next_dagrun for postgres_dag to 2023-04-20T00:00:00+00:00, run_after=2023-04-21T00:00:00+00:00
[2023-06-14T13:34:49.102+0000] {processor.py:179} INFO - Processing /opt/airflow/dags/create_database_postgres.py took 0.065 seconds
[2023-06-14T13:35:58.565+0000] {processor.py:157} INFO - Started process (PID=32) to work on /opt/airflow/dags/create_database_postgres.py
[2023-06-14T13:35:58.567+0000] {processor.py:826} INFO - Processing file /opt/airflow/dags/create_database_postgres.py for tasks to queue
[2023-06-14T13:35:58.569+0000] {logging_mixin.py:149} INFO - [2023-06-14T13:35:58.569+0000] {dagbag.py:541} INFO - Filling up the DagBag from /opt/airflow/dags/create_database_postgres.py
[2023-06-14T13:35:58.600+0000] {processor.py:836} INFO - DAG(s) dict_keys(['postgres_dag']) retrieved from /opt/airflow/dags/create_database_postgres.py
[2023-06-14T13:35:58.753+0000] {logging_mixin.py:149} INFO - [2023-06-14T13:35:58.752+0000] {manager.py:504} INFO - Created Permission View: can read on DAG:postgres_dag
[2023-06-14T13:35:58.760+0000] {logging_mixin.py:149} INFO - [2023-06-14T13:35:58.760+0000] {manager.py:504} INFO - Created Permission View: can delete on DAG:postgres_dag
[2023-06-14T13:35:58.765+0000] {logging_mixin.py:149} INFO - [2023-06-14T13:35:58.765+0000] {manager.py:504} INFO - Created Permission View: can edit on DAG:postgres_dag
[2023-06-14T13:35:58.767+0000] {logging_mixin.py:149} INFO - [2023-06-14T13:35:58.767+0000] {dag.py:2726} INFO - Sync 1 DAGs
[2023-06-14T13:35:58.776+0000] {logging_mixin.py:149} INFO - [2023-06-14T13:35:58.776+0000] {dag.py:2747} INFO - Creating ORM DAG for postgres_dag
[2023-06-14T13:35:58.784+0000] {logging_mixin.py:149} INFO - [2023-06-14T13:35:58.784+0000] {dag.py:3490} INFO - Setting next_dagrun for postgres_dag to 2023-04-20T00:00:00+00:00, run_after=2023-04-21T00:00:00+00:00
[2023-06-14T13:35:58.800+0000] {processor.py:179} INFO - Processing /opt/airflow/dags/create_database_postgres.py took 0.241 seconds
[2023-06-14T13:36:29.034+0000] {processor.py:157} INFO - Started process (PID=40) to work on /opt/airflow/dags/create_database_postgres.py
[2023-06-14T13:36:29.036+0000] {processor.py:826} INFO - Processing file /opt/airflow/dags/create_database_postgres.py for tasks to queue
[2023-06-14T13:36:29.037+0000] {logging_mixin.py:149} INFO - [2023-06-14T13:36:29.037+0000] {dagbag.py:541} INFO - Filling up the DagBag from /opt/airflow/dags/create_database_postgres.py
[2023-06-14T13:36:29.071+0000] {processor.py:836} INFO - DAG(s) dict_keys(['postgres_dag']) retrieved from /opt/airflow/dags/create_database_postgres.py
[2023-06-14T13:36:29.114+0000] {logging_mixin.py:149} INFO - [2023-06-14T13:36:29.114+0000] {dag.py:2726} INFO - Sync 1 DAGs
[2023-06-14T13:36:29.134+0000] {logging_mixin.py:149} INFO - [2023-06-14T13:36:29.134+0000] {dag.py:3490} INFO - Setting next_dagrun for postgres_dag to 2023-04-20T00:00:00+00:00, run_after=2023-04-21T00:00:00+00:00
[2023-06-14T13:36:29.147+0000] {processor.py:179} INFO - Processing /opt/airflow/dags/create_database_postgres.py took 0.119 seconds
[2023-06-14T13:36:59.321+0000] {processor.py:157} INFO - Started process (PID=47) to work on /opt/airflow/dags/create_database_postgres.py
[2023-06-14T13:36:59.323+0000] {processor.py:826} INFO - Processing file /opt/airflow/dags/create_database_postgres.py for tasks to queue
[2023-06-14T13:36:59.325+0000] {logging_mixin.py:149} INFO - [2023-06-14T13:36:59.325+0000] {dagbag.py:541} INFO - Filling up the DagBag from /opt/airflow/dags/create_database_postgres.py
[2023-06-14T13:36:59.352+0000] {processor.py:836} INFO - DAG(s) dict_keys(['postgres_dag']) retrieved from /opt/airflow/dags/create_database_postgres.py
[2023-06-14T13:36:59.377+0000] {logging_mixin.py:149} INFO - [2023-06-14T13:36:59.377+0000] {dag.py:2726} INFO - Sync 1 DAGs
[2023-06-14T13:36:59.393+0000] {logging_mixin.py:149} INFO - [2023-06-14T13:36:59.393+0000] {dag.py:3490} INFO - Setting next_dagrun for postgres_dag to 2023-04-20T00:00:00+00:00, run_after=2023-04-21T00:00:00+00:00
[2023-06-14T13:36:59.405+0000] {processor.py:179} INFO - Processing /opt/airflow/dags/create_database_postgres.py took 0.090 seconds
[2023-06-14T13:37:29.673+0000] {processor.py:157} INFO - Started process (PID=55) to work on /opt/airflow/dags/create_database_postgres.py
[2023-06-14T13:37:29.675+0000] {processor.py:826} INFO - Processing file /opt/airflow/dags/create_database_postgres.py for tasks to queue
[2023-06-14T13:37:29.676+0000] {logging_mixin.py:149} INFO - [2023-06-14T13:37:29.676+0000] {dagbag.py:541} INFO - Filling up the DagBag from /opt/airflow/dags/create_database_postgres.py
[2023-06-14T13:37:29.693+0000] {processor.py:836} INFO - DAG(s) dict_keys(['postgres_dag']) retrieved from /opt/airflow/dags/create_database_postgres.py
[2023-06-14T13:37:29.719+0000] {logging_mixin.py:149} INFO - [2023-06-14T13:37:29.719+0000] {dag.py:2726} INFO - Sync 1 DAGs
[2023-06-14T13:37:29.736+0000] {logging_mixin.py:149} INFO - [2023-06-14T13:37:29.736+0000] {dag.py:3490} INFO - Setting next_dagrun for postgres_dag to 2023-04-20T00:00:00+00:00, run_after=2023-04-21T00:00:00+00:00
[2023-06-14T13:37:29.748+0000] {processor.py:179} INFO - Processing /opt/airflow/dags/create_database_postgres.py took 0.080 seconds
[2023-06-14T13:37:59.998+0000] {processor.py:157} INFO - Started process (PID=63) to work on /opt/airflow/dags/create_database_postgres.py
[2023-06-14T13:38:00.000+0000] {processor.py:826} INFO - Processing file /opt/airflow/dags/create_database_postgres.py for tasks to queue
[2023-06-14T13:38:00.002+0000] {logging_mixin.py:149} INFO - [2023-06-14T13:38:00.002+0000] {dagbag.py:541} INFO - Filling up the DagBag from /opt/airflow/dags/create_database_postgres.py
[2023-06-14T13:38:00.028+0000] {processor.py:836} INFO - DAG(s) dict_keys(['postgres_dag']) retrieved from /opt/airflow/dags/create_database_postgres.py
[2023-06-14T13:38:00.057+0000] {logging_mixin.py:149} INFO - [2023-06-14T13:38:00.056+0000] {dag.py:2726} INFO - Sync 1 DAGs
[2023-06-14T13:38:00.075+0000] {logging_mixin.py:149} INFO - [2023-06-14T13:38:00.074+0000] {dag.py:3490} INFO - Setting next_dagrun for postgres_dag to 2023-04-20T00:00:00+00:00, run_after=2023-04-21T00:00:00+00:00
[2023-06-14T13:38:00.086+0000] {processor.py:179} INFO - Processing /opt/airflow/dags/create_database_postgres.py took 0.099 seconds
[2023-06-14T13:38:30.301+0000] {processor.py:157} INFO - Started process (PID=71) to work on /opt/airflow/dags/create_database_postgres.py
[2023-06-14T13:38:30.303+0000] {processor.py:826} INFO - Processing file /opt/airflow/dags/create_database_postgres.py for tasks to queue
[2023-06-14T13:38:30.305+0000] {logging_mixin.py:149} INFO - [2023-06-14T13:38:30.305+0000] {dagbag.py:541} INFO - Filling up the DagBag from /opt/airflow/dags/create_database_postgres.py
[2023-06-14T13:38:30.338+0000] {processor.py:836} INFO - DAG(s) dict_keys(['postgres_dag']) retrieved from /opt/airflow/dags/create_database_postgres.py
[2023-06-14T13:38:30.364+0000] {logging_mixin.py:149} INFO - [2023-06-14T13:38:30.364+0000] {dag.py:2726} INFO - Sync 1 DAGs
[2023-06-14T13:38:30.381+0000] {logging_mixin.py:149} INFO - [2023-06-14T13:38:30.381+0000] {dag.py:3490} INFO - Setting next_dagrun for postgres_dag to 2023-04-20T00:00:00+00:00, run_after=2023-04-21T00:00:00+00:00
[2023-06-14T13:38:30.393+0000] {processor.py:179} INFO - Processing /opt/airflow/dags/create_database_postgres.py took 0.099 seconds
[2023-06-14T13:39:00.611+0000] {processor.py:157} INFO - Started process (PID=79) to work on /opt/airflow/dags/create_database_postgres.py
[2023-06-14T13:39:00.613+0000] {processor.py:826} INFO - Processing file /opt/airflow/dags/create_database_postgres.py for tasks to queue
[2023-06-14T13:39:00.614+0000] {logging_mixin.py:149} INFO - [2023-06-14T13:39:00.614+0000] {dagbag.py:541} INFO - Filling up the DagBag from /opt/airflow/dags/create_database_postgres.py
[2023-06-14T13:39:00.628+0000] {processor.py:836} INFO - DAG(s) dict_keys(['postgres_dag']) retrieved from /opt/airflow/dags/create_database_postgres.py
[2023-06-14T13:39:00.665+0000] {logging_mixin.py:149} INFO - [2023-06-14T13:39:00.664+0000] {dag.py:2726} INFO - Sync 1 DAGs
[2023-06-14T13:39:00.684+0000] {logging_mixin.py:149} INFO - [2023-06-14T13:39:00.684+0000] {dag.py:3490} INFO - Setting next_dagrun for postgres_dag to 2023-04-20T00:00:00+00:00, run_after=2023-04-21T00:00:00+00:00
[2023-06-14T13:39:00.696+0000] {processor.py:179} INFO - Processing /opt/airflow/dags/create_database_postgres.py took 0.088 seconds
[2023-06-14T13:39:30.873+0000] {processor.py:157} INFO - Started process (PID=87) to work on /opt/airflow/dags/create_database_postgres.py
[2023-06-14T13:39:30.875+0000] {processor.py:826} INFO - Processing file /opt/airflow/dags/create_database_postgres.py for tasks to queue
[2023-06-14T13:39:30.876+0000] {logging_mixin.py:149} INFO - [2023-06-14T13:39:30.875+0000] {dagbag.py:541} INFO - Filling up the DagBag from /opt/airflow/dags/create_database_postgres.py
[2023-06-14T13:39:30.889+0000] {processor.py:836} INFO - DAG(s) dict_keys(['postgres_dag']) retrieved from /opt/airflow/dags/create_database_postgres.py
[2023-06-14T13:39:30.916+0000] {logging_mixin.py:149} INFO - [2023-06-14T13:39:30.916+0000] {dag.py:2726} INFO - Sync 1 DAGs
[2023-06-14T13:39:30.935+0000] {logging_mixin.py:149} INFO - [2023-06-14T13:39:30.935+0000] {dag.py:3490} INFO - Setting next_dagrun for postgres_dag to 2023-04-20T00:00:00+00:00, run_after=2023-04-21T00:00:00+00:00
[2023-06-14T13:39:30.948+0000] {processor.py:179} INFO - Processing /opt/airflow/dags/create_database_postgres.py took 0.078 seconds
[2023-06-14T13:39:37.992+0000] {processor.py:157} INFO - Started process (PID=88) to work on /opt/airflow/dags/create_database_postgres.py
[2023-06-14T13:39:37.994+0000] {processor.py:826} INFO - Processing file /opt/airflow/dags/create_database_postgres.py for tasks to queue
[2023-06-14T13:39:37.996+0000] {logging_mixin.py:149} INFO - [2023-06-14T13:39:37.996+0000] {dagbag.py:541} INFO - Filling up the DagBag from /opt/airflow/dags/create_database_postgres.py
[2023-06-14T13:39:38.017+0000] {processor.py:836} INFO - DAG(s) dict_keys(['postgres_dag']) retrieved from /opt/airflow/dags/create_database_postgres.py
[2023-06-14T13:39:38.066+0000] {logging_mixin.py:149} INFO - [2023-06-14T13:39:38.066+0000] {dag.py:2726} INFO - Sync 1 DAGs
[2023-06-14T13:39:38.080+0000] {logging_mixin.py:149} INFO - [2023-06-14T13:39:38.080+0000] {dag.py:3490} INFO - Setting next_dagrun for postgres_dag to 2023-04-20T00:00:00+00:00, run_after=2023-04-21T00:00:00+00:00
[2023-06-14T13:39:38.094+0000] {processor.py:179} INFO - Processing /opt/airflow/dags/create_database_postgres.py took 0.105 seconds
[2023-06-14T13:40:08.357+0000] {processor.py:157} INFO - Started process (PID=100) to work on /opt/airflow/dags/create_database_postgres.py
[2023-06-14T13:40:08.360+0000] {processor.py:826} INFO - Processing file /opt/airflow/dags/create_database_postgres.py for tasks to queue
[2023-06-14T13:40:08.362+0000] {logging_mixin.py:149} INFO - [2023-06-14T13:40:08.362+0000] {dagbag.py:541} INFO - Filling up the DagBag from /opt/airflow/dags/create_database_postgres.py
[2023-06-14T13:40:08.388+0000] {processor.py:836} INFO - DAG(s) dict_keys(['postgres_dag']) retrieved from /opt/airflow/dags/create_database_postgres.py
[2023-06-14T13:40:08.419+0000] {logging_mixin.py:149} INFO - [2023-06-14T13:40:08.418+0000] {dag.py:2726} INFO - Sync 1 DAGs
[2023-06-14T13:40:08.450+0000] {processor.py:179} INFO - Processing /opt/airflow/dags/create_database_postgres.py took 0.099 seconds
[2023-06-14T13:40:38.607+0000] {processor.py:157} INFO - Started process (PID=108) to work on /opt/airflow/dags/create_database_postgres.py
[2023-06-14T13:40:38.609+0000] {processor.py:826} INFO - Processing file /opt/airflow/dags/create_database_postgres.py for tasks to queue
[2023-06-14T13:40:38.610+0000] {logging_mixin.py:149} INFO - [2023-06-14T13:40:38.610+0000] {dagbag.py:541} INFO - Filling up the DagBag from /opt/airflow/dags/create_database_postgres.py
[2023-06-14T13:40:38.627+0000] {processor.py:836} INFO - DAG(s) dict_keys(['postgres_dag']) retrieved from /opt/airflow/dags/create_database_postgres.py
[2023-06-14T13:40:38.653+0000] {logging_mixin.py:149} INFO - [2023-06-14T13:40:38.653+0000] {dag.py:2726} INFO - Sync 1 DAGs
[2023-06-14T13:40:38.682+0000] {processor.py:179} INFO - Processing /opt/airflow/dags/create_database_postgres.py took 0.080 seconds
[2023-06-14T13:41:08.806+0000] {processor.py:157} INFO - Started process (PID=116) to work on /opt/airflow/dags/create_database_postgres.py
[2023-06-14T13:41:08.809+0000] {processor.py:826} INFO - Processing file /opt/airflow/dags/create_database_postgres.py for tasks to queue
[2023-06-14T13:41:08.811+0000] {logging_mixin.py:149} INFO - [2023-06-14T13:41:08.811+0000] {dagbag.py:541} INFO - Filling up the DagBag from /opt/airflow/dags/create_database_postgres.py
[2023-06-14T13:41:08.830+0000] {processor.py:836} INFO - DAG(s) dict_keys(['postgres_dag']) retrieved from /opt/airflow/dags/create_database_postgres.py
[2023-06-14T13:41:08.858+0000] {logging_mixin.py:149} INFO - [2023-06-14T13:41:08.858+0000] {dag.py:2726} INFO - Sync 1 DAGs
[2023-06-14T13:41:08.889+0000] {processor.py:179} INFO - Processing /opt/airflow/dags/create_database_postgres.py took 0.092 seconds
[2023-06-14T13:41:39.093+0000] {processor.py:157} INFO - Started process (PID=124) to work on /opt/airflow/dags/create_database_postgres.py
[2023-06-14T13:41:39.097+0000] {processor.py:826} INFO - Processing file /opt/airflow/dags/create_database_postgres.py for tasks to queue
[2023-06-14T13:41:39.100+0000] {logging_mixin.py:149} INFO - [2023-06-14T13:41:39.100+0000] {dagbag.py:541} INFO - Filling up the DagBag from /opt/airflow/dags/create_database_postgres.py
[2023-06-14T13:41:39.150+0000] {processor.py:836} INFO - DAG(s) dict_keys(['postgres_dag']) retrieved from /opt/airflow/dags/create_database_postgres.py
[2023-06-14T13:41:39.236+0000] {logging_mixin.py:149} INFO - [2023-06-14T13:41:39.236+0000] {dag.py:2726} INFO - Sync 1 DAGs
[2023-06-14T13:41:39.280+0000] {processor.py:179} INFO - Processing /opt/airflow/dags/create_database_postgres.py took 0.206 seconds
[2023-06-14T13:42:09.464+0000] {processor.py:157} INFO - Started process (PID=132) to work on /opt/airflow/dags/create_database_postgres.py
[2023-06-14T13:42:09.465+0000] {processor.py:826} INFO - Processing file /opt/airflow/dags/create_database_postgres.py for tasks to queue
[2023-06-14T13:42:09.466+0000] {logging_mixin.py:149} INFO - [2023-06-14T13:42:09.466+0000] {dagbag.py:541} INFO - Filling up the DagBag from /opt/airflow/dags/create_database_postgres.py
[2023-06-14T13:42:09.479+0000] {processor.py:836} INFO - DAG(s) dict_keys(['postgres_dag']) retrieved from /opt/airflow/dags/create_database_postgres.py
[2023-06-14T13:42:09.505+0000] {logging_mixin.py:149} INFO - [2023-06-14T13:42:09.505+0000] {dag.py:2726} INFO - Sync 1 DAGs
[2023-06-14T13:42:09.533+0000] {processor.py:179} INFO - Processing /opt/airflow/dags/create_database_postgres.py took 0.072 seconds
[2023-06-14T13:42:29.615+0000] {processor.py:157} INFO - Started process (PID=139) to work on /opt/airflow/dags/create_database_postgres.py
[2023-06-14T13:42:29.617+0000] {processor.py:826} INFO - Processing file /opt/airflow/dags/create_database_postgres.py for tasks to queue
[2023-06-14T13:42:29.617+0000] {logging_mixin.py:149} INFO - [2023-06-14T13:42:29.617+0000] {dagbag.py:541} INFO - Filling up the DagBag from /opt/airflow/dags/create_database_postgres.py
[2023-06-14T13:42:29.634+0000] {processor.py:836} INFO - DAG(s) dict_keys(['postgres_dag']) retrieved from /opt/airflow/dags/create_database_postgres.py
[2023-06-14T13:42:29.664+0000] {logging_mixin.py:149} INFO - [2023-06-14T13:42:29.664+0000] {dag.py:2726} INFO - Sync 1 DAGs
[2023-06-14T13:42:29.695+0000] {processor.py:179} INFO - Processing /opt/airflow/dags/create_database_postgres.py took 0.084 seconds
[2023-06-14T13:42:59.973+0000] {processor.py:157} INFO - Started process (PID=147) to work on /opt/airflow/dags/create_database_postgres.py
[2023-06-14T13:42:59.977+0000] {processor.py:826} INFO - Processing file /opt/airflow/dags/create_database_postgres.py for tasks to queue
[2023-06-14T13:42:59.978+0000] {logging_mixin.py:149} INFO - [2023-06-14T13:42:59.978+0000] {dagbag.py:541} INFO - Filling up the DagBag from /opt/airflow/dags/create_database_postgres.py
[2023-06-14T13:43:00.010+0000] {processor.py:836} INFO - DAG(s) dict_keys(['postgres_dag']) retrieved from /opt/airflow/dags/create_database_postgres.py
[2023-06-14T13:43:00.051+0000] {logging_mixin.py:149} INFO - [2023-06-14T13:43:00.051+0000] {dag.py:2726} INFO - Sync 1 DAGs
[2023-06-14T13:43:00.090+0000] {processor.py:179} INFO - Processing /opt/airflow/dags/create_database_postgres.py took 0.123 seconds
[2023-06-14T13:43:30.255+0000] {processor.py:157} INFO - Started process (PID=154) to work on /opt/airflow/dags/create_database_postgres.py
[2023-06-14T13:43:30.259+0000] {processor.py:826} INFO - Processing file /opt/airflow/dags/create_database_postgres.py for tasks to queue
[2023-06-14T13:43:30.260+0000] {logging_mixin.py:149} INFO - [2023-06-14T13:43:30.260+0000] {dagbag.py:541} INFO - Filling up the DagBag from /opt/airflow/dags/create_database_postgres.py
[2023-06-14T13:43:30.283+0000] {processor.py:836} INFO - DAG(s) dict_keys(['postgres_dag']) retrieved from /opt/airflow/dags/create_database_postgres.py
[2023-06-14T13:43:30.333+0000] {logging_mixin.py:149} INFO - [2023-06-14T13:43:30.333+0000] {dag.py:2726} INFO - Sync 1 DAGs
[2023-06-14T13:43:30.364+0000] {processor.py:179} INFO - Processing /opt/airflow/dags/create_database_postgres.py took 0.116 seconds
[2023-06-14T13:44:00.594+0000] {processor.py:157} INFO - Started process (PID=162) to work on /opt/airflow/dags/create_database_postgres.py
[2023-06-14T13:44:00.597+0000] {processor.py:826} INFO - Processing file /opt/airflow/dags/create_database_postgres.py for tasks to queue
[2023-06-14T13:44:00.598+0000] {logging_mixin.py:149} INFO - [2023-06-14T13:44:00.598+0000] {dagbag.py:541} INFO - Filling up the DagBag from /opt/airflow/dags/create_database_postgres.py
[2023-06-14T13:44:00.618+0000] {processor.py:836} INFO - DAG(s) dict_keys(['postgres_dag']) retrieved from /opt/airflow/dags/create_database_postgres.py
[2023-06-14T13:44:00.646+0000] {logging_mixin.py:149} INFO - [2023-06-14T13:44:00.646+0000] {dag.py:2726} INFO - Sync 1 DAGs
[2023-06-14T13:44:00.675+0000] {processor.py:179} INFO - Processing /opt/airflow/dags/create_database_postgres.py took 0.088 seconds
[2023-06-14T13:44:30.879+0000] {processor.py:157} INFO - Started process (PID=170) to work on /opt/airflow/dags/create_database_postgres.py
[2023-06-14T13:44:30.881+0000] {processor.py:826} INFO - Processing file /opt/airflow/dags/create_database_postgres.py for tasks to queue
[2023-06-14T13:44:30.882+0000] {logging_mixin.py:149} INFO - [2023-06-14T13:44:30.882+0000] {dagbag.py:541} INFO - Filling up the DagBag from /opt/airflow/dags/create_database_postgres.py
[2023-06-14T13:44:30.894+0000] {processor.py:836} INFO - DAG(s) dict_keys(['postgres_dag']) retrieved from /opt/airflow/dags/create_database_postgres.py
[2023-06-14T13:44:30.919+0000] {logging_mixin.py:149} INFO - [2023-06-14T13:44:30.918+0000] {dag.py:2726} INFO - Sync 1 DAGs
[2023-06-14T13:44:30.949+0000] {processor.py:179} INFO - Processing /opt/airflow/dags/create_database_postgres.py took 0.072 seconds
[2023-06-14T13:45:01.182+0000] {processor.py:157} INFO - Started process (PID=178) to work on /opt/airflow/dags/create_database_postgres.py
[2023-06-14T13:45:01.184+0000] {processor.py:826} INFO - Processing file /opt/airflow/dags/create_database_postgres.py for tasks to queue
[2023-06-14T13:45:01.185+0000] {logging_mixin.py:149} INFO - [2023-06-14T13:45:01.185+0000] {dagbag.py:541} INFO - Filling up the DagBag from /opt/airflow/dags/create_database_postgres.py
[2023-06-14T13:45:01.206+0000] {processor.py:836} INFO - DAG(s) dict_keys(['postgres_dag']) retrieved from /opt/airflow/dags/create_database_postgres.py
[2023-06-14T13:45:01.236+0000] {logging_mixin.py:149} INFO - [2023-06-14T13:45:01.236+0000] {dag.py:2726} INFO - Sync 1 DAGs
[2023-06-14T13:45:01.271+0000] {processor.py:179} INFO - Processing /opt/airflow/dags/create_database_postgres.py took 0.097 seconds
[2023-06-14T13:45:31.468+0000] {processor.py:157} INFO - Started process (PID=206) to work on /opt/airflow/dags/create_database_postgres.py
[2023-06-14T13:45:31.471+0000] {processor.py:826} INFO - Processing file /opt/airflow/dags/create_database_postgres.py for tasks to queue
[2023-06-14T13:45:31.473+0000] {logging_mixin.py:149} INFO - [2023-06-14T13:45:31.473+0000] {dagbag.py:541} INFO - Filling up the DagBag from /opt/airflow/dags/create_database_postgres.py
[2023-06-14T13:45:31.497+0000] {processor.py:836} INFO - DAG(s) dict_keys(['postgres_dag']) retrieved from /opt/airflow/dags/create_database_postgres.py
[2023-06-14T13:45:31.527+0000] {logging_mixin.py:149} INFO - [2023-06-14T13:45:31.526+0000] {dag.py:2726} INFO - Sync 1 DAGs
[2023-06-14T13:45:31.568+0000] {processor.py:179} INFO - Processing /opt/airflow/dags/create_database_postgres.py took 0.107 seconds
[2023-06-14T13:46:01.683+0000] {processor.py:157} INFO - Started process (PID=214) to work on /opt/airflow/dags/create_database_postgres.py
[2023-06-14T13:46:01.686+0000] {processor.py:826} INFO - Processing file /opt/airflow/dags/create_database_postgres.py for tasks to queue
[2023-06-14T13:46:01.687+0000] {logging_mixin.py:149} INFO - [2023-06-14T13:46:01.687+0000] {dagbag.py:541} INFO - Filling up the DagBag from /opt/airflow/dags/create_database_postgres.py
[2023-06-14T13:46:01.708+0000] {processor.py:836} INFO - DAG(s) dict_keys(['postgres_dag']) retrieved from /opt/airflow/dags/create_database_postgres.py
[2023-06-14T13:46:01.737+0000] {logging_mixin.py:149} INFO - [2023-06-14T13:46:01.737+0000] {dag.py:2726} INFO - Sync 1 DAGs
[2023-06-14T13:46:01.768+0000] {processor.py:179} INFO - Processing /opt/airflow/dags/create_database_postgres.py took 0.091 seconds
[2023-06-14T13:46:32.078+0000] {processor.py:157} INFO - Started process (PID=221) to work on /opt/airflow/dags/create_database_postgres.py
[2023-06-14T13:46:32.081+0000] {processor.py:826} INFO - Processing file /opt/airflow/dags/create_database_postgres.py for tasks to queue
[2023-06-14T13:46:32.083+0000] {logging_mixin.py:149} INFO - [2023-06-14T13:46:32.083+0000] {dagbag.py:541} INFO - Filling up the DagBag from /opt/airflow/dags/create_database_postgres.py
[2023-06-14T13:46:32.107+0000] {processor.py:836} INFO - DAG(s) dict_keys(['postgres_dag']) retrieved from /opt/airflow/dags/create_database_postgres.py
[2023-06-14T13:46:32.140+0000] {logging_mixin.py:149} INFO - [2023-06-14T13:46:32.140+0000] {dag.py:2726} INFO - Sync 1 DAGs
[2023-06-14T13:46:32.174+0000] {processor.py:179} INFO - Processing /opt/airflow/dags/create_database_postgres.py took 0.103 seconds
[2023-06-14T13:47:02.308+0000] {processor.py:157} INFO - Started process (PID=229) to work on /opt/airflow/dags/create_database_postgres.py
[2023-06-14T13:47:02.310+0000] {processor.py:826} INFO - Processing file /opt/airflow/dags/create_database_postgres.py for tasks to queue
[2023-06-14T13:47:02.311+0000] {logging_mixin.py:149} INFO - [2023-06-14T13:47:02.311+0000] {dagbag.py:541} INFO - Filling up the DagBag from /opt/airflow/dags/create_database_postgres.py
[2023-06-14T13:47:02.333+0000] {processor.py:836} INFO - DAG(s) dict_keys(['postgres_dag']) retrieved from /opt/airflow/dags/create_database_postgres.py
[2023-06-14T13:47:02.392+0000] {logging_mixin.py:149} INFO - [2023-06-14T13:47:02.392+0000] {dag.py:2726} INFO - Sync 1 DAGs
[2023-06-14T13:47:02.427+0000] {processor.py:179} INFO - Processing /opt/airflow/dags/create_database_postgres.py took 0.126 seconds
[2023-06-14T13:47:50.467+0000] {processor.py:157} INFO - Started process (PID=31) to work on /opt/airflow/dags/create_database_postgres.py
[2023-06-14T13:47:50.470+0000] {processor.py:826} INFO - Processing file /opt/airflow/dags/create_database_postgres.py for tasks to queue
[2023-06-14T13:47:50.471+0000] {logging_mixin.py:149} INFO - [2023-06-14T13:47:50.471+0000] {dagbag.py:541} INFO - Filling up the DagBag from /opt/airflow/dags/create_database_postgres.py
[2023-06-14T13:47:50.499+0000] {processor.py:836} INFO - DAG(s) dict_keys(['postgres_dag']) retrieved from /opt/airflow/dags/create_database_postgres.py
[2023-06-14T13:47:50.748+0000] {logging_mixin.py:149} INFO - [2023-06-14T13:47:50.748+0000] {manager.py:504} INFO - Created Permission View: can delete on DAG:postgres_dag
[2023-06-14T13:47:50.755+0000] {logging_mixin.py:149} INFO - [2023-06-14T13:47:50.755+0000] {manager.py:504} INFO - Created Permission View: can edit on DAG:postgres_dag
[2023-06-14T13:47:50.761+0000] {logging_mixin.py:149} INFO - [2023-06-14T13:47:50.761+0000] {manager.py:504} INFO - Created Permission View: can read on DAG:postgres_dag
[2023-06-14T13:47:50.762+0000] {logging_mixin.py:149} INFO - [2023-06-14T13:47:50.762+0000] {dag.py:2726} INFO - Sync 1 DAGs
[2023-06-14T13:47:50.771+0000] {logging_mixin.py:149} INFO - [2023-06-14T13:47:50.771+0000] {dag.py:2747} INFO - Creating ORM DAG for postgres_dag
[2023-06-14T13:47:50.779+0000] {logging_mixin.py:149} INFO - [2023-06-14T13:47:50.779+0000] {dag.py:3490} INFO - Setting next_dagrun for postgres_dag to 2023-04-20T00:00:00+00:00, run_after=2023-04-21T00:00:00+00:00
[2023-06-14T13:47:50.792+0000] {processor.py:179} INFO - Processing /opt/airflow/dags/create_database_postgres.py took 0.330 seconds
[2023-06-14T13:48:21.045+0000] {processor.py:157} INFO - Started process (PID=39) to work on /opt/airflow/dags/create_database_postgres.py
[2023-06-14T13:48:21.047+0000] {processor.py:826} INFO - Processing file /opt/airflow/dags/create_database_postgres.py for tasks to queue
[2023-06-14T13:48:21.049+0000] {logging_mixin.py:149} INFO - [2023-06-14T13:48:21.049+0000] {dagbag.py:541} INFO - Filling up the DagBag from /opt/airflow/dags/create_database_postgres.py
[2023-06-14T13:48:21.069+0000] {processor.py:836} INFO - DAG(s) dict_keys(['postgres_dag']) retrieved from /opt/airflow/dags/create_database_postgres.py
[2023-06-14T13:48:21.099+0000] {logging_mixin.py:149} INFO - [2023-06-14T13:48:21.099+0000] {dag.py:2726} INFO - Sync 1 DAGs
[2023-06-14T13:48:21.116+0000] {logging_mixin.py:149} INFO - [2023-06-14T13:48:21.116+0000] {dag.py:3490} INFO - Setting next_dagrun for postgres_dag to 2023-04-20T00:00:00+00:00, run_after=2023-04-21T00:00:00+00:00
[2023-06-14T13:48:21.131+0000] {processor.py:179} INFO - Processing /opt/airflow/dags/create_database_postgres.py took 0.093 seconds
[2023-06-14T13:48:51.281+0000] {processor.py:157} INFO - Started process (PID=51) to work on /opt/airflow/dags/create_database_postgres.py
[2023-06-14T13:48:51.283+0000] {processor.py:826} INFO - Processing file /opt/airflow/dags/create_database_postgres.py for tasks to queue
[2023-06-14T13:48:51.284+0000] {logging_mixin.py:149} INFO - [2023-06-14T13:48:51.283+0000] {dagbag.py:541} INFO - Filling up the DagBag from /opt/airflow/dags/create_database_postgres.py
[2023-06-14T13:48:51.300+0000] {processor.py:836} INFO - DAG(s) dict_keys(['postgres_dag']) retrieved from /opt/airflow/dags/create_database_postgres.py
[2023-06-14T13:48:51.325+0000] {logging_mixin.py:149} INFO - [2023-06-14T13:48:51.325+0000] {dag.py:2726} INFO - Sync 1 DAGs
[2023-06-14T13:48:51.359+0000] {processor.py:179} INFO - Processing /opt/airflow/dags/create_database_postgres.py took 0.081 seconds
[2023-06-14T13:49:21.628+0000] {processor.py:157} INFO - Started process (PID=59) to work on /opt/airflow/dags/create_database_postgres.py
[2023-06-14T13:49:21.630+0000] {processor.py:826} INFO - Processing file /opt/airflow/dags/create_database_postgres.py for tasks to queue
[2023-06-14T13:49:21.632+0000] {logging_mixin.py:149} INFO - [2023-06-14T13:49:21.631+0000] {dagbag.py:541} INFO - Filling up the DagBag from /opt/airflow/dags/create_database_postgres.py
[2023-06-14T13:49:21.651+0000] {processor.py:836} INFO - DAG(s) dict_keys(['postgres_dag']) retrieved from /opt/airflow/dags/create_database_postgres.py
[2023-06-14T13:49:21.682+0000] {logging_mixin.py:149} INFO - [2023-06-14T13:49:21.682+0000] {dag.py:2726} INFO - Sync 1 DAGs
[2023-06-14T13:49:21.720+0000] {processor.py:179} INFO - Processing /opt/airflow/dags/create_database_postgres.py took 0.098 seconds
[2023-06-14T13:49:51.944+0000] {processor.py:157} INFO - Started process (PID=67) to work on /opt/airflow/dags/create_database_postgres.py
[2023-06-14T13:49:51.947+0000] {processor.py:826} INFO - Processing file /opt/airflow/dags/create_database_postgres.py for tasks to queue
[2023-06-14T13:49:51.948+0000] {logging_mixin.py:149} INFO - [2023-06-14T13:49:51.948+0000] {dagbag.py:541} INFO - Filling up the DagBag from /opt/airflow/dags/create_database_postgres.py
[2023-06-14T13:49:51.967+0000] {processor.py:836} INFO - DAG(s) dict_keys(['postgres_dag']) retrieved from /opt/airflow/dags/create_database_postgres.py
[2023-06-14T13:49:51.994+0000] {logging_mixin.py:149} INFO - [2023-06-14T13:49:51.994+0000] {dag.py:2726} INFO - Sync 1 DAGs
[2023-06-14T13:49:52.022+0000] {processor.py:179} INFO - Processing /opt/airflow/dags/create_database_postgres.py took 0.084 seconds
[2023-06-14T13:50:22.196+0000] {processor.py:157} INFO - Started process (PID=75) to work on /opt/airflow/dags/create_database_postgres.py
[2023-06-14T13:50:22.201+0000] {processor.py:826} INFO - Processing file /opt/airflow/dags/create_database_postgres.py for tasks to queue
[2023-06-14T13:50:22.202+0000] {logging_mixin.py:149} INFO - [2023-06-14T13:50:22.202+0000] {dagbag.py:541} INFO - Filling up the DagBag from /opt/airflow/dags/create_database_postgres.py
[2023-06-14T13:50:22.249+0000] {processor.py:836} INFO - DAG(s) dict_keys(['postgres_dag']) retrieved from /opt/airflow/dags/create_database_postgres.py
[2023-06-14T13:50:22.296+0000] {logging_mixin.py:149} INFO - [2023-06-14T13:50:22.296+0000] {dag.py:2726} INFO - Sync 1 DAGs
[2023-06-14T13:50:22.377+0000] {processor.py:179} INFO - Processing /opt/airflow/dags/create_database_postgres.py took 0.188 seconds
[2023-06-14T13:50:52.587+0000] {processor.py:157} INFO - Started process (PID=82) to work on /opt/airflow/dags/create_database_postgres.py
[2023-06-14T13:50:52.589+0000] {processor.py:826} INFO - Processing file /opt/airflow/dags/create_database_postgres.py for tasks to queue
[2023-06-14T13:50:52.590+0000] {logging_mixin.py:149} INFO - [2023-06-14T13:50:52.590+0000] {dagbag.py:541} INFO - Filling up the DagBag from /opt/airflow/dags/create_database_postgres.py
[2023-06-14T13:50:52.628+0000] {processor.py:836} INFO - DAG(s) dict_keys(['postgres_dag']) retrieved from /opt/airflow/dags/create_database_postgres.py
[2023-06-14T13:50:52.671+0000] {logging_mixin.py:149} INFO - [2023-06-14T13:50:52.671+0000] {dag.py:2726} INFO - Sync 1 DAGs
[2023-06-14T13:50:52.711+0000] {processor.py:179} INFO - Processing /opt/airflow/dags/create_database_postgres.py took 0.129 seconds
[2023-06-14T13:51:22.789+0000] {processor.py:157} INFO - Started process (PID=91) to work on /opt/airflow/dags/create_database_postgres.py
[2023-06-14T13:51:22.791+0000] {processor.py:826} INFO - Processing file /opt/airflow/dags/create_database_postgres.py for tasks to queue
[2023-06-14T13:51:22.792+0000] {logging_mixin.py:149} INFO - [2023-06-14T13:51:22.792+0000] {dagbag.py:541} INFO - Filling up the DagBag from /opt/airflow/dags/create_database_postgres.py
[2023-06-14T13:51:22.810+0000] {processor.py:836} INFO - DAG(s) dict_keys(['postgres_dag']) retrieved from /opt/airflow/dags/create_database_postgres.py
[2023-06-14T13:51:22.842+0000] {logging_mixin.py:149} INFO - [2023-06-14T13:51:22.842+0000] {dag.py:2726} INFO - Sync 1 DAGs
[2023-06-14T13:51:22.873+0000] {processor.py:179} INFO - Processing /opt/airflow/dags/create_database_postgres.py took 0.089 seconds
[2023-06-14T13:51:53.028+0000] {processor.py:157} INFO - Started process (PID=99) to work on /opt/airflow/dags/create_database_postgres.py
[2023-06-14T13:51:53.029+0000] {processor.py:826} INFO - Processing file /opt/airflow/dags/create_database_postgres.py for tasks to queue
[2023-06-14T13:51:53.030+0000] {logging_mixin.py:149} INFO - [2023-06-14T13:51:53.030+0000] {dagbag.py:541} INFO - Filling up the DagBag from /opt/airflow/dags/create_database_postgres.py
[2023-06-14T13:51:53.050+0000] {processor.py:836} INFO - DAG(s) dict_keys(['postgres_dag']) retrieved from /opt/airflow/dags/create_database_postgres.py
[2023-06-14T13:51:53.088+0000] {logging_mixin.py:149} INFO - [2023-06-14T13:51:53.088+0000] {dag.py:2726} INFO - Sync 1 DAGs
[2023-06-14T13:51:53.130+0000] {processor.py:179} INFO - Processing /opt/airflow/dags/create_database_postgres.py took 0.107 seconds
[2023-06-14T13:52:52.603+0000] {processor.py:157} INFO - Started process (PID=31) to work on /opt/airflow/dags/create_database_postgres.py
[2023-06-14T13:52:52.606+0000] {processor.py:826} INFO - Processing file /opt/airflow/dags/create_database_postgres.py for tasks to queue
[2023-06-14T13:52:52.607+0000] {logging_mixin.py:149} INFO - [2023-06-14T13:52:52.607+0000] {dagbag.py:541} INFO - Filling up the DagBag from /opt/airflow/dags/create_database_postgres.py
[2023-06-14T13:52:52.627+0000] {processor.py:836} INFO - DAG(s) dict_keys(['postgres_dag']) retrieved from /opt/airflow/dags/create_database_postgres.py
[2023-06-14T13:52:52.771+0000] {logging_mixin.py:149} INFO - [2023-06-14T13:52:52.771+0000] {manager.py:504} INFO - Created Permission View: can delete on DAG:postgres_dag
[2023-06-14T13:52:52.778+0000] {logging_mixin.py:149} INFO - [2023-06-14T13:52:52.778+0000] {manager.py:504} INFO - Created Permission View: can edit on DAG:postgres_dag
[2023-06-14T13:52:52.784+0000] {logging_mixin.py:149} INFO - [2023-06-14T13:52:52.784+0000] {manager.py:504} INFO - Created Permission View: can read on DAG:postgres_dag
[2023-06-14T13:52:52.784+0000] {logging_mixin.py:149} INFO - [2023-06-14T13:52:52.784+0000] {dag.py:2726} INFO - Sync 1 DAGs
[2023-06-14T13:52:52.794+0000] {logging_mixin.py:149} INFO - [2023-06-14T13:52:52.794+0000] {dag.py:2747} INFO - Creating ORM DAG for postgres_dag
[2023-06-14T13:52:52.802+0000] {logging_mixin.py:149} INFO - [2023-06-14T13:52:52.802+0000] {dag.py:3490} INFO - Setting next_dagrun for postgres_dag to 2023-04-20T00:00:00+00:00, run_after=2023-04-21T00:00:00+00:00
[2023-06-14T13:52:52.817+0000] {processor.py:179} INFO - Processing /opt/airflow/dags/create_database_postgres.py took 0.217 seconds
[2023-06-14T13:53:22.880+0000] {processor.py:157} INFO - Started process (PID=39) to work on /opt/airflow/dags/create_database_postgres.py
[2023-06-14T13:53:22.883+0000] {processor.py:826} INFO - Processing file /opt/airflow/dags/create_database_postgres.py for tasks to queue
[2023-06-14T13:53:22.885+0000] {logging_mixin.py:149} INFO - [2023-06-14T13:53:22.884+0000] {dagbag.py:541} INFO - Filling up the DagBag from /opt/airflow/dags/create_database_postgres.py
[2023-06-14T13:53:22.905+0000] {processor.py:836} INFO - DAG(s) dict_keys(['postgres_dag']) retrieved from /opt/airflow/dags/create_database_postgres.py
[2023-06-14T13:53:22.936+0000] {logging_mixin.py:149} INFO - [2023-06-14T13:53:22.935+0000] {dag.py:2726} INFO - Sync 1 DAGs
[2023-06-14T13:53:22.956+0000] {logging_mixin.py:149} INFO - [2023-06-14T13:53:22.956+0000] {dag.py:3490} INFO - Setting next_dagrun for postgres_dag to 2023-04-20T00:00:00+00:00, run_after=2023-04-21T00:00:00+00:00
[2023-06-14T13:53:22.968+0000] {processor.py:179} INFO - Processing /opt/airflow/dags/create_database_postgres.py took 0.095 seconds
[2023-06-14T13:53:53.211+0000] {processor.py:157} INFO - Started process (PID=48) to work on /opt/airflow/dags/create_database_postgres.py
[2023-06-14T13:53:53.214+0000] {processor.py:826} INFO - Processing file /opt/airflow/dags/create_database_postgres.py for tasks to queue
[2023-06-14T13:53:53.215+0000] {logging_mixin.py:149} INFO - [2023-06-14T13:53:53.215+0000] {dagbag.py:541} INFO - Filling up the DagBag from /opt/airflow/dags/create_database_postgres.py
[2023-06-14T13:53:53.240+0000] {processor.py:836} INFO - DAG(s) dict_keys(['postgres_dag']) retrieved from /opt/airflow/dags/create_database_postgres.py
[2023-06-14T13:53:53.267+0000] {logging_mixin.py:149} INFO - [2023-06-14T13:53:53.267+0000] {dag.py:2726} INFO - Sync 1 DAGs
[2023-06-14T13:53:53.292+0000] {logging_mixin.py:149} INFO - [2023-06-14T13:53:53.292+0000] {dag.py:3490} INFO - Setting next_dagrun for postgres_dag to 2023-04-20T00:00:00+00:00, run_after=2023-04-21T00:00:00+00:00
[2023-06-14T13:53:53.306+0000] {processor.py:179} INFO - Processing /opt/airflow/dags/create_database_postgres.py took 0.101 seconds
[2023-06-14T13:54:23.513+0000] {processor.py:157} INFO - Started process (PID=89) to work on /opt/airflow/dags/create_database_postgres.py
[2023-06-14T13:54:23.515+0000] {processor.py:826} INFO - Processing file /opt/airflow/dags/create_database_postgres.py for tasks to queue
[2023-06-14T13:54:23.519+0000] {logging_mixin.py:149} INFO - [2023-06-14T13:54:23.519+0000] {dagbag.py:541} INFO - Filling up the DagBag from /opt/airflow/dags/create_database_postgres.py
[2023-06-14T13:54:23.565+0000] {processor.py:836} INFO - DAG(s) dict_keys(['postgres_dag']) retrieved from /opt/airflow/dags/create_database_postgres.py
[2023-06-14T13:54:23.613+0000] {logging_mixin.py:149} INFO - [2023-06-14T13:54:23.613+0000] {dag.py:2726} INFO - Sync 1 DAGs
[2023-06-14T13:54:23.655+0000] {processor.py:179} INFO - Processing /opt/airflow/dags/create_database_postgres.py took 0.148 seconds
[2023-06-14T13:54:48.744+0000] {processor.py:157} INFO - Started process (PID=97) to work on /opt/airflow/dags/create_database_postgres.py
[2023-06-14T13:54:48.745+0000] {processor.py:826} INFO - Processing file /opt/airflow/dags/create_database_postgres.py for tasks to queue
[2023-06-14T13:54:48.746+0000] {logging_mixin.py:149} INFO - [2023-06-14T13:54:48.746+0000] {dagbag.py:541} INFO - Filling up the DagBag from /opt/airflow/dags/create_database_postgres.py
[2023-06-14T13:54:48.762+0000] {processor.py:836} INFO - DAG(s) dict_keys(['postgres_dag']) retrieved from /opt/airflow/dags/create_database_postgres.py
[2023-06-14T13:54:48.808+0000] {logging_mixin.py:149} INFO - [2023-06-14T13:54:48.808+0000] {dag.py:2726} INFO - Sync 1 DAGs
[2023-06-14T13:54:48.869+0000] {processor.py:179} INFO - Processing /opt/airflow/dags/create_database_postgres.py took 0.128 seconds
[2023-06-14T13:55:19.175+0000] {processor.py:157} INFO - Started process (PID=105) to work on /opt/airflow/dags/create_database_postgres.py
[2023-06-14T13:55:19.182+0000] {processor.py:826} INFO - Processing file /opt/airflow/dags/create_database_postgres.py for tasks to queue
[2023-06-14T13:55:19.184+0000] {logging_mixin.py:149} INFO - [2023-06-14T13:55:19.184+0000] {dagbag.py:541} INFO - Filling up the DagBag from /opt/airflow/dags/create_database_postgres.py
[2023-06-14T13:55:19.248+0000] {processor.py:836} INFO - DAG(s) dict_keys(['postgres_dag']) retrieved from /opt/airflow/dags/create_database_postgres.py
[2023-06-14T13:55:19.323+0000] {logging_mixin.py:149} INFO - [2023-06-14T13:55:19.323+0000] {dag.py:2726} INFO - Sync 1 DAGs
[2023-06-14T13:55:51.233+0000] {processor.py:157} INFO - Started process (PID=31) to work on /opt/airflow/dags/create_database_postgres.py
[2023-06-14T13:55:51.240+0000] {processor.py:826} INFO - Processing file /opt/airflow/dags/create_database_postgres.py for tasks to queue
[2023-06-14T13:55:51.241+0000] {logging_mixin.py:149} INFO - [2023-06-14T13:55:51.241+0000] {dagbag.py:541} INFO - Filling up the DagBag from /opt/airflow/dags/create_database_postgres.py
[2023-06-14T13:55:51.281+0000] {processor.py:836} INFO - DAG(s) dict_keys(['postgres_dag']) retrieved from /opt/airflow/dags/create_database_postgres.py
[2023-06-14T13:55:51.436+0000] {logging_mixin.py:149} INFO - [2023-06-14T13:55:51.436+0000] {manager.py:504} INFO - Created Permission View: can read on DAG:postgres_dag
[2023-06-14T13:55:51.442+0000] {logging_mixin.py:149} INFO - [2023-06-14T13:55:51.442+0000] {manager.py:504} INFO - Created Permission View: can edit on DAG:postgres_dag
[2023-06-14T13:55:51.447+0000] {logging_mixin.py:149} INFO - [2023-06-14T13:55:51.447+0000] {manager.py:504} INFO - Created Permission View: can delete on DAG:postgres_dag
[2023-06-14T13:55:51.448+0000] {logging_mixin.py:149} INFO - [2023-06-14T13:55:51.448+0000] {dag.py:2726} INFO - Sync 1 DAGs
[2023-06-14T13:55:51.457+0000] {logging_mixin.py:149} INFO - [2023-06-14T13:55:51.457+0000] {dag.py:2747} INFO - Creating ORM DAG for postgres_dag
[2023-06-14T13:55:51.466+0000] {logging_mixin.py:149} INFO - [2023-06-14T13:55:51.466+0000] {dag.py:3490} INFO - Setting next_dagrun for postgres_dag to 2023-04-20T00:00:00+00:00, run_after=2023-04-21T00:00:00+00:00
[2023-06-14T13:55:51.479+0000] {processor.py:179} INFO - Processing /opt/airflow/dags/create_database_postgres.py took 0.249 seconds
[2023-06-14T13:56:21.706+0000] {processor.py:157} INFO - Started process (PID=39) to work on /opt/airflow/dags/create_database_postgres.py
[2023-06-14T13:56:21.710+0000] {processor.py:826} INFO - Processing file /opt/airflow/dags/create_database_postgres.py for tasks to queue
[2023-06-14T13:56:21.711+0000] {logging_mixin.py:149} INFO - [2023-06-14T13:56:21.711+0000] {dagbag.py:541} INFO - Filling up the DagBag from /opt/airflow/dags/create_database_postgres.py
[2023-06-14T13:56:21.730+0000] {processor.py:836} INFO - DAG(s) dict_keys(['postgres_dag']) retrieved from /opt/airflow/dags/create_database_postgres.py
[2023-06-14T13:56:21.759+0000] {logging_mixin.py:149} INFO - [2023-06-14T13:56:21.759+0000] {dag.py:2726} INFO - Sync 1 DAGs
[2023-06-14T13:56:21.776+0000] {logging_mixin.py:149} INFO - [2023-06-14T13:56:21.776+0000] {dag.py:3490} INFO - Setting next_dagrun for postgres_dag to 2023-04-20T00:00:00+00:00, run_after=2023-04-21T00:00:00+00:00
[2023-06-14T13:56:21.788+0000] {processor.py:179} INFO - Processing /opt/airflow/dags/create_database_postgres.py took 0.088 seconds
[2023-06-14T13:56:51.959+0000] {processor.py:157} INFO - Started process (PID=55) to work on /opt/airflow/dags/create_database_postgres.py
[2023-06-14T13:56:51.961+0000] {processor.py:826} INFO - Processing file /opt/airflow/dags/create_database_postgres.py for tasks to queue
[2023-06-14T13:56:51.963+0000] {logging_mixin.py:149} INFO - [2023-06-14T13:56:51.962+0000] {dagbag.py:541} INFO - Filling up the DagBag from /opt/airflow/dags/create_database_postgres.py
[2023-06-14T13:56:52.022+0000] {processor.py:836} INFO - DAG(s) dict_keys(['postgres_dag']) retrieved from /opt/airflow/dags/create_database_postgres.py
[2023-06-14T13:56:52.113+0000] {logging_mixin.py:149} INFO - [2023-06-14T13:56:52.113+0000] {dag.py:2726} INFO - Sync 1 DAGs
[2023-06-14T13:56:52.246+0000] {processor.py:179} INFO - Processing /opt/airflow/dags/create_database_postgres.py took 0.290 seconds
[2023-06-14T13:57:22.500+0000] {processor.py:157} INFO - Started process (PID=72) to work on /opt/airflow/dags/create_database_postgres.py
[2023-06-14T13:57:22.502+0000] {processor.py:826} INFO - Processing file /opt/airflow/dags/create_database_postgres.py for tasks to queue
[2023-06-14T13:57:22.503+0000] {logging_mixin.py:149} INFO - [2023-06-14T13:57:22.503+0000] {dagbag.py:541} INFO - Filling up the DagBag from /opt/airflow/dags/create_database_postgres.py
[2023-06-14T13:57:22.521+0000] {processor.py:836} INFO - DAG(s) dict_keys(['postgres_dag']) retrieved from /opt/airflow/dags/create_database_postgres.py
[2023-06-14T13:57:22.550+0000] {logging_mixin.py:149} INFO - [2023-06-14T13:57:22.550+0000] {dag.py:2726} INFO - Sync 1 DAGs
[2023-06-14T13:57:22.580+0000] {processor.py:179} INFO - Processing /opt/airflow/dags/create_database_postgres.py took 0.084 seconds
[2023-06-14T13:57:29.598+0000] {processor.py:157} INFO - Started process (PID=73) to work on /opt/airflow/dags/create_database_postgres.py
[2023-06-14T13:57:29.600+0000] {processor.py:826} INFO - Processing file /opt/airflow/dags/create_database_postgres.py for tasks to queue
[2023-06-14T13:57:29.602+0000] {logging_mixin.py:149} INFO - [2023-06-14T13:57:29.601+0000] {dagbag.py:541} INFO - Filling up the DagBag from /opt/airflow/dags/create_database_postgres.py
[2023-06-14T13:57:29.631+0000] {processor.py:836} INFO - DAG(s) dict_keys(['time_task']) retrieved from /opt/airflow/dags/create_database_postgres.py
[2023-06-14T13:57:29.752+0000] {logging_mixin.py:149} INFO - [2023-06-14T13:57:29.752+0000] {manager.py:504} INFO - Created Permission View: can read on DAG:time_task
[2023-06-14T13:57:29.766+0000] {logging_mixin.py:149} INFO - [2023-06-14T13:57:29.766+0000] {manager.py:504} INFO - Created Permission View: can edit on DAG:time_task
[2023-06-14T13:57:29.777+0000] {logging_mixin.py:149} INFO - [2023-06-14T13:57:29.777+0000] {manager.py:504} INFO - Created Permission View: can delete on DAG:time_task
[2023-06-14T13:57:29.778+0000] {logging_mixin.py:149} INFO - [2023-06-14T13:57:29.778+0000] {dag.py:2726} INFO - Sync 1 DAGs
[2023-06-14T13:57:29.794+0000] {logging_mixin.py:149} INFO - [2023-06-14T13:57:29.794+0000] {dag.py:2747} INFO - Creating ORM DAG for time_task
[2023-06-14T13:57:29.808+0000] {logging_mixin.py:149} INFO - [2023-06-14T13:57:29.808+0000] {dag.py:3490} INFO - Setting next_dagrun for time_task to 2023-06-13T00:00:00+00:00, run_after=2023-06-14T00:00:00+00:00
[2023-06-14T13:57:29.833+0000] {processor.py:179} INFO - Processing /opt/airflow/dags/create_database_postgres.py took 0.240 seconds
[2023-06-14T13:58:07.055+0000] {processor.py:157} INFO - Started process (PID=31) to work on /opt/airflow/dags/create_database_postgres.py
[2023-06-14T13:58:07.056+0000] {processor.py:826} INFO - Processing file /opt/airflow/dags/create_database_postgres.py for tasks to queue
[2023-06-14T13:58:07.057+0000] {logging_mixin.py:149} INFO - [2023-06-14T13:58:07.057+0000] {dagbag.py:541} INFO - Filling up the DagBag from /opt/airflow/dags/create_database_postgres.py
[2023-06-14T13:58:07.069+0000] {processor.py:836} INFO - DAG(s) dict_keys(['time_task']) retrieved from /opt/airflow/dags/create_database_postgres.py
[2023-06-14T13:58:07.231+0000] {logging_mixin.py:149} INFO - [2023-06-14T13:58:07.231+0000] {manager.py:504} INFO - Created Permission View: can read on DAG:time_task
[2023-06-14T13:58:07.237+0000] {logging_mixin.py:149} INFO - [2023-06-14T13:58:07.237+0000] {manager.py:504} INFO - Created Permission View: can delete on DAG:time_task
[2023-06-14T13:58:07.243+0000] {logging_mixin.py:149} INFO - [2023-06-14T13:58:07.242+0000] {manager.py:504} INFO - Created Permission View: can edit on DAG:time_task
[2023-06-14T13:58:07.243+0000] {logging_mixin.py:149} INFO - [2023-06-14T13:58:07.243+0000] {dag.py:2726} INFO - Sync 1 DAGs
[2023-06-14T13:58:07.251+0000] {logging_mixin.py:149} INFO - [2023-06-14T13:58:07.251+0000] {dag.py:2747} INFO - Creating ORM DAG for time_task
[2023-06-14T13:58:07.261+0000] {logging_mixin.py:149} INFO - [2023-06-14T13:58:07.261+0000] {dag.py:3490} INFO - Setting next_dagrun for time_task to 2023-06-13T00:00:00+00:00, run_after=2023-06-14T00:00:00+00:00
[2023-06-14T13:58:07.277+0000] {processor.py:179} INFO - Processing /opt/airflow/dags/create_database_postgres.py took 0.408 seconds
[2023-06-14T13:58:37.531+0000] {processor.py:157} INFO - Started process (PID=43) to work on /opt/airflow/dags/create_database_postgres.py
[2023-06-14T13:58:37.533+0000] {processor.py:826} INFO - Processing file /opt/airflow/dags/create_database_postgres.py for tasks to queue
[2023-06-14T13:58:37.535+0000] {logging_mixin.py:149} INFO - [2023-06-14T13:58:37.535+0000] {dagbag.py:541} INFO - Filling up the DagBag from /opt/airflow/dags/create_database_postgres.py
[2023-06-14T13:58:37.557+0000] {processor.py:836} INFO - DAG(s) dict_keys(['time_task']) retrieved from /opt/airflow/dags/create_database_postgres.py
[2023-06-14T13:58:37.589+0000] {logging_mixin.py:149} INFO - [2023-06-14T13:58:37.589+0000] {dag.py:2726} INFO - Sync 1 DAGs
[2023-06-14T13:58:37.606+0000] {logging_mixin.py:149} INFO - [2023-06-14T13:58:37.606+0000] {dag.py:3490} INFO - Setting next_dagrun for time_task to 2023-06-14T00:00:00+00:00, run_after=2023-06-15T00:00:00+00:00
[2023-06-14T13:58:37.618+0000] {processor.py:179} INFO - Processing /opt/airflow/dags/create_database_postgres.py took 0.093 seconds
[2023-06-14T13:59:07.847+0000] {processor.py:157} INFO - Started process (PID=50) to work on /opt/airflow/dags/create_database_postgres.py
[2023-06-14T13:59:07.849+0000] {processor.py:826} INFO - Processing file /opt/airflow/dags/create_database_postgres.py for tasks to queue
[2023-06-14T13:59:07.851+0000] {logging_mixin.py:149} INFO - [2023-06-14T13:59:07.851+0000] {dagbag.py:541} INFO - Filling up the DagBag from /opt/airflow/dags/create_database_postgres.py
[2023-06-14T13:59:07.876+0000] {processor.py:836} INFO - DAG(s) dict_keys(['time_task']) retrieved from /opt/airflow/dags/create_database_postgres.py
[2023-06-14T13:59:07.900+0000] {logging_mixin.py:149} INFO - [2023-06-14T13:59:07.900+0000] {dag.py:2726} INFO - Sync 1 DAGs
[2023-06-14T13:59:07.923+0000] {logging_mixin.py:149} INFO - [2023-06-14T13:59:07.923+0000] {dag.py:3490} INFO - Setting next_dagrun for time_task to 2023-06-14T00:00:00+00:00, run_after=2023-06-15T00:00:00+00:00
[2023-06-14T13:59:07.939+0000] {processor.py:179} INFO - Processing /opt/airflow/dags/create_database_postgres.py took 0.097 seconds
[2023-06-14T13:59:38.175+0000] {processor.py:157} INFO - Started process (PID=58) to work on /opt/airflow/dags/create_database_postgres.py
[2023-06-14T13:59:38.177+0000] {processor.py:826} INFO - Processing file /opt/airflow/dags/create_database_postgres.py for tasks to queue
[2023-06-14T13:59:38.179+0000] {logging_mixin.py:149} INFO - [2023-06-14T13:59:38.179+0000] {dagbag.py:541} INFO - Filling up the DagBag from /opt/airflow/dags/create_database_postgres.py
[2023-06-14T13:59:38.196+0000] {processor.py:836} INFO - DAG(s) dict_keys(['time_task']) retrieved from /opt/airflow/dags/create_database_postgres.py
[2023-06-14T13:59:38.220+0000] {logging_mixin.py:149} INFO - [2023-06-14T13:59:38.220+0000] {dag.py:2726} INFO - Sync 1 DAGs
[2023-06-14T13:59:38.236+0000] {logging_mixin.py:149} INFO - [2023-06-14T13:59:38.236+0000] {dag.py:3490} INFO - Setting next_dagrun for time_task to 2023-06-14T00:00:00+00:00, run_after=2023-06-15T00:00:00+00:00
[2023-06-14T13:59:38.247+0000] {processor.py:179} INFO - Processing /opt/airflow/dags/create_database_postgres.py took 0.078 seconds
[2023-06-14T14:00:08.497+0000] {processor.py:157} INFO - Started process (PID=66) to work on /opt/airflow/dags/create_database_postgres.py
[2023-06-14T14:00:08.499+0000] {processor.py:826} INFO - Processing file /opt/airflow/dags/create_database_postgres.py for tasks to queue
[2023-06-14T14:00:08.500+0000] {logging_mixin.py:149} INFO - [2023-06-14T14:00:08.500+0000] {dagbag.py:541} INFO - Filling up the DagBag from /opt/airflow/dags/create_database_postgres.py
[2023-06-14T14:00:08.520+0000] {processor.py:836} INFO - DAG(s) dict_keys(['time_task']) retrieved from /opt/airflow/dags/create_database_postgres.py
[2023-06-14T14:00:08.545+0000] {logging_mixin.py:149} INFO - [2023-06-14T14:00:08.545+0000] {dag.py:2726} INFO - Sync 1 DAGs
[2023-06-14T14:00:08.563+0000] {logging_mixin.py:149} INFO - [2023-06-14T14:00:08.563+0000] {dag.py:3490} INFO - Setting next_dagrun for time_task to 2023-06-14T00:00:00+00:00, run_after=2023-06-15T00:00:00+00:00
[2023-06-14T14:00:08.574+0000] {processor.py:179} INFO - Processing /opt/airflow/dags/create_database_postgres.py took 0.083 seconds
[2023-06-14T14:00:38.766+0000] {processor.py:157} INFO - Started process (PID=74) to work on /opt/airflow/dags/create_database_postgres.py
[2023-06-14T14:00:38.768+0000] {processor.py:826} INFO - Processing file /opt/airflow/dags/create_database_postgres.py for tasks to queue
[2023-06-14T14:00:38.769+0000] {logging_mixin.py:149} INFO - [2023-06-14T14:00:38.769+0000] {dagbag.py:541} INFO - Filling up the DagBag from /opt/airflow/dags/create_database_postgres.py
[2023-06-14T14:00:38.791+0000] {processor.py:836} INFO - DAG(s) dict_keys(['time_task']) retrieved from /opt/airflow/dags/create_database_postgres.py
[2023-06-14T14:00:38.819+0000] {logging_mixin.py:149} INFO - [2023-06-14T14:00:38.819+0000] {dag.py:2726} INFO - Sync 1 DAGs
[2023-06-14T14:00:38.838+0000] {logging_mixin.py:149} INFO - [2023-06-14T14:00:38.838+0000] {dag.py:3490} INFO - Setting next_dagrun for time_task to 2023-06-14T00:00:00+00:00, run_after=2023-06-15T00:00:00+00:00
[2023-06-14T14:00:38.850+0000] {processor.py:179} INFO - Processing /opt/airflow/dags/create_database_postgres.py took 0.088 seconds
[2023-06-14T14:01:09.079+0000] {processor.py:157} INFO - Started process (PID=82) to work on /opt/airflow/dags/create_database_postgres.py
[2023-06-14T14:01:09.081+0000] {processor.py:826} INFO - Processing file /opt/airflow/dags/create_database_postgres.py for tasks to queue
[2023-06-14T14:01:09.082+0000] {logging_mixin.py:149} INFO - [2023-06-14T14:01:09.082+0000] {dagbag.py:541} INFO - Filling up the DagBag from /opt/airflow/dags/create_database_postgres.py
[2023-06-14T14:01:09.102+0000] {processor.py:836} INFO - DAG(s) dict_keys(['time_task']) retrieved from /opt/airflow/dags/create_database_postgres.py
[2023-06-14T14:01:09.129+0000] {logging_mixin.py:149} INFO - [2023-06-14T14:01:09.129+0000] {dag.py:2726} INFO - Sync 1 DAGs
[2023-06-14T14:01:09.148+0000] {logging_mixin.py:149} INFO - [2023-06-14T14:01:09.148+0000] {dag.py:3490} INFO - Setting next_dagrun for time_task to 2023-06-14T00:00:00+00:00, run_after=2023-06-15T00:00:00+00:00
[2023-06-14T14:01:09.159+0000] {processor.py:179} INFO - Processing /opt/airflow/dags/create_database_postgres.py took 0.086 seconds
[2023-06-14T14:01:39.296+0000] {processor.py:157} INFO - Started process (PID=90) to work on /opt/airflow/dags/create_database_postgres.py
[2023-06-14T14:01:39.298+0000] {processor.py:826} INFO - Processing file /opt/airflow/dags/create_database_postgres.py for tasks to queue
[2023-06-14T14:01:39.299+0000] {logging_mixin.py:149} INFO - [2023-06-14T14:01:39.299+0000] {dagbag.py:541} INFO - Filling up the DagBag from /opt/airflow/dags/create_database_postgres.py
[2023-06-14T14:01:39.321+0000] {processor.py:836} INFO - DAG(s) dict_keys(['time_task']) retrieved from /opt/airflow/dags/create_database_postgres.py
[2023-06-14T14:01:39.365+0000] {logging_mixin.py:149} INFO - [2023-06-14T14:01:39.365+0000] {dag.py:2726} INFO - Sync 1 DAGs
[2023-06-14T14:01:39.388+0000] {logging_mixin.py:149} INFO - [2023-06-14T14:01:39.387+0000] {dag.py:3490} INFO - Setting next_dagrun for time_task to 2023-06-14T00:00:00+00:00, run_after=2023-06-15T00:00:00+00:00
[2023-06-14T14:01:39.402+0000] {processor.py:179} INFO - Processing /opt/airflow/dags/create_database_postgres.py took 0.111 seconds
[2023-06-14T14:02:09.599+0000] {processor.py:157} INFO - Started process (PID=97) to work on /opt/airflow/dags/create_database_postgres.py
[2023-06-14T14:02:09.601+0000] {processor.py:826} INFO - Processing file /opt/airflow/dags/create_database_postgres.py for tasks to queue
[2023-06-14T14:02:09.602+0000] {logging_mixin.py:149} INFO - [2023-06-14T14:02:09.602+0000] {dagbag.py:541} INFO - Filling up the DagBag from /opt/airflow/dags/create_database_postgres.py
[2023-06-14T14:02:09.624+0000] {processor.py:836} INFO - DAG(s) dict_keys(['time_task']) retrieved from /opt/airflow/dags/create_database_postgres.py
[2023-06-14T14:02:09.662+0000] {logging_mixin.py:149} INFO - [2023-06-14T14:02:09.662+0000] {dag.py:2726} INFO - Sync 1 DAGs
[2023-06-14T14:02:09.682+0000] {logging_mixin.py:149} INFO - [2023-06-14T14:02:09.682+0000] {dag.py:3490} INFO - Setting next_dagrun for time_task to 2023-06-14T00:00:00+00:00, run_after=2023-06-15T00:00:00+00:00
[2023-06-14T14:02:09.694+0000] {processor.py:179} INFO - Processing /opt/airflow/dags/create_database_postgres.py took 0.100 seconds
[2023-06-14T14:02:39.881+0000] {processor.py:157} INFO - Started process (PID=105) to work on /opt/airflow/dags/create_database_postgres.py
[2023-06-14T14:02:39.882+0000] {processor.py:826} INFO - Processing file /opt/airflow/dags/create_database_postgres.py for tasks to queue
[2023-06-14T14:02:39.884+0000] {logging_mixin.py:149} INFO - [2023-06-14T14:02:39.884+0000] {dagbag.py:541} INFO - Filling up the DagBag from /opt/airflow/dags/create_database_postgres.py
[2023-06-14T14:02:39.905+0000] {processor.py:836} INFO - DAG(s) dict_keys(['time_task']) retrieved from /opt/airflow/dags/create_database_postgres.py
[2023-06-14T14:02:39.936+0000] {logging_mixin.py:149} INFO - [2023-06-14T14:02:39.936+0000] {dag.py:2726} INFO - Sync 1 DAGs
[2023-06-14T14:02:39.959+0000] {logging_mixin.py:149} INFO - [2023-06-14T14:02:39.959+0000] {dag.py:3490} INFO - Setting next_dagrun for time_task to 2023-06-14T00:00:00+00:00, run_after=2023-06-15T00:00:00+00:00
[2023-06-14T14:02:39.977+0000] {processor.py:179} INFO - Processing /opt/airflow/dags/create_database_postgres.py took 0.101 seconds
[2023-06-14T14:03:10.233+0000] {processor.py:157} INFO - Started process (PID=112) to work on /opt/airflow/dags/create_database_postgres.py
[2023-06-14T14:03:10.235+0000] {processor.py:826} INFO - Processing file /opt/airflow/dags/create_database_postgres.py for tasks to queue
[2023-06-14T14:03:10.236+0000] {logging_mixin.py:149} INFO - [2023-06-14T14:03:10.236+0000] {dagbag.py:541} INFO - Filling up the DagBag from /opt/airflow/dags/create_database_postgres.py
[2023-06-14T14:03:10.257+0000] {processor.py:836} INFO - DAG(s) dict_keys(['time_task']) retrieved from /opt/airflow/dags/create_database_postgres.py
[2023-06-14T14:03:10.290+0000] {logging_mixin.py:149} INFO - [2023-06-14T14:03:10.289+0000] {dag.py:2726} INFO - Sync 1 DAGs
[2023-06-14T14:03:10.323+0000] {logging_mixin.py:149} INFO - [2023-06-14T14:03:10.323+0000] {dag.py:3490} INFO - Setting next_dagrun for time_task to 2023-06-14T00:00:00+00:00, run_after=2023-06-15T00:00:00+00:00
[2023-06-14T14:03:10.337+0000] {processor.py:179} INFO - Processing /opt/airflow/dags/create_database_postgres.py took 0.109 seconds
[2023-06-14T14:03:40.663+0000] {processor.py:157} INFO - Started process (PID=120) to work on /opt/airflow/dags/create_database_postgres.py
[2023-06-14T14:03:40.665+0000] {processor.py:826} INFO - Processing file /opt/airflow/dags/create_database_postgres.py for tasks to queue
[2023-06-14T14:03:40.667+0000] {logging_mixin.py:149} INFO - [2023-06-14T14:03:40.667+0000] {dagbag.py:541} INFO - Filling up the DagBag from /opt/airflow/dags/create_database_postgres.py
[2023-06-14T14:03:40.690+0000] {processor.py:836} INFO - DAG(s) dict_keys(['time_task']) retrieved from /opt/airflow/dags/create_database_postgres.py
[2023-06-14T14:03:40.730+0000] {logging_mixin.py:149} INFO - [2023-06-14T14:03:40.730+0000] {dag.py:2726} INFO - Sync 1 DAGs
[2023-06-14T14:03:40.761+0000] {logging_mixin.py:149} INFO - [2023-06-14T14:03:40.760+0000] {dag.py:3490} INFO - Setting next_dagrun for time_task to 2023-06-14T00:00:00+00:00, run_after=2023-06-15T00:00:00+00:00
[2023-06-14T14:03:40.777+0000] {processor.py:179} INFO - Processing /opt/airflow/dags/create_database_postgres.py took 0.121 seconds
[2023-06-14T14:04:10.945+0000] {processor.py:157} INFO - Started process (PID=127) to work on /opt/airflow/dags/create_database_postgres.py
[2023-06-14T14:04:10.947+0000] {processor.py:826} INFO - Processing file /opt/airflow/dags/create_database_postgres.py for tasks to queue
[2023-06-14T14:04:10.948+0000] {logging_mixin.py:149} INFO - [2023-06-14T14:04:10.948+0000] {dagbag.py:541} INFO - Filling up the DagBag from /opt/airflow/dags/create_database_postgres.py
[2023-06-14T14:04:10.969+0000] {processor.py:836} INFO - DAG(s) dict_keys(['time_task']) retrieved from /opt/airflow/dags/create_database_postgres.py
[2023-06-14T14:04:11.001+0000] {logging_mixin.py:149} INFO - [2023-06-14T14:04:11.000+0000] {dag.py:2726} INFO - Sync 1 DAGs
[2023-06-14T14:04:11.021+0000] {logging_mixin.py:149} INFO - [2023-06-14T14:04:11.021+0000] {dag.py:3490} INFO - Setting next_dagrun for time_task to 2023-06-14T00:00:00+00:00, run_after=2023-06-15T00:00:00+00:00
[2023-06-14T14:04:11.034+0000] {processor.py:179} INFO - Processing /opt/airflow/dags/create_database_postgres.py took 0.094 seconds
[2023-06-14T14:04:41.232+0000] {processor.py:157} INFO - Started process (PID=134) to work on /opt/airflow/dags/create_database_postgres.py
[2023-06-14T14:04:41.234+0000] {processor.py:826} INFO - Processing file /opt/airflow/dags/create_database_postgres.py for tasks to queue
[2023-06-14T14:04:41.236+0000] {logging_mixin.py:149} INFO - [2023-06-14T14:04:41.235+0000] {dagbag.py:541} INFO - Filling up the DagBag from /opt/airflow/dags/create_database_postgres.py
[2023-06-14T14:04:41.260+0000] {processor.py:836} INFO - DAG(s) dict_keys(['time_task']) retrieved from /opt/airflow/dags/create_database_postgres.py
[2023-06-14T14:04:41.293+0000] {logging_mixin.py:149} INFO - [2023-06-14T14:04:41.293+0000] {dag.py:2726} INFO - Sync 1 DAGs
[2023-06-14T14:04:41.313+0000] {logging_mixin.py:149} INFO - [2023-06-14T14:04:41.313+0000] {dag.py:3490} INFO - Setting next_dagrun for time_task to 2023-06-14T00:00:00+00:00, run_after=2023-06-15T00:00:00+00:00
[2023-06-14T14:04:41.325+0000] {processor.py:179} INFO - Processing /opt/airflow/dags/create_database_postgres.py took 0.099 seconds
[2023-06-14T14:05:11.601+0000] {processor.py:157} INFO - Started process (PID=142) to work on /opt/airflow/dags/create_database_postgres.py
[2023-06-14T14:05:11.603+0000] {processor.py:826} INFO - Processing file /opt/airflow/dags/create_database_postgres.py for tasks to queue
[2023-06-14T14:05:11.605+0000] {logging_mixin.py:149} INFO - [2023-06-14T14:05:11.604+0000] {dagbag.py:541} INFO - Filling up the DagBag from /opt/airflow/dags/create_database_postgres.py
[2023-06-14T14:05:11.627+0000] {processor.py:836} INFO - DAG(s) dict_keys(['time_task']) retrieved from /opt/airflow/dags/create_database_postgres.py
[2023-06-14T14:05:11.674+0000] {logging_mixin.py:149} INFO - [2023-06-14T14:05:11.674+0000] {dag.py:2726} INFO - Sync 1 DAGs
[2023-06-14T14:05:11.693+0000] {logging_mixin.py:149} INFO - [2023-06-14T14:05:11.693+0000] {dag.py:3490} INFO - Setting next_dagrun for time_task to 2023-06-14T00:00:00+00:00, run_after=2023-06-15T00:00:00+00:00
[2023-06-14T14:05:11.705+0000] {processor.py:179} INFO - Processing /opt/airflow/dags/create_database_postgres.py took 0.110 seconds
[2023-06-14T14:58:00.165+0000] {processor.py:157} INFO - Started process (PID=150) to work on /opt/airflow/dags/create_database_postgres.py
[2023-06-14T14:58:00.168+0000] {processor.py:826} INFO - Processing file /opt/airflow/dags/create_database_postgres.py for tasks to queue
[2023-06-14T14:58:00.170+0000] {logging_mixin.py:149} INFO - [2023-06-14T14:58:00.170+0000] {dagbag.py:541} INFO - Filling up the DagBag from /opt/airflow/dags/create_database_postgres.py
[2023-06-14T14:58:00.235+0000] {processor.py:836} INFO - DAG(s) dict_keys(['time_task']) retrieved from /opt/airflow/dags/create_database_postgres.py
[2023-06-14T14:58:00.290+0000] {logging_mixin.py:149} INFO - [2023-06-14T14:58:00.290+0000] {dag.py:2726} INFO - Sync 1 DAGs
[2023-06-14T14:58:00.332+0000] {logging_mixin.py:149} INFO - [2023-06-14T14:58:00.332+0000] {dag.py:3490} INFO - Setting next_dagrun for time_task to 2023-06-14T00:00:00+00:00, run_after=2023-06-15T00:00:00+00:00
[2023-06-14T14:58:00.351+0000] {processor.py:179} INFO - Processing /opt/airflow/dags/create_database_postgres.py took 0.207 seconds
[2023-06-14T15:29:51.629+0000] {processor.py:157} INFO - Started process (PID=151) to work on /opt/airflow/dags/create_database_postgres.py
[2023-06-14T15:29:51.631+0000] {processor.py:826} INFO - Processing file /opt/airflow/dags/create_database_postgres.py for tasks to queue
[2023-06-14T15:29:51.633+0000] {logging_mixin.py:149} INFO - [2023-06-14T15:29:51.633+0000] {dagbag.py:541} INFO - Filling up the DagBag from /opt/airflow/dags/create_database_postgres.py
[2023-06-14T15:29:51.652+0000] {processor.py:836} INFO - DAG(s) dict_keys(['time_task']) retrieved from /opt/airflow/dags/create_database_postgres.py
[2023-06-14T15:29:51.682+0000] {logging_mixin.py:149} INFO - [2023-06-14T15:29:51.682+0000] {dag.py:2726} INFO - Sync 1 DAGs
[2023-06-14T15:29:51.708+0000] {logging_mixin.py:149} INFO - [2023-06-14T15:29:51.708+0000] {dag.py:3490} INFO - Setting next_dagrun for time_task to 2023-06-14T00:00:00+00:00, run_after=2023-06-15T00:00:00+00:00
[2023-06-14T15:29:51.727+0000] {processor.py:179} INFO - Processing /opt/airflow/dags/create_database_postgres.py took 0.103 seconds
[2023-06-14T16:20:02.665+0000] {processor.py:157} INFO - Started process (PID=159) to work on /opt/airflow/dags/create_database_postgres.py
[2023-06-14T16:20:02.669+0000] {processor.py:826} INFO - Processing file /opt/airflow/dags/create_database_postgres.py for tasks to queue
[2023-06-14T16:20:02.671+0000] {logging_mixin.py:149} INFO - [2023-06-14T16:20:02.671+0000] {dagbag.py:541} INFO - Filling up the DagBag from /opt/airflow/dags/create_database_postgres.py
[2023-06-14T16:20:02.719+0000] {processor.py:836} INFO - DAG(s) dict_keys(['time_task']) retrieved from /opt/airflow/dags/create_database_postgres.py
[2023-06-14T16:20:02.776+0000] {logging_mixin.py:149} INFO - [2023-06-14T16:20:02.776+0000] {dag.py:2726} INFO - Sync 1 DAGs
[2023-06-14T16:20:02.821+0000] {logging_mixin.py:149} INFO - [2023-06-14T16:20:02.820+0000] {dag.py:3490} INFO - Setting next_dagrun for time_task to 2023-06-14T00:00:00+00:00, run_after=2023-06-15T00:00:00+00:00
[2023-06-14T16:20:02.846+0000] {processor.py:179} INFO - Processing /opt/airflow/dags/create_database_postgres.py took 0.188 seconds
[2023-06-14T16:46:26.681+0000] {processor.py:157} INFO - Started process (PID=167) to work on /opt/airflow/dags/create_database_postgres.py
[2023-06-14T16:46:26.684+0000] {processor.py:826} INFO - Processing file /opt/airflow/dags/create_database_postgres.py for tasks to queue
[2023-06-14T16:46:26.692+0000] {logging_mixin.py:149} INFO - [2023-06-14T16:46:26.691+0000] {dagbag.py:541} INFO - Filling up the DagBag from /opt/airflow/dags/create_database_postgres.py
[2023-06-14T16:46:26.758+0000] {processor.py:836} INFO - DAG(s) dict_keys(['time_task']) retrieved from /opt/airflow/dags/create_database_postgres.py
[2023-06-14T16:46:26.854+0000] {logging_mixin.py:149} INFO - [2023-06-14T16:46:26.854+0000] {dag.py:2726} INFO - Sync 1 DAGs
[2023-06-14T16:46:26.913+0000] {logging_mixin.py:149} INFO - [2023-06-14T16:46:26.913+0000] {dag.py:3490} INFO - Setting next_dagrun for time_task to 2023-06-14T00:00:00+00:00, run_after=2023-06-15T00:00:00+00:00
[2023-06-14T16:46:26.964+0000] {processor.py:179} INFO - Processing /opt/airflow/dags/create_database_postgres.py took 0.293 seconds
[2023-06-14T17:01:04.584+0000] {processor.py:157} INFO - Started process (PID=174) to work on /opt/airflow/dags/create_database_postgres.py
[2023-06-14T17:01:04.589+0000] {processor.py:826} INFO - Processing file /opt/airflow/dags/create_database_postgres.py for tasks to queue
[2023-06-14T17:01:04.591+0000] {logging_mixin.py:149} INFO - [2023-06-14T17:01:04.591+0000] {dagbag.py:541} INFO - Filling up the DagBag from /opt/airflow/dags/create_database_postgres.py
[2023-06-14T17:01:04.648+0000] {processor.py:836} INFO - DAG(s) dict_keys(['time_task']) retrieved from /opt/airflow/dags/create_database_postgres.py
[2023-06-14T17:01:04.717+0000] {logging_mixin.py:149} INFO - [2023-06-14T17:01:04.717+0000] {dag.py:2726} INFO - Sync 1 DAGs
[2023-06-14T17:01:04.760+0000] {logging_mixin.py:149} INFO - [2023-06-14T17:01:04.760+0000] {dag.py:3490} INFO - Setting next_dagrun for time_task to 2023-06-14T00:00:00+00:00, run_after=2023-06-15T00:00:00+00:00
[2023-06-14T17:01:04.784+0000] {processor.py:179} INFO - Processing /opt/airflow/dags/create_database_postgres.py took 0.230 seconds
[2023-06-14T17:01:35.018+0000] {processor.py:157} INFO - Started process (PID=182) to work on /opt/airflow/dags/create_database_postgres.py
[2023-06-14T17:01:35.021+0000] {processor.py:826} INFO - Processing file /opt/airflow/dags/create_database_postgres.py for tasks to queue
[2023-06-14T17:01:35.023+0000] {logging_mixin.py:149} INFO - [2023-06-14T17:01:35.023+0000] {dagbag.py:541} INFO - Filling up the DagBag from /opt/airflow/dags/create_database_postgres.py
[2023-06-14T17:01:35.044+0000] {processor.py:836} INFO - DAG(s) dict_keys(['time_task']) retrieved from /opt/airflow/dags/create_database_postgres.py
[2023-06-14T17:01:35.085+0000] {logging_mixin.py:149} INFO - [2023-06-14T17:01:35.085+0000] {dag.py:2726} INFO - Sync 1 DAGs
[2023-06-14T17:01:35.111+0000] {logging_mixin.py:149} INFO - [2023-06-14T17:01:35.111+0000] {dag.py:3490} INFO - Setting next_dagrun for time_task to 2023-06-14T00:00:00+00:00, run_after=2023-06-15T00:00:00+00:00
[2023-06-14T17:01:35.133+0000] {processor.py:179} INFO - Processing /opt/airflow/dags/create_database_postgres.py took 0.121 seconds
[2023-06-14T17:02:05.260+0000] {processor.py:157} INFO - Started process (PID=190) to work on /opt/airflow/dags/create_database_postgres.py
[2023-06-14T17:02:05.262+0000] {processor.py:826} INFO - Processing file /opt/airflow/dags/create_database_postgres.py for tasks to queue
[2023-06-14T17:02:05.263+0000] {logging_mixin.py:149} INFO - [2023-06-14T17:02:05.263+0000] {dagbag.py:541} INFO - Filling up the DagBag from /opt/airflow/dags/create_database_postgres.py
[2023-06-14T17:02:05.283+0000] {processor.py:836} INFO - DAG(s) dict_keys(['time_task']) retrieved from /opt/airflow/dags/create_database_postgres.py
[2023-06-14T17:02:05.327+0000] {logging_mixin.py:149} INFO - [2023-06-14T17:02:05.327+0000] {dag.py:2726} INFO - Sync 1 DAGs
[2023-06-14T17:02:05.349+0000] {logging_mixin.py:149} INFO - [2023-06-14T17:02:05.349+0000] {dag.py:3490} INFO - Setting next_dagrun for time_task to 2023-06-14T00:00:00+00:00, run_after=2023-06-15T00:00:00+00:00
[2023-06-14T17:02:05.362+0000] {processor.py:179} INFO - Processing /opt/airflow/dags/create_database_postgres.py took 0.108 seconds
[2023-06-14T17:02:35.610+0000] {processor.py:157} INFO - Started process (PID=198) to work on /opt/airflow/dags/create_database_postgres.py
[2023-06-14T17:02:35.613+0000] {processor.py:826} INFO - Processing file /opt/airflow/dags/create_database_postgres.py for tasks to queue
[2023-06-14T17:02:35.614+0000] {logging_mixin.py:149} INFO - [2023-06-14T17:02:35.614+0000] {dagbag.py:541} INFO - Filling up the DagBag from /opt/airflow/dags/create_database_postgres.py
[2023-06-14T17:02:35.635+0000] {processor.py:836} INFO - DAG(s) dict_keys(['time_task']) retrieved from /opt/airflow/dags/create_database_postgres.py
[2023-06-14T17:02:35.660+0000] {logging_mixin.py:149} INFO - [2023-06-14T17:02:35.660+0000] {dag.py:2726} INFO - Sync 1 DAGs
[2023-06-14T17:02:35.678+0000] {logging_mixin.py:149} INFO - [2023-06-14T17:02:35.678+0000] {dag.py:3490} INFO - Setting next_dagrun for time_task to 2023-06-14T00:00:00+00:00, run_after=2023-06-15T00:00:00+00:00
[2023-06-14T17:02:35.695+0000] {processor.py:179} INFO - Processing /opt/airflow/dags/create_database_postgres.py took 0.091 seconds
[2023-06-14T17:03:05.929+0000] {processor.py:157} INFO - Started process (PID=206) to work on /opt/airflow/dags/create_database_postgres.py
[2023-06-14T17:03:05.932+0000] {processor.py:826} INFO - Processing file /opt/airflow/dags/create_database_postgres.py for tasks to queue
[2023-06-14T17:03:05.937+0000] {logging_mixin.py:149} INFO - [2023-06-14T17:03:05.936+0000] {dagbag.py:541} INFO - Filling up the DagBag from /opt/airflow/dags/create_database_postgres.py
[2023-06-14T17:03:05.977+0000] {processor.py:836} INFO - DAG(s) dict_keys(['time_task']) retrieved from /opt/airflow/dags/create_database_postgres.py
[2023-06-14T17:03:06.032+0000] {logging_mixin.py:149} INFO - [2023-06-14T17:03:06.032+0000] {dag.py:2726} INFO - Sync 1 DAGs
[2023-06-14T17:03:06.062+0000] {logging_mixin.py:149} INFO - [2023-06-14T17:03:06.062+0000] {dag.py:3490} INFO - Setting next_dagrun for time_task to 2023-06-14T00:00:00+00:00, run_after=2023-06-15T00:00:00+00:00
[2023-06-14T17:03:06.105+0000] {processor.py:179} INFO - Processing /opt/airflow/dags/create_database_postgres.py took 0.183 seconds
[2023-06-14T17:03:36.220+0000] {processor.py:157} INFO - Started process (PID=219) to work on /opt/airflow/dags/create_database_postgres.py
[2023-06-14T17:03:36.221+0000] {processor.py:826} INFO - Processing file /opt/airflow/dags/create_database_postgres.py for tasks to queue
[2023-06-14T17:03:36.223+0000] {logging_mixin.py:149} INFO - [2023-06-14T17:03:36.223+0000] {dagbag.py:541} INFO - Filling up the DagBag from /opt/airflow/dags/create_database_postgres.py
[2023-06-14T17:03:36.253+0000] {processor.py:836} INFO - DAG(s) dict_keys(['time_task']) retrieved from /opt/airflow/dags/create_database_postgres.py
[2023-06-14T17:03:36.289+0000] {logging_mixin.py:149} INFO - [2023-06-14T17:03:36.289+0000] {dag.py:2726} INFO - Sync 1 DAGs
[2023-06-14T17:03:36.308+0000] {logging_mixin.py:149} INFO - [2023-06-14T17:03:36.308+0000] {dag.py:3490} INFO - Setting next_dagrun for time_task to 2023-06-14T00:00:00+00:00, run_after=2023-06-15T00:00:00+00:00
[2023-06-14T17:03:36.319+0000] {processor.py:179} INFO - Processing /opt/airflow/dags/create_database_postgres.py took 0.104 seconds
[2023-06-14T17:04:06.489+0000] {processor.py:157} INFO - Started process (PID=228) to work on /opt/airflow/dags/create_database_postgres.py
[2023-06-14T17:04:06.491+0000] {processor.py:826} INFO - Processing file /opt/airflow/dags/create_database_postgres.py for tasks to queue
[2023-06-14T17:04:06.492+0000] {logging_mixin.py:149} INFO - [2023-06-14T17:04:06.492+0000] {dagbag.py:541} INFO - Filling up the DagBag from /opt/airflow/dags/create_database_postgres.py
[2023-06-14T17:04:06.508+0000] {processor.py:836} INFO - DAG(s) dict_keys(['time_task']) retrieved from /opt/airflow/dags/create_database_postgres.py
[2023-06-14T17:04:06.533+0000] {logging_mixin.py:149} INFO - [2023-06-14T17:04:06.533+0000] {dag.py:2726} INFO - Sync 1 DAGs
[2023-06-14T17:04:06.551+0000] {logging_mixin.py:149} INFO - [2023-06-14T17:04:06.551+0000] {dag.py:3490} INFO - Setting next_dagrun for time_task to 2023-06-14T00:00:00+00:00, run_after=2023-06-15T00:00:00+00:00
[2023-06-14T17:04:06.563+0000] {processor.py:179} INFO - Processing /opt/airflow/dags/create_database_postgres.py took 0.078 seconds
[2023-06-14T17:04:36.746+0000] {processor.py:157} INFO - Started process (PID=236) to work on /opt/airflow/dags/create_database_postgres.py
[2023-06-14T17:04:36.748+0000] {processor.py:826} INFO - Processing file /opt/airflow/dags/create_database_postgres.py for tasks to queue
[2023-06-14T17:04:36.749+0000] {logging_mixin.py:149} INFO - [2023-06-14T17:04:36.749+0000] {dagbag.py:541} INFO - Filling up the DagBag from /opt/airflow/dags/create_database_postgres.py
[2023-06-14T17:04:36.766+0000] {processor.py:836} INFO - DAG(s) dict_keys(['time_task']) retrieved from /opt/airflow/dags/create_database_postgres.py
[2023-06-14T17:04:36.797+0000] {logging_mixin.py:149} INFO - [2023-06-14T17:04:36.796+0000] {dag.py:2726} INFO - Sync 1 DAGs
[2023-06-14T17:04:36.843+0000] {logging_mixin.py:149} INFO - [2023-06-14T17:04:36.842+0000] {dag.py:3490} INFO - Setting next_dagrun for time_task to 2023-06-14T00:00:00+00:00, run_after=2023-06-15T00:00:00+00:00
[2023-06-14T17:04:36.857+0000] {processor.py:179} INFO - Processing /opt/airflow/dags/create_database_postgres.py took 0.116 seconds
[2023-06-14T17:05:07.072+0000] {processor.py:157} INFO - Started process (PID=244) to work on /opt/airflow/dags/create_database_postgres.py
[2023-06-14T17:05:07.074+0000] {processor.py:826} INFO - Processing file /opt/airflow/dags/create_database_postgres.py for tasks to queue
[2023-06-14T17:05:07.076+0000] {logging_mixin.py:149} INFO - [2023-06-14T17:05:07.076+0000] {dagbag.py:541} INFO - Filling up the DagBag from /opt/airflow/dags/create_database_postgres.py
[2023-06-14T17:05:07.096+0000] {processor.py:836} INFO - DAG(s) dict_keys(['time_task']) retrieved from /opt/airflow/dags/create_database_postgres.py
[2023-06-14T17:05:07.123+0000] {logging_mixin.py:149} INFO - [2023-06-14T17:05:07.123+0000] {dag.py:2726} INFO - Sync 1 DAGs
[2023-06-14T17:05:07.142+0000] {logging_mixin.py:149} INFO - [2023-06-14T17:05:07.142+0000] {dag.py:3490} INFO - Setting next_dagrun for time_task to 2023-06-14T00:00:00+00:00, run_after=2023-06-15T00:00:00+00:00
[2023-06-14T17:05:07.154+0000] {processor.py:179} INFO - Processing /opt/airflow/dags/create_database_postgres.py took 0.089 seconds
[2023-06-14T17:05:37.392+0000] {processor.py:157} INFO - Started process (PID=252) to work on /opt/airflow/dags/create_database_postgres.py
[2023-06-14T17:05:37.394+0000] {processor.py:826} INFO - Processing file /opt/airflow/dags/create_database_postgres.py for tasks to queue
[2023-06-14T17:05:37.396+0000] {logging_mixin.py:149} INFO - [2023-06-14T17:05:37.395+0000] {dagbag.py:541} INFO - Filling up the DagBag from /opt/airflow/dags/create_database_postgres.py
[2023-06-14T17:05:37.417+0000] {processor.py:836} INFO - DAG(s) dict_keys(['time_task']) retrieved from /opt/airflow/dags/create_database_postgres.py
[2023-06-14T17:05:37.464+0000] {logging_mixin.py:149} INFO - [2023-06-14T17:05:37.463+0000] {dag.py:2726} INFO - Sync 1 DAGs
[2023-06-14T17:05:37.484+0000] {logging_mixin.py:149} INFO - [2023-06-14T17:05:37.484+0000] {dag.py:3490} INFO - Setting next_dagrun for time_task to 2023-06-14T00:00:00+00:00, run_after=2023-06-15T00:00:00+00:00
[2023-06-14T17:05:37.497+0000] {processor.py:179} INFO - Processing /opt/airflow/dags/create_database_postgres.py took 0.110 seconds
[2023-06-14T17:06:07.715+0000] {processor.py:157} INFO - Started process (PID=260) to work on /opt/airflow/dags/create_database_postgres.py
[2023-06-14T17:06:07.717+0000] {processor.py:826} INFO - Processing file /opt/airflow/dags/create_database_postgres.py for tasks to queue
[2023-06-14T17:06:07.719+0000] {logging_mixin.py:149} INFO - [2023-06-14T17:06:07.719+0000] {dagbag.py:541} INFO - Filling up the DagBag from /opt/airflow/dags/create_database_postgres.py
[2023-06-14T17:06:07.741+0000] {processor.py:836} INFO - DAG(s) dict_keys(['time_task']) retrieved from /opt/airflow/dags/create_database_postgres.py
[2023-06-14T17:06:07.767+0000] {logging_mixin.py:149} INFO - [2023-06-14T17:06:07.767+0000] {dag.py:2726} INFO - Sync 1 DAGs
[2023-06-14T17:06:07.785+0000] {logging_mixin.py:149} INFO - [2023-06-14T17:06:07.785+0000] {dag.py:3490} INFO - Setting next_dagrun for time_task to 2023-06-14T00:00:00+00:00, run_after=2023-06-15T00:00:00+00:00
[2023-06-14T17:06:07.797+0000] {processor.py:179} INFO - Processing /opt/airflow/dags/create_database_postgres.py took 0.087 seconds
[2023-06-14T17:06:37.991+0000] {processor.py:157} INFO - Started process (PID=268) to work on /opt/airflow/dags/create_database_postgres.py
[2023-06-14T17:06:37.993+0000] {processor.py:826} INFO - Processing file /opt/airflow/dags/create_database_postgres.py for tasks to queue
[2023-06-14T17:06:37.995+0000] {logging_mixin.py:149} INFO - [2023-06-14T17:06:37.994+0000] {dagbag.py:541} INFO - Filling up the DagBag from /opt/airflow/dags/create_database_postgres.py
[2023-06-14T17:06:38.015+0000] {processor.py:836} INFO - DAG(s) dict_keys(['time_task']) retrieved from /opt/airflow/dags/create_database_postgres.py
[2023-06-14T17:06:38.041+0000] {logging_mixin.py:149} INFO - [2023-06-14T17:06:38.041+0000] {dag.py:2726} INFO - Sync 1 DAGs
[2023-06-14T17:06:38.060+0000] {logging_mixin.py:149} INFO - [2023-06-14T17:06:38.060+0000] {dag.py:3490} INFO - Setting next_dagrun for time_task to 2023-06-14T00:00:00+00:00, run_after=2023-06-15T00:00:00+00:00
[2023-06-14T17:06:38.072+0000] {processor.py:179} INFO - Processing /opt/airflow/dags/create_database_postgres.py took 0.087 seconds
[2023-06-14T17:07:08.294+0000] {processor.py:157} INFO - Started process (PID=276) to work on /opt/airflow/dags/create_database_postgres.py
[2023-06-14T17:07:08.296+0000] {processor.py:826} INFO - Processing file /opt/airflow/dags/create_database_postgres.py for tasks to queue
[2023-06-14T17:07:08.297+0000] {logging_mixin.py:149} INFO - [2023-06-14T17:07:08.297+0000] {dagbag.py:541} INFO - Filling up the DagBag from /opt/airflow/dags/create_database_postgres.py
[2023-06-14T17:07:08.316+0000] {processor.py:836} INFO - DAG(s) dict_keys(['time_task']) retrieved from /opt/airflow/dags/create_database_postgres.py
[2023-06-14T17:07:08.342+0000] {logging_mixin.py:149} INFO - [2023-06-14T17:07:08.342+0000] {dag.py:2726} INFO - Sync 1 DAGs
[2023-06-14T17:07:08.362+0000] {logging_mixin.py:149} INFO - [2023-06-14T17:07:08.362+0000] {dag.py:3490} INFO - Setting next_dagrun for time_task to 2023-06-14T00:00:00+00:00, run_after=2023-06-15T00:00:00+00:00
[2023-06-14T17:07:08.374+0000] {processor.py:179} INFO - Processing /opt/airflow/dags/create_database_postgres.py took 0.084 seconds
[2023-06-14T17:07:38.595+0000] {processor.py:157} INFO - Started process (PID=283) to work on /opt/airflow/dags/create_database_postgres.py
[2023-06-14T17:07:38.597+0000] {processor.py:826} INFO - Processing file /opt/airflow/dags/create_database_postgres.py for tasks to queue
[2023-06-14T17:07:38.599+0000] {logging_mixin.py:149} INFO - [2023-06-14T17:07:38.598+0000] {dagbag.py:541} INFO - Filling up the DagBag from /opt/airflow/dags/create_database_postgres.py
[2023-06-14T17:07:38.620+0000] {processor.py:836} INFO - DAG(s) dict_keys(['time_task']) retrieved from /opt/airflow/dags/create_database_postgres.py
[2023-06-14T17:07:38.648+0000] {logging_mixin.py:149} INFO - [2023-06-14T17:07:38.648+0000] {dag.py:2726} INFO - Sync 1 DAGs
[2023-06-14T17:07:38.667+0000] {logging_mixin.py:149} INFO - [2023-06-14T17:07:38.667+0000] {dag.py:3490} INFO - Setting next_dagrun for time_task to 2023-06-14T00:00:00+00:00, run_after=2023-06-15T00:00:00+00:00
[2023-06-14T17:07:38.679+0000] {processor.py:179} INFO - Processing /opt/airflow/dags/create_database_postgres.py took 0.090 seconds
