[2023-06-14T13:27:34.989+0000] {processor.py:157} INFO - Started process (PID=69) to work on /home/airflow/.local/lib/python3.7/site-packages/airflow/example_dags/example_complex.py
[2023-06-14T13:27:35.142+0000] {processor.py:826} INFO - Processing file /home/airflow/.local/lib/python3.7/site-packages/airflow/example_dags/example_complex.py for tasks to queue
[2023-06-14T13:27:35.154+0000] {logging_mixin.py:149} INFO - [2023-06-14T13:27:35.154+0000] {dagbag.py:541} INFO - Filling up the DagBag from /home/airflow/.local/lib/python3.7/site-packages/airflow/example_dags/example_complex.py
[2023-06-14T13:27:35.282+0000] {logging_mixin.py:149} INFO - [2023-06-14T13:27:35.281+0000] {taskmixin.py:211} WARNING - Dependency <Task(BashOperator): create_entry_group>, delete_entry_group already registered for DAG: example_complex
[2023-06-14T13:27:35.287+0000] {logging_mixin.py:149} INFO - [2023-06-14T13:27:35.287+0000] {taskmixin.py:211} WARNING - Dependency <Task(BashOperator): delete_entry_group>, create_entry_group already registered for DAG: example_complex
[2023-06-14T13:27:35.307+0000] {logging_mixin.py:149} INFO - [2023-06-14T13:27:35.307+0000] {taskmixin.py:211} WARNING - Dependency <Task(BashOperator): create_entry_gcs>, delete_entry already registered for DAG: example_complex
[2023-06-14T13:27:35.312+0000] {logging_mixin.py:149} INFO - [2023-06-14T13:27:35.311+0000] {taskmixin.py:211} WARNING - Dependency <Task(BashOperator): delete_entry>, create_entry_gcs already registered for DAG: example_complex
[2023-06-14T13:27:35.317+0000] {logging_mixin.py:149} INFO - [2023-06-14T13:27:35.317+0000] {taskmixin.py:211} WARNING - Dependency <Task(BashOperator): create_tag>, delete_tag already registered for DAG: example_complex
[2023-06-14T13:27:35.320+0000] {logging_mixin.py:149} INFO - [2023-06-14T13:27:35.319+0000] {taskmixin.py:211} WARNING - Dependency <Task(BashOperator): delete_tag>, create_tag already registered for DAG: example_complex
[2023-06-14T13:27:35.328+0000] {processor.py:836} INFO - DAG(s) dict_keys(['example_complex']) retrieved from /home/airflow/.local/lib/python3.7/site-packages/airflow/example_dags/example_complex.py
[2023-06-14T13:27:36.236+0000] {logging_mixin.py:149} INFO - [2023-06-14T13:27:36.236+0000] {manager.py:504} INFO - Created Permission View: can edit on DAG:example_complex
[2023-06-14T13:27:36.276+0000] {logging_mixin.py:149} INFO - [2023-06-14T13:27:36.276+0000] {manager.py:504} INFO - Created Permission View: can read on DAG:example_complex
[2023-06-14T13:27:36.300+0000] {logging_mixin.py:149} INFO - [2023-06-14T13:27:36.299+0000] {manager.py:504} INFO - Created Permission View: can delete on DAG:example_complex
[2023-06-14T13:27:36.304+0000] {logging_mixin.py:149} INFO - [2023-06-14T13:27:36.303+0000] {dag.py:2726} INFO - Sync 1 DAGs
[2023-06-14T13:27:36.342+0000] {logging_mixin.py:149} INFO - [2023-06-14T13:27:36.342+0000] {dag.py:2747} INFO - Creating ORM DAG for example_complex
[2023-06-14T13:27:36.366+0000] {logging_mixin.py:149} INFO - [2023-06-14T13:27:36.365+0000] {dag.py:3490} INFO - Setting next_dagrun for example_complex to None, run_after=None
[2023-06-14T13:27:36.441+0000] {processor.py:179} INFO - Processing /home/airflow/.local/lib/python3.7/site-packages/airflow/example_dags/example_complex.py took 1.478 seconds
[2023-06-14T13:28:06.617+0000] {processor.py:157} INFO - Started process (PID=125) to work on /home/airflow/.local/lib/python3.7/site-packages/airflow/example_dags/example_complex.py
[2023-06-14T13:28:06.620+0000] {processor.py:826} INFO - Processing file /home/airflow/.local/lib/python3.7/site-packages/airflow/example_dags/example_complex.py for tasks to queue
[2023-06-14T13:28:06.623+0000] {logging_mixin.py:149} INFO - [2023-06-14T13:28:06.622+0000] {dagbag.py:541} INFO - Filling up the DagBag from /home/airflow/.local/lib/python3.7/site-packages/airflow/example_dags/example_complex.py
[2023-06-14T13:28:06.638+0000] {logging_mixin.py:149} INFO - [2023-06-14T13:28:06.638+0000] {taskmixin.py:211} WARNING - Dependency <Task(BashOperator): create_entry_group>, delete_entry_group already registered for DAG: example_complex
[2023-06-14T13:28:06.642+0000] {logging_mixin.py:149} INFO - [2023-06-14T13:28:06.641+0000] {taskmixin.py:211} WARNING - Dependency <Task(BashOperator): delete_entry_group>, create_entry_group already registered for DAG: example_complex
[2023-06-14T13:28:06.643+0000] {logging_mixin.py:149} INFO - [2023-06-14T13:28:06.643+0000] {taskmixin.py:211} WARNING - Dependency <Task(BashOperator): create_entry_gcs>, delete_entry already registered for DAG: example_complex
[2023-06-14T13:28:06.649+0000] {logging_mixin.py:149} INFO - [2023-06-14T13:28:06.649+0000] {taskmixin.py:211} WARNING - Dependency <Task(BashOperator): delete_entry>, create_entry_gcs already registered for DAG: example_complex
[2023-06-14T13:28:06.652+0000] {logging_mixin.py:149} INFO - [2023-06-14T13:28:06.652+0000] {taskmixin.py:211} WARNING - Dependency <Task(BashOperator): create_tag>, delete_tag already registered for DAG: example_complex
[2023-06-14T13:28:06.654+0000] {logging_mixin.py:149} INFO - [2023-06-14T13:28:06.654+0000] {taskmixin.py:211} WARNING - Dependency <Task(BashOperator): delete_tag>, create_tag already registered for DAG: example_complex
[2023-06-14T13:28:06.658+0000] {processor.py:836} INFO - DAG(s) dict_keys(['example_complex']) retrieved from /home/airflow/.local/lib/python3.7/site-packages/airflow/example_dags/example_complex.py
[2023-06-14T13:28:06.748+0000] {logging_mixin.py:149} INFO - [2023-06-14T13:28:06.748+0000] {dag.py:2726} INFO - Sync 1 DAGs
[2023-06-14T13:28:06.799+0000] {logging_mixin.py:149} INFO - [2023-06-14T13:28:06.798+0000] {dag.py:3490} INFO - Setting next_dagrun for example_complex to None, run_after=None
[2023-06-14T13:28:06.853+0000] {processor.py:179} INFO - Processing /home/airflow/.local/lib/python3.7/site-packages/airflow/example_dags/example_complex.py took 0.244 seconds
[2023-06-14T13:28:37.488+0000] {processor.py:157} INFO - Started process (PID=181) to work on /home/airflow/.local/lib/python3.7/site-packages/airflow/example_dags/example_complex.py
[2023-06-14T13:28:37.490+0000] {processor.py:826} INFO - Processing file /home/airflow/.local/lib/python3.7/site-packages/airflow/example_dags/example_complex.py for tasks to queue
[2023-06-14T13:28:37.491+0000] {logging_mixin.py:149} INFO - [2023-06-14T13:28:37.491+0000] {dagbag.py:541} INFO - Filling up the DagBag from /home/airflow/.local/lib/python3.7/site-packages/airflow/example_dags/example_complex.py
[2023-06-14T13:28:37.501+0000] {logging_mixin.py:149} INFO - [2023-06-14T13:28:37.501+0000] {taskmixin.py:211} WARNING - Dependency <Task(BashOperator): create_entry_group>, delete_entry_group already registered for DAG: example_complex
[2023-06-14T13:28:37.502+0000] {logging_mixin.py:149} INFO - [2023-06-14T13:28:37.502+0000] {taskmixin.py:211} WARNING - Dependency <Task(BashOperator): delete_entry_group>, create_entry_group already registered for DAG: example_complex
[2023-06-14T13:28:37.503+0000] {logging_mixin.py:149} INFO - [2023-06-14T13:28:37.503+0000] {taskmixin.py:211} WARNING - Dependency <Task(BashOperator): create_entry_gcs>, delete_entry already registered for DAG: example_complex
[2023-06-14T13:28:37.504+0000] {logging_mixin.py:149} INFO - [2023-06-14T13:28:37.504+0000] {taskmixin.py:211} WARNING - Dependency <Task(BashOperator): delete_entry>, create_entry_gcs already registered for DAG: example_complex
[2023-06-14T13:28:37.504+0000] {logging_mixin.py:149} INFO - [2023-06-14T13:28:37.504+0000] {taskmixin.py:211} WARNING - Dependency <Task(BashOperator): create_tag>, delete_tag already registered for DAG: example_complex
[2023-06-14T13:28:37.505+0000] {logging_mixin.py:149} INFO - [2023-06-14T13:28:37.505+0000] {taskmixin.py:211} WARNING - Dependency <Task(BashOperator): delete_tag>, create_tag already registered for DAG: example_complex
[2023-06-14T13:28:37.507+0000] {processor.py:836} INFO - DAG(s) dict_keys(['example_complex']) retrieved from /home/airflow/.local/lib/python3.7/site-packages/airflow/example_dags/example_complex.py
[2023-06-14T13:28:37.535+0000] {logging_mixin.py:149} INFO - [2023-06-14T13:28:37.535+0000] {dag.py:2726} INFO - Sync 1 DAGs
[2023-06-14T13:28:37.556+0000] {logging_mixin.py:149} INFO - [2023-06-14T13:28:37.555+0000] {dag.py:3490} INFO - Setting next_dagrun for example_complex to None, run_after=None
[2023-06-14T13:28:37.570+0000] {processor.py:179} INFO - Processing /home/airflow/.local/lib/python3.7/site-packages/airflow/example_dags/example_complex.py took 0.086 seconds
[2023-06-14T13:29:08.014+0000] {processor.py:157} INFO - Started process (PID=237) to work on /home/airflow/.local/lib/python3.7/site-packages/airflow/example_dags/example_complex.py
[2023-06-14T13:29:08.016+0000] {processor.py:826} INFO - Processing file /home/airflow/.local/lib/python3.7/site-packages/airflow/example_dags/example_complex.py for tasks to queue
[2023-06-14T13:29:08.017+0000] {logging_mixin.py:149} INFO - [2023-06-14T13:29:08.017+0000] {dagbag.py:541} INFO - Filling up the DagBag from /home/airflow/.local/lib/python3.7/site-packages/airflow/example_dags/example_complex.py
[2023-06-14T13:29:08.028+0000] {logging_mixin.py:149} INFO - [2023-06-14T13:29:08.028+0000] {taskmixin.py:211} WARNING - Dependency <Task(BashOperator): create_entry_group>, delete_entry_group already registered for DAG: example_complex
[2023-06-14T13:29:08.029+0000] {logging_mixin.py:149} INFO - [2023-06-14T13:29:08.029+0000] {taskmixin.py:211} WARNING - Dependency <Task(BashOperator): delete_entry_group>, create_entry_group already registered for DAG: example_complex
[2023-06-14T13:29:08.030+0000] {logging_mixin.py:149} INFO - [2023-06-14T13:29:08.030+0000] {taskmixin.py:211} WARNING - Dependency <Task(BashOperator): create_entry_gcs>, delete_entry already registered for DAG: example_complex
[2023-06-14T13:29:08.031+0000] {logging_mixin.py:149} INFO - [2023-06-14T13:29:08.030+0000] {taskmixin.py:211} WARNING - Dependency <Task(BashOperator): delete_entry>, create_entry_gcs already registered for DAG: example_complex
[2023-06-14T13:29:08.031+0000] {logging_mixin.py:149} INFO - [2023-06-14T13:29:08.031+0000] {taskmixin.py:211} WARNING - Dependency <Task(BashOperator): create_tag>, delete_tag already registered for DAG: example_complex
[2023-06-14T13:29:08.032+0000] {logging_mixin.py:149} INFO - [2023-06-14T13:29:08.032+0000] {taskmixin.py:211} WARNING - Dependency <Task(BashOperator): delete_tag>, create_tag already registered for DAG: example_complex
[2023-06-14T13:29:08.034+0000] {processor.py:836} INFO - DAG(s) dict_keys(['example_complex']) retrieved from /home/airflow/.local/lib/python3.7/site-packages/airflow/example_dags/example_complex.py
[2023-06-14T13:29:08.061+0000] {logging_mixin.py:149} INFO - [2023-06-14T13:29:08.061+0000] {dag.py:2726} INFO - Sync 1 DAGs
[2023-06-14T13:29:08.076+0000] {logging_mixin.py:149} INFO - [2023-06-14T13:29:08.076+0000] {dag.py:3490} INFO - Setting next_dagrun for example_complex to None, run_after=None
[2023-06-14T13:29:08.091+0000] {processor.py:179} INFO - Processing /home/airflow/.local/lib/python3.7/site-packages/airflow/example_dags/example_complex.py took 0.083 seconds
[2023-06-14T13:29:38.221+0000] {processor.py:157} INFO - Started process (PID=292) to work on /home/airflow/.local/lib/python3.7/site-packages/airflow/example_dags/example_complex.py
[2023-06-14T13:29:38.224+0000] {processor.py:826} INFO - Processing file /home/airflow/.local/lib/python3.7/site-packages/airflow/example_dags/example_complex.py for tasks to queue
[2023-06-14T13:29:38.225+0000] {logging_mixin.py:149} INFO - [2023-06-14T13:29:38.225+0000] {dagbag.py:541} INFO - Filling up the DagBag from /home/airflow/.local/lib/python3.7/site-packages/airflow/example_dags/example_complex.py
[2023-06-14T13:29:38.236+0000] {logging_mixin.py:149} INFO - [2023-06-14T13:29:38.236+0000] {taskmixin.py:211} WARNING - Dependency <Task(BashOperator): create_entry_group>, delete_entry_group already registered for DAG: example_complex
[2023-06-14T13:29:38.236+0000] {logging_mixin.py:149} INFO - [2023-06-14T13:29:38.236+0000] {taskmixin.py:211} WARNING - Dependency <Task(BashOperator): delete_entry_group>, create_entry_group already registered for DAG: example_complex
[2023-06-14T13:29:38.237+0000] {logging_mixin.py:149} INFO - [2023-06-14T13:29:38.237+0000] {taskmixin.py:211} WARNING - Dependency <Task(BashOperator): create_entry_gcs>, delete_entry already registered for DAG: example_complex
[2023-06-14T13:29:38.238+0000] {logging_mixin.py:149} INFO - [2023-06-14T13:29:38.238+0000] {taskmixin.py:211} WARNING - Dependency <Task(BashOperator): delete_entry>, create_entry_gcs already registered for DAG: example_complex
[2023-06-14T13:29:38.239+0000] {logging_mixin.py:149} INFO - [2023-06-14T13:29:38.239+0000] {taskmixin.py:211} WARNING - Dependency <Task(BashOperator): create_tag>, delete_tag already registered for DAG: example_complex
[2023-06-14T13:29:38.240+0000] {logging_mixin.py:149} INFO - [2023-06-14T13:29:38.240+0000] {taskmixin.py:211} WARNING - Dependency <Task(BashOperator): delete_tag>, create_tag already registered for DAG: example_complex
[2023-06-14T13:29:38.243+0000] {processor.py:836} INFO - DAG(s) dict_keys(['example_complex']) retrieved from /home/airflow/.local/lib/python3.7/site-packages/airflow/example_dags/example_complex.py
[2023-06-14T13:29:38.271+0000] {logging_mixin.py:149} INFO - [2023-06-14T13:29:38.271+0000] {dag.py:2726} INFO - Sync 1 DAGs
[2023-06-14T13:29:38.288+0000] {logging_mixin.py:149} INFO - [2023-06-14T13:29:38.288+0000] {dag.py:3490} INFO - Setting next_dagrun for example_complex to None, run_after=None
[2023-06-14T13:29:38.304+0000] {processor.py:179} INFO - Processing /home/airflow/.local/lib/python3.7/site-packages/airflow/example_dags/example_complex.py took 0.089 seconds
[2023-06-14T13:30:08.608+0000] {processor.py:157} INFO - Started process (PID=349) to work on /home/airflow/.local/lib/python3.7/site-packages/airflow/example_dags/example_complex.py
[2023-06-14T13:30:08.611+0000] {processor.py:826} INFO - Processing file /home/airflow/.local/lib/python3.7/site-packages/airflow/example_dags/example_complex.py for tasks to queue
[2023-06-14T13:30:08.612+0000] {logging_mixin.py:149} INFO - [2023-06-14T13:30:08.612+0000] {dagbag.py:541} INFO - Filling up the DagBag from /home/airflow/.local/lib/python3.7/site-packages/airflow/example_dags/example_complex.py
[2023-06-14T13:30:08.625+0000] {logging_mixin.py:149} INFO - [2023-06-14T13:30:08.625+0000] {taskmixin.py:211} WARNING - Dependency <Task(BashOperator): create_entry_group>, delete_entry_group already registered for DAG: example_complex
[2023-06-14T13:30:08.626+0000] {logging_mixin.py:149} INFO - [2023-06-14T13:30:08.626+0000] {taskmixin.py:211} WARNING - Dependency <Task(BashOperator): delete_entry_group>, create_entry_group already registered for DAG: example_complex
[2023-06-14T13:30:08.627+0000] {logging_mixin.py:149} INFO - [2023-06-14T13:30:08.627+0000] {taskmixin.py:211} WARNING - Dependency <Task(BashOperator): create_entry_gcs>, delete_entry already registered for DAG: example_complex
[2023-06-14T13:30:08.628+0000] {logging_mixin.py:149} INFO - [2023-06-14T13:30:08.628+0000] {taskmixin.py:211} WARNING - Dependency <Task(BashOperator): delete_entry>, create_entry_gcs already registered for DAG: example_complex
[2023-06-14T13:30:08.629+0000] {logging_mixin.py:149} INFO - [2023-06-14T13:30:08.628+0000] {taskmixin.py:211} WARNING - Dependency <Task(BashOperator): create_tag>, delete_tag already registered for DAG: example_complex
[2023-06-14T13:30:08.629+0000] {logging_mixin.py:149} INFO - [2023-06-14T13:30:08.629+0000] {taskmixin.py:211} WARNING - Dependency <Task(BashOperator): delete_tag>, create_tag already registered for DAG: example_complex
[2023-06-14T13:30:08.631+0000] {processor.py:836} INFO - DAG(s) dict_keys(['example_complex']) retrieved from /home/airflow/.local/lib/python3.7/site-packages/airflow/example_dags/example_complex.py
[2023-06-14T13:30:08.663+0000] {logging_mixin.py:149} INFO - [2023-06-14T13:30:08.662+0000] {dag.py:2726} INFO - Sync 1 DAGs
[2023-06-14T13:30:08.681+0000] {logging_mixin.py:149} INFO - [2023-06-14T13:30:08.681+0000] {dag.py:3490} INFO - Setting next_dagrun for example_complex to None, run_after=None
[2023-06-14T13:30:08.694+0000] {processor.py:179} INFO - Processing /home/airflow/.local/lib/python3.7/site-packages/airflow/example_dags/example_complex.py took 0.091 seconds
[2023-06-14T13:30:39.238+0000] {processor.py:157} INFO - Started process (PID=405) to work on /home/airflow/.local/lib/python3.7/site-packages/airflow/example_dags/example_complex.py
[2023-06-14T13:30:39.241+0000] {processor.py:826} INFO - Processing file /home/airflow/.local/lib/python3.7/site-packages/airflow/example_dags/example_complex.py for tasks to queue
[2023-06-14T13:30:39.242+0000] {logging_mixin.py:149} INFO - [2023-06-14T13:30:39.242+0000] {dagbag.py:541} INFO - Filling up the DagBag from /home/airflow/.local/lib/python3.7/site-packages/airflow/example_dags/example_complex.py
[2023-06-14T13:30:39.256+0000] {logging_mixin.py:149} INFO - [2023-06-14T13:30:39.256+0000] {taskmixin.py:211} WARNING - Dependency <Task(BashOperator): create_entry_group>, delete_entry_group already registered for DAG: example_complex
[2023-06-14T13:30:39.257+0000] {logging_mixin.py:149} INFO - [2023-06-14T13:30:39.257+0000] {taskmixin.py:211} WARNING - Dependency <Task(BashOperator): delete_entry_group>, create_entry_group already registered for DAG: example_complex
[2023-06-14T13:30:39.259+0000] {logging_mixin.py:149} INFO - [2023-06-14T13:30:39.259+0000] {taskmixin.py:211} WARNING - Dependency <Task(BashOperator): create_entry_gcs>, delete_entry already registered for DAG: example_complex
[2023-06-14T13:30:39.260+0000] {logging_mixin.py:149} INFO - [2023-06-14T13:30:39.260+0000] {taskmixin.py:211} WARNING - Dependency <Task(BashOperator): delete_entry>, create_entry_gcs already registered for DAG: example_complex
[2023-06-14T13:30:39.261+0000] {logging_mixin.py:149} INFO - [2023-06-14T13:30:39.261+0000] {taskmixin.py:211} WARNING - Dependency <Task(BashOperator): create_tag>, delete_tag already registered for DAG: example_complex
[2023-06-14T13:30:39.261+0000] {logging_mixin.py:149} INFO - [2023-06-14T13:30:39.261+0000] {taskmixin.py:211} WARNING - Dependency <Task(BashOperator): delete_tag>, create_tag already registered for DAG: example_complex
[2023-06-14T13:30:39.263+0000] {processor.py:836} INFO - DAG(s) dict_keys(['example_complex']) retrieved from /home/airflow/.local/lib/python3.7/site-packages/airflow/example_dags/example_complex.py
[2023-06-14T13:30:39.305+0000] {logging_mixin.py:149} INFO - [2023-06-14T13:30:39.305+0000] {dag.py:2726} INFO - Sync 1 DAGs
[2023-06-14T13:30:39.326+0000] {logging_mixin.py:149} INFO - [2023-06-14T13:30:39.326+0000] {dag.py:3490} INFO - Setting next_dagrun for example_complex to None, run_after=None
[2023-06-14T13:30:39.341+0000] {processor.py:179} INFO - Processing /home/airflow/.local/lib/python3.7/site-packages/airflow/example_dags/example_complex.py took 0.110 seconds
[2023-06-14T13:31:10.155+0000] {processor.py:157} INFO - Started process (PID=461) to work on /home/airflow/.local/lib/python3.7/site-packages/airflow/example_dags/example_complex.py
[2023-06-14T13:31:10.157+0000] {processor.py:826} INFO - Processing file /home/airflow/.local/lib/python3.7/site-packages/airflow/example_dags/example_complex.py for tasks to queue
[2023-06-14T13:31:10.158+0000] {logging_mixin.py:149} INFO - [2023-06-14T13:31:10.158+0000] {dagbag.py:541} INFO - Filling up the DagBag from /home/airflow/.local/lib/python3.7/site-packages/airflow/example_dags/example_complex.py
[2023-06-14T13:31:10.169+0000] {logging_mixin.py:149} INFO - [2023-06-14T13:31:10.169+0000] {taskmixin.py:211} WARNING - Dependency <Task(BashOperator): create_entry_group>, delete_entry_group already registered for DAG: example_complex
[2023-06-14T13:31:10.170+0000] {logging_mixin.py:149} INFO - [2023-06-14T13:31:10.170+0000] {taskmixin.py:211} WARNING - Dependency <Task(BashOperator): delete_entry_group>, create_entry_group already registered for DAG: example_complex
[2023-06-14T13:31:10.170+0000] {logging_mixin.py:149} INFO - [2023-06-14T13:31:10.170+0000] {taskmixin.py:211} WARNING - Dependency <Task(BashOperator): create_entry_gcs>, delete_entry already registered for DAG: example_complex
[2023-06-14T13:31:10.171+0000] {logging_mixin.py:149} INFO - [2023-06-14T13:31:10.171+0000] {taskmixin.py:211} WARNING - Dependency <Task(BashOperator): delete_entry>, create_entry_gcs already registered for DAG: example_complex
[2023-06-14T13:31:10.172+0000] {logging_mixin.py:149} INFO - [2023-06-14T13:31:10.172+0000] {taskmixin.py:211} WARNING - Dependency <Task(BashOperator): create_tag>, delete_tag already registered for DAG: example_complex
[2023-06-14T13:31:10.173+0000] {logging_mixin.py:149} INFO - [2023-06-14T13:31:10.173+0000] {taskmixin.py:211} WARNING - Dependency <Task(BashOperator): delete_tag>, create_tag already registered for DAG: example_complex
[2023-06-14T13:31:10.174+0000] {processor.py:836} INFO - DAG(s) dict_keys(['example_complex']) retrieved from /home/airflow/.local/lib/python3.7/site-packages/airflow/example_dags/example_complex.py
[2023-06-14T13:31:10.203+0000] {logging_mixin.py:149} INFO - [2023-06-14T13:31:10.203+0000] {dag.py:2726} INFO - Sync 1 DAGs
[2023-06-14T13:31:10.220+0000] {logging_mixin.py:149} INFO - [2023-06-14T13:31:10.220+0000] {dag.py:3490} INFO - Setting next_dagrun for example_complex to None, run_after=None
[2023-06-14T13:31:10.233+0000] {processor.py:179} INFO - Processing /home/airflow/.local/lib/python3.7/site-packages/airflow/example_dags/example_complex.py took 0.083 seconds
[2023-06-14T13:31:40.707+0000] {processor.py:157} INFO - Started process (PID=518) to work on /home/airflow/.local/lib/python3.7/site-packages/airflow/example_dags/example_complex.py
[2023-06-14T13:31:40.709+0000] {processor.py:826} INFO - Processing file /home/airflow/.local/lib/python3.7/site-packages/airflow/example_dags/example_complex.py for tasks to queue
[2023-06-14T13:31:40.710+0000] {logging_mixin.py:149} INFO - [2023-06-14T13:31:40.710+0000] {dagbag.py:541} INFO - Filling up the DagBag from /home/airflow/.local/lib/python3.7/site-packages/airflow/example_dags/example_complex.py
[2023-06-14T13:31:40.721+0000] {logging_mixin.py:149} INFO - [2023-06-14T13:31:40.721+0000] {taskmixin.py:211} WARNING - Dependency <Task(BashOperator): create_entry_group>, delete_entry_group already registered for DAG: example_complex
[2023-06-14T13:31:40.722+0000] {logging_mixin.py:149} INFO - [2023-06-14T13:31:40.722+0000] {taskmixin.py:211} WARNING - Dependency <Task(BashOperator): delete_entry_group>, create_entry_group already registered for DAG: example_complex
[2023-06-14T13:31:40.723+0000] {logging_mixin.py:149} INFO - [2023-06-14T13:31:40.723+0000] {taskmixin.py:211} WARNING - Dependency <Task(BashOperator): create_entry_gcs>, delete_entry already registered for DAG: example_complex
[2023-06-14T13:31:40.723+0000] {logging_mixin.py:149} INFO - [2023-06-14T13:31:40.723+0000] {taskmixin.py:211} WARNING - Dependency <Task(BashOperator): delete_entry>, create_entry_gcs already registered for DAG: example_complex
[2023-06-14T13:31:40.724+0000] {logging_mixin.py:149} INFO - [2023-06-14T13:31:40.724+0000] {taskmixin.py:211} WARNING - Dependency <Task(BashOperator): create_tag>, delete_tag already registered for DAG: example_complex
[2023-06-14T13:31:40.725+0000] {logging_mixin.py:149} INFO - [2023-06-14T13:31:40.725+0000] {taskmixin.py:211} WARNING - Dependency <Task(BashOperator): delete_tag>, create_tag already registered for DAG: example_complex
[2023-06-14T13:31:40.726+0000] {processor.py:836} INFO - DAG(s) dict_keys(['example_complex']) retrieved from /home/airflow/.local/lib/python3.7/site-packages/airflow/example_dags/example_complex.py
[2023-06-14T13:31:40.757+0000] {logging_mixin.py:149} INFO - [2023-06-14T13:31:40.757+0000] {dag.py:2726} INFO - Sync 1 DAGs
[2023-06-14T13:31:40.775+0000] {logging_mixin.py:149} INFO - [2023-06-14T13:31:40.775+0000] {dag.py:3490} INFO - Setting next_dagrun for example_complex to None, run_after=None
[2023-06-14T13:31:40.791+0000] {processor.py:179} INFO - Processing /home/airflow/.local/lib/python3.7/site-packages/airflow/example_dags/example_complex.py took 0.090 seconds
[2023-06-14T13:32:11.714+0000] {processor.py:157} INFO - Started process (PID=575) to work on /home/airflow/.local/lib/python3.7/site-packages/airflow/example_dags/example_complex.py
[2023-06-14T13:32:11.716+0000] {processor.py:826} INFO - Processing file /home/airflow/.local/lib/python3.7/site-packages/airflow/example_dags/example_complex.py for tasks to queue
[2023-06-14T13:32:11.717+0000] {logging_mixin.py:149} INFO - [2023-06-14T13:32:11.717+0000] {dagbag.py:541} INFO - Filling up the DagBag from /home/airflow/.local/lib/python3.7/site-packages/airflow/example_dags/example_complex.py
[2023-06-14T13:32:11.725+0000] {logging_mixin.py:149} INFO - [2023-06-14T13:32:11.725+0000] {taskmixin.py:211} WARNING - Dependency <Task(BashOperator): create_entry_group>, delete_entry_group already registered for DAG: example_complex
[2023-06-14T13:32:11.726+0000] {logging_mixin.py:149} INFO - [2023-06-14T13:32:11.726+0000] {taskmixin.py:211} WARNING - Dependency <Task(BashOperator): delete_entry_group>, create_entry_group already registered for DAG: example_complex
[2023-06-14T13:32:11.727+0000] {logging_mixin.py:149} INFO - [2023-06-14T13:32:11.727+0000] {taskmixin.py:211} WARNING - Dependency <Task(BashOperator): create_entry_gcs>, delete_entry already registered for DAG: example_complex
[2023-06-14T13:32:11.727+0000] {logging_mixin.py:149} INFO - [2023-06-14T13:32:11.727+0000] {taskmixin.py:211} WARNING - Dependency <Task(BashOperator): delete_entry>, create_entry_gcs already registered for DAG: example_complex
[2023-06-14T13:32:11.728+0000] {logging_mixin.py:149} INFO - [2023-06-14T13:32:11.728+0000] {taskmixin.py:211} WARNING - Dependency <Task(BashOperator): create_tag>, delete_tag already registered for DAG: example_complex
[2023-06-14T13:32:11.728+0000] {logging_mixin.py:149} INFO - [2023-06-14T13:32:11.728+0000] {taskmixin.py:211} WARNING - Dependency <Task(BashOperator): delete_tag>, create_tag already registered for DAG: example_complex
[2023-06-14T13:32:11.729+0000] {processor.py:836} INFO - DAG(s) dict_keys(['example_complex']) retrieved from /home/airflow/.local/lib/python3.7/site-packages/airflow/example_dags/example_complex.py
[2023-06-14T13:32:11.757+0000] {logging_mixin.py:149} INFO - [2023-06-14T13:32:11.757+0000] {dag.py:2726} INFO - Sync 1 DAGs
[2023-06-14T13:32:11.780+0000] {logging_mixin.py:149} INFO - [2023-06-14T13:32:11.780+0000] {dag.py:3490} INFO - Setting next_dagrun for example_complex to None, run_after=None
[2023-06-14T13:32:11.796+0000] {processor.py:179} INFO - Processing /home/airflow/.local/lib/python3.7/site-packages/airflow/example_dags/example_complex.py took 0.085 seconds
[2023-06-14T13:32:42.536+0000] {processor.py:157} INFO - Started process (PID=632) to work on /home/airflow/.local/lib/python3.7/site-packages/airflow/example_dags/example_complex.py
[2023-06-14T13:32:42.538+0000] {processor.py:826} INFO - Processing file /home/airflow/.local/lib/python3.7/site-packages/airflow/example_dags/example_complex.py for tasks to queue
[2023-06-14T13:32:42.540+0000] {logging_mixin.py:149} INFO - [2023-06-14T13:32:42.539+0000] {dagbag.py:541} INFO - Filling up the DagBag from /home/airflow/.local/lib/python3.7/site-packages/airflow/example_dags/example_complex.py
[2023-06-14T13:32:42.551+0000] {logging_mixin.py:149} INFO - [2023-06-14T13:32:42.551+0000] {taskmixin.py:211} WARNING - Dependency <Task(BashOperator): create_entry_group>, delete_entry_group already registered for DAG: example_complex
[2023-06-14T13:32:42.552+0000] {logging_mixin.py:149} INFO - [2023-06-14T13:32:42.552+0000] {taskmixin.py:211} WARNING - Dependency <Task(BashOperator): delete_entry_group>, create_entry_group already registered for DAG: example_complex
[2023-06-14T13:32:42.553+0000] {logging_mixin.py:149} INFO - [2023-06-14T13:32:42.553+0000] {taskmixin.py:211} WARNING - Dependency <Task(BashOperator): create_entry_gcs>, delete_entry already registered for DAG: example_complex
[2023-06-14T13:32:42.553+0000] {logging_mixin.py:149} INFO - [2023-06-14T13:32:42.553+0000] {taskmixin.py:211} WARNING - Dependency <Task(BashOperator): delete_entry>, create_entry_gcs already registered for DAG: example_complex
[2023-06-14T13:32:42.554+0000] {logging_mixin.py:149} INFO - [2023-06-14T13:32:42.554+0000] {taskmixin.py:211} WARNING - Dependency <Task(BashOperator): create_tag>, delete_tag already registered for DAG: example_complex
[2023-06-14T13:32:42.555+0000] {logging_mixin.py:149} INFO - [2023-06-14T13:32:42.555+0000] {taskmixin.py:211} WARNING - Dependency <Task(BashOperator): delete_tag>, create_tag already registered for DAG: example_complex
[2023-06-14T13:32:42.557+0000] {processor.py:836} INFO - DAG(s) dict_keys(['example_complex']) retrieved from /home/airflow/.local/lib/python3.7/site-packages/airflow/example_dags/example_complex.py
[2023-06-14T13:32:42.596+0000] {logging_mixin.py:149} INFO - [2023-06-14T13:32:42.596+0000] {dag.py:2726} INFO - Sync 1 DAGs
[2023-06-14T13:32:42.616+0000] {logging_mixin.py:149} INFO - [2023-06-14T13:32:42.616+0000] {dag.py:3490} INFO - Setting next_dagrun for example_complex to None, run_after=None
[2023-06-14T13:32:42.630+0000] {processor.py:179} INFO - Processing /home/airflow/.local/lib/python3.7/site-packages/airflow/example_dags/example_complex.py took 0.099 seconds
[2023-06-14T13:33:12.942+0000] {processor.py:157} INFO - Started process (PID=689) to work on /home/airflow/.local/lib/python3.7/site-packages/airflow/example_dags/example_complex.py
[2023-06-14T13:33:12.944+0000] {processor.py:826} INFO - Processing file /home/airflow/.local/lib/python3.7/site-packages/airflow/example_dags/example_complex.py for tasks to queue
[2023-06-14T13:33:12.945+0000] {logging_mixin.py:149} INFO - [2023-06-14T13:33:12.945+0000] {dagbag.py:541} INFO - Filling up the DagBag from /home/airflow/.local/lib/python3.7/site-packages/airflow/example_dags/example_complex.py
[2023-06-14T13:33:12.957+0000] {logging_mixin.py:149} INFO - [2023-06-14T13:33:12.957+0000] {taskmixin.py:211} WARNING - Dependency <Task(BashOperator): create_entry_group>, delete_entry_group already registered for DAG: example_complex
[2023-06-14T13:33:12.958+0000] {logging_mixin.py:149} INFO - [2023-06-14T13:33:12.958+0000] {taskmixin.py:211} WARNING - Dependency <Task(BashOperator): delete_entry_group>, create_entry_group already registered for DAG: example_complex
[2023-06-14T13:33:12.958+0000] {logging_mixin.py:149} INFO - [2023-06-14T13:33:12.958+0000] {taskmixin.py:211} WARNING - Dependency <Task(BashOperator): create_entry_gcs>, delete_entry already registered for DAG: example_complex
[2023-06-14T13:33:12.959+0000] {logging_mixin.py:149} INFO - [2023-06-14T13:33:12.959+0000] {taskmixin.py:211} WARNING - Dependency <Task(BashOperator): delete_entry>, create_entry_gcs already registered for DAG: example_complex
[2023-06-14T13:33:12.960+0000] {logging_mixin.py:149} INFO - [2023-06-14T13:33:12.960+0000] {taskmixin.py:211} WARNING - Dependency <Task(BashOperator): create_tag>, delete_tag already registered for DAG: example_complex
[2023-06-14T13:33:12.961+0000] {logging_mixin.py:149} INFO - [2023-06-14T13:33:12.961+0000] {taskmixin.py:211} WARNING - Dependency <Task(BashOperator): delete_tag>, create_tag already registered for DAG: example_complex
[2023-06-14T13:33:12.964+0000] {processor.py:836} INFO - DAG(s) dict_keys(['example_complex']) retrieved from /home/airflow/.local/lib/python3.7/site-packages/airflow/example_dags/example_complex.py
[2023-06-14T13:33:13.001+0000] {logging_mixin.py:149} INFO - [2023-06-14T13:33:13.001+0000] {dag.py:2726} INFO - Sync 1 DAGs
[2023-06-14T13:33:13.018+0000] {logging_mixin.py:149} INFO - [2023-06-14T13:33:13.018+0000] {dag.py:3490} INFO - Setting next_dagrun for example_complex to None, run_after=None
[2023-06-14T13:33:13.031+0000] {processor.py:179} INFO - Processing /home/airflow/.local/lib/python3.7/site-packages/airflow/example_dags/example_complex.py took 0.093 seconds
[2023-06-14T13:33:43.340+0000] {processor.py:157} INFO - Started process (PID=746) to work on /home/airflow/.local/lib/python3.7/site-packages/airflow/example_dags/example_complex.py
[2023-06-14T13:33:43.343+0000] {processor.py:826} INFO - Processing file /home/airflow/.local/lib/python3.7/site-packages/airflow/example_dags/example_complex.py for tasks to queue
[2023-06-14T13:33:43.344+0000] {logging_mixin.py:149} INFO - [2023-06-14T13:33:43.344+0000] {dagbag.py:541} INFO - Filling up the DagBag from /home/airflow/.local/lib/python3.7/site-packages/airflow/example_dags/example_complex.py
[2023-06-14T13:33:43.354+0000] {logging_mixin.py:149} INFO - [2023-06-14T13:33:43.354+0000] {taskmixin.py:211} WARNING - Dependency <Task(BashOperator): create_entry_group>, delete_entry_group already registered for DAG: example_complex
[2023-06-14T13:33:43.355+0000] {logging_mixin.py:149} INFO - [2023-06-14T13:33:43.355+0000] {taskmixin.py:211} WARNING - Dependency <Task(BashOperator): delete_entry_group>, create_entry_group already registered for DAG: example_complex
[2023-06-14T13:33:43.356+0000] {logging_mixin.py:149} INFO - [2023-06-14T13:33:43.356+0000] {taskmixin.py:211} WARNING - Dependency <Task(BashOperator): create_entry_gcs>, delete_entry already registered for DAG: example_complex
[2023-06-14T13:33:43.356+0000] {logging_mixin.py:149} INFO - [2023-06-14T13:33:43.356+0000] {taskmixin.py:211} WARNING - Dependency <Task(BashOperator): delete_entry>, create_entry_gcs already registered for DAG: example_complex
[2023-06-14T13:33:43.357+0000] {logging_mixin.py:149} INFO - [2023-06-14T13:33:43.357+0000] {taskmixin.py:211} WARNING - Dependency <Task(BashOperator): create_tag>, delete_tag already registered for DAG: example_complex
[2023-06-14T13:33:43.358+0000] {logging_mixin.py:149} INFO - [2023-06-14T13:33:43.358+0000] {taskmixin.py:211} WARNING - Dependency <Task(BashOperator): delete_tag>, create_tag already registered for DAG: example_complex
[2023-06-14T13:33:43.360+0000] {processor.py:836} INFO - DAG(s) dict_keys(['example_complex']) retrieved from /home/airflow/.local/lib/python3.7/site-packages/airflow/example_dags/example_complex.py
[2023-06-14T13:33:43.387+0000] {logging_mixin.py:149} INFO - [2023-06-14T13:33:43.387+0000] {dag.py:2726} INFO - Sync 1 DAGs
[2023-06-14T13:33:43.403+0000] {logging_mixin.py:149} INFO - [2023-06-14T13:33:43.403+0000] {dag.py:3490} INFO - Setting next_dagrun for example_complex to None, run_after=None
[2023-06-14T13:33:43.416+0000] {processor.py:179} INFO - Processing /home/airflow/.local/lib/python3.7/site-packages/airflow/example_dags/example_complex.py took 0.079 seconds
[2023-06-14T13:34:14.033+0000] {processor.py:157} INFO - Started process (PID=803) to work on /home/airflow/.local/lib/python3.7/site-packages/airflow/example_dags/example_complex.py
[2023-06-14T13:34:14.035+0000] {processor.py:826} INFO - Processing file /home/airflow/.local/lib/python3.7/site-packages/airflow/example_dags/example_complex.py for tasks to queue
[2023-06-14T13:34:14.037+0000] {logging_mixin.py:149} INFO - [2023-06-14T13:34:14.037+0000] {dagbag.py:541} INFO - Filling up the DagBag from /home/airflow/.local/lib/python3.7/site-packages/airflow/example_dags/example_complex.py
[2023-06-14T13:34:14.050+0000] {logging_mixin.py:149} INFO - [2023-06-14T13:34:14.050+0000] {taskmixin.py:211} WARNING - Dependency <Task(BashOperator): create_entry_group>, delete_entry_group already registered for DAG: example_complex
[2023-06-14T13:34:14.052+0000] {logging_mixin.py:149} INFO - [2023-06-14T13:34:14.051+0000] {taskmixin.py:211} WARNING - Dependency <Task(BashOperator): delete_entry_group>, create_entry_group already registered for DAG: example_complex
[2023-06-14T13:34:14.052+0000] {logging_mixin.py:149} INFO - [2023-06-14T13:34:14.052+0000] {taskmixin.py:211} WARNING - Dependency <Task(BashOperator): create_entry_gcs>, delete_entry already registered for DAG: example_complex
[2023-06-14T13:34:14.053+0000] {logging_mixin.py:149} INFO - [2023-06-14T13:34:14.053+0000] {taskmixin.py:211} WARNING - Dependency <Task(BashOperator): delete_entry>, create_entry_gcs already registered for DAG: example_complex
[2023-06-14T13:34:14.054+0000] {logging_mixin.py:149} INFO - [2023-06-14T13:34:14.054+0000] {taskmixin.py:211} WARNING - Dependency <Task(BashOperator): create_tag>, delete_tag already registered for DAG: example_complex
[2023-06-14T13:34:14.054+0000] {logging_mixin.py:149} INFO - [2023-06-14T13:34:14.054+0000] {taskmixin.py:211} WARNING - Dependency <Task(BashOperator): delete_tag>, create_tag already registered for DAG: example_complex
[2023-06-14T13:34:14.056+0000] {processor.py:836} INFO - DAG(s) dict_keys(['example_complex']) retrieved from /home/airflow/.local/lib/python3.7/site-packages/airflow/example_dags/example_complex.py
[2023-06-14T13:34:14.088+0000] {logging_mixin.py:149} INFO - [2023-06-14T13:34:14.088+0000] {dag.py:2726} INFO - Sync 1 DAGs
[2023-06-14T13:34:14.105+0000] {logging_mixin.py:149} INFO - [2023-06-14T13:34:14.105+0000] {dag.py:3490} INFO - Setting next_dagrun for example_complex to None, run_after=None
[2023-06-14T13:34:14.118+0000] {processor.py:179} INFO - Processing /home/airflow/.local/lib/python3.7/site-packages/airflow/example_dags/example_complex.py took 0.092 seconds
[2023-06-14T13:34:44.646+0000] {processor.py:157} INFO - Started process (PID=860) to work on /home/airflow/.local/lib/python3.7/site-packages/airflow/example_dags/example_complex.py
[2023-06-14T13:34:44.649+0000] {processor.py:826} INFO - Processing file /home/airflow/.local/lib/python3.7/site-packages/airflow/example_dags/example_complex.py for tasks to queue
[2023-06-14T13:34:44.650+0000] {logging_mixin.py:149} INFO - [2023-06-14T13:34:44.650+0000] {dagbag.py:541} INFO - Filling up the DagBag from /home/airflow/.local/lib/python3.7/site-packages/airflow/example_dags/example_complex.py
[2023-06-14T13:34:44.662+0000] {logging_mixin.py:149} INFO - [2023-06-14T13:34:44.662+0000] {taskmixin.py:211} WARNING - Dependency <Task(BashOperator): create_entry_group>, delete_entry_group already registered for DAG: example_complex
[2023-06-14T13:34:44.663+0000] {logging_mixin.py:149} INFO - [2023-06-14T13:34:44.663+0000] {taskmixin.py:211} WARNING - Dependency <Task(BashOperator): delete_entry_group>, create_entry_group already registered for DAG: example_complex
[2023-06-14T13:34:44.664+0000] {logging_mixin.py:149} INFO - [2023-06-14T13:34:44.664+0000] {taskmixin.py:211} WARNING - Dependency <Task(BashOperator): create_entry_gcs>, delete_entry already registered for DAG: example_complex
[2023-06-14T13:34:44.665+0000] {logging_mixin.py:149} INFO - [2023-06-14T13:34:44.665+0000] {taskmixin.py:211} WARNING - Dependency <Task(BashOperator): delete_entry>, create_entry_gcs already registered for DAG: example_complex
[2023-06-14T13:34:44.665+0000] {logging_mixin.py:149} INFO - [2023-06-14T13:34:44.665+0000] {taskmixin.py:211} WARNING - Dependency <Task(BashOperator): create_tag>, delete_tag already registered for DAG: example_complex
[2023-06-14T13:34:44.666+0000] {logging_mixin.py:149} INFO - [2023-06-14T13:34:44.666+0000] {taskmixin.py:211} WARNING - Dependency <Task(BashOperator): delete_tag>, create_tag already registered for DAG: example_complex
[2023-06-14T13:34:44.668+0000] {processor.py:836} INFO - DAG(s) dict_keys(['example_complex']) retrieved from /home/airflow/.local/lib/python3.7/site-packages/airflow/example_dags/example_complex.py
[2023-06-14T13:34:44.709+0000] {logging_mixin.py:149} INFO - [2023-06-14T13:34:44.709+0000] {dag.py:2726} INFO - Sync 1 DAGs
[2023-06-14T13:34:44.736+0000] {logging_mixin.py:149} INFO - [2023-06-14T13:34:44.736+0000] {dag.py:3490} INFO - Setting next_dagrun for example_complex to None, run_after=None
[2023-06-14T13:34:44.752+0000] {processor.py:179} INFO - Processing /home/airflow/.local/lib/python3.7/site-packages/airflow/example_dags/example_complex.py took 0.112 seconds
