[2023-06-14T13:27:43.635+0000] {processor.py:157} INFO - Started process (PID=78) to work on /home/airflow/.local/lib/python3.7/site-packages/airflow/example_dags/example_latest_only_with_trigger.py
[2023-06-14T13:27:43.706+0000] {processor.py:826} INFO - Processing file /home/airflow/.local/lib/python3.7/site-packages/airflow/example_dags/example_latest_only_with_trigger.py for tasks to queue
[2023-06-14T13:27:43.932+0000] {logging_mixin.py:149} INFO - [2023-06-14T13:27:43.801+0000] {dagbag.py:541} INFO - Filling up the DagBag from /home/airflow/.local/lib/python3.7/site-packages/airflow/example_dags/example_latest_only_with_trigger.py
[2023-06-14T13:27:44.231+0000] {processor.py:836} INFO - DAG(s) dict_keys(['latest_only_with_trigger']) retrieved from /home/airflow/.local/lib/python3.7/site-packages/airflow/example_dags/example_latest_only_with_trigger.py
[2023-06-14T13:27:45.450+0000] {logging_mixin.py:149} INFO - [2023-06-14T13:27:45.445+0000] {manager.py:504} INFO - Created Permission View: can edit on DAG:latest_only_with_trigger
[2023-06-14T13:27:45.476+0000] {logging_mixin.py:149} INFO - [2023-06-14T13:27:45.475+0000] {manager.py:504} INFO - Created Permission View: can read on DAG:latest_only_with_trigger
[2023-06-14T13:27:45.489+0000] {logging_mixin.py:149} INFO - [2023-06-14T13:27:45.489+0000] {manager.py:504} INFO - Created Permission View: can delete on DAG:latest_only_with_trigger
[2023-06-14T13:27:45.538+0000] {logging_mixin.py:149} INFO - [2023-06-14T13:27:45.537+0000] {dag.py:2726} INFO - Sync 1 DAGs
[2023-06-14T13:27:45.593+0000] {logging_mixin.py:149} INFO - [2023-06-14T13:27:45.593+0000] {dag.py:2747} INFO - Creating ORM DAG for latest_only_with_trigger
[2023-06-14T13:27:45.619+0000] {logging_mixin.py:149} INFO - [2023-06-14T13:27:45.619+0000] {dag.py:3490} INFO - Setting next_dagrun for latest_only_with_trigger to 2023-06-14T09:27:45.618104+00:00, run_after=2023-06-14T13:27:45.618104+00:00
[2023-06-14T13:27:45.769+0000] {processor.py:179} INFO - Processing /home/airflow/.local/lib/python3.7/site-packages/airflow/example_dags/example_latest_only_with_trigger.py took 2.145 seconds
[2023-06-14T13:28:15.900+0000] {processor.py:157} INFO - Started process (PID=133) to work on /home/airflow/.local/lib/python3.7/site-packages/airflow/example_dags/example_latest_only_with_trigger.py
[2023-06-14T13:28:15.903+0000] {processor.py:826} INFO - Processing file /home/airflow/.local/lib/python3.7/site-packages/airflow/example_dags/example_latest_only_with_trigger.py for tasks to queue
[2023-06-14T13:28:15.906+0000] {logging_mixin.py:149} INFO - [2023-06-14T13:28:15.906+0000] {dagbag.py:541} INFO - Filling up the DagBag from /home/airflow/.local/lib/python3.7/site-packages/airflow/example_dags/example_latest_only_with_trigger.py
[2023-06-14T13:28:15.919+0000] {processor.py:836} INFO - DAG(s) dict_keys(['latest_only_with_trigger']) retrieved from /home/airflow/.local/lib/python3.7/site-packages/airflow/example_dags/example_latest_only_with_trigger.py
[2023-06-14T13:28:15.978+0000] {logging_mixin.py:149} INFO - [2023-06-14T13:28:15.978+0000] {dag.py:2726} INFO - Sync 1 DAGs
[2023-06-14T13:28:16.075+0000] {logging_mixin.py:149} INFO - [2023-06-14T13:28:16.075+0000] {dag.py:3490} INFO - Setting next_dagrun for latest_only_with_trigger to 2023-06-14T09:28:16.075237+00:00, run_after=2023-06-14T13:28:16.075237+00:00
[2023-06-14T13:28:16.115+0000] {processor.py:179} INFO - Processing /home/airflow/.local/lib/python3.7/site-packages/airflow/example_dags/example_latest_only_with_trigger.py took 0.220 seconds
[2023-06-14T13:28:47.017+0000] {processor.py:157} INFO - Started process (PID=190) to work on /home/airflow/.local/lib/python3.7/site-packages/airflow/example_dags/example_latest_only_with_trigger.py
[2023-06-14T13:28:47.019+0000] {processor.py:826} INFO - Processing file /home/airflow/.local/lib/python3.7/site-packages/airflow/example_dags/example_latest_only_with_trigger.py for tasks to queue
[2023-06-14T13:28:47.020+0000] {logging_mixin.py:149} INFO - [2023-06-14T13:28:47.020+0000] {dagbag.py:541} INFO - Filling up the DagBag from /home/airflow/.local/lib/python3.7/site-packages/airflow/example_dags/example_latest_only_with_trigger.py
[2023-06-14T13:28:47.027+0000] {processor.py:836} INFO - DAG(s) dict_keys(['latest_only_with_trigger']) retrieved from /home/airflow/.local/lib/python3.7/site-packages/airflow/example_dags/example_latest_only_with_trigger.py
[2023-06-14T13:28:47.049+0000] {logging_mixin.py:149} INFO - [2023-06-14T13:28:47.049+0000] {dag.py:2726} INFO - Sync 1 DAGs
[2023-06-14T13:28:47.079+0000] {logging_mixin.py:149} INFO - [2023-06-14T13:28:47.078+0000] {dag.py:3490} INFO - Setting next_dagrun for latest_only_with_trigger to 2023-06-14T09:28:47.078486+00:00, run_after=2023-06-14T13:28:47.078486+00:00
[2023-06-14T13:28:47.099+0000] {processor.py:179} INFO - Processing /home/airflow/.local/lib/python3.7/site-packages/airflow/example_dags/example_latest_only_with_trigger.py took 0.084 seconds
[2023-06-14T13:29:17.553+0000] {processor.py:157} INFO - Started process (PID=246) to work on /home/airflow/.local/lib/python3.7/site-packages/airflow/example_dags/example_latest_only_with_trigger.py
[2023-06-14T13:29:17.555+0000] {processor.py:826} INFO - Processing file /home/airflow/.local/lib/python3.7/site-packages/airflow/example_dags/example_latest_only_with_trigger.py for tasks to queue
[2023-06-14T13:29:17.556+0000] {logging_mixin.py:149} INFO - [2023-06-14T13:29:17.556+0000] {dagbag.py:541} INFO - Filling up the DagBag from /home/airflow/.local/lib/python3.7/site-packages/airflow/example_dags/example_latest_only_with_trigger.py
[2023-06-14T13:29:17.564+0000] {processor.py:836} INFO - DAG(s) dict_keys(['latest_only_with_trigger']) retrieved from /home/airflow/.local/lib/python3.7/site-packages/airflow/example_dags/example_latest_only_with_trigger.py
[2023-06-14T13:29:17.588+0000] {logging_mixin.py:149} INFO - [2023-06-14T13:29:17.588+0000] {dag.py:2726} INFO - Sync 1 DAGs
[2023-06-14T13:29:17.605+0000] {logging_mixin.py:149} INFO - [2023-06-14T13:29:17.605+0000] {dag.py:3490} INFO - Setting next_dagrun for latest_only_with_trigger to 2023-06-14T09:29:17.605368+00:00, run_after=2023-06-14T13:29:17.605368+00:00
[2023-06-14T13:29:17.617+0000] {processor.py:179} INFO - Processing /home/airflow/.local/lib/python3.7/site-packages/airflow/example_dags/example_latest_only_with_trigger.py took 0.070 seconds
[2023-06-14T13:29:47.684+0000] {processor.py:157} INFO - Started process (PID=301) to work on /home/airflow/.local/lib/python3.7/site-packages/airflow/example_dags/example_latest_only_with_trigger.py
[2023-06-14T13:29:47.686+0000] {processor.py:826} INFO - Processing file /home/airflow/.local/lib/python3.7/site-packages/airflow/example_dags/example_latest_only_with_trigger.py for tasks to queue
[2023-06-14T13:29:47.688+0000] {logging_mixin.py:149} INFO - [2023-06-14T13:29:47.688+0000] {dagbag.py:541} INFO - Filling up the DagBag from /home/airflow/.local/lib/python3.7/site-packages/airflow/example_dags/example_latest_only_with_trigger.py
[2023-06-14T13:29:47.697+0000] {processor.py:836} INFO - DAG(s) dict_keys(['latest_only_with_trigger']) retrieved from /home/airflow/.local/lib/python3.7/site-packages/airflow/example_dags/example_latest_only_with_trigger.py
[2023-06-14T13:29:47.724+0000] {logging_mixin.py:149} INFO - [2023-06-14T13:29:47.723+0000] {dag.py:2726} INFO - Sync 1 DAGs
[2023-06-14T13:29:47.741+0000] {logging_mixin.py:149} INFO - [2023-06-14T13:29:47.741+0000] {dag.py:3490} INFO - Setting next_dagrun for latest_only_with_trigger to 2023-06-14T09:29:47.741014+00:00, run_after=2023-06-14T13:29:47.741014+00:00
[2023-06-14T13:29:47.755+0000] {processor.py:179} INFO - Processing /home/airflow/.local/lib/python3.7/site-packages/airflow/example_dags/example_latest_only_with_trigger.py took 0.077 seconds
[2023-06-14T13:30:18.221+0000] {processor.py:157} INFO - Started process (PID=358) to work on /home/airflow/.local/lib/python3.7/site-packages/airflow/example_dags/example_latest_only_with_trigger.py
[2023-06-14T13:30:18.223+0000] {processor.py:826} INFO - Processing file /home/airflow/.local/lib/python3.7/site-packages/airflow/example_dags/example_latest_only_with_trigger.py for tasks to queue
[2023-06-14T13:30:18.225+0000] {logging_mixin.py:149} INFO - [2023-06-14T13:30:18.225+0000] {dagbag.py:541} INFO - Filling up the DagBag from /home/airflow/.local/lib/python3.7/site-packages/airflow/example_dags/example_latest_only_with_trigger.py
[2023-06-14T13:30:18.233+0000] {processor.py:836} INFO - DAG(s) dict_keys(['latest_only_with_trigger']) retrieved from /home/airflow/.local/lib/python3.7/site-packages/airflow/example_dags/example_latest_only_with_trigger.py
[2023-06-14T13:30:18.257+0000] {logging_mixin.py:149} INFO - [2023-06-14T13:30:18.257+0000] {dag.py:2726} INFO - Sync 1 DAGs
[2023-06-14T13:30:18.295+0000] {logging_mixin.py:149} INFO - [2023-06-14T13:30:18.295+0000] {dag.py:3490} INFO - Setting next_dagrun for latest_only_with_trigger to 2023-06-14T09:30:18.294884+00:00, run_after=2023-06-14T13:30:18.294884+00:00
[2023-06-14T13:30:18.319+0000] {processor.py:179} INFO - Processing /home/airflow/.local/lib/python3.7/site-packages/airflow/example_dags/example_latest_only_with_trigger.py took 0.103 seconds
[2023-06-14T13:30:49.157+0000] {processor.py:157} INFO - Started process (PID=414) to work on /home/airflow/.local/lib/python3.7/site-packages/airflow/example_dags/example_latest_only_with_trigger.py
[2023-06-14T13:30:49.159+0000] {processor.py:826} INFO - Processing file /home/airflow/.local/lib/python3.7/site-packages/airflow/example_dags/example_latest_only_with_trigger.py for tasks to queue
[2023-06-14T13:30:49.160+0000] {logging_mixin.py:149} INFO - [2023-06-14T13:30:49.160+0000] {dagbag.py:541} INFO - Filling up the DagBag from /home/airflow/.local/lib/python3.7/site-packages/airflow/example_dags/example_latest_only_with_trigger.py
[2023-06-14T13:30:49.165+0000] {processor.py:836} INFO - DAG(s) dict_keys(['latest_only_with_trigger']) retrieved from /home/airflow/.local/lib/python3.7/site-packages/airflow/example_dags/example_latest_only_with_trigger.py
[2023-06-14T13:30:49.189+0000] {logging_mixin.py:149} INFO - [2023-06-14T13:30:49.189+0000] {dag.py:2726} INFO - Sync 1 DAGs
[2023-06-14T13:30:49.211+0000] {logging_mixin.py:149} INFO - [2023-06-14T13:30:49.211+0000] {dag.py:3490} INFO - Setting next_dagrun for latest_only_with_trigger to 2023-06-14T09:30:49.210687+00:00, run_after=2023-06-14T13:30:49.210687+00:00
[2023-06-14T13:30:49.224+0000] {processor.py:179} INFO - Processing /home/airflow/.local/lib/python3.7/site-packages/airflow/example_dags/example_latest_only_with_trigger.py took 0.070 seconds
[2023-06-14T13:31:19.704+0000] {processor.py:157} INFO - Started process (PID=470) to work on /home/airflow/.local/lib/python3.7/site-packages/airflow/example_dags/example_latest_only_with_trigger.py
[2023-06-14T13:31:19.706+0000] {processor.py:826} INFO - Processing file /home/airflow/.local/lib/python3.7/site-packages/airflow/example_dags/example_latest_only_with_trigger.py for tasks to queue
[2023-06-14T13:31:19.707+0000] {logging_mixin.py:149} INFO - [2023-06-14T13:31:19.707+0000] {dagbag.py:541} INFO - Filling up the DagBag from /home/airflow/.local/lib/python3.7/site-packages/airflow/example_dags/example_latest_only_with_trigger.py
[2023-06-14T13:31:19.714+0000] {processor.py:836} INFO - DAG(s) dict_keys(['latest_only_with_trigger']) retrieved from /home/airflow/.local/lib/python3.7/site-packages/airflow/example_dags/example_latest_only_with_trigger.py
[2023-06-14T13:31:19.738+0000] {logging_mixin.py:149} INFO - [2023-06-14T13:31:19.738+0000] {dag.py:2726} INFO - Sync 1 DAGs
[2023-06-14T13:31:19.755+0000] {logging_mixin.py:149} INFO - [2023-06-14T13:31:19.755+0000] {dag.py:3490} INFO - Setting next_dagrun for latest_only_with_trigger to 2023-06-14T09:31:19.754937+00:00, run_after=2023-06-14T13:31:19.754937+00:00
[2023-06-14T13:31:19.767+0000] {processor.py:179} INFO - Processing /home/airflow/.local/lib/python3.7/site-packages/airflow/example_dags/example_latest_only_with_trigger.py took 0.068 seconds
[2023-06-14T13:31:50.282+0000] {processor.py:157} INFO - Started process (PID=527) to work on /home/airflow/.local/lib/python3.7/site-packages/airflow/example_dags/example_latest_only_with_trigger.py
[2023-06-14T13:31:50.285+0000] {processor.py:826} INFO - Processing file /home/airflow/.local/lib/python3.7/site-packages/airflow/example_dags/example_latest_only_with_trigger.py for tasks to queue
[2023-06-14T13:31:50.286+0000] {logging_mixin.py:149} INFO - [2023-06-14T13:31:50.286+0000] {dagbag.py:541} INFO - Filling up the DagBag from /home/airflow/.local/lib/python3.7/site-packages/airflow/example_dags/example_latest_only_with_trigger.py
[2023-06-14T13:31:50.294+0000] {processor.py:836} INFO - DAG(s) dict_keys(['latest_only_with_trigger']) retrieved from /home/airflow/.local/lib/python3.7/site-packages/airflow/example_dags/example_latest_only_with_trigger.py
[2023-06-14T13:31:50.321+0000] {logging_mixin.py:149} INFO - [2023-06-14T13:31:50.321+0000] {dag.py:2726} INFO - Sync 1 DAGs
[2023-06-14T13:31:50.339+0000] {logging_mixin.py:149} INFO - [2023-06-14T13:31:50.339+0000] {dag.py:3490} INFO - Setting next_dagrun for latest_only_with_trigger to 2023-06-14T09:31:50.339601+00:00, run_after=2023-06-14T13:31:50.339601+00:00
[2023-06-14T13:31:50.354+0000] {processor.py:179} INFO - Processing /home/airflow/.local/lib/python3.7/site-packages/airflow/example_dags/example_latest_only_with_trigger.py took 0.077 seconds
[2023-06-14T13:32:21.245+0000] {processor.py:157} INFO - Started process (PID=585) to work on /home/airflow/.local/lib/python3.7/site-packages/airflow/example_dags/example_latest_only_with_trigger.py
[2023-06-14T13:32:21.247+0000] {processor.py:826} INFO - Processing file /home/airflow/.local/lib/python3.7/site-packages/airflow/example_dags/example_latest_only_with_trigger.py for tasks to queue
[2023-06-14T13:32:21.248+0000] {logging_mixin.py:149} INFO - [2023-06-14T13:32:21.248+0000] {dagbag.py:541} INFO - Filling up the DagBag from /home/airflow/.local/lib/python3.7/site-packages/airflow/example_dags/example_latest_only_with_trigger.py
[2023-06-14T13:32:21.257+0000] {processor.py:836} INFO - DAG(s) dict_keys(['latest_only_with_trigger']) retrieved from /home/airflow/.local/lib/python3.7/site-packages/airflow/example_dags/example_latest_only_with_trigger.py
[2023-06-14T13:32:21.290+0000] {logging_mixin.py:149} INFO - [2023-06-14T13:32:21.290+0000] {dag.py:2726} INFO - Sync 1 DAGs
[2023-06-14T13:32:21.307+0000] {logging_mixin.py:149} INFO - [2023-06-14T13:32:21.307+0000] {dag.py:3490} INFO - Setting next_dagrun for latest_only_with_trigger to 2023-06-14T09:32:21.306932+00:00, run_after=2023-06-14T13:32:21.306932+00:00
[2023-06-14T13:32:21.319+0000] {processor.py:179} INFO - Processing /home/airflow/.local/lib/python3.7/site-packages/airflow/example_dags/example_latest_only_with_trigger.py took 0.080 seconds
[2023-06-14T13:32:52.133+0000] {processor.py:157} INFO - Started process (PID=642) to work on /home/airflow/.local/lib/python3.7/site-packages/airflow/example_dags/example_latest_only_with_trigger.py
[2023-06-14T13:32:52.134+0000] {processor.py:826} INFO - Processing file /home/airflow/.local/lib/python3.7/site-packages/airflow/example_dags/example_latest_only_with_trigger.py for tasks to queue
[2023-06-14T13:32:52.136+0000] {logging_mixin.py:149} INFO - [2023-06-14T13:32:52.135+0000] {dagbag.py:541} INFO - Filling up the DagBag from /home/airflow/.local/lib/python3.7/site-packages/airflow/example_dags/example_latest_only_with_trigger.py
[2023-06-14T13:32:52.144+0000] {processor.py:836} INFO - DAG(s) dict_keys(['latest_only_with_trigger']) retrieved from /home/airflow/.local/lib/python3.7/site-packages/airflow/example_dags/example_latest_only_with_trigger.py
[2023-06-14T13:32:52.169+0000] {logging_mixin.py:149} INFO - [2023-06-14T13:32:52.169+0000] {dag.py:2726} INFO - Sync 1 DAGs
[2023-06-14T13:32:52.186+0000] {logging_mixin.py:149} INFO - [2023-06-14T13:32:52.186+0000] {dag.py:3490} INFO - Setting next_dagrun for latest_only_with_trigger to 2023-06-14T09:32:52.186636+00:00, run_after=2023-06-14T13:32:52.186636+00:00
[2023-06-14T13:32:52.200+0000] {processor.py:179} INFO - Processing /home/airflow/.local/lib/python3.7/site-packages/airflow/example_dags/example_latest_only_with_trigger.py took 0.072 seconds
[2023-06-14T13:33:22.471+0000] {processor.py:157} INFO - Started process (PID=699) to work on /home/airflow/.local/lib/python3.7/site-packages/airflow/example_dags/example_latest_only_with_trigger.py
[2023-06-14T13:33:22.472+0000] {processor.py:826} INFO - Processing file /home/airflow/.local/lib/python3.7/site-packages/airflow/example_dags/example_latest_only_with_trigger.py for tasks to queue
[2023-06-14T13:33:22.473+0000] {logging_mixin.py:149} INFO - [2023-06-14T13:33:22.473+0000] {dagbag.py:541} INFO - Filling up the DagBag from /home/airflow/.local/lib/python3.7/site-packages/airflow/example_dags/example_latest_only_with_trigger.py
[2023-06-14T13:33:22.479+0000] {processor.py:836} INFO - DAG(s) dict_keys(['latest_only_with_trigger']) retrieved from /home/airflow/.local/lib/python3.7/site-packages/airflow/example_dags/example_latest_only_with_trigger.py
[2023-06-14T13:33:22.502+0000] {logging_mixin.py:149} INFO - [2023-06-14T13:33:22.502+0000] {dag.py:2726} INFO - Sync 1 DAGs
[2023-06-14T13:33:22.521+0000] {logging_mixin.py:149} INFO - [2023-06-14T13:33:22.521+0000] {dag.py:3490} INFO - Setting next_dagrun for latest_only_with_trigger to 2023-06-14T09:33:22.521373+00:00, run_after=2023-06-14T13:33:22.521373+00:00
[2023-06-14T13:33:22.533+0000] {processor.py:179} INFO - Processing /home/airflow/.local/lib/python3.7/site-packages/airflow/example_dags/example_latest_only_with_trigger.py took 0.066 seconds
[2023-06-14T13:33:52.962+0000] {processor.py:157} INFO - Started process (PID=756) to work on /home/airflow/.local/lib/python3.7/site-packages/airflow/example_dags/example_latest_only_with_trigger.py
[2023-06-14T13:33:52.964+0000] {processor.py:826} INFO - Processing file /home/airflow/.local/lib/python3.7/site-packages/airflow/example_dags/example_latest_only_with_trigger.py for tasks to queue
[2023-06-14T13:33:52.971+0000] {logging_mixin.py:149} INFO - [2023-06-14T13:33:52.971+0000] {dagbag.py:541} INFO - Filling up the DagBag from /home/airflow/.local/lib/python3.7/site-packages/airflow/example_dags/example_latest_only_with_trigger.py
[2023-06-14T13:33:52.976+0000] {processor.py:836} INFO - DAG(s) dict_keys(['latest_only_with_trigger']) retrieved from /home/airflow/.local/lib/python3.7/site-packages/airflow/example_dags/example_latest_only_with_trigger.py
[2023-06-14T13:33:52.996+0000] {logging_mixin.py:149} INFO - [2023-06-14T13:33:52.996+0000] {dag.py:2726} INFO - Sync 1 DAGs
[2023-06-14T13:33:53.012+0000] {logging_mixin.py:149} INFO - [2023-06-14T13:33:53.012+0000] {dag.py:3490} INFO - Setting next_dagrun for latest_only_with_trigger to 2023-06-14T09:33:53.012650+00:00, run_after=2023-06-14T13:33:53.012650+00:00
[2023-06-14T13:33:53.025+0000] {processor.py:179} INFO - Processing /home/airflow/.local/lib/python3.7/site-packages/airflow/example_dags/example_latest_only_with_trigger.py took 0.066 seconds
[2023-06-14T13:34:23.669+0000] {processor.py:157} INFO - Started process (PID=813) to work on /home/airflow/.local/lib/python3.7/site-packages/airflow/example_dags/example_latest_only_with_trigger.py
[2023-06-14T13:34:23.671+0000] {processor.py:826} INFO - Processing file /home/airflow/.local/lib/python3.7/site-packages/airflow/example_dags/example_latest_only_with_trigger.py for tasks to queue
[2023-06-14T13:34:23.672+0000] {logging_mixin.py:149} INFO - [2023-06-14T13:34:23.672+0000] {dagbag.py:541} INFO - Filling up the DagBag from /home/airflow/.local/lib/python3.7/site-packages/airflow/example_dags/example_latest_only_with_trigger.py
[2023-06-14T13:34:23.681+0000] {processor.py:836} INFO - DAG(s) dict_keys(['latest_only_with_trigger']) retrieved from /home/airflow/.local/lib/python3.7/site-packages/airflow/example_dags/example_latest_only_with_trigger.py
[2023-06-14T13:34:23.713+0000] {logging_mixin.py:149} INFO - [2023-06-14T13:34:23.713+0000] {dag.py:2726} INFO - Sync 1 DAGs
[2023-06-14T13:34:23.737+0000] {logging_mixin.py:149} INFO - [2023-06-14T13:34:23.737+0000] {dag.py:3490} INFO - Setting next_dagrun for latest_only_with_trigger to 2023-06-14T09:34:23.736951+00:00, run_after=2023-06-14T13:34:23.736951+00:00
[2023-06-14T13:34:23.752+0000] {processor.py:179} INFO - Processing /home/airflow/.local/lib/python3.7/site-packages/airflow/example_dags/example_latest_only_with_trigger.py took 0.088 seconds
[2023-06-14T13:34:54.323+0000] {processor.py:157} INFO - Started process (PID=870) to work on /home/airflow/.local/lib/python3.7/site-packages/airflow/example_dags/example_latest_only_with_trigger.py
[2023-06-14T13:34:54.325+0000] {processor.py:826} INFO - Processing file /home/airflow/.local/lib/python3.7/site-packages/airflow/example_dags/example_latest_only_with_trigger.py for tasks to queue
[2023-06-14T13:34:54.326+0000] {logging_mixin.py:149} INFO - [2023-06-14T13:34:54.326+0000] {dagbag.py:541} INFO - Filling up the DagBag from /home/airflow/.local/lib/python3.7/site-packages/airflow/example_dags/example_latest_only_with_trigger.py
[2023-06-14T13:34:54.334+0000] {processor.py:836} INFO - DAG(s) dict_keys(['latest_only_with_trigger']) retrieved from /home/airflow/.local/lib/python3.7/site-packages/airflow/example_dags/example_latest_only_with_trigger.py
[2023-06-14T13:34:54.359+0000] {logging_mixin.py:149} INFO - [2023-06-14T13:34:54.359+0000] {dag.py:2726} INFO - Sync 1 DAGs
[2023-06-14T13:34:54.378+0000] {logging_mixin.py:149} INFO - [2023-06-14T13:34:54.377+0000] {dag.py:3490} INFO - Setting next_dagrun for latest_only_with_trigger to 2023-06-14T09:34:54.377723+00:00, run_after=2023-06-14T13:34:54.377723+00:00
[2023-06-14T13:34:54.392+0000] {processor.py:179} INFO - Processing /home/airflow/.local/lib/python3.7/site-packages/airflow/example_dags/example_latest_only_with_trigger.py took 0.074 seconds
