[2023-06-14T13:27:24.728+0000] {processor.py:157} INFO - Started process (PID=53) to work on /home/airflow/.local/lib/python3.7/site-packages/airflow/example_dags/example_trigger_controller_dag.py
[2023-06-14T13:27:24.732+0000] {processor.py:826} INFO - Processing file /home/airflow/.local/lib/python3.7/site-packages/airflow/example_dags/example_trigger_controller_dag.py for tasks to queue
[2023-06-14T13:27:24.735+0000] {logging_mixin.py:149} INFO - [2023-06-14T13:27:24.734+0000] {dagbag.py:541} INFO - Filling up the DagBag from /home/airflow/.local/lib/python3.7/site-packages/airflow/example_dags/example_trigger_controller_dag.py
[2023-06-14T13:27:24.741+0000] {processor.py:836} INFO - DAG(s) dict_keys(['example_trigger_controller_dag']) retrieved from /home/airflow/.local/lib/python3.7/site-packages/airflow/example_dags/example_trigger_controller_dag.py
[2023-06-14T13:27:25.486+0000] {logging_mixin.py:149} INFO - [2023-06-14T13:27:25.485+0000] {manager.py:504} INFO - Created Permission View: can edit on DAG:example_trigger_controller_dag
[2023-06-14T13:27:25.533+0000] {logging_mixin.py:149} INFO - [2023-06-14T13:27:25.532+0000] {manager.py:504} INFO - Created Permission View: can read on DAG:example_trigger_controller_dag
[2023-06-14T13:27:25.570+0000] {logging_mixin.py:149} INFO - [2023-06-14T13:27:25.570+0000] {manager.py:504} INFO - Created Permission View: can delete on DAG:example_trigger_controller_dag
[2023-06-14T13:27:25.572+0000] {logging_mixin.py:149} INFO - [2023-06-14T13:27:25.572+0000] {dag.py:2726} INFO - Sync 1 DAGs
[2023-06-14T13:27:25.591+0000] {logging_mixin.py:149} INFO - [2023-06-14T13:27:25.591+0000] {dag.py:2747} INFO - Creating ORM DAG for example_trigger_controller_dag
[2023-06-14T13:27:25.612+0000] {logging_mixin.py:149} INFO - [2023-06-14T13:27:25.612+0000] {dag.py:3490} INFO - Setting next_dagrun for example_trigger_controller_dag to 2021-01-01T00:00:00+00:00, run_after=2021-01-01T00:00:00+00:00
[2023-06-14T13:27:25.638+0000] {processor.py:179} INFO - Processing /home/airflow/.local/lib/python3.7/site-packages/airflow/example_dags/example_trigger_controller_dag.py took 0.916 seconds
[2023-06-14T13:27:56.426+0000] {processor.py:157} INFO - Started process (PID=109) to work on /home/airflow/.local/lib/python3.7/site-packages/airflow/example_dags/example_trigger_controller_dag.py
[2023-06-14T13:27:56.428+0000] {processor.py:826} INFO - Processing file /home/airflow/.local/lib/python3.7/site-packages/airflow/example_dags/example_trigger_controller_dag.py for tasks to queue
[2023-06-14T13:27:56.430+0000] {logging_mixin.py:149} INFO - [2023-06-14T13:27:56.430+0000] {dagbag.py:541} INFO - Filling up the DagBag from /home/airflow/.local/lib/python3.7/site-packages/airflow/example_dags/example_trigger_controller_dag.py
[2023-06-14T13:27:56.445+0000] {processor.py:836} INFO - DAG(s) dict_keys(['example_trigger_controller_dag']) retrieved from /home/airflow/.local/lib/python3.7/site-packages/airflow/example_dags/example_trigger_controller_dag.py
[2023-06-14T13:27:56.496+0000] {logging_mixin.py:149} INFO - [2023-06-14T13:27:56.496+0000] {dag.py:2726} INFO - Sync 1 DAGs
[2023-06-14T13:27:56.537+0000] {logging_mixin.py:149} INFO - [2023-06-14T13:27:56.537+0000] {dag.py:3490} INFO - Setting next_dagrun for example_trigger_controller_dag to 2021-01-01T00:00:00+00:00, run_after=2021-01-01T00:00:00+00:00
[2023-06-14T13:27:56.577+0000] {processor.py:179} INFO - Processing /home/airflow/.local/lib/python3.7/site-packages/airflow/example_dags/example_trigger_controller_dag.py took 0.158 seconds
[2023-06-14T13:28:26.950+0000] {processor.py:157} INFO - Started process (PID=165) to work on /home/airflow/.local/lib/python3.7/site-packages/airflow/example_dags/example_trigger_controller_dag.py
[2023-06-14T13:28:26.952+0000] {processor.py:826} INFO - Processing file /home/airflow/.local/lib/python3.7/site-packages/airflow/example_dags/example_trigger_controller_dag.py for tasks to queue
[2023-06-14T13:28:26.953+0000] {logging_mixin.py:149} INFO - [2023-06-14T13:28:26.953+0000] {dagbag.py:541} INFO - Filling up the DagBag from /home/airflow/.local/lib/python3.7/site-packages/airflow/example_dags/example_trigger_controller_dag.py
[2023-06-14T13:28:26.960+0000] {processor.py:836} INFO - DAG(s) dict_keys(['example_trigger_controller_dag']) retrieved from /home/airflow/.local/lib/python3.7/site-packages/airflow/example_dags/example_trigger_controller_dag.py
[2023-06-14T13:28:26.984+0000] {logging_mixin.py:149} INFO - [2023-06-14T13:28:26.984+0000] {dag.py:2726} INFO - Sync 1 DAGs
[2023-06-14T13:28:27.002+0000] {logging_mixin.py:149} INFO - [2023-06-14T13:28:27.002+0000] {dag.py:3490} INFO - Setting next_dagrun for example_trigger_controller_dag to 2021-01-01T00:00:00+00:00, run_after=2021-01-01T00:00:00+00:00
[2023-06-14T13:28:27.039+0000] {processor.py:179} INFO - Processing /home/airflow/.local/lib/python3.7/site-packages/airflow/example_dags/example_trigger_controller_dag.py took 0.094 seconds
[2023-06-14T13:28:57.457+0000] {processor.py:157} INFO - Started process (PID=221) to work on /home/airflow/.local/lib/python3.7/site-packages/airflow/example_dags/example_trigger_controller_dag.py
[2023-06-14T13:28:57.458+0000] {processor.py:826} INFO - Processing file /home/airflow/.local/lib/python3.7/site-packages/airflow/example_dags/example_trigger_controller_dag.py for tasks to queue
[2023-06-14T13:28:57.459+0000] {logging_mixin.py:149} INFO - [2023-06-14T13:28:57.459+0000] {dagbag.py:541} INFO - Filling up the DagBag from /home/airflow/.local/lib/python3.7/site-packages/airflow/example_dags/example_trigger_controller_dag.py
[2023-06-14T13:28:57.463+0000] {processor.py:836} INFO - DAG(s) dict_keys(['example_trigger_controller_dag']) retrieved from /home/airflow/.local/lib/python3.7/site-packages/airflow/example_dags/example_trigger_controller_dag.py
[2023-06-14T13:28:57.484+0000] {logging_mixin.py:149} INFO - [2023-06-14T13:28:57.484+0000] {dag.py:2726} INFO - Sync 1 DAGs
[2023-06-14T13:28:57.501+0000] {logging_mixin.py:149} INFO - [2023-06-14T13:28:57.501+0000] {dag.py:3490} INFO - Setting next_dagrun for example_trigger_controller_dag to 2021-01-01T00:00:00+00:00, run_after=2021-01-01T00:00:00+00:00
[2023-06-14T13:28:57.513+0000] {processor.py:179} INFO - Processing /home/airflow/.local/lib/python3.7/site-packages/airflow/example_dags/example_trigger_controller_dag.py took 0.059 seconds
[2023-06-14T13:29:27.807+0000] {processor.py:157} INFO - Started process (PID=277) to work on /home/airflow/.local/lib/python3.7/site-packages/airflow/example_dags/example_trigger_controller_dag.py
[2023-06-14T13:29:27.808+0000] {processor.py:826} INFO - Processing file /home/airflow/.local/lib/python3.7/site-packages/airflow/example_dags/example_trigger_controller_dag.py for tasks to queue
[2023-06-14T13:29:27.810+0000] {logging_mixin.py:149} INFO - [2023-06-14T13:29:27.809+0000] {dagbag.py:541} INFO - Filling up the DagBag from /home/airflow/.local/lib/python3.7/site-packages/airflow/example_dags/example_trigger_controller_dag.py
[2023-06-14T13:29:27.815+0000] {processor.py:836} INFO - DAG(s) dict_keys(['example_trigger_controller_dag']) retrieved from /home/airflow/.local/lib/python3.7/site-packages/airflow/example_dags/example_trigger_controller_dag.py
[2023-06-14T13:29:27.840+0000] {logging_mixin.py:149} INFO - [2023-06-14T13:29:27.840+0000] {dag.py:2726} INFO - Sync 1 DAGs
[2023-06-14T13:29:27.856+0000] {logging_mixin.py:149} INFO - [2023-06-14T13:29:27.856+0000] {dag.py:3490} INFO - Setting next_dagrun for example_trigger_controller_dag to 2021-01-01T00:00:00+00:00, run_after=2021-01-01T00:00:00+00:00
[2023-06-14T13:29:27.866+0000] {processor.py:179} INFO - Processing /home/airflow/.local/lib/python3.7/site-packages/airflow/example_dags/example_trigger_controller_dag.py took 0.065 seconds
[2023-06-14T13:29:58.041+0000] {processor.py:157} INFO - Started process (PID=333) to work on /home/airflow/.local/lib/python3.7/site-packages/airflow/example_dags/example_trigger_controller_dag.py
[2023-06-14T13:29:58.043+0000] {processor.py:826} INFO - Processing file /home/airflow/.local/lib/python3.7/site-packages/airflow/example_dags/example_trigger_controller_dag.py for tasks to queue
[2023-06-14T13:29:58.045+0000] {logging_mixin.py:149} INFO - [2023-06-14T13:29:58.045+0000] {dagbag.py:541} INFO - Filling up the DagBag from /home/airflow/.local/lib/python3.7/site-packages/airflow/example_dags/example_trigger_controller_dag.py
[2023-06-14T13:29:58.051+0000] {processor.py:836} INFO - DAG(s) dict_keys(['example_trigger_controller_dag']) retrieved from /home/airflow/.local/lib/python3.7/site-packages/airflow/example_dags/example_trigger_controller_dag.py
[2023-06-14T13:29:58.075+0000] {logging_mixin.py:149} INFO - [2023-06-14T13:29:58.075+0000] {dag.py:2726} INFO - Sync 1 DAGs
[2023-06-14T13:29:58.091+0000] {logging_mixin.py:149} INFO - [2023-06-14T13:29:58.091+0000] {dag.py:3490} INFO - Setting next_dagrun for example_trigger_controller_dag to 2021-01-01T00:00:00+00:00, run_after=2021-01-01T00:00:00+00:00
[2023-06-14T13:29:58.103+0000] {processor.py:179} INFO - Processing /home/airflow/.local/lib/python3.7/site-packages/airflow/example_dags/example_trigger_controller_dag.py took 0.066 seconds
[2023-06-14T13:30:28.724+0000] {processor.py:157} INFO - Started process (PID=389) to work on /home/airflow/.local/lib/python3.7/site-packages/airflow/example_dags/example_trigger_controller_dag.py
[2023-06-14T13:30:28.726+0000] {processor.py:826} INFO - Processing file /home/airflow/.local/lib/python3.7/site-packages/airflow/example_dags/example_trigger_controller_dag.py for tasks to queue
[2023-06-14T13:30:28.727+0000] {logging_mixin.py:149} INFO - [2023-06-14T13:30:28.727+0000] {dagbag.py:541} INFO - Filling up the DagBag from /home/airflow/.local/lib/python3.7/site-packages/airflow/example_dags/example_trigger_controller_dag.py
[2023-06-14T13:30:28.733+0000] {processor.py:836} INFO - DAG(s) dict_keys(['example_trigger_controller_dag']) retrieved from /home/airflow/.local/lib/python3.7/site-packages/airflow/example_dags/example_trigger_controller_dag.py
[2023-06-14T13:30:28.757+0000] {logging_mixin.py:149} INFO - [2023-06-14T13:30:28.757+0000] {dag.py:2726} INFO - Sync 1 DAGs
[2023-06-14T13:30:28.774+0000] {logging_mixin.py:149} INFO - [2023-06-14T13:30:28.774+0000] {dag.py:3490} INFO - Setting next_dagrun for example_trigger_controller_dag to 2021-01-01T00:00:00+00:00, run_after=2021-01-01T00:00:00+00:00
[2023-06-14T13:30:28.785+0000] {processor.py:179} INFO - Processing /home/airflow/.local/lib/python3.7/site-packages/airflow/example_dags/example_trigger_controller_dag.py took 0.066 seconds
[2023-06-14T13:30:59.523+0000] {processor.py:157} INFO - Started process (PID=445) to work on /home/airflow/.local/lib/python3.7/site-packages/airflow/example_dags/example_trigger_controller_dag.py
[2023-06-14T13:30:59.526+0000] {processor.py:826} INFO - Processing file /home/airflow/.local/lib/python3.7/site-packages/airflow/example_dags/example_trigger_controller_dag.py for tasks to queue
[2023-06-14T13:30:59.528+0000] {logging_mixin.py:149} INFO - [2023-06-14T13:30:59.528+0000] {dagbag.py:541} INFO - Filling up the DagBag from /home/airflow/.local/lib/python3.7/site-packages/airflow/example_dags/example_trigger_controller_dag.py
[2023-06-14T13:30:59.536+0000] {processor.py:836} INFO - DAG(s) dict_keys(['example_trigger_controller_dag']) retrieved from /home/airflow/.local/lib/python3.7/site-packages/airflow/example_dags/example_trigger_controller_dag.py
[2023-06-14T13:30:59.592+0000] {logging_mixin.py:149} INFO - [2023-06-14T13:30:59.592+0000] {dag.py:2726} INFO - Sync 1 DAGs
[2023-06-14T13:30:59.651+0000] {logging_mixin.py:149} INFO - [2023-06-14T13:30:59.651+0000] {dag.py:3490} INFO - Setting next_dagrun for example_trigger_controller_dag to 2021-01-01T00:00:00+00:00, run_after=2021-01-01T00:00:00+00:00
[2023-06-14T13:30:59.694+0000] {processor.py:179} INFO - Processing /home/airflow/.local/lib/python3.7/site-packages/airflow/example_dags/example_trigger_controller_dag.py took 0.177 seconds
[2023-06-14T13:31:30.229+0000] {processor.py:157} INFO - Started process (PID=501) to work on /home/airflow/.local/lib/python3.7/site-packages/airflow/example_dags/example_trigger_controller_dag.py
[2023-06-14T13:31:30.231+0000] {processor.py:826} INFO - Processing file /home/airflow/.local/lib/python3.7/site-packages/airflow/example_dags/example_trigger_controller_dag.py for tasks to queue
[2023-06-14T13:31:30.233+0000] {logging_mixin.py:149} INFO - [2023-06-14T13:31:30.233+0000] {dagbag.py:541} INFO - Filling up the DagBag from /home/airflow/.local/lib/python3.7/site-packages/airflow/example_dags/example_trigger_controller_dag.py
[2023-06-14T13:31:30.240+0000] {processor.py:836} INFO - DAG(s) dict_keys(['example_trigger_controller_dag']) retrieved from /home/airflow/.local/lib/python3.7/site-packages/airflow/example_dags/example_trigger_controller_dag.py
[2023-06-14T13:31:30.266+0000] {logging_mixin.py:149} INFO - [2023-06-14T13:31:30.266+0000] {dag.py:2726} INFO - Sync 1 DAGs
[2023-06-14T13:31:30.282+0000] {logging_mixin.py:149} INFO - [2023-06-14T13:31:30.282+0000] {dag.py:3490} INFO - Setting next_dagrun for example_trigger_controller_dag to 2021-01-01T00:00:00+00:00, run_after=2021-01-01T00:00:00+00:00
[2023-06-14T13:31:30.294+0000] {processor.py:179} INFO - Processing /home/airflow/.local/lib/python3.7/site-packages/airflow/example_dags/example_trigger_controller_dag.py took 0.069 seconds
[2023-06-14T13:32:00.814+0000] {processor.py:157} INFO - Started process (PID=558) to work on /home/airflow/.local/lib/python3.7/site-packages/airflow/example_dags/example_trigger_controller_dag.py
[2023-06-14T13:32:00.815+0000] {processor.py:826} INFO - Processing file /home/airflow/.local/lib/python3.7/site-packages/airflow/example_dags/example_trigger_controller_dag.py for tasks to queue
[2023-06-14T13:32:00.816+0000] {logging_mixin.py:149} INFO - [2023-06-14T13:32:00.816+0000] {dagbag.py:541} INFO - Filling up the DagBag from /home/airflow/.local/lib/python3.7/site-packages/airflow/example_dags/example_trigger_controller_dag.py
[2023-06-14T13:32:00.821+0000] {processor.py:836} INFO - DAG(s) dict_keys(['example_trigger_controller_dag']) retrieved from /home/airflow/.local/lib/python3.7/site-packages/airflow/example_dags/example_trigger_controller_dag.py
[2023-06-14T13:32:00.850+0000] {logging_mixin.py:149} INFO - [2023-06-14T13:32:00.850+0000] {dag.py:2726} INFO - Sync 1 DAGs
[2023-06-14T13:32:00.871+0000] {logging_mixin.py:149} INFO - [2023-06-14T13:32:00.871+0000] {dag.py:3490} INFO - Setting next_dagrun for example_trigger_controller_dag to 2021-01-01T00:00:00+00:00, run_after=2021-01-01T00:00:00+00:00
[2023-06-14T13:32:00.887+0000] {processor.py:179} INFO - Processing /home/airflow/.local/lib/python3.7/site-packages/airflow/example_dags/example_trigger_controller_dag.py took 0.076 seconds
[2023-06-14T13:32:30.966+0000] {processor.py:157} INFO - Started process (PID=616) to work on /home/airflow/.local/lib/python3.7/site-packages/airflow/example_dags/example_trigger_controller_dag.py
[2023-06-14T13:32:30.967+0000] {processor.py:826} INFO - Processing file /home/airflow/.local/lib/python3.7/site-packages/airflow/example_dags/example_trigger_controller_dag.py for tasks to queue
[2023-06-14T13:32:30.968+0000] {logging_mixin.py:149} INFO - [2023-06-14T13:32:30.968+0000] {dagbag.py:541} INFO - Filling up the DagBag from /home/airflow/.local/lib/python3.7/site-packages/airflow/example_dags/example_trigger_controller_dag.py
[2023-06-14T13:32:30.974+0000] {processor.py:836} INFO - DAG(s) dict_keys(['example_trigger_controller_dag']) retrieved from /home/airflow/.local/lib/python3.7/site-packages/airflow/example_dags/example_trigger_controller_dag.py
[2023-06-14T13:32:30.999+0000] {logging_mixin.py:149} INFO - [2023-06-14T13:32:30.999+0000] {dag.py:2726} INFO - Sync 1 DAGs
[2023-06-14T13:32:31.017+0000] {logging_mixin.py:149} INFO - [2023-06-14T13:32:31.017+0000] {dag.py:3490} INFO - Setting next_dagrun for example_trigger_controller_dag to 2021-01-01T00:00:00+00:00, run_after=2021-01-01T00:00:00+00:00
[2023-06-14T13:32:31.032+0000] {processor.py:179} INFO - Processing /home/airflow/.local/lib/python3.7/site-packages/airflow/example_dags/example_trigger_controller_dag.py took 0.071 seconds
[2023-06-14T13:33:01.385+0000] {processor.py:157} INFO - Started process (PID=673) to work on /home/airflow/.local/lib/python3.7/site-packages/airflow/example_dags/example_trigger_controller_dag.py
[2023-06-14T13:33:01.388+0000] {processor.py:826} INFO - Processing file /home/airflow/.local/lib/python3.7/site-packages/airflow/example_dags/example_trigger_controller_dag.py for tasks to queue
[2023-06-14T13:33:01.390+0000] {logging_mixin.py:149} INFO - [2023-06-14T13:33:01.390+0000] {dagbag.py:541} INFO - Filling up the DagBag from /home/airflow/.local/lib/python3.7/site-packages/airflow/example_dags/example_trigger_controller_dag.py
[2023-06-14T13:33:01.396+0000] {processor.py:836} INFO - DAG(s) dict_keys(['example_trigger_controller_dag']) retrieved from /home/airflow/.local/lib/python3.7/site-packages/airflow/example_dags/example_trigger_controller_dag.py
[2023-06-14T13:33:01.424+0000] {logging_mixin.py:149} INFO - [2023-06-14T13:33:01.424+0000] {dag.py:2726} INFO - Sync 1 DAGs
[2023-06-14T13:33:01.440+0000] {logging_mixin.py:149} INFO - [2023-06-14T13:33:01.440+0000] {dag.py:3490} INFO - Setting next_dagrun for example_trigger_controller_dag to 2021-01-01T00:00:00+00:00, run_after=2021-01-01T00:00:00+00:00
[2023-06-14T13:33:01.453+0000] {processor.py:179} INFO - Processing /home/airflow/.local/lib/python3.7/site-packages/airflow/example_dags/example_trigger_controller_dag.py took 0.074 seconds
[2023-06-14T13:33:31.842+0000] {processor.py:157} INFO - Started process (PID=730) to work on /home/airflow/.local/lib/python3.7/site-packages/airflow/example_dags/example_trigger_controller_dag.py
[2023-06-14T13:33:31.843+0000] {processor.py:826} INFO - Processing file /home/airflow/.local/lib/python3.7/site-packages/airflow/example_dags/example_trigger_controller_dag.py for tasks to queue
[2023-06-14T13:33:31.845+0000] {logging_mixin.py:149} INFO - [2023-06-14T13:33:31.845+0000] {dagbag.py:541} INFO - Filling up the DagBag from /home/airflow/.local/lib/python3.7/site-packages/airflow/example_dags/example_trigger_controller_dag.py
[2023-06-14T13:33:31.850+0000] {processor.py:836} INFO - DAG(s) dict_keys(['example_trigger_controller_dag']) retrieved from /home/airflow/.local/lib/python3.7/site-packages/airflow/example_dags/example_trigger_controller_dag.py
[2023-06-14T13:33:31.875+0000] {logging_mixin.py:149} INFO - [2023-06-14T13:33:31.875+0000] {dag.py:2726} INFO - Sync 1 DAGs
[2023-06-14T13:33:31.891+0000] {logging_mixin.py:149} INFO - [2023-06-14T13:33:31.891+0000] {dag.py:3490} INFO - Setting next_dagrun for example_trigger_controller_dag to 2021-01-01T00:00:00+00:00, run_after=2021-01-01T00:00:00+00:00
[2023-06-14T13:33:31.903+0000] {processor.py:179} INFO - Processing /home/airflow/.local/lib/python3.7/site-packages/airflow/example_dags/example_trigger_controller_dag.py took 0.065 seconds
[2023-06-14T13:34:02.320+0000] {processor.py:157} INFO - Started process (PID=787) to work on /home/airflow/.local/lib/python3.7/site-packages/airflow/example_dags/example_trigger_controller_dag.py
[2023-06-14T13:34:02.321+0000] {processor.py:826} INFO - Processing file /home/airflow/.local/lib/python3.7/site-packages/airflow/example_dags/example_trigger_controller_dag.py for tasks to queue
[2023-06-14T13:34:02.322+0000] {logging_mixin.py:149} INFO - [2023-06-14T13:34:02.322+0000] {dagbag.py:541} INFO - Filling up the DagBag from /home/airflow/.local/lib/python3.7/site-packages/airflow/example_dags/example_trigger_controller_dag.py
[2023-06-14T13:34:02.327+0000] {processor.py:836} INFO - DAG(s) dict_keys(['example_trigger_controller_dag']) retrieved from /home/airflow/.local/lib/python3.7/site-packages/airflow/example_dags/example_trigger_controller_dag.py
[2023-06-14T13:34:02.379+0000] {logging_mixin.py:149} INFO - [2023-06-14T13:34:02.379+0000] {dag.py:2726} INFO - Sync 1 DAGs
[2023-06-14T13:34:02.404+0000] {logging_mixin.py:149} INFO - [2023-06-14T13:34:02.404+0000] {dag.py:3490} INFO - Setting next_dagrun for example_trigger_controller_dag to 2021-01-01T00:00:00+00:00, run_after=2021-01-01T00:00:00+00:00
[2023-06-14T13:34:02.423+0000] {processor.py:179} INFO - Processing /home/airflow/.local/lib/python3.7/site-packages/airflow/example_dags/example_trigger_controller_dag.py took 0.105 seconds
[2023-06-14T13:34:33.040+0000] {processor.py:157} INFO - Started process (PID=844) to work on /home/airflow/.local/lib/python3.7/site-packages/airflow/example_dags/example_trigger_controller_dag.py
[2023-06-14T13:34:33.042+0000] {processor.py:826} INFO - Processing file /home/airflow/.local/lib/python3.7/site-packages/airflow/example_dags/example_trigger_controller_dag.py for tasks to queue
[2023-06-14T13:34:33.043+0000] {logging_mixin.py:149} INFO - [2023-06-14T13:34:33.043+0000] {dagbag.py:541} INFO - Filling up the DagBag from /home/airflow/.local/lib/python3.7/site-packages/airflow/example_dags/example_trigger_controller_dag.py
[2023-06-14T13:34:33.048+0000] {processor.py:836} INFO - DAG(s) dict_keys(['example_trigger_controller_dag']) retrieved from /home/airflow/.local/lib/python3.7/site-packages/airflow/example_dags/example_trigger_controller_dag.py
[2023-06-14T13:34:33.073+0000] {logging_mixin.py:149} INFO - [2023-06-14T13:34:33.072+0000] {dag.py:2726} INFO - Sync 1 DAGs
[2023-06-14T13:34:33.093+0000] {logging_mixin.py:149} INFO - [2023-06-14T13:34:33.092+0000] {dag.py:3490} INFO - Setting next_dagrun for example_trigger_controller_dag to 2021-01-01T00:00:00+00:00, run_after=2021-01-01T00:00:00+00:00
[2023-06-14T13:34:33.106+0000] {processor.py:179} INFO - Processing /home/airflow/.local/lib/python3.7/site-packages/airflow/example_dags/example_trigger_controller_dag.py took 0.071 seconds
[2023-06-14T13:35:03.623+0000] {processor.py:157} INFO - Started process (PID=901) to work on /home/airflow/.local/lib/python3.7/site-packages/airflow/example_dags/example_trigger_controller_dag.py
[2023-06-14T13:35:03.626+0000] {processor.py:826} INFO - Processing file /home/airflow/.local/lib/python3.7/site-packages/airflow/example_dags/example_trigger_controller_dag.py for tasks to queue
[2023-06-14T13:35:03.628+0000] {logging_mixin.py:149} INFO - [2023-06-14T13:35:03.628+0000] {dagbag.py:541} INFO - Filling up the DagBag from /home/airflow/.local/lib/python3.7/site-packages/airflow/example_dags/example_trigger_controller_dag.py
[2023-06-14T13:35:03.636+0000] {processor.py:836} INFO - DAG(s) dict_keys(['example_trigger_controller_dag']) retrieved from /home/airflow/.local/lib/python3.7/site-packages/airflow/example_dags/example_trigger_controller_dag.py
[2023-06-14T13:35:03.665+0000] {logging_mixin.py:149} INFO - [2023-06-14T13:35:03.664+0000] {dag.py:2726} INFO - Sync 1 DAGs
[2023-06-14T13:35:03.682+0000] {logging_mixin.py:149} INFO - [2023-06-14T13:35:03.681+0000] {dag.py:3490} INFO - Setting next_dagrun for example_trigger_controller_dag to 2021-01-01T00:00:00+00:00, run_after=2021-01-01T00:00:00+00:00
[2023-06-14T13:35:03.694+0000] {processor.py:179} INFO - Processing /home/airflow/.local/lib/python3.7/site-packages/airflow/example_dags/example_trigger_controller_dag.py took 0.076 seconds
