[2023-06-14T13:27:29.506+0000] {processor.py:157} INFO - Started process (PID=58) to work on /home/airflow/.local/lib/python3.7/site-packages/airflow/example_dags/example_kubernetes_executor.py
[2023-06-14T13:27:29.510+0000] {processor.py:826} INFO - Processing file /home/airflow/.local/lib/python3.7/site-packages/airflow/example_dags/example_kubernetes_executor.py for tasks to queue
[2023-06-14T13:27:29.515+0000] {logging_mixin.py:149} INFO - [2023-06-14T13:27:29.515+0000] {dagbag.py:541} INFO - Filling up the DagBag from /home/airflow/.local/lib/python3.7/site-packages/airflow/example_dags/example_kubernetes_executor.py
[2023-06-14T13:27:34.043+0000] {processor.py:836} INFO - DAG(s) dict_keys(['example_kubernetes_executor']) retrieved from /home/airflow/.local/lib/python3.7/site-packages/airflow/example_dags/example_kubernetes_executor.py
[2023-06-14T13:27:35.010+0000] {logging_mixin.py:149} INFO - [2023-06-14T13:27:35.010+0000] {manager.py:504} INFO - Created Permission View: can edit on DAG:example_kubernetes_executor
[2023-06-14T13:27:35.148+0000] {logging_mixin.py:149} INFO - [2023-06-14T13:27:35.148+0000] {manager.py:504} INFO - Created Permission View: can read on DAG:example_kubernetes_executor
[2023-06-14T13:27:35.196+0000] {logging_mixin.py:149} INFO - [2023-06-14T13:27:35.196+0000] {manager.py:504} INFO - Created Permission View: can delete on DAG:example_kubernetes_executor
[2023-06-14T13:27:35.202+0000] {logging_mixin.py:149} INFO - [2023-06-14T13:27:35.202+0000] {dag.py:2726} INFO - Sync 1 DAGs
[2023-06-14T13:27:35.263+0000] {logging_mixin.py:149} INFO - [2023-06-14T13:27:35.262+0000] {dag.py:2747} INFO - Creating ORM DAG for example_kubernetes_executor
[2023-06-14T13:27:35.507+0000] {logging_mixin.py:149} INFO - [2023-06-14T13:27:35.507+0000] {dag.py:3490} INFO - Setting next_dagrun for example_kubernetes_executor to None, run_after=None
[2023-06-14T13:27:35.805+0000] {processor.py:179} INFO - Processing /home/airflow/.local/lib/python3.7/site-packages/airflow/example_dags/example_kubernetes_executor.py took 6.316 seconds
[2023-06-14T13:28:06.606+0000] {processor.py:157} INFO - Started process (PID=124) to work on /home/airflow/.local/lib/python3.7/site-packages/airflow/example_dags/example_kubernetes_executor.py
[2023-06-14T13:28:06.616+0000] {processor.py:826} INFO - Processing file /home/airflow/.local/lib/python3.7/site-packages/airflow/example_dags/example_kubernetes_executor.py for tasks to queue
[2023-06-14T13:28:06.619+0000] {logging_mixin.py:149} INFO - [2023-06-14T13:28:06.619+0000] {dagbag.py:541} INFO - Filling up the DagBag from /home/airflow/.local/lib/python3.7/site-packages/airflow/example_dags/example_kubernetes_executor.py
[2023-06-14T13:28:06.942+0000] {processor.py:836} INFO - DAG(s) dict_keys(['example_kubernetes_executor']) retrieved from /home/airflow/.local/lib/python3.7/site-packages/airflow/example_dags/example_kubernetes_executor.py
[2023-06-14T13:28:07.024+0000] {logging_mixin.py:149} INFO - [2023-06-14T13:28:07.023+0000] {dag.py:2726} INFO - Sync 1 DAGs
[2023-06-14T13:28:07.070+0000] {logging_mixin.py:149} INFO - [2023-06-14T13:28:07.070+0000] {dag.py:3490} INFO - Setting next_dagrun for example_kubernetes_executor to None, run_after=None
[2023-06-14T13:28:07.107+0000] {processor.py:179} INFO - Processing /home/airflow/.local/lib/python3.7/site-packages/airflow/example_dags/example_kubernetes_executor.py took 0.512 seconds
[2023-06-14T13:28:37.481+0000] {processor.py:157} INFO - Started process (PID=180) to work on /home/airflow/.local/lib/python3.7/site-packages/airflow/example_dags/example_kubernetes_executor.py
[2023-06-14T13:28:37.483+0000] {processor.py:826} INFO - Processing file /home/airflow/.local/lib/python3.7/site-packages/airflow/example_dags/example_kubernetes_executor.py for tasks to queue
[2023-06-14T13:28:37.485+0000] {logging_mixin.py:149} INFO - [2023-06-14T13:28:37.485+0000] {dagbag.py:541} INFO - Filling up the DagBag from /home/airflow/.local/lib/python3.7/site-packages/airflow/example_dags/example_kubernetes_executor.py
[2023-06-14T13:28:37.652+0000] {processor.py:836} INFO - DAG(s) dict_keys(['example_kubernetes_executor']) retrieved from /home/airflow/.local/lib/python3.7/site-packages/airflow/example_dags/example_kubernetes_executor.py
[2023-06-14T13:28:37.689+0000] {logging_mixin.py:149} INFO - [2023-06-14T13:28:37.689+0000] {dag.py:2726} INFO - Sync 1 DAGs
[2023-06-14T13:28:37.705+0000] {logging_mixin.py:149} INFO - [2023-06-14T13:28:37.705+0000] {dag.py:3490} INFO - Setting next_dagrun for example_kubernetes_executor to None, run_after=None
[2023-06-14T13:28:37.715+0000] {processor.py:179} INFO - Processing /home/airflow/.local/lib/python3.7/site-packages/airflow/example_dags/example_kubernetes_executor.py took 0.239 seconds
[2023-06-14T13:29:08.003+0000] {processor.py:157} INFO - Started process (PID=236) to work on /home/airflow/.local/lib/python3.7/site-packages/airflow/example_dags/example_kubernetes_executor.py
[2023-06-14T13:29:08.005+0000] {processor.py:826} INFO - Processing file /home/airflow/.local/lib/python3.7/site-packages/airflow/example_dags/example_kubernetes_executor.py for tasks to queue
[2023-06-14T13:29:08.007+0000] {logging_mixin.py:149} INFO - [2023-06-14T13:29:08.007+0000] {dagbag.py:541} INFO - Filling up the DagBag from /home/airflow/.local/lib/python3.7/site-packages/airflow/example_dags/example_kubernetes_executor.py
[2023-06-14T13:29:08.141+0000] {processor.py:836} INFO - DAG(s) dict_keys(['example_kubernetes_executor']) retrieved from /home/airflow/.local/lib/python3.7/site-packages/airflow/example_dags/example_kubernetes_executor.py
[2023-06-14T13:29:08.169+0000] {logging_mixin.py:149} INFO - [2023-06-14T13:29:08.169+0000] {dag.py:2726} INFO - Sync 1 DAGs
[2023-06-14T13:29:08.185+0000] {logging_mixin.py:149} INFO - [2023-06-14T13:29:08.185+0000] {dag.py:3490} INFO - Setting next_dagrun for example_kubernetes_executor to None, run_after=None
[2023-06-14T13:29:08.196+0000] {processor.py:179} INFO - Processing /home/airflow/.local/lib/python3.7/site-packages/airflow/example_dags/example_kubernetes_executor.py took 0.199 seconds
[2023-06-14T13:29:38.316+0000] {processor.py:157} INFO - Started process (PID=294) to work on /home/airflow/.local/lib/python3.7/site-packages/airflow/example_dags/example_kubernetes_executor.py
[2023-06-14T13:29:38.317+0000] {processor.py:826} INFO - Processing file /home/airflow/.local/lib/python3.7/site-packages/airflow/example_dags/example_kubernetes_executor.py for tasks to queue
[2023-06-14T13:29:38.318+0000] {logging_mixin.py:149} INFO - [2023-06-14T13:29:38.318+0000] {dagbag.py:541} INFO - Filling up the DagBag from /home/airflow/.local/lib/python3.7/site-packages/airflow/example_dags/example_kubernetes_executor.py
[2023-06-14T13:29:38.443+0000] {processor.py:836} INFO - DAG(s) dict_keys(['example_kubernetes_executor']) retrieved from /home/airflow/.local/lib/python3.7/site-packages/airflow/example_dags/example_kubernetes_executor.py
[2023-06-14T13:29:38.471+0000] {logging_mixin.py:149} INFO - [2023-06-14T13:29:38.470+0000] {dag.py:2726} INFO - Sync 1 DAGs
[2023-06-14T13:29:38.487+0000] {logging_mixin.py:149} INFO - [2023-06-14T13:29:38.486+0000] {dag.py:3490} INFO - Setting next_dagrun for example_kubernetes_executor to None, run_after=None
[2023-06-14T13:29:38.497+0000] {processor.py:179} INFO - Processing /home/airflow/.local/lib/python3.7/site-packages/airflow/example_dags/example_kubernetes_executor.py took 0.184 seconds
[2023-06-14T13:30:08.596+0000] {processor.py:157} INFO - Started process (PID=348) to work on /home/airflow/.local/lib/python3.7/site-packages/airflow/example_dags/example_kubernetes_executor.py
[2023-06-14T13:30:08.600+0000] {processor.py:826} INFO - Processing file /home/airflow/.local/lib/python3.7/site-packages/airflow/example_dags/example_kubernetes_executor.py for tasks to queue
[2023-06-14T13:30:08.601+0000] {logging_mixin.py:149} INFO - [2023-06-14T13:30:08.601+0000] {dagbag.py:541} INFO - Filling up the DagBag from /home/airflow/.local/lib/python3.7/site-packages/airflow/example_dags/example_kubernetes_executor.py
[2023-06-14T13:30:08.802+0000] {processor.py:836} INFO - DAG(s) dict_keys(['example_kubernetes_executor']) retrieved from /home/airflow/.local/lib/python3.7/site-packages/airflow/example_dags/example_kubernetes_executor.py
[2023-06-14T13:30:08.839+0000] {logging_mixin.py:149} INFO - [2023-06-14T13:30:08.839+0000] {dag.py:2726} INFO - Sync 1 DAGs
[2023-06-14T13:30:08.855+0000] {logging_mixin.py:149} INFO - [2023-06-14T13:30:08.855+0000] {dag.py:3490} INFO - Setting next_dagrun for example_kubernetes_executor to None, run_after=None
[2023-06-14T13:30:08.867+0000] {processor.py:179} INFO - Processing /home/airflow/.local/lib/python3.7/site-packages/airflow/example_dags/example_kubernetes_executor.py took 0.278 seconds
[2023-06-14T13:30:39.228+0000] {processor.py:157} INFO - Started process (PID=404) to work on /home/airflow/.local/lib/python3.7/site-packages/airflow/example_dags/example_kubernetes_executor.py
[2023-06-14T13:30:39.231+0000] {processor.py:826} INFO - Processing file /home/airflow/.local/lib/python3.7/site-packages/airflow/example_dags/example_kubernetes_executor.py for tasks to queue
[2023-06-14T13:30:39.233+0000] {logging_mixin.py:149} INFO - [2023-06-14T13:30:39.232+0000] {dagbag.py:541} INFO - Filling up the DagBag from /home/airflow/.local/lib/python3.7/site-packages/airflow/example_dags/example_kubernetes_executor.py
[2023-06-14T13:30:39.693+0000] {processor.py:836} INFO - DAG(s) dict_keys(['example_kubernetes_executor']) retrieved from /home/airflow/.local/lib/python3.7/site-packages/airflow/example_dags/example_kubernetes_executor.py
[2023-06-14T13:30:39.738+0000] {logging_mixin.py:149} INFO - [2023-06-14T13:30:39.737+0000] {dag.py:2726} INFO - Sync 1 DAGs
[2023-06-14T13:30:39.755+0000] {logging_mixin.py:149} INFO - [2023-06-14T13:30:39.755+0000] {dag.py:3490} INFO - Setting next_dagrun for example_kubernetes_executor to None, run_after=None
[2023-06-14T13:30:39.767+0000] {processor.py:179} INFO - Processing /home/airflow/.local/lib/python3.7/site-packages/airflow/example_dags/example_kubernetes_executor.py took 0.547 seconds
[2023-06-14T13:31:10.147+0000] {processor.py:157} INFO - Started process (PID=460) to work on /home/airflow/.local/lib/python3.7/site-packages/airflow/example_dags/example_kubernetes_executor.py
[2023-06-14T13:31:10.150+0000] {processor.py:826} INFO - Processing file /home/airflow/.local/lib/python3.7/site-packages/airflow/example_dags/example_kubernetes_executor.py for tasks to queue
[2023-06-14T13:31:10.151+0000] {logging_mixin.py:149} INFO - [2023-06-14T13:31:10.151+0000] {dagbag.py:541} INFO - Filling up the DagBag from /home/airflow/.local/lib/python3.7/site-packages/airflow/example_dags/example_kubernetes_executor.py
[2023-06-14T13:31:10.323+0000] {processor.py:836} INFO - DAG(s) dict_keys(['example_kubernetes_executor']) retrieved from /home/airflow/.local/lib/python3.7/site-packages/airflow/example_dags/example_kubernetes_executor.py
[2023-06-14T13:31:10.356+0000] {logging_mixin.py:149} INFO - [2023-06-14T13:31:10.356+0000] {dag.py:2726} INFO - Sync 1 DAGs
[2023-06-14T13:31:10.370+0000] {logging_mixin.py:149} INFO - [2023-06-14T13:31:10.370+0000] {dag.py:3490} INFO - Setting next_dagrun for example_kubernetes_executor to None, run_after=None
[2023-06-14T13:31:10.382+0000] {processor.py:179} INFO - Processing /home/airflow/.local/lib/python3.7/site-packages/airflow/example_dags/example_kubernetes_executor.py took 0.241 seconds
[2023-06-14T13:31:40.698+0000] {processor.py:157} INFO - Started process (PID=517) to work on /home/airflow/.local/lib/python3.7/site-packages/airflow/example_dags/example_kubernetes_executor.py
[2023-06-14T13:31:40.700+0000] {processor.py:826} INFO - Processing file /home/airflow/.local/lib/python3.7/site-packages/airflow/example_dags/example_kubernetes_executor.py for tasks to queue
[2023-06-14T13:31:40.702+0000] {logging_mixin.py:149} INFO - [2023-06-14T13:31:40.702+0000] {dagbag.py:541} INFO - Filling up the DagBag from /home/airflow/.local/lib/python3.7/site-packages/airflow/example_dags/example_kubernetes_executor.py
[2023-06-14T13:31:40.844+0000] {processor.py:836} INFO - DAG(s) dict_keys(['example_kubernetes_executor']) retrieved from /home/airflow/.local/lib/python3.7/site-packages/airflow/example_dags/example_kubernetes_executor.py
[2023-06-14T13:31:40.876+0000] {logging_mixin.py:149} INFO - [2023-06-14T13:31:40.876+0000] {dag.py:2726} INFO - Sync 1 DAGs
[2023-06-14T13:31:40.895+0000] {logging_mixin.py:149} INFO - [2023-06-14T13:31:40.895+0000] {dag.py:3490} INFO - Setting next_dagrun for example_kubernetes_executor to None, run_after=None
[2023-06-14T13:31:40.907+0000] {processor.py:179} INFO - Processing /home/airflow/.local/lib/python3.7/site-packages/airflow/example_dags/example_kubernetes_executor.py took 0.215 seconds
[2023-06-14T13:32:11.444+0000] {processor.py:157} INFO - Started process (PID=574) to work on /home/airflow/.local/lib/python3.7/site-packages/airflow/example_dags/example_kubernetes_executor.py
[2023-06-14T13:32:11.446+0000] {processor.py:826} INFO - Processing file /home/airflow/.local/lib/python3.7/site-packages/airflow/example_dags/example_kubernetes_executor.py for tasks to queue
[2023-06-14T13:32:11.448+0000] {logging_mixin.py:149} INFO - [2023-06-14T13:32:11.448+0000] {dagbag.py:541} INFO - Filling up the DagBag from /home/airflow/.local/lib/python3.7/site-packages/airflow/example_dags/example_kubernetes_executor.py
[2023-06-14T13:32:11.702+0000] {processor.py:836} INFO - DAG(s) dict_keys(['example_kubernetes_executor']) retrieved from /home/airflow/.local/lib/python3.7/site-packages/airflow/example_dags/example_kubernetes_executor.py
[2023-06-14T13:32:11.735+0000] {logging_mixin.py:149} INFO - [2023-06-14T13:32:11.735+0000] {dag.py:2726} INFO - Sync 1 DAGs
[2023-06-14T13:32:11.751+0000] {logging_mixin.py:149} INFO - [2023-06-14T13:32:11.751+0000] {dag.py:3490} INFO - Setting next_dagrun for example_kubernetes_executor to None, run_after=None
[2023-06-14T13:32:11.766+0000] {processor.py:179} INFO - Processing /home/airflow/.local/lib/python3.7/site-packages/airflow/example_dags/example_kubernetes_executor.py took 0.327 seconds
[2023-06-14T13:32:42.529+0000] {processor.py:157} INFO - Started process (PID=631) to work on /home/airflow/.local/lib/python3.7/site-packages/airflow/example_dags/example_kubernetes_executor.py
[2023-06-14T13:32:42.531+0000] {processor.py:826} INFO - Processing file /home/airflow/.local/lib/python3.7/site-packages/airflow/example_dags/example_kubernetes_executor.py for tasks to queue
[2023-06-14T13:32:42.533+0000] {logging_mixin.py:149} INFO - [2023-06-14T13:32:42.532+0000] {dagbag.py:541} INFO - Filling up the DagBag from /home/airflow/.local/lib/python3.7/site-packages/airflow/example_dags/example_kubernetes_executor.py
[2023-06-14T13:32:42.734+0000] {processor.py:836} INFO - DAG(s) dict_keys(['example_kubernetes_executor']) retrieved from /home/airflow/.local/lib/python3.7/site-packages/airflow/example_dags/example_kubernetes_executor.py
[2023-06-14T13:32:42.761+0000] {logging_mixin.py:149} INFO - [2023-06-14T13:32:42.761+0000] {dag.py:2726} INFO - Sync 1 DAGs
[2023-06-14T13:32:42.776+0000] {logging_mixin.py:149} INFO - [2023-06-14T13:32:42.776+0000] {dag.py:3490} INFO - Setting next_dagrun for example_kubernetes_executor to None, run_after=None
[2023-06-14T13:32:42.787+0000] {processor.py:179} INFO - Processing /home/airflow/.local/lib/python3.7/site-packages/airflow/example_dags/example_kubernetes_executor.py took 0.264 seconds
[2023-06-14T13:33:12.937+0000] {processor.py:157} INFO - Started process (PID=688) to work on /home/airflow/.local/lib/python3.7/site-packages/airflow/example_dags/example_kubernetes_executor.py
[2023-06-14T13:33:12.939+0000] {processor.py:826} INFO - Processing file /home/airflow/.local/lib/python3.7/site-packages/airflow/example_dags/example_kubernetes_executor.py for tasks to queue
[2023-06-14T13:33:12.941+0000] {logging_mixin.py:149} INFO - [2023-06-14T13:33:12.941+0000] {dagbag.py:541} INFO - Filling up the DagBag from /home/airflow/.local/lib/python3.7/site-packages/airflow/example_dags/example_kubernetes_executor.py
[2023-06-14T13:33:13.078+0000] {processor.py:836} INFO - DAG(s) dict_keys(['example_kubernetes_executor']) retrieved from /home/airflow/.local/lib/python3.7/site-packages/airflow/example_dags/example_kubernetes_executor.py
[2023-06-14T13:33:13.105+0000] {logging_mixin.py:149} INFO - [2023-06-14T13:33:13.105+0000] {dag.py:2726} INFO - Sync 1 DAGs
[2023-06-14T13:33:13.122+0000] {logging_mixin.py:149} INFO - [2023-06-14T13:33:13.122+0000] {dag.py:3490} INFO - Setting next_dagrun for example_kubernetes_executor to None, run_after=None
[2023-06-14T13:33:13.133+0000] {processor.py:179} INFO - Processing /home/airflow/.local/lib/python3.7/site-packages/airflow/example_dags/example_kubernetes_executor.py took 0.203 seconds
[2023-06-14T13:33:43.333+0000] {processor.py:157} INFO - Started process (PID=745) to work on /home/airflow/.local/lib/python3.7/site-packages/airflow/example_dags/example_kubernetes_executor.py
[2023-06-14T13:33:43.335+0000] {processor.py:826} INFO - Processing file /home/airflow/.local/lib/python3.7/site-packages/airflow/example_dags/example_kubernetes_executor.py for tasks to queue
[2023-06-14T13:33:43.336+0000] {logging_mixin.py:149} INFO - [2023-06-14T13:33:43.336+0000] {dagbag.py:541} INFO - Filling up the DagBag from /home/airflow/.local/lib/python3.7/site-packages/airflow/example_dags/example_kubernetes_executor.py
[2023-06-14T13:33:43.463+0000] {processor.py:836} INFO - DAG(s) dict_keys(['example_kubernetes_executor']) retrieved from /home/airflow/.local/lib/python3.7/site-packages/airflow/example_dags/example_kubernetes_executor.py
[2023-06-14T13:33:43.490+0000] {logging_mixin.py:149} INFO - [2023-06-14T13:33:43.490+0000] {dag.py:2726} INFO - Sync 1 DAGs
[2023-06-14T13:33:43.506+0000] {logging_mixin.py:149} INFO - [2023-06-14T13:33:43.506+0000] {dag.py:3490} INFO - Setting next_dagrun for example_kubernetes_executor to None, run_after=None
[2023-06-14T13:33:43.517+0000] {processor.py:179} INFO - Processing /home/airflow/.local/lib/python3.7/site-packages/airflow/example_dags/example_kubernetes_executor.py took 0.190 seconds
[2023-06-14T13:34:14.019+0000] {processor.py:157} INFO - Started process (PID=802) to work on /home/airflow/.local/lib/python3.7/site-packages/airflow/example_dags/example_kubernetes_executor.py
[2023-06-14T13:34:14.022+0000] {processor.py:826} INFO - Processing file /home/airflow/.local/lib/python3.7/site-packages/airflow/example_dags/example_kubernetes_executor.py for tasks to queue
[2023-06-14T13:34:14.024+0000] {logging_mixin.py:149} INFO - [2023-06-14T13:34:14.024+0000] {dagbag.py:541} INFO - Filling up the DagBag from /home/airflow/.local/lib/python3.7/site-packages/airflow/example_dags/example_kubernetes_executor.py
[2023-06-14T13:34:14.192+0000] {processor.py:836} INFO - DAG(s) dict_keys(['example_kubernetes_executor']) retrieved from /home/airflow/.local/lib/python3.7/site-packages/airflow/example_dags/example_kubernetes_executor.py
[2023-06-14T13:34:14.227+0000] {logging_mixin.py:149} INFO - [2023-06-14T13:34:14.227+0000] {dag.py:2726} INFO - Sync 1 DAGs
[2023-06-14T13:34:14.241+0000] {logging_mixin.py:149} INFO - [2023-06-14T13:34:14.241+0000] {dag.py:3490} INFO - Setting next_dagrun for example_kubernetes_executor to None, run_after=None
[2023-06-14T13:34:14.252+0000] {processor.py:179} INFO - Processing /home/airflow/.local/lib/python3.7/site-packages/airflow/example_dags/example_kubernetes_executor.py took 0.239 seconds
[2023-06-14T13:34:44.637+0000] {processor.py:157} INFO - Started process (PID=859) to work on /home/airflow/.local/lib/python3.7/site-packages/airflow/example_dags/example_kubernetes_executor.py
[2023-06-14T13:34:44.640+0000] {processor.py:826} INFO - Processing file /home/airflow/.local/lib/python3.7/site-packages/airflow/example_dags/example_kubernetes_executor.py for tasks to queue
[2023-06-14T13:34:44.642+0000] {logging_mixin.py:149} INFO - [2023-06-14T13:34:44.642+0000] {dagbag.py:541} INFO - Filling up the DagBag from /home/airflow/.local/lib/python3.7/site-packages/airflow/example_dags/example_kubernetes_executor.py
[2023-06-14T13:34:44.855+0000] {processor.py:836} INFO - DAG(s) dict_keys(['example_kubernetes_executor']) retrieved from /home/airflow/.local/lib/python3.7/site-packages/airflow/example_dags/example_kubernetes_executor.py
[2023-06-14T13:34:44.891+0000] {logging_mixin.py:149} INFO - [2023-06-14T13:34:44.891+0000] {dag.py:2726} INFO - Sync 1 DAGs
[2023-06-14T13:34:44.908+0000] {logging_mixin.py:149} INFO - [2023-06-14T13:34:44.908+0000] {dag.py:3490} INFO - Setting next_dagrun for example_kubernetes_executor to None, run_after=None
[2023-06-14T13:34:44.923+0000] {processor.py:179} INFO - Processing /home/airflow/.local/lib/python3.7/site-packages/airflow/example_dags/example_kubernetes_executor.py took 0.292 seconds
