[2023-06-14T13:27:38.458+0000] {processor.py:157} INFO - Started process (PID=74) to work on /home/airflow/.local/lib/python3.7/site-packages/airflow/example_dags/example_branch_labels.py
[2023-06-14T13:27:38.461+0000] {processor.py:826} INFO - Processing file /home/airflow/.local/lib/python3.7/site-packages/airflow/example_dags/example_branch_labels.py for tasks to queue
[2023-06-14T13:27:38.463+0000] {logging_mixin.py:149} INFO - [2023-06-14T13:27:38.463+0000] {dagbag.py:541} INFO - Filling up the DagBag from /home/airflow/.local/lib/python3.7/site-packages/airflow/example_dags/example_branch_labels.py
[2023-06-14T13:27:38.558+0000] {processor.py:836} INFO - DAG(s) dict_keys(['example_branch_labels']) retrieved from /home/airflow/.local/lib/python3.7/site-packages/airflow/example_dags/example_branch_labels.py
[2023-06-14T13:27:39.653+0000] {logging_mixin.py:149} INFO - [2023-06-14T13:27:39.606+0000] {manager.py:504} INFO - Created Permission View: can edit on DAG:example_branch_labels
[2023-06-14T13:27:40.079+0000] {logging_mixin.py:149} INFO - [2023-06-14T13:27:40.077+0000] {manager.py:504} INFO - Created Permission View: can read on DAG:example_branch_labels
[2023-06-14T13:27:40.194+0000] {logging_mixin.py:149} INFO - [2023-06-14T13:27:40.136+0000] {manager.py:504} INFO - Created Permission View: can delete on DAG:example_branch_labels
[2023-06-14T13:27:40.202+0000] {logging_mixin.py:149} INFO - [2023-06-14T13:27:40.201+0000] {dag.py:2726} INFO - Sync 1 DAGs
[2023-06-14T13:27:40.458+0000] {logging_mixin.py:149} INFO - [2023-06-14T13:27:40.451+0000] {dag.py:2747} INFO - Creating ORM DAG for example_branch_labels
[2023-06-14T13:27:40.519+0000] {logging_mixin.py:149} INFO - [2023-06-14T13:27:40.519+0000] {dag.py:3490} INFO - Setting next_dagrun for example_branch_labels to 2023-06-13T00:00:00+00:00, run_after=2023-06-14T00:00:00+00:00
[2023-06-14T13:27:40.719+0000] {processor.py:179} INFO - Processing /home/airflow/.local/lib/python3.7/site-packages/airflow/example_dags/example_branch_labels.py took 2.334 seconds
[2023-06-14T13:28:11.656+0000] {processor.py:157} INFO - Started process (PID=130) to work on /home/airflow/.local/lib/python3.7/site-packages/airflow/example_dags/example_branch_labels.py
[2023-06-14T13:28:11.670+0000] {processor.py:826} INFO - Processing file /home/airflow/.local/lib/python3.7/site-packages/airflow/example_dags/example_branch_labels.py for tasks to queue
[2023-06-14T13:28:11.677+0000] {logging_mixin.py:149} INFO - [2023-06-14T13:28:11.676+0000] {dagbag.py:541} INFO - Filling up the DagBag from /home/airflow/.local/lib/python3.7/site-packages/airflow/example_dags/example_branch_labels.py
[2023-06-14T13:28:11.699+0000] {processor.py:836} INFO - DAG(s) dict_keys(['example_branch_labels']) retrieved from /home/airflow/.local/lib/python3.7/site-packages/airflow/example_dags/example_branch_labels.py
[2023-06-14T13:28:11.833+0000] {logging_mixin.py:149} INFO - [2023-06-14T13:28:11.832+0000] {dag.py:2726} INFO - Sync 1 DAGs
[2023-06-14T13:28:11.877+0000] {logging_mixin.py:149} INFO - [2023-06-14T13:28:11.877+0000] {dag.py:3490} INFO - Setting next_dagrun for example_branch_labels to 2023-06-13T00:00:00+00:00, run_after=2023-06-14T00:00:00+00:00
[2023-06-14T13:28:11.948+0000] {processor.py:179} INFO - Processing /home/airflow/.local/lib/python3.7/site-packages/airflow/example_dags/example_branch_labels.py took 0.296 seconds
[2023-06-14T13:28:42.878+0000] {processor.py:157} INFO - Started process (PID=186) to work on /home/airflow/.local/lib/python3.7/site-packages/airflow/example_dags/example_branch_labels.py
[2023-06-14T13:28:42.880+0000] {processor.py:826} INFO - Processing file /home/airflow/.local/lib/python3.7/site-packages/airflow/example_dags/example_branch_labels.py for tasks to queue
[2023-06-14T13:28:42.881+0000] {logging_mixin.py:149} INFO - [2023-06-14T13:28:42.881+0000] {dagbag.py:541} INFO - Filling up the DagBag from /home/airflow/.local/lib/python3.7/site-packages/airflow/example_dags/example_branch_labels.py
[2023-06-14T13:28:42.888+0000] {processor.py:836} INFO - DAG(s) dict_keys(['example_branch_labels']) retrieved from /home/airflow/.local/lib/python3.7/site-packages/airflow/example_dags/example_branch_labels.py
[2023-06-14T13:28:42.919+0000] {logging_mixin.py:149} INFO - [2023-06-14T13:28:42.919+0000] {dag.py:2726} INFO - Sync 1 DAGs
[2023-06-14T13:28:42.938+0000] {logging_mixin.py:149} INFO - [2023-06-14T13:28:42.938+0000] {dag.py:3490} INFO - Setting next_dagrun for example_branch_labels to 2023-06-13T00:00:00+00:00, run_after=2023-06-14T00:00:00+00:00
[2023-06-14T13:28:42.951+0000] {processor.py:179} INFO - Processing /home/airflow/.local/lib/python3.7/site-packages/airflow/example_dags/example_branch_labels.py took 0.077 seconds
[2023-06-14T13:29:13.369+0000] {processor.py:157} INFO - Started process (PID=242) to work on /home/airflow/.local/lib/python3.7/site-packages/airflow/example_dags/example_branch_labels.py
[2023-06-14T13:29:13.371+0000] {processor.py:826} INFO - Processing file /home/airflow/.local/lib/python3.7/site-packages/airflow/example_dags/example_branch_labels.py for tasks to queue
[2023-06-14T13:29:13.374+0000] {logging_mixin.py:149} INFO - [2023-06-14T13:29:13.373+0000] {dagbag.py:541} INFO - Filling up the DagBag from /home/airflow/.local/lib/python3.7/site-packages/airflow/example_dags/example_branch_labels.py
[2023-06-14T13:29:13.386+0000] {processor.py:836} INFO - DAG(s) dict_keys(['example_branch_labels']) retrieved from /home/airflow/.local/lib/python3.7/site-packages/airflow/example_dags/example_branch_labels.py
[2023-06-14T13:29:13.415+0000] {logging_mixin.py:149} INFO - [2023-06-14T13:29:13.415+0000] {dag.py:2726} INFO - Sync 1 DAGs
[2023-06-14T13:29:13.434+0000] {logging_mixin.py:149} INFO - [2023-06-14T13:29:13.434+0000] {dag.py:3490} INFO - Setting next_dagrun for example_branch_labels to 2023-06-13T00:00:00+00:00, run_after=2023-06-14T00:00:00+00:00
[2023-06-14T13:29:13.447+0000] {processor.py:179} INFO - Processing /home/airflow/.local/lib/python3.7/site-packages/airflow/example_dags/example_branch_labels.py took 0.084 seconds
[2023-06-14T13:29:43.524+0000] {processor.py:157} INFO - Started process (PID=298) to work on /home/airflow/.local/lib/python3.7/site-packages/airflow/example_dags/example_branch_labels.py
[2023-06-14T13:29:43.526+0000] {processor.py:826} INFO - Processing file /home/airflow/.local/lib/python3.7/site-packages/airflow/example_dags/example_branch_labels.py for tasks to queue
[2023-06-14T13:29:43.528+0000] {logging_mixin.py:149} INFO - [2023-06-14T13:29:43.528+0000] {dagbag.py:541} INFO - Filling up the DagBag from /home/airflow/.local/lib/python3.7/site-packages/airflow/example_dags/example_branch_labels.py
[2023-06-14T13:29:43.539+0000] {processor.py:836} INFO - DAG(s) dict_keys(['example_branch_labels']) retrieved from /home/airflow/.local/lib/python3.7/site-packages/airflow/example_dags/example_branch_labels.py
[2023-06-14T13:29:43.566+0000] {logging_mixin.py:149} INFO - [2023-06-14T13:29:43.566+0000] {dag.py:2726} INFO - Sync 1 DAGs
[2023-06-14T13:29:43.583+0000] {logging_mixin.py:149} INFO - [2023-06-14T13:29:43.583+0000] {dag.py:3490} INFO - Setting next_dagrun for example_branch_labels to 2023-06-13T00:00:00+00:00, run_after=2023-06-14T00:00:00+00:00
[2023-06-14T13:29:43.594+0000] {processor.py:179} INFO - Processing /home/airflow/.local/lib/python3.7/site-packages/airflow/example_dags/example_branch_labels.py took 0.075 seconds
[2023-06-14T13:30:14.035+0000] {processor.py:157} INFO - Started process (PID=354) to work on /home/airflow/.local/lib/python3.7/site-packages/airflow/example_dags/example_branch_labels.py
[2023-06-14T13:30:14.038+0000] {processor.py:826} INFO - Processing file /home/airflow/.local/lib/python3.7/site-packages/airflow/example_dags/example_branch_labels.py for tasks to queue
[2023-06-14T13:30:14.039+0000] {logging_mixin.py:149} INFO - [2023-06-14T13:30:14.039+0000] {dagbag.py:541} INFO - Filling up the DagBag from /home/airflow/.local/lib/python3.7/site-packages/airflow/example_dags/example_branch_labels.py
[2023-06-14T13:30:14.050+0000] {processor.py:836} INFO - DAG(s) dict_keys(['example_branch_labels']) retrieved from /home/airflow/.local/lib/python3.7/site-packages/airflow/example_dags/example_branch_labels.py
[2023-06-14T13:30:14.079+0000] {logging_mixin.py:149} INFO - [2023-06-14T13:30:14.079+0000] {dag.py:2726} INFO - Sync 1 DAGs
[2023-06-14T13:30:14.098+0000] {logging_mixin.py:149} INFO - [2023-06-14T13:30:14.098+0000] {dag.py:3490} INFO - Setting next_dagrun for example_branch_labels to 2023-06-13T00:00:00+00:00, run_after=2023-06-14T00:00:00+00:00
[2023-06-14T13:30:14.110+0000] {processor.py:179} INFO - Processing /home/airflow/.local/lib/python3.7/site-packages/airflow/example_dags/example_branch_labels.py took 0.083 seconds
[2023-06-14T13:30:44.973+0000] {processor.py:157} INFO - Started process (PID=410) to work on /home/airflow/.local/lib/python3.7/site-packages/airflow/example_dags/example_branch_labels.py
[2023-06-14T13:30:44.977+0000] {processor.py:826} INFO - Processing file /home/airflow/.local/lib/python3.7/site-packages/airflow/example_dags/example_branch_labels.py for tasks to queue
[2023-06-14T13:30:44.978+0000] {logging_mixin.py:149} INFO - [2023-06-14T13:30:44.978+0000] {dagbag.py:541} INFO - Filling up the DagBag from /home/airflow/.local/lib/python3.7/site-packages/airflow/example_dags/example_branch_labels.py
[2023-06-14T13:30:44.990+0000] {processor.py:836} INFO - DAG(s) dict_keys(['example_branch_labels']) retrieved from /home/airflow/.local/lib/python3.7/site-packages/airflow/example_dags/example_branch_labels.py
[2023-06-14T13:30:45.026+0000] {logging_mixin.py:149} INFO - [2023-06-14T13:30:45.026+0000] {dag.py:2726} INFO - Sync 1 DAGs
[2023-06-14T13:30:45.052+0000] {logging_mixin.py:149} INFO - [2023-06-14T13:30:45.052+0000] {dag.py:3490} INFO - Setting next_dagrun for example_branch_labels to 2023-06-13T00:00:00+00:00, run_after=2023-06-14T00:00:00+00:00
[2023-06-14T13:30:45.065+0000] {processor.py:179} INFO - Processing /home/airflow/.local/lib/python3.7/site-packages/airflow/example_dags/example_branch_labels.py took 0.100 seconds
[2023-06-14T13:31:15.526+0000] {processor.py:157} INFO - Started process (PID=466) to work on /home/airflow/.local/lib/python3.7/site-packages/airflow/example_dags/example_branch_labels.py
[2023-06-14T13:31:15.529+0000] {processor.py:826} INFO - Processing file /home/airflow/.local/lib/python3.7/site-packages/airflow/example_dags/example_branch_labels.py for tasks to queue
[2023-06-14T13:31:15.530+0000] {logging_mixin.py:149} INFO - [2023-06-14T13:31:15.530+0000] {dagbag.py:541} INFO - Filling up the DagBag from /home/airflow/.local/lib/python3.7/site-packages/airflow/example_dags/example_branch_labels.py
[2023-06-14T13:31:15.541+0000] {processor.py:836} INFO - DAG(s) dict_keys(['example_branch_labels']) retrieved from /home/airflow/.local/lib/python3.7/site-packages/airflow/example_dags/example_branch_labels.py
[2023-06-14T13:31:15.568+0000] {logging_mixin.py:149} INFO - [2023-06-14T13:31:15.568+0000] {dag.py:2726} INFO - Sync 1 DAGs
[2023-06-14T13:31:15.585+0000] {logging_mixin.py:149} INFO - [2023-06-14T13:31:15.585+0000] {dag.py:3490} INFO - Setting next_dagrun for example_branch_labels to 2023-06-13T00:00:00+00:00, run_after=2023-06-14T00:00:00+00:00
[2023-06-14T13:31:15.597+0000] {processor.py:179} INFO - Processing /home/airflow/.local/lib/python3.7/site-packages/airflow/example_dags/example_branch_labels.py took 0.078 seconds
[2023-06-14T13:31:46.097+0000] {processor.py:157} INFO - Started process (PID=523) to work on /home/airflow/.local/lib/python3.7/site-packages/airflow/example_dags/example_branch_labels.py
[2023-06-14T13:31:46.100+0000] {processor.py:826} INFO - Processing file /home/airflow/.local/lib/python3.7/site-packages/airflow/example_dags/example_branch_labels.py for tasks to queue
[2023-06-14T13:31:46.101+0000] {logging_mixin.py:149} INFO - [2023-06-14T13:31:46.101+0000] {dagbag.py:541} INFO - Filling up the DagBag from /home/airflow/.local/lib/python3.7/site-packages/airflow/example_dags/example_branch_labels.py
[2023-06-14T13:31:46.111+0000] {processor.py:836} INFO - DAG(s) dict_keys(['example_branch_labels']) retrieved from /home/airflow/.local/lib/python3.7/site-packages/airflow/example_dags/example_branch_labels.py
[2023-06-14T13:31:46.139+0000] {logging_mixin.py:149} INFO - [2023-06-14T13:31:46.139+0000] {dag.py:2726} INFO - Sync 1 DAGs
[2023-06-14T13:31:46.159+0000] {logging_mixin.py:149} INFO - [2023-06-14T13:31:46.159+0000] {dag.py:3490} INFO - Setting next_dagrun for example_branch_labels to 2023-06-13T00:00:00+00:00, run_after=2023-06-14T00:00:00+00:00
[2023-06-14T13:31:46.170+0000] {processor.py:179} INFO - Processing /home/airflow/.local/lib/python3.7/site-packages/airflow/example_dags/example_branch_labels.py took 0.079 seconds
[2023-06-14T13:32:17.073+0000] {processor.py:157} INFO - Started process (PID=581) to work on /home/airflow/.local/lib/python3.7/site-packages/airflow/example_dags/example_branch_labels.py
[2023-06-14T13:32:17.076+0000] {processor.py:826} INFO - Processing file /home/airflow/.local/lib/python3.7/site-packages/airflow/example_dags/example_branch_labels.py for tasks to queue
[2023-06-14T13:32:17.077+0000] {logging_mixin.py:149} INFO - [2023-06-14T13:32:17.077+0000] {dagbag.py:541} INFO - Filling up the DagBag from /home/airflow/.local/lib/python3.7/site-packages/airflow/example_dags/example_branch_labels.py
[2023-06-14T13:32:17.088+0000] {processor.py:836} INFO - DAG(s) dict_keys(['example_branch_labels']) retrieved from /home/airflow/.local/lib/python3.7/site-packages/airflow/example_dags/example_branch_labels.py
[2023-06-14T13:32:17.116+0000] {logging_mixin.py:149} INFO - [2023-06-14T13:32:17.116+0000] {dag.py:2726} INFO - Sync 1 DAGs
[2023-06-14T13:32:17.133+0000] {logging_mixin.py:149} INFO - [2023-06-14T13:32:17.133+0000] {dag.py:3490} INFO - Setting next_dagrun for example_branch_labels to 2023-06-13T00:00:00+00:00, run_after=2023-06-14T00:00:00+00:00
[2023-06-14T13:32:17.145+0000] {processor.py:179} INFO - Processing /home/airflow/.local/lib/python3.7/site-packages/airflow/example_dags/example_branch_labels.py took 0.078 seconds
[2023-06-14T13:32:47.965+0000] {processor.py:157} INFO - Started process (PID=638) to work on /home/airflow/.local/lib/python3.7/site-packages/airflow/example_dags/example_branch_labels.py
[2023-06-14T13:32:47.968+0000] {processor.py:826} INFO - Processing file /home/airflow/.local/lib/python3.7/site-packages/airflow/example_dags/example_branch_labels.py for tasks to queue
[2023-06-14T13:32:47.969+0000] {logging_mixin.py:149} INFO - [2023-06-14T13:32:47.969+0000] {dagbag.py:541} INFO - Filling up the DagBag from /home/airflow/.local/lib/python3.7/site-packages/airflow/example_dags/example_branch_labels.py
[2023-06-14T13:32:47.976+0000] {processor.py:836} INFO - DAG(s) dict_keys(['example_branch_labels']) retrieved from /home/airflow/.local/lib/python3.7/site-packages/airflow/example_dags/example_branch_labels.py
[2023-06-14T13:32:47.998+0000] {logging_mixin.py:149} INFO - [2023-06-14T13:32:47.998+0000] {dag.py:2726} INFO - Sync 1 DAGs
[2023-06-14T13:32:48.015+0000] {logging_mixin.py:149} INFO - [2023-06-14T13:32:48.015+0000] {dag.py:3490} INFO - Setting next_dagrun for example_branch_labels to 2023-06-13T00:00:00+00:00, run_after=2023-06-14T00:00:00+00:00
[2023-06-14T13:32:48.026+0000] {processor.py:179} INFO - Processing /home/airflow/.local/lib/python3.7/site-packages/airflow/example_dags/example_branch_labels.py took 0.065 seconds
[2023-06-14T13:33:18.334+0000] {processor.py:157} INFO - Started process (PID=695) to work on /home/airflow/.local/lib/python3.7/site-packages/airflow/example_dags/example_branch_labels.py
[2023-06-14T13:33:18.336+0000] {processor.py:826} INFO - Processing file /home/airflow/.local/lib/python3.7/site-packages/airflow/example_dags/example_branch_labels.py for tasks to queue
[2023-06-14T13:33:18.338+0000] {logging_mixin.py:149} INFO - [2023-06-14T13:33:18.337+0000] {dagbag.py:541} INFO - Filling up the DagBag from /home/airflow/.local/lib/python3.7/site-packages/airflow/example_dags/example_branch_labels.py
[2023-06-14T13:33:18.346+0000] {processor.py:836} INFO - DAG(s) dict_keys(['example_branch_labels']) retrieved from /home/airflow/.local/lib/python3.7/site-packages/airflow/example_dags/example_branch_labels.py
[2023-06-14T13:33:18.370+0000] {logging_mixin.py:149} INFO - [2023-06-14T13:33:18.370+0000] {dag.py:2726} INFO - Sync 1 DAGs
[2023-06-14T13:33:18.387+0000] {logging_mixin.py:149} INFO - [2023-06-14T13:33:18.387+0000] {dag.py:3490} INFO - Setting next_dagrun for example_branch_labels to 2023-06-13T00:00:00+00:00, run_after=2023-06-14T00:00:00+00:00
[2023-06-14T13:33:18.398+0000] {processor.py:179} INFO - Processing /home/airflow/.local/lib/python3.7/site-packages/airflow/example_dags/example_branch_labels.py took 0.068 seconds
[2023-06-14T13:33:48.794+0000] {processor.py:157} INFO - Started process (PID=752) to work on /home/airflow/.local/lib/python3.7/site-packages/airflow/example_dags/example_branch_labels.py
[2023-06-14T13:33:48.797+0000] {processor.py:826} INFO - Processing file /home/airflow/.local/lib/python3.7/site-packages/airflow/example_dags/example_branch_labels.py for tasks to queue
[2023-06-14T13:33:48.798+0000] {logging_mixin.py:149} INFO - [2023-06-14T13:33:48.798+0000] {dagbag.py:541} INFO - Filling up the DagBag from /home/airflow/.local/lib/python3.7/site-packages/airflow/example_dags/example_branch_labels.py
[2023-06-14T13:33:48.808+0000] {processor.py:836} INFO - DAG(s) dict_keys(['example_branch_labels']) retrieved from /home/airflow/.local/lib/python3.7/site-packages/airflow/example_dags/example_branch_labels.py
[2023-06-14T13:33:48.835+0000] {logging_mixin.py:149} INFO - [2023-06-14T13:33:48.835+0000] {dag.py:2726} INFO - Sync 1 DAGs
[2023-06-14T13:33:48.851+0000] {logging_mixin.py:149} INFO - [2023-06-14T13:33:48.851+0000] {dag.py:3490} INFO - Setting next_dagrun for example_branch_labels to 2023-06-13T00:00:00+00:00, run_after=2023-06-14T00:00:00+00:00
[2023-06-14T13:33:48.863+0000] {processor.py:179} INFO - Processing /home/airflow/.local/lib/python3.7/site-packages/airflow/example_dags/example_branch_labels.py took 0.076 seconds
[2023-06-14T13:34:19.462+0000] {processor.py:157} INFO - Started process (PID=809) to work on /home/airflow/.local/lib/python3.7/site-packages/airflow/example_dags/example_branch_labels.py
[2023-06-14T13:34:19.465+0000] {processor.py:826} INFO - Processing file /home/airflow/.local/lib/python3.7/site-packages/airflow/example_dags/example_branch_labels.py for tasks to queue
[2023-06-14T13:34:19.467+0000] {logging_mixin.py:149} INFO - [2023-06-14T13:34:19.466+0000] {dagbag.py:541} INFO - Filling up the DagBag from /home/airflow/.local/lib/python3.7/site-packages/airflow/example_dags/example_branch_labels.py
[2023-06-14T13:34:19.479+0000] {processor.py:836} INFO - DAG(s) dict_keys(['example_branch_labels']) retrieved from /home/airflow/.local/lib/python3.7/site-packages/airflow/example_dags/example_branch_labels.py
[2023-06-14T13:34:19.516+0000] {logging_mixin.py:149} INFO - [2023-06-14T13:34:19.516+0000] {dag.py:2726} INFO - Sync 1 DAGs
[2023-06-14T13:34:19.534+0000] {logging_mixin.py:149} INFO - [2023-06-14T13:34:19.534+0000] {dag.py:3490} INFO - Setting next_dagrun for example_branch_labels to 2023-06-13T00:00:00+00:00, run_after=2023-06-14T00:00:00+00:00
[2023-06-14T13:34:19.545+0000] {processor.py:179} INFO - Processing /home/airflow/.local/lib/python3.7/site-packages/airflow/example_dags/example_branch_labels.py took 0.090 seconds
[2023-06-14T13:34:50.117+0000] {processor.py:157} INFO - Started process (PID=866) to work on /home/airflow/.local/lib/python3.7/site-packages/airflow/example_dags/example_branch_labels.py
[2023-06-14T13:34:50.119+0000] {processor.py:826} INFO - Processing file /home/airflow/.local/lib/python3.7/site-packages/airflow/example_dags/example_branch_labels.py for tasks to queue
[2023-06-14T13:34:50.121+0000] {logging_mixin.py:149} INFO - [2023-06-14T13:34:50.121+0000] {dagbag.py:541} INFO - Filling up the DagBag from /home/airflow/.local/lib/python3.7/site-packages/airflow/example_dags/example_branch_labels.py
[2023-06-14T13:34:50.132+0000] {processor.py:836} INFO - DAG(s) dict_keys(['example_branch_labels']) retrieved from /home/airflow/.local/lib/python3.7/site-packages/airflow/example_dags/example_branch_labels.py
[2023-06-14T13:34:50.182+0000] {logging_mixin.py:149} INFO - [2023-06-14T13:34:50.182+0000] {dag.py:2726} INFO - Sync 1 DAGs
[2023-06-14T13:34:50.210+0000] {logging_mixin.py:149} INFO - [2023-06-14T13:34:50.210+0000] {dag.py:3490} INFO - Setting next_dagrun for example_branch_labels to 2023-06-13T00:00:00+00:00, run_after=2023-06-14T00:00:00+00:00
[2023-06-14T13:34:50.226+0000] {processor.py:179} INFO - Processing /home/airflow/.local/lib/python3.7/site-packages/airflow/example_dags/example_branch_labels.py took 0.115 seconds
