[2023-06-14T13:27:25.980+0000] {processor.py:157} INFO - Started process (PID=55) to work on /home/airflow/.local/lib/python3.7/site-packages/airflow/example_dags/example_python_operator.py
[2023-06-14T13:27:26.001+0000] {processor.py:826} INFO - Processing file /home/airflow/.local/lib/python3.7/site-packages/airflow/example_dags/example_python_operator.py for tasks to queue
[2023-06-14T13:27:26.027+0000] {logging_mixin.py:149} INFO - [2023-06-14T13:27:26.027+0000] {dagbag.py:541} INFO - Filling up the DagBag from /home/airflow/.local/lib/python3.7/site-packages/airflow/example_dags/example_python_operator.py
[2023-06-14T13:27:26.042+0000] {logging_mixin.py:149} INFO - [2023-06-14T13:27:26.042+0000] {taskmixin.py:211} WARNING - Dependency <Task(_PythonDecoratedOperator): print_the_context>, log_sql_query already registered for DAG: example_python_operator
[2023-06-14T13:27:26.105+0000] {logging_mixin.py:149} INFO - [2023-06-14T13:27:26.104+0000] {taskmixin.py:211} WARNING - Dependency <Task(_PythonDecoratedOperator): log_sql_query>, print_the_context already registered for DAG: example_python_operator
[2023-06-14T13:27:26.172+0000] {logging_mixin.py:149} INFO - [2023-06-14T13:27:26.171+0000] {taskmixin.py:211} WARNING - Dependency <Task(_PythonDecoratedOperator): print_the_context>, log_sql_query already registered for DAG: example_python_operator
[2023-06-14T13:27:26.177+0000] {logging_mixin.py:149} INFO - [2023-06-14T13:27:26.177+0000] {taskmixin.py:211} WARNING - Dependency <Task(_PythonDecoratedOperator): log_sql_query>, print_the_context already registered for DAG: example_python_operator
[2023-06-14T13:27:26.186+0000] {logging_mixin.py:149} INFO - [2023-06-14T13:27:26.185+0000] {taskmixin.py:211} WARNING - Dependency <Task(_PythonDecoratedOperator): print_the_context>, log_sql_query already registered for DAG: example_python_operator
[2023-06-14T13:27:26.192+0000] {logging_mixin.py:149} INFO - [2023-06-14T13:27:26.192+0000] {taskmixin.py:211} WARNING - Dependency <Task(_PythonDecoratedOperator): log_sql_query>, print_the_context already registered for DAG: example_python_operator
[2023-06-14T13:27:26.196+0000] {logging_mixin.py:149} INFO - [2023-06-14T13:27:26.195+0000] {taskmixin.py:211} WARNING - Dependency <Task(_PythonDecoratedOperator): print_the_context>, log_sql_query already registered for DAG: example_python_operator
[2023-06-14T13:27:26.204+0000] {logging_mixin.py:149} INFO - [2023-06-14T13:27:26.204+0000] {taskmixin.py:211} WARNING - Dependency <Task(_PythonDecoratedOperator): log_sql_query>, print_the_context already registered for DAG: example_python_operator
[2023-06-14T13:27:26.248+0000] {processor.py:836} INFO - DAG(s) dict_keys(['example_python_operator']) retrieved from /home/airflow/.local/lib/python3.7/site-packages/airflow/example_dags/example_python_operator.py
[2023-06-14T13:27:27.063+0000] {logging_mixin.py:149} INFO - [2023-06-14T13:27:27.063+0000] {manager.py:504} INFO - Created Permission View: can edit on DAG:example_python_operator
[2023-06-14T13:27:27.304+0000] {logging_mixin.py:149} INFO - [2023-06-14T13:27:27.303+0000] {manager.py:504} INFO - Created Permission View: can read on DAG:example_python_operator
[2023-06-14T13:27:27.349+0000] {logging_mixin.py:149} INFO - [2023-06-14T13:27:27.349+0000] {manager.py:504} INFO - Created Permission View: can delete on DAG:example_python_operator
[2023-06-14T13:27:27.386+0000] {logging_mixin.py:149} INFO - [2023-06-14T13:27:27.386+0000] {dag.py:2726} INFO - Sync 1 DAGs
[2023-06-14T13:27:27.661+0000] {logging_mixin.py:149} INFO - [2023-06-14T13:27:27.661+0000] {dag.py:2747} INFO - Creating ORM DAG for example_python_operator
[2023-06-14T13:27:27.682+0000] {logging_mixin.py:149} INFO - [2023-06-14T13:27:27.682+0000] {dag.py:3490} INFO - Setting next_dagrun for example_python_operator to None, run_after=None
[2023-06-14T13:27:27.766+0000] {processor.py:179} INFO - Processing /home/airflow/.local/lib/python3.7/site-packages/airflow/example_dags/example_python_operator.py took 1.793 seconds
[2023-06-14T13:27:58.718+0000] {processor.py:157} INFO - Started process (PID=111) to work on /home/airflow/.local/lib/python3.7/site-packages/airflow/example_dags/example_python_operator.py
[2023-06-14T13:27:58.722+0000] {processor.py:826} INFO - Processing file /home/airflow/.local/lib/python3.7/site-packages/airflow/example_dags/example_python_operator.py for tasks to queue
[2023-06-14T13:27:58.724+0000] {logging_mixin.py:149} INFO - [2023-06-14T13:27:58.723+0000] {dagbag.py:541} INFO - Filling up the DagBag from /home/airflow/.local/lib/python3.7/site-packages/airflow/example_dags/example_python_operator.py
[2023-06-14T13:27:58.777+0000] {logging_mixin.py:149} INFO - [2023-06-14T13:27:58.776+0000] {taskmixin.py:211} WARNING - Dependency <Task(_PythonDecoratedOperator): print_the_context>, log_sql_query already registered for DAG: example_python_operator
[2023-06-14T13:27:58.783+0000] {logging_mixin.py:149} INFO - [2023-06-14T13:27:58.782+0000] {taskmixin.py:211} WARNING - Dependency <Task(_PythonDecoratedOperator): log_sql_query>, print_the_context already registered for DAG: example_python_operator
[2023-06-14T13:27:58.789+0000] {logging_mixin.py:149} INFO - [2023-06-14T13:27:58.788+0000] {taskmixin.py:211} WARNING - Dependency <Task(_PythonDecoratedOperator): print_the_context>, log_sql_query already registered for DAG: example_python_operator
[2023-06-14T13:27:58.791+0000] {logging_mixin.py:149} INFO - [2023-06-14T13:27:58.790+0000] {taskmixin.py:211} WARNING - Dependency <Task(_PythonDecoratedOperator): log_sql_query>, print_the_context already registered for DAG: example_python_operator
[2023-06-14T13:27:58.796+0000] {logging_mixin.py:149} INFO - [2023-06-14T13:27:58.796+0000] {taskmixin.py:211} WARNING - Dependency <Task(_PythonDecoratedOperator): print_the_context>, log_sql_query already registered for DAG: example_python_operator
[2023-06-14T13:27:58.800+0000] {logging_mixin.py:149} INFO - [2023-06-14T13:27:58.799+0000] {taskmixin.py:211} WARNING - Dependency <Task(_PythonDecoratedOperator): log_sql_query>, print_the_context already registered for DAG: example_python_operator
[2023-06-14T13:27:58.803+0000] {logging_mixin.py:149} INFO - [2023-06-14T13:27:58.803+0000] {taskmixin.py:211} WARNING - Dependency <Task(_PythonDecoratedOperator): print_the_context>, log_sql_query already registered for DAG: example_python_operator
[2023-06-14T13:27:58.804+0000] {logging_mixin.py:149} INFO - [2023-06-14T13:27:58.804+0000] {taskmixin.py:211} WARNING - Dependency <Task(_PythonDecoratedOperator): log_sql_query>, print_the_context already registered for DAG: example_python_operator
[2023-06-14T13:27:58.809+0000] {processor.py:836} INFO - DAG(s) dict_keys(['example_python_operator']) retrieved from /home/airflow/.local/lib/python3.7/site-packages/airflow/example_dags/example_python_operator.py
[2023-06-14T13:27:58.902+0000] {logging_mixin.py:149} INFO - [2023-06-14T13:27:58.901+0000] {dag.py:2726} INFO - Sync 1 DAGs
[2023-06-14T13:27:58.939+0000] {logging_mixin.py:149} INFO - [2023-06-14T13:27:58.939+0000] {dag.py:3490} INFO - Setting next_dagrun for example_python_operator to None, run_after=None
[2023-06-14T13:27:58.977+0000] {processor.py:179} INFO - Processing /home/airflow/.local/lib/python3.7/site-packages/airflow/example_dags/example_python_operator.py took 0.267 seconds
[2023-06-14T13:28:29.127+0000] {processor.py:157} INFO - Started process (PID=167) to work on /home/airflow/.local/lib/python3.7/site-packages/airflow/example_dags/example_python_operator.py
[2023-06-14T13:28:29.130+0000] {processor.py:826} INFO - Processing file /home/airflow/.local/lib/python3.7/site-packages/airflow/example_dags/example_python_operator.py for tasks to queue
[2023-06-14T13:28:29.132+0000] {logging_mixin.py:149} INFO - [2023-06-14T13:28:29.132+0000] {dagbag.py:541} INFO - Filling up the DagBag from /home/airflow/.local/lib/python3.7/site-packages/airflow/example_dags/example_python_operator.py
[2023-06-14T13:28:29.144+0000] {logging_mixin.py:149} INFO - [2023-06-14T13:28:29.144+0000] {taskmixin.py:211} WARNING - Dependency <Task(_PythonDecoratedOperator): print_the_context>, log_sql_query already registered for DAG: example_python_operator
[2023-06-14T13:28:29.146+0000] {logging_mixin.py:149} INFO - [2023-06-14T13:28:29.145+0000] {taskmixin.py:211} WARNING - Dependency <Task(_PythonDecoratedOperator): log_sql_query>, print_the_context already registered for DAG: example_python_operator
[2023-06-14T13:28:29.147+0000] {logging_mixin.py:149} INFO - [2023-06-14T13:28:29.147+0000] {taskmixin.py:211} WARNING - Dependency <Task(_PythonDecoratedOperator): print_the_context>, log_sql_query already registered for DAG: example_python_operator
[2023-06-14T13:28:29.148+0000] {logging_mixin.py:149} INFO - [2023-06-14T13:28:29.147+0000] {taskmixin.py:211} WARNING - Dependency <Task(_PythonDecoratedOperator): log_sql_query>, print_the_context already registered for DAG: example_python_operator
[2023-06-14T13:28:29.149+0000] {logging_mixin.py:149} INFO - [2023-06-14T13:28:29.149+0000] {taskmixin.py:211} WARNING - Dependency <Task(_PythonDecoratedOperator): print_the_context>, log_sql_query already registered for DAG: example_python_operator
[2023-06-14T13:28:29.149+0000] {logging_mixin.py:149} INFO - [2023-06-14T13:28:29.149+0000] {taskmixin.py:211} WARNING - Dependency <Task(_PythonDecoratedOperator): log_sql_query>, print_the_context already registered for DAG: example_python_operator
[2023-06-14T13:28:29.150+0000] {logging_mixin.py:149} INFO - [2023-06-14T13:28:29.150+0000] {taskmixin.py:211} WARNING - Dependency <Task(_PythonDecoratedOperator): print_the_context>, log_sql_query already registered for DAG: example_python_operator
[2023-06-14T13:28:29.151+0000] {logging_mixin.py:149} INFO - [2023-06-14T13:28:29.151+0000] {taskmixin.py:211} WARNING - Dependency <Task(_PythonDecoratedOperator): log_sql_query>, print_the_context already registered for DAG: example_python_operator
[2023-06-14T13:28:29.154+0000] {processor.py:836} INFO - DAG(s) dict_keys(['example_python_operator']) retrieved from /home/airflow/.local/lib/python3.7/site-packages/airflow/example_dags/example_python_operator.py
[2023-06-14T13:28:29.178+0000] {logging_mixin.py:149} INFO - [2023-06-14T13:28:29.178+0000] {dag.py:2726} INFO - Sync 1 DAGs
[2023-06-14T13:28:29.193+0000] {logging_mixin.py:149} INFO - [2023-06-14T13:28:29.193+0000] {dag.py:3490} INFO - Setting next_dagrun for example_python_operator to None, run_after=None
[2023-06-14T13:28:29.205+0000] {processor.py:179} INFO - Processing /home/airflow/.local/lib/python3.7/site-packages/airflow/example_dags/example_python_operator.py took 0.084 seconds
[2023-06-14T13:28:59.614+0000] {processor.py:157} INFO - Started process (PID=223) to work on /home/airflow/.local/lib/python3.7/site-packages/airflow/example_dags/example_python_operator.py
[2023-06-14T13:28:59.616+0000] {processor.py:826} INFO - Processing file /home/airflow/.local/lib/python3.7/site-packages/airflow/example_dags/example_python_operator.py for tasks to queue
[2023-06-14T13:28:59.617+0000] {logging_mixin.py:149} INFO - [2023-06-14T13:28:59.617+0000] {dagbag.py:541} INFO - Filling up the DagBag from /home/airflow/.local/lib/python3.7/site-packages/airflow/example_dags/example_python_operator.py
[2023-06-14T13:28:59.627+0000] {logging_mixin.py:149} INFO - [2023-06-14T13:28:59.626+0000] {taskmixin.py:211} WARNING - Dependency <Task(_PythonDecoratedOperator): print_the_context>, log_sql_query already registered for DAG: example_python_operator
[2023-06-14T13:28:59.628+0000] {logging_mixin.py:149} INFO - [2023-06-14T13:28:59.628+0000] {taskmixin.py:211} WARNING - Dependency <Task(_PythonDecoratedOperator): log_sql_query>, print_the_context already registered for DAG: example_python_operator
[2023-06-14T13:28:59.629+0000] {logging_mixin.py:149} INFO - [2023-06-14T13:28:59.629+0000] {taskmixin.py:211} WARNING - Dependency <Task(_PythonDecoratedOperator): print_the_context>, log_sql_query already registered for DAG: example_python_operator
[2023-06-14T13:28:59.629+0000] {logging_mixin.py:149} INFO - [2023-06-14T13:28:59.629+0000] {taskmixin.py:211} WARNING - Dependency <Task(_PythonDecoratedOperator): log_sql_query>, print_the_context already registered for DAG: example_python_operator
[2023-06-14T13:28:59.631+0000] {logging_mixin.py:149} INFO - [2023-06-14T13:28:59.631+0000] {taskmixin.py:211} WARNING - Dependency <Task(_PythonDecoratedOperator): print_the_context>, log_sql_query already registered for DAG: example_python_operator
[2023-06-14T13:28:59.632+0000] {logging_mixin.py:149} INFO - [2023-06-14T13:28:59.631+0000] {taskmixin.py:211} WARNING - Dependency <Task(_PythonDecoratedOperator): log_sql_query>, print_the_context already registered for DAG: example_python_operator
[2023-06-14T13:28:59.633+0000] {logging_mixin.py:149} INFO - [2023-06-14T13:28:59.632+0000] {taskmixin.py:211} WARNING - Dependency <Task(_PythonDecoratedOperator): print_the_context>, log_sql_query already registered for DAG: example_python_operator
[2023-06-14T13:28:59.633+0000] {logging_mixin.py:149} INFO - [2023-06-14T13:28:59.633+0000] {taskmixin.py:211} WARNING - Dependency <Task(_PythonDecoratedOperator): log_sql_query>, print_the_context already registered for DAG: example_python_operator
[2023-06-14T13:28:59.636+0000] {processor.py:836} INFO - DAG(s) dict_keys(['example_python_operator']) retrieved from /home/airflow/.local/lib/python3.7/site-packages/airflow/example_dags/example_python_operator.py
[2023-06-14T13:28:59.661+0000] {logging_mixin.py:149} INFO - [2023-06-14T13:28:59.661+0000] {dag.py:2726} INFO - Sync 1 DAGs
[2023-06-14T13:28:59.676+0000] {logging_mixin.py:149} INFO - [2023-06-14T13:28:59.676+0000] {dag.py:3490} INFO - Setting next_dagrun for example_python_operator to None, run_after=None
[2023-06-14T13:28:59.688+0000] {processor.py:179} INFO - Processing /home/airflow/.local/lib/python3.7/site-packages/airflow/example_dags/example_python_operator.py took 0.080 seconds
[2023-06-14T13:29:29.918+0000] {processor.py:157} INFO - Started process (PID=279) to work on /home/airflow/.local/lib/python3.7/site-packages/airflow/example_dags/example_python_operator.py
[2023-06-14T13:29:29.920+0000] {processor.py:826} INFO - Processing file /home/airflow/.local/lib/python3.7/site-packages/airflow/example_dags/example_python_operator.py for tasks to queue
[2023-06-14T13:29:29.921+0000] {logging_mixin.py:149} INFO - [2023-06-14T13:29:29.921+0000] {dagbag.py:541} INFO - Filling up the DagBag from /home/airflow/.local/lib/python3.7/site-packages/airflow/example_dags/example_python_operator.py
[2023-06-14T13:29:29.930+0000] {logging_mixin.py:149} INFO - [2023-06-14T13:29:29.930+0000] {taskmixin.py:211} WARNING - Dependency <Task(_PythonDecoratedOperator): print_the_context>, log_sql_query already registered for DAG: example_python_operator
[2023-06-14T13:29:29.931+0000] {logging_mixin.py:149} INFO - [2023-06-14T13:29:29.931+0000] {taskmixin.py:211} WARNING - Dependency <Task(_PythonDecoratedOperator): log_sql_query>, print_the_context already registered for DAG: example_python_operator
[2023-06-14T13:29:29.932+0000] {logging_mixin.py:149} INFO - [2023-06-14T13:29:29.932+0000] {taskmixin.py:211} WARNING - Dependency <Task(_PythonDecoratedOperator): print_the_context>, log_sql_query already registered for DAG: example_python_operator
[2023-06-14T13:29:29.933+0000] {logging_mixin.py:149} INFO - [2023-06-14T13:29:29.933+0000] {taskmixin.py:211} WARNING - Dependency <Task(_PythonDecoratedOperator): log_sql_query>, print_the_context already registered for DAG: example_python_operator
[2023-06-14T13:29:29.934+0000] {logging_mixin.py:149} INFO - [2023-06-14T13:29:29.934+0000] {taskmixin.py:211} WARNING - Dependency <Task(_PythonDecoratedOperator): print_the_context>, log_sql_query already registered for DAG: example_python_operator
[2023-06-14T13:29:29.935+0000] {logging_mixin.py:149} INFO - [2023-06-14T13:29:29.935+0000] {taskmixin.py:211} WARNING - Dependency <Task(_PythonDecoratedOperator): log_sql_query>, print_the_context already registered for DAG: example_python_operator
[2023-06-14T13:29:29.936+0000] {logging_mixin.py:149} INFO - [2023-06-14T13:29:29.936+0000] {taskmixin.py:211} WARNING - Dependency <Task(_PythonDecoratedOperator): print_the_context>, log_sql_query already registered for DAG: example_python_operator
[2023-06-14T13:29:29.937+0000] {logging_mixin.py:149} INFO - [2023-06-14T13:29:29.937+0000] {taskmixin.py:211} WARNING - Dependency <Task(_PythonDecoratedOperator): log_sql_query>, print_the_context already registered for DAG: example_python_operator
[2023-06-14T13:29:29.940+0000] {processor.py:836} INFO - DAG(s) dict_keys(['example_python_operator']) retrieved from /home/airflow/.local/lib/python3.7/site-packages/airflow/example_dags/example_python_operator.py
[2023-06-14T13:29:29.969+0000] {logging_mixin.py:149} INFO - [2023-06-14T13:29:29.968+0000] {dag.py:2726} INFO - Sync 1 DAGs
[2023-06-14T13:29:29.985+0000] {logging_mixin.py:149} INFO - [2023-06-14T13:29:29.985+0000] {dag.py:3490} INFO - Setting next_dagrun for example_python_operator to None, run_after=None
[2023-06-14T13:29:29.996+0000] {processor.py:179} INFO - Processing /home/airflow/.local/lib/python3.7/site-packages/airflow/example_dags/example_python_operator.py took 0.083 seconds
[2023-06-14T13:30:00.184+0000] {processor.py:157} INFO - Started process (PID=335) to work on /home/airflow/.local/lib/python3.7/site-packages/airflow/example_dags/example_python_operator.py
[2023-06-14T13:30:00.187+0000] {processor.py:826} INFO - Processing file /home/airflow/.local/lib/python3.7/site-packages/airflow/example_dags/example_python_operator.py for tasks to queue
[2023-06-14T13:30:00.188+0000] {logging_mixin.py:149} INFO - [2023-06-14T13:30:00.188+0000] {dagbag.py:541} INFO - Filling up the DagBag from /home/airflow/.local/lib/python3.7/site-packages/airflow/example_dags/example_python_operator.py
[2023-06-14T13:30:00.197+0000] {logging_mixin.py:149} INFO - [2023-06-14T13:30:00.197+0000] {taskmixin.py:211} WARNING - Dependency <Task(_PythonDecoratedOperator): print_the_context>, log_sql_query already registered for DAG: example_python_operator
[2023-06-14T13:30:00.198+0000] {logging_mixin.py:149} INFO - [2023-06-14T13:30:00.198+0000] {taskmixin.py:211} WARNING - Dependency <Task(_PythonDecoratedOperator): log_sql_query>, print_the_context already registered for DAG: example_python_operator
[2023-06-14T13:30:00.199+0000] {logging_mixin.py:149} INFO - [2023-06-14T13:30:00.199+0000] {taskmixin.py:211} WARNING - Dependency <Task(_PythonDecoratedOperator): print_the_context>, log_sql_query already registered for DAG: example_python_operator
[2023-06-14T13:30:00.200+0000] {logging_mixin.py:149} INFO - [2023-06-14T13:30:00.200+0000] {taskmixin.py:211} WARNING - Dependency <Task(_PythonDecoratedOperator): log_sql_query>, print_the_context already registered for DAG: example_python_operator
[2023-06-14T13:30:00.201+0000] {logging_mixin.py:149} INFO - [2023-06-14T13:30:00.201+0000] {taskmixin.py:211} WARNING - Dependency <Task(_PythonDecoratedOperator): print_the_context>, log_sql_query already registered for DAG: example_python_operator
[2023-06-14T13:30:00.201+0000] {logging_mixin.py:149} INFO - [2023-06-14T13:30:00.201+0000] {taskmixin.py:211} WARNING - Dependency <Task(_PythonDecoratedOperator): log_sql_query>, print_the_context already registered for DAG: example_python_operator
[2023-06-14T13:30:00.202+0000] {logging_mixin.py:149} INFO - [2023-06-14T13:30:00.202+0000] {taskmixin.py:211} WARNING - Dependency <Task(_PythonDecoratedOperator): print_the_context>, log_sql_query already registered for DAG: example_python_operator
[2023-06-14T13:30:00.203+0000] {logging_mixin.py:149} INFO - [2023-06-14T13:30:00.202+0000] {taskmixin.py:211} WARNING - Dependency <Task(_PythonDecoratedOperator): log_sql_query>, print_the_context already registered for DAG: example_python_operator
[2023-06-14T13:30:00.205+0000] {processor.py:836} INFO - DAG(s) dict_keys(['example_python_operator']) retrieved from /home/airflow/.local/lib/python3.7/site-packages/airflow/example_dags/example_python_operator.py
[2023-06-14T13:30:00.236+0000] {logging_mixin.py:149} INFO - [2023-06-14T13:30:00.236+0000] {dag.py:2726} INFO - Sync 1 DAGs
[2023-06-14T13:30:00.258+0000] {logging_mixin.py:149} INFO - [2023-06-14T13:30:00.258+0000] {dag.py:3490} INFO - Setting next_dagrun for example_python_operator to None, run_after=None
[2023-06-14T13:30:00.278+0000] {processor.py:179} INFO - Processing /home/airflow/.local/lib/python3.7/site-packages/airflow/example_dags/example_python_operator.py took 0.099 seconds
[2023-06-14T13:30:30.857+0000] {processor.py:157} INFO - Started process (PID=391) to work on /home/airflow/.local/lib/python3.7/site-packages/airflow/example_dags/example_python_operator.py
[2023-06-14T13:30:30.860+0000] {processor.py:826} INFO - Processing file /home/airflow/.local/lib/python3.7/site-packages/airflow/example_dags/example_python_operator.py for tasks to queue
[2023-06-14T13:30:30.861+0000] {logging_mixin.py:149} INFO - [2023-06-14T13:30:30.861+0000] {dagbag.py:541} INFO - Filling up the DagBag from /home/airflow/.local/lib/python3.7/site-packages/airflow/example_dags/example_python_operator.py
[2023-06-14T13:30:30.872+0000] {logging_mixin.py:149} INFO - [2023-06-14T13:30:30.872+0000] {taskmixin.py:211} WARNING - Dependency <Task(_PythonDecoratedOperator): print_the_context>, log_sql_query already registered for DAG: example_python_operator
[2023-06-14T13:30:30.873+0000] {logging_mixin.py:149} INFO - [2023-06-14T13:30:30.873+0000] {taskmixin.py:211} WARNING - Dependency <Task(_PythonDecoratedOperator): log_sql_query>, print_the_context already registered for DAG: example_python_operator
[2023-06-14T13:30:30.874+0000] {logging_mixin.py:149} INFO - [2023-06-14T13:30:30.874+0000] {taskmixin.py:211} WARNING - Dependency <Task(_PythonDecoratedOperator): print_the_context>, log_sql_query already registered for DAG: example_python_operator
[2023-06-14T13:30:30.875+0000] {logging_mixin.py:149} INFO - [2023-06-14T13:30:30.875+0000] {taskmixin.py:211} WARNING - Dependency <Task(_PythonDecoratedOperator): log_sql_query>, print_the_context already registered for DAG: example_python_operator
[2023-06-14T13:30:30.876+0000] {logging_mixin.py:149} INFO - [2023-06-14T13:30:30.876+0000] {taskmixin.py:211} WARNING - Dependency <Task(_PythonDecoratedOperator): print_the_context>, log_sql_query already registered for DAG: example_python_operator
[2023-06-14T13:30:30.877+0000] {logging_mixin.py:149} INFO - [2023-06-14T13:30:30.876+0000] {taskmixin.py:211} WARNING - Dependency <Task(_PythonDecoratedOperator): log_sql_query>, print_the_context already registered for DAG: example_python_operator
[2023-06-14T13:30:30.877+0000] {logging_mixin.py:149} INFO - [2023-06-14T13:30:30.877+0000] {taskmixin.py:211} WARNING - Dependency <Task(_PythonDecoratedOperator): print_the_context>, log_sql_query already registered for DAG: example_python_operator
[2023-06-14T13:30:30.878+0000] {logging_mixin.py:149} INFO - [2023-06-14T13:30:30.878+0000] {taskmixin.py:211} WARNING - Dependency <Task(_PythonDecoratedOperator): log_sql_query>, print_the_context already registered for DAG: example_python_operator
[2023-06-14T13:30:30.881+0000] {processor.py:836} INFO - DAG(s) dict_keys(['example_python_operator']) retrieved from /home/airflow/.local/lib/python3.7/site-packages/airflow/example_dags/example_python_operator.py
[2023-06-14T13:30:30.906+0000] {logging_mixin.py:149} INFO - [2023-06-14T13:30:30.906+0000] {dag.py:2726} INFO - Sync 1 DAGs
[2023-06-14T13:30:30.922+0000] {logging_mixin.py:149} INFO - [2023-06-14T13:30:30.922+0000] {dag.py:3490} INFO - Setting next_dagrun for example_python_operator to None, run_after=None
[2023-06-14T13:30:30.933+0000] {processor.py:179} INFO - Processing /home/airflow/.local/lib/python3.7/site-packages/airflow/example_dags/example_python_operator.py took 0.082 seconds
[2023-06-14T13:31:01.788+0000] {processor.py:157} INFO - Started process (PID=447) to work on /home/airflow/.local/lib/python3.7/site-packages/airflow/example_dags/example_python_operator.py
[2023-06-14T13:31:01.792+0000] {processor.py:826} INFO - Processing file /home/airflow/.local/lib/python3.7/site-packages/airflow/example_dags/example_python_operator.py for tasks to queue
[2023-06-14T13:31:01.793+0000] {logging_mixin.py:149} INFO - [2023-06-14T13:31:01.793+0000] {dagbag.py:541} INFO - Filling up the DagBag from /home/airflow/.local/lib/python3.7/site-packages/airflow/example_dags/example_python_operator.py
[2023-06-14T13:31:01.801+0000] {logging_mixin.py:149} INFO - [2023-06-14T13:31:01.801+0000] {taskmixin.py:211} WARNING - Dependency <Task(_PythonDecoratedOperator): print_the_context>, log_sql_query already registered for DAG: example_python_operator
[2023-06-14T13:31:01.802+0000] {logging_mixin.py:149} INFO - [2023-06-14T13:31:01.802+0000] {taskmixin.py:211} WARNING - Dependency <Task(_PythonDecoratedOperator): log_sql_query>, print_the_context already registered for DAG: example_python_operator
[2023-06-14T13:31:01.803+0000] {logging_mixin.py:149} INFO - [2023-06-14T13:31:01.803+0000] {taskmixin.py:211} WARNING - Dependency <Task(_PythonDecoratedOperator): print_the_context>, log_sql_query already registered for DAG: example_python_operator
[2023-06-14T13:31:01.803+0000] {logging_mixin.py:149} INFO - [2023-06-14T13:31:01.803+0000] {taskmixin.py:211} WARNING - Dependency <Task(_PythonDecoratedOperator): log_sql_query>, print_the_context already registered for DAG: example_python_operator
[2023-06-14T13:31:01.804+0000] {logging_mixin.py:149} INFO - [2023-06-14T13:31:01.804+0000] {taskmixin.py:211} WARNING - Dependency <Task(_PythonDecoratedOperator): print_the_context>, log_sql_query already registered for DAG: example_python_operator
[2023-06-14T13:31:01.805+0000] {logging_mixin.py:149} INFO - [2023-06-14T13:31:01.805+0000] {taskmixin.py:211} WARNING - Dependency <Task(_PythonDecoratedOperator): log_sql_query>, print_the_context already registered for DAG: example_python_operator
[2023-06-14T13:31:01.806+0000] {logging_mixin.py:149} INFO - [2023-06-14T13:31:01.805+0000] {taskmixin.py:211} WARNING - Dependency <Task(_PythonDecoratedOperator): print_the_context>, log_sql_query already registered for DAG: example_python_operator
[2023-06-14T13:31:01.806+0000] {logging_mixin.py:149} INFO - [2023-06-14T13:31:01.806+0000] {taskmixin.py:211} WARNING - Dependency <Task(_PythonDecoratedOperator): log_sql_query>, print_the_context already registered for DAG: example_python_operator
[2023-06-14T13:31:01.809+0000] {processor.py:836} INFO - DAG(s) dict_keys(['example_python_operator']) retrieved from /home/airflow/.local/lib/python3.7/site-packages/airflow/example_dags/example_python_operator.py
[2023-06-14T13:31:01.835+0000] {logging_mixin.py:149} INFO - [2023-06-14T13:31:01.835+0000] {dag.py:2726} INFO - Sync 1 DAGs
[2023-06-14T13:31:01.854+0000] {logging_mixin.py:149} INFO - [2023-06-14T13:31:01.854+0000] {dag.py:3490} INFO - Setting next_dagrun for example_python_operator to None, run_after=None
[2023-06-14T13:31:01.867+0000] {processor.py:179} INFO - Processing /home/airflow/.local/lib/python3.7/site-packages/airflow/example_dags/example_python_operator.py took 0.083 seconds
[2023-06-14T13:31:32.328+0000] {processor.py:157} INFO - Started process (PID=503) to work on /home/airflow/.local/lib/python3.7/site-packages/airflow/example_dags/example_python_operator.py
[2023-06-14T13:31:32.329+0000] {processor.py:826} INFO - Processing file /home/airflow/.local/lib/python3.7/site-packages/airflow/example_dags/example_python_operator.py for tasks to queue
[2023-06-14T13:31:32.330+0000] {logging_mixin.py:149} INFO - [2023-06-14T13:31:32.330+0000] {dagbag.py:541} INFO - Filling up the DagBag from /home/airflow/.local/lib/python3.7/site-packages/airflow/example_dags/example_python_operator.py
[2023-06-14T13:31:32.336+0000] {logging_mixin.py:149} INFO - [2023-06-14T13:31:32.336+0000] {taskmixin.py:211} WARNING - Dependency <Task(_PythonDecoratedOperator): print_the_context>, log_sql_query already registered for DAG: example_python_operator
[2023-06-14T13:31:32.336+0000] {logging_mixin.py:149} INFO - [2023-06-14T13:31:32.336+0000] {taskmixin.py:211} WARNING - Dependency <Task(_PythonDecoratedOperator): log_sql_query>, print_the_context already registered for DAG: example_python_operator
[2023-06-14T13:31:32.337+0000] {logging_mixin.py:149} INFO - [2023-06-14T13:31:32.337+0000] {taskmixin.py:211} WARNING - Dependency <Task(_PythonDecoratedOperator): print_the_context>, log_sql_query already registered for DAG: example_python_operator
[2023-06-14T13:31:32.338+0000] {logging_mixin.py:149} INFO - [2023-06-14T13:31:32.338+0000] {taskmixin.py:211} WARNING - Dependency <Task(_PythonDecoratedOperator): log_sql_query>, print_the_context already registered for DAG: example_python_operator
[2023-06-14T13:31:32.338+0000] {logging_mixin.py:149} INFO - [2023-06-14T13:31:32.338+0000] {taskmixin.py:211} WARNING - Dependency <Task(_PythonDecoratedOperator): print_the_context>, log_sql_query already registered for DAG: example_python_operator
[2023-06-14T13:31:32.339+0000] {logging_mixin.py:149} INFO - [2023-06-14T13:31:32.339+0000] {taskmixin.py:211} WARNING - Dependency <Task(_PythonDecoratedOperator): log_sql_query>, print_the_context already registered for DAG: example_python_operator
[2023-06-14T13:31:32.339+0000] {logging_mixin.py:149} INFO - [2023-06-14T13:31:32.339+0000] {taskmixin.py:211} WARNING - Dependency <Task(_PythonDecoratedOperator): print_the_context>, log_sql_query already registered for DAG: example_python_operator
[2023-06-14T13:31:32.340+0000] {logging_mixin.py:149} INFO - [2023-06-14T13:31:32.340+0000] {taskmixin.py:211} WARNING - Dependency <Task(_PythonDecoratedOperator): log_sql_query>, print_the_context already registered for DAG: example_python_operator
[2023-06-14T13:31:32.342+0000] {processor.py:836} INFO - DAG(s) dict_keys(['example_python_operator']) retrieved from /home/airflow/.local/lib/python3.7/site-packages/airflow/example_dags/example_python_operator.py
[2023-06-14T13:31:32.361+0000] {logging_mixin.py:149} INFO - [2023-06-14T13:31:32.361+0000] {dag.py:2726} INFO - Sync 1 DAGs
[2023-06-14T13:31:32.376+0000] {logging_mixin.py:149} INFO - [2023-06-14T13:31:32.376+0000] {dag.py:3490} INFO - Setting next_dagrun for example_python_operator to None, run_after=None
[2023-06-14T13:31:32.387+0000] {processor.py:179} INFO - Processing /home/airflow/.local/lib/python3.7/site-packages/airflow/example_dags/example_python_operator.py took 0.062 seconds
[2023-06-14T13:32:02.944+0000] {processor.py:157} INFO - Started process (PID=560) to work on /home/airflow/.local/lib/python3.7/site-packages/airflow/example_dags/example_python_operator.py
[2023-06-14T13:32:02.947+0000] {processor.py:826} INFO - Processing file /home/airflow/.local/lib/python3.7/site-packages/airflow/example_dags/example_python_operator.py for tasks to queue
[2023-06-14T13:32:02.948+0000] {logging_mixin.py:149} INFO - [2023-06-14T13:32:02.947+0000] {dagbag.py:541} INFO - Filling up the DagBag from /home/airflow/.local/lib/python3.7/site-packages/airflow/example_dags/example_python_operator.py
[2023-06-14T13:32:02.956+0000] {logging_mixin.py:149} INFO - [2023-06-14T13:32:02.956+0000] {taskmixin.py:211} WARNING - Dependency <Task(_PythonDecoratedOperator): print_the_context>, log_sql_query already registered for DAG: example_python_operator
[2023-06-14T13:32:02.957+0000] {logging_mixin.py:149} INFO - [2023-06-14T13:32:02.957+0000] {taskmixin.py:211} WARNING - Dependency <Task(_PythonDecoratedOperator): log_sql_query>, print_the_context already registered for DAG: example_python_operator
[2023-06-14T13:32:02.958+0000] {logging_mixin.py:149} INFO - [2023-06-14T13:32:02.958+0000] {taskmixin.py:211} WARNING - Dependency <Task(_PythonDecoratedOperator): print_the_context>, log_sql_query already registered for DAG: example_python_operator
[2023-06-14T13:32:02.959+0000] {logging_mixin.py:149} INFO - [2023-06-14T13:32:02.959+0000] {taskmixin.py:211} WARNING - Dependency <Task(_PythonDecoratedOperator): log_sql_query>, print_the_context already registered for DAG: example_python_operator
[2023-06-14T13:32:02.960+0000] {logging_mixin.py:149} INFO - [2023-06-14T13:32:02.960+0000] {taskmixin.py:211} WARNING - Dependency <Task(_PythonDecoratedOperator): print_the_context>, log_sql_query already registered for DAG: example_python_operator
[2023-06-14T13:32:02.960+0000] {logging_mixin.py:149} INFO - [2023-06-14T13:32:02.960+0000] {taskmixin.py:211} WARNING - Dependency <Task(_PythonDecoratedOperator): log_sql_query>, print_the_context already registered for DAG: example_python_operator
[2023-06-14T13:32:02.961+0000] {logging_mixin.py:149} INFO - [2023-06-14T13:32:02.961+0000] {taskmixin.py:211} WARNING - Dependency <Task(_PythonDecoratedOperator): print_the_context>, log_sql_query already registered for DAG: example_python_operator
[2023-06-14T13:32:02.962+0000] {logging_mixin.py:149} INFO - [2023-06-14T13:32:02.962+0000] {taskmixin.py:211} WARNING - Dependency <Task(_PythonDecoratedOperator): log_sql_query>, print_the_context already registered for DAG: example_python_operator
[2023-06-14T13:32:02.964+0000] {processor.py:836} INFO - DAG(s) dict_keys(['example_python_operator']) retrieved from /home/airflow/.local/lib/python3.7/site-packages/airflow/example_dags/example_python_operator.py
[2023-06-14T13:32:02.995+0000] {logging_mixin.py:149} INFO - [2023-06-14T13:32:02.995+0000] {dag.py:2726} INFO - Sync 1 DAGs
[2023-06-14T13:32:03.018+0000] {logging_mixin.py:149} INFO - [2023-06-14T13:32:03.018+0000] {dag.py:3490} INFO - Setting next_dagrun for example_python_operator to None, run_after=None
[2023-06-14T13:32:03.034+0000] {processor.py:179} INFO - Processing /home/airflow/.local/lib/python3.7/site-packages/airflow/example_dags/example_python_operator.py took 0.094 seconds
[2023-06-14T13:32:33.093+0000] {processor.py:157} INFO - Started process (PID=618) to work on /home/airflow/.local/lib/python3.7/site-packages/airflow/example_dags/example_python_operator.py
[2023-06-14T13:32:33.096+0000] {processor.py:826} INFO - Processing file /home/airflow/.local/lib/python3.7/site-packages/airflow/example_dags/example_python_operator.py for tasks to queue
[2023-06-14T13:32:33.097+0000] {logging_mixin.py:149} INFO - [2023-06-14T13:32:33.097+0000] {dagbag.py:541} INFO - Filling up the DagBag from /home/airflow/.local/lib/python3.7/site-packages/airflow/example_dags/example_python_operator.py
[2023-06-14T13:32:33.109+0000] {logging_mixin.py:149} INFO - [2023-06-14T13:32:33.109+0000] {taskmixin.py:211} WARNING - Dependency <Task(_PythonDecoratedOperator): print_the_context>, log_sql_query already registered for DAG: example_python_operator
[2023-06-14T13:32:33.110+0000] {logging_mixin.py:149} INFO - [2023-06-14T13:32:33.110+0000] {taskmixin.py:211} WARNING - Dependency <Task(_PythonDecoratedOperator): log_sql_query>, print_the_context already registered for DAG: example_python_operator
[2023-06-14T13:32:33.112+0000] {logging_mixin.py:149} INFO - [2023-06-14T13:32:33.111+0000] {taskmixin.py:211} WARNING - Dependency <Task(_PythonDecoratedOperator): print_the_context>, log_sql_query already registered for DAG: example_python_operator
[2023-06-14T13:32:33.112+0000] {logging_mixin.py:149} INFO - [2023-06-14T13:32:33.112+0000] {taskmixin.py:211} WARNING - Dependency <Task(_PythonDecoratedOperator): log_sql_query>, print_the_context already registered for DAG: example_python_operator
[2023-06-14T13:32:33.114+0000] {logging_mixin.py:149} INFO - [2023-06-14T13:32:33.113+0000] {taskmixin.py:211} WARNING - Dependency <Task(_PythonDecoratedOperator): print_the_context>, log_sql_query already registered for DAG: example_python_operator
[2023-06-14T13:32:33.114+0000] {logging_mixin.py:149} INFO - [2023-06-14T13:32:33.114+0000] {taskmixin.py:211} WARNING - Dependency <Task(_PythonDecoratedOperator): log_sql_query>, print_the_context already registered for DAG: example_python_operator
[2023-06-14T13:32:33.116+0000] {logging_mixin.py:149} INFO - [2023-06-14T13:32:33.115+0000] {taskmixin.py:211} WARNING - Dependency <Task(_PythonDecoratedOperator): print_the_context>, log_sql_query already registered for DAG: example_python_operator
[2023-06-14T13:32:33.116+0000] {logging_mixin.py:149} INFO - [2023-06-14T13:32:33.116+0000] {taskmixin.py:211} WARNING - Dependency <Task(_PythonDecoratedOperator): log_sql_query>, print_the_context already registered for DAG: example_python_operator
[2023-06-14T13:32:33.119+0000] {processor.py:836} INFO - DAG(s) dict_keys(['example_python_operator']) retrieved from /home/airflow/.local/lib/python3.7/site-packages/airflow/example_dags/example_python_operator.py
[2023-06-14T13:32:33.146+0000] {logging_mixin.py:149} INFO - [2023-06-14T13:32:33.146+0000] {dag.py:2726} INFO - Sync 1 DAGs
[2023-06-14T13:32:33.163+0000] {logging_mixin.py:149} INFO - [2023-06-14T13:32:33.163+0000] {dag.py:3490} INFO - Setting next_dagrun for example_python_operator to None, run_after=None
[2023-06-14T13:32:33.174+0000] {processor.py:179} INFO - Processing /home/airflow/.local/lib/python3.7/site-packages/airflow/example_dags/example_python_operator.py took 0.088 seconds
[2023-06-14T13:33:03.536+0000] {processor.py:157} INFO - Started process (PID=675) to work on /home/airflow/.local/lib/python3.7/site-packages/airflow/example_dags/example_python_operator.py
[2023-06-14T13:33:03.539+0000] {processor.py:826} INFO - Processing file /home/airflow/.local/lib/python3.7/site-packages/airflow/example_dags/example_python_operator.py for tasks to queue
[2023-06-14T13:33:03.540+0000] {logging_mixin.py:149} INFO - [2023-06-14T13:33:03.540+0000] {dagbag.py:541} INFO - Filling up the DagBag from /home/airflow/.local/lib/python3.7/site-packages/airflow/example_dags/example_python_operator.py
[2023-06-14T13:33:03.551+0000] {logging_mixin.py:149} INFO - [2023-06-14T13:33:03.551+0000] {taskmixin.py:211} WARNING - Dependency <Task(_PythonDecoratedOperator): print_the_context>, log_sql_query already registered for DAG: example_python_operator
[2023-06-14T13:33:03.552+0000] {logging_mixin.py:149} INFO - [2023-06-14T13:33:03.552+0000] {taskmixin.py:211} WARNING - Dependency <Task(_PythonDecoratedOperator): log_sql_query>, print_the_context already registered for DAG: example_python_operator
[2023-06-14T13:33:03.554+0000] {logging_mixin.py:149} INFO - [2023-06-14T13:33:03.553+0000] {taskmixin.py:211} WARNING - Dependency <Task(_PythonDecoratedOperator): print_the_context>, log_sql_query already registered for DAG: example_python_operator
[2023-06-14T13:33:03.554+0000] {logging_mixin.py:149} INFO - [2023-06-14T13:33:03.554+0000] {taskmixin.py:211} WARNING - Dependency <Task(_PythonDecoratedOperator): log_sql_query>, print_the_context already registered for DAG: example_python_operator
[2023-06-14T13:33:03.555+0000] {logging_mixin.py:149} INFO - [2023-06-14T13:33:03.555+0000] {taskmixin.py:211} WARNING - Dependency <Task(_PythonDecoratedOperator): print_the_context>, log_sql_query already registered for DAG: example_python_operator
[2023-06-14T13:33:03.556+0000] {logging_mixin.py:149} INFO - [2023-06-14T13:33:03.556+0000] {taskmixin.py:211} WARNING - Dependency <Task(_PythonDecoratedOperator): log_sql_query>, print_the_context already registered for DAG: example_python_operator
[2023-06-14T13:33:03.557+0000] {logging_mixin.py:149} INFO - [2023-06-14T13:33:03.557+0000] {taskmixin.py:211} WARNING - Dependency <Task(_PythonDecoratedOperator): print_the_context>, log_sql_query already registered for DAG: example_python_operator
[2023-06-14T13:33:03.558+0000] {logging_mixin.py:149} INFO - [2023-06-14T13:33:03.558+0000] {taskmixin.py:211} WARNING - Dependency <Task(_PythonDecoratedOperator): log_sql_query>, print_the_context already registered for DAG: example_python_operator
[2023-06-14T13:33:03.561+0000] {processor.py:836} INFO - DAG(s) dict_keys(['example_python_operator']) retrieved from /home/airflow/.local/lib/python3.7/site-packages/airflow/example_dags/example_python_operator.py
[2023-06-14T13:33:03.586+0000] {logging_mixin.py:149} INFO - [2023-06-14T13:33:03.586+0000] {dag.py:2726} INFO - Sync 1 DAGs
[2023-06-14T13:33:03.600+0000] {logging_mixin.py:149} INFO - [2023-06-14T13:33:03.600+0000] {dag.py:3490} INFO - Setting next_dagrun for example_python_operator to None, run_after=None
[2023-06-14T13:33:03.612+0000] {processor.py:179} INFO - Processing /home/airflow/.local/lib/python3.7/site-packages/airflow/example_dags/example_python_operator.py took 0.081 seconds
[2023-06-14T13:33:33.967+0000] {processor.py:157} INFO - Started process (PID=732) to work on /home/airflow/.local/lib/python3.7/site-packages/airflow/example_dags/example_python_operator.py
[2023-06-14T13:33:33.970+0000] {processor.py:826} INFO - Processing file /home/airflow/.local/lib/python3.7/site-packages/airflow/example_dags/example_python_operator.py for tasks to queue
[2023-06-14T13:33:33.972+0000] {logging_mixin.py:149} INFO - [2023-06-14T13:33:33.971+0000] {dagbag.py:541} INFO - Filling up the DagBag from /home/airflow/.local/lib/python3.7/site-packages/airflow/example_dags/example_python_operator.py
[2023-06-14T13:33:33.981+0000] {logging_mixin.py:149} INFO - [2023-06-14T13:33:33.980+0000] {taskmixin.py:211} WARNING - Dependency <Task(_PythonDecoratedOperator): print_the_context>, log_sql_query already registered for DAG: example_python_operator
[2023-06-14T13:33:33.982+0000] {logging_mixin.py:149} INFO - [2023-06-14T13:33:33.981+0000] {taskmixin.py:211} WARNING - Dependency <Task(_PythonDecoratedOperator): log_sql_query>, print_the_context already registered for DAG: example_python_operator
[2023-06-14T13:33:33.983+0000] {logging_mixin.py:149} INFO - [2023-06-14T13:33:33.982+0000] {taskmixin.py:211} WARNING - Dependency <Task(_PythonDecoratedOperator): print_the_context>, log_sql_query already registered for DAG: example_python_operator
[2023-06-14T13:33:33.983+0000] {logging_mixin.py:149} INFO - [2023-06-14T13:33:33.983+0000] {taskmixin.py:211} WARNING - Dependency <Task(_PythonDecoratedOperator): log_sql_query>, print_the_context already registered for DAG: example_python_operator
[2023-06-14T13:33:33.984+0000] {logging_mixin.py:149} INFO - [2023-06-14T13:33:33.984+0000] {taskmixin.py:211} WARNING - Dependency <Task(_PythonDecoratedOperator): print_the_context>, log_sql_query already registered for DAG: example_python_operator
[2023-06-14T13:33:33.985+0000] {logging_mixin.py:149} INFO - [2023-06-14T13:33:33.985+0000] {taskmixin.py:211} WARNING - Dependency <Task(_PythonDecoratedOperator): log_sql_query>, print_the_context already registered for DAG: example_python_operator
[2023-06-14T13:33:33.986+0000] {logging_mixin.py:149} INFO - [2023-06-14T13:33:33.986+0000] {taskmixin.py:211} WARNING - Dependency <Task(_PythonDecoratedOperator): print_the_context>, log_sql_query already registered for DAG: example_python_operator
[2023-06-14T13:33:33.986+0000] {logging_mixin.py:149} INFO - [2023-06-14T13:33:33.986+0000] {taskmixin.py:211} WARNING - Dependency <Task(_PythonDecoratedOperator): log_sql_query>, print_the_context already registered for DAG: example_python_operator
[2023-06-14T13:33:33.989+0000] {processor.py:836} INFO - DAG(s) dict_keys(['example_python_operator']) retrieved from /home/airflow/.local/lib/python3.7/site-packages/airflow/example_dags/example_python_operator.py
[2023-06-14T13:33:34.012+0000] {logging_mixin.py:149} INFO - [2023-06-14T13:33:34.012+0000] {dag.py:2726} INFO - Sync 1 DAGs
[2023-06-14T13:33:34.027+0000] {logging_mixin.py:149} INFO - [2023-06-14T13:33:34.026+0000] {dag.py:3490} INFO - Setting next_dagrun for example_python_operator to None, run_after=None
[2023-06-14T13:33:34.037+0000] {processor.py:179} INFO - Processing /home/airflow/.local/lib/python3.7/site-packages/airflow/example_dags/example_python_operator.py took 0.077 seconds
[2023-06-14T13:34:04.517+0000] {processor.py:157} INFO - Started process (PID=789) to work on /home/airflow/.local/lib/python3.7/site-packages/airflow/example_dags/example_python_operator.py
[2023-06-14T13:34:04.520+0000] {processor.py:826} INFO - Processing file /home/airflow/.local/lib/python3.7/site-packages/airflow/example_dags/example_python_operator.py for tasks to queue
[2023-06-14T13:34:04.521+0000] {logging_mixin.py:149} INFO - [2023-06-14T13:34:04.521+0000] {dagbag.py:541} INFO - Filling up the DagBag from /home/airflow/.local/lib/python3.7/site-packages/airflow/example_dags/example_python_operator.py
[2023-06-14T13:34:04.533+0000] {logging_mixin.py:149} INFO - [2023-06-14T13:34:04.532+0000] {taskmixin.py:211} WARNING - Dependency <Task(_PythonDecoratedOperator): print_the_context>, log_sql_query already registered for DAG: example_python_operator
[2023-06-14T13:34:04.534+0000] {logging_mixin.py:149} INFO - [2023-06-14T13:34:04.534+0000] {taskmixin.py:211} WARNING - Dependency <Task(_PythonDecoratedOperator): log_sql_query>, print_the_context already registered for DAG: example_python_operator
[2023-06-14T13:34:04.537+0000] {logging_mixin.py:149} INFO - [2023-06-14T13:34:04.537+0000] {taskmixin.py:211} WARNING - Dependency <Task(_PythonDecoratedOperator): print_the_context>, log_sql_query already registered for DAG: example_python_operator
[2023-06-14T13:34:04.537+0000] {logging_mixin.py:149} INFO - [2023-06-14T13:34:04.537+0000] {taskmixin.py:211} WARNING - Dependency <Task(_PythonDecoratedOperator): log_sql_query>, print_the_context already registered for DAG: example_python_operator
[2023-06-14T13:34:04.539+0000] {logging_mixin.py:149} INFO - [2023-06-14T13:34:04.539+0000] {taskmixin.py:211} WARNING - Dependency <Task(_PythonDecoratedOperator): print_the_context>, log_sql_query already registered for DAG: example_python_operator
[2023-06-14T13:34:04.540+0000] {logging_mixin.py:149} INFO - [2023-06-14T13:34:04.540+0000] {taskmixin.py:211} WARNING - Dependency <Task(_PythonDecoratedOperator): log_sql_query>, print_the_context already registered for DAG: example_python_operator
[2023-06-14T13:34:04.541+0000] {logging_mixin.py:149} INFO - [2023-06-14T13:34:04.541+0000] {taskmixin.py:211} WARNING - Dependency <Task(_PythonDecoratedOperator): print_the_context>, log_sql_query already registered for DAG: example_python_operator
[2023-06-14T13:34:04.542+0000] {logging_mixin.py:149} INFO - [2023-06-14T13:34:04.542+0000] {taskmixin.py:211} WARNING - Dependency <Task(_PythonDecoratedOperator): log_sql_query>, print_the_context already registered for DAG: example_python_operator
[2023-06-14T13:34:04.545+0000] {processor.py:836} INFO - DAG(s) dict_keys(['example_python_operator']) retrieved from /home/airflow/.local/lib/python3.7/site-packages/airflow/example_dags/example_python_operator.py
[2023-06-14T13:34:04.571+0000] {logging_mixin.py:149} INFO - [2023-06-14T13:34:04.571+0000] {dag.py:2726} INFO - Sync 1 DAGs
[2023-06-14T13:34:04.586+0000] {logging_mixin.py:149} INFO - [2023-06-14T13:34:04.586+0000] {dag.py:3490} INFO - Setting next_dagrun for example_python_operator to None, run_after=None
[2023-06-14T13:34:04.597+0000] {processor.py:179} INFO - Processing /home/airflow/.local/lib/python3.7/site-packages/airflow/example_dags/example_python_operator.py took 0.086 seconds
[2023-06-14T13:34:35.176+0000] {processor.py:157} INFO - Started process (PID=846) to work on /home/airflow/.local/lib/python3.7/site-packages/airflow/example_dags/example_python_operator.py
[2023-06-14T13:34:35.178+0000] {processor.py:826} INFO - Processing file /home/airflow/.local/lib/python3.7/site-packages/airflow/example_dags/example_python_operator.py for tasks to queue
[2023-06-14T13:34:35.179+0000] {logging_mixin.py:149} INFO - [2023-06-14T13:34:35.178+0000] {dagbag.py:541} INFO - Filling up the DagBag from /home/airflow/.local/lib/python3.7/site-packages/airflow/example_dags/example_python_operator.py
[2023-06-14T13:34:35.184+0000] {logging_mixin.py:149} INFO - [2023-06-14T13:34:35.184+0000] {taskmixin.py:211} WARNING - Dependency <Task(_PythonDecoratedOperator): print_the_context>, log_sql_query already registered for DAG: example_python_operator
[2023-06-14T13:34:35.185+0000] {logging_mixin.py:149} INFO - [2023-06-14T13:34:35.185+0000] {taskmixin.py:211} WARNING - Dependency <Task(_PythonDecoratedOperator): log_sql_query>, print_the_context already registered for DAG: example_python_operator
[2023-06-14T13:34:35.185+0000] {logging_mixin.py:149} INFO - [2023-06-14T13:34:35.185+0000] {taskmixin.py:211} WARNING - Dependency <Task(_PythonDecoratedOperator): print_the_context>, log_sql_query already registered for DAG: example_python_operator
[2023-06-14T13:34:35.186+0000] {logging_mixin.py:149} INFO - [2023-06-14T13:34:35.186+0000] {taskmixin.py:211} WARNING - Dependency <Task(_PythonDecoratedOperator): log_sql_query>, print_the_context already registered for DAG: example_python_operator
[2023-06-14T13:34:35.186+0000] {logging_mixin.py:149} INFO - [2023-06-14T13:34:35.186+0000] {taskmixin.py:211} WARNING - Dependency <Task(_PythonDecoratedOperator): print_the_context>, log_sql_query already registered for DAG: example_python_operator
[2023-06-14T13:34:35.187+0000] {logging_mixin.py:149} INFO - [2023-06-14T13:34:35.187+0000] {taskmixin.py:211} WARNING - Dependency <Task(_PythonDecoratedOperator): log_sql_query>, print_the_context already registered for DAG: example_python_operator
[2023-06-14T13:34:35.188+0000] {logging_mixin.py:149} INFO - [2023-06-14T13:34:35.188+0000] {taskmixin.py:211} WARNING - Dependency <Task(_PythonDecoratedOperator): print_the_context>, log_sql_query already registered for DAG: example_python_operator
[2023-06-14T13:34:35.188+0000] {logging_mixin.py:149} INFO - [2023-06-14T13:34:35.188+0000] {taskmixin.py:211} WARNING - Dependency <Task(_PythonDecoratedOperator): log_sql_query>, print_the_context already registered for DAG: example_python_operator
[2023-06-14T13:34:35.190+0000] {processor.py:836} INFO - DAG(s) dict_keys(['example_python_operator']) retrieved from /home/airflow/.local/lib/python3.7/site-packages/airflow/example_dags/example_python_operator.py
[2023-06-14T13:34:35.212+0000] {logging_mixin.py:149} INFO - [2023-06-14T13:34:35.212+0000] {dag.py:2726} INFO - Sync 1 DAGs
[2023-06-14T13:34:35.228+0000] {logging_mixin.py:149} INFO - [2023-06-14T13:34:35.228+0000] {dag.py:3490} INFO - Setting next_dagrun for example_python_operator to None, run_after=None
[2023-06-14T13:34:35.239+0000] {processor.py:179} INFO - Processing /home/airflow/.local/lib/python3.7/site-packages/airflow/example_dags/example_python_operator.py took 0.066 seconds
[2023-06-14T13:35:05.730+0000] {processor.py:157} INFO - Started process (PID=903) to work on /home/airflow/.local/lib/python3.7/site-packages/airflow/example_dags/example_python_operator.py
[2023-06-14T13:35:05.731+0000] {processor.py:826} INFO - Processing file /home/airflow/.local/lib/python3.7/site-packages/airflow/example_dags/example_python_operator.py for tasks to queue
[2023-06-14T13:35:05.732+0000] {logging_mixin.py:149} INFO - [2023-06-14T13:35:05.731+0000] {dagbag.py:541} INFO - Filling up the DagBag from /home/airflow/.local/lib/python3.7/site-packages/airflow/example_dags/example_python_operator.py
[2023-06-14T13:35:05.737+0000] {logging_mixin.py:149} INFO - [2023-06-14T13:35:05.736+0000] {taskmixin.py:211} WARNING - Dependency <Task(_PythonDecoratedOperator): print_the_context>, log_sql_query already registered for DAG: example_python_operator
[2023-06-14T13:35:05.737+0000] {logging_mixin.py:149} INFO - [2023-06-14T13:35:05.737+0000] {taskmixin.py:211} WARNING - Dependency <Task(_PythonDecoratedOperator): log_sql_query>, print_the_context already registered for DAG: example_python_operator
[2023-06-14T13:35:05.738+0000] {logging_mixin.py:149} INFO - [2023-06-14T13:35:05.738+0000] {taskmixin.py:211} WARNING - Dependency <Task(_PythonDecoratedOperator): print_the_context>, log_sql_query already registered for DAG: example_python_operator
[2023-06-14T13:35:05.738+0000] {logging_mixin.py:149} INFO - [2023-06-14T13:35:05.738+0000] {taskmixin.py:211} WARNING - Dependency <Task(_PythonDecoratedOperator): log_sql_query>, print_the_context already registered for DAG: example_python_operator
[2023-06-14T13:35:05.739+0000] {logging_mixin.py:149} INFO - [2023-06-14T13:35:05.739+0000] {taskmixin.py:211} WARNING - Dependency <Task(_PythonDecoratedOperator): print_the_context>, log_sql_query already registered for DAG: example_python_operator
[2023-06-14T13:35:05.739+0000] {logging_mixin.py:149} INFO - [2023-06-14T13:35:05.739+0000] {taskmixin.py:211} WARNING - Dependency <Task(_PythonDecoratedOperator): log_sql_query>, print_the_context already registered for DAG: example_python_operator
[2023-06-14T13:35:05.740+0000] {logging_mixin.py:149} INFO - [2023-06-14T13:35:05.740+0000] {taskmixin.py:211} WARNING - Dependency <Task(_PythonDecoratedOperator): print_the_context>, log_sql_query already registered for DAG: example_python_operator
[2023-06-14T13:35:05.740+0000] {logging_mixin.py:149} INFO - [2023-06-14T13:35:05.740+0000] {taskmixin.py:211} WARNING - Dependency <Task(_PythonDecoratedOperator): log_sql_query>, print_the_context already registered for DAG: example_python_operator
[2023-06-14T13:35:05.742+0000] {processor.py:836} INFO - DAG(s) dict_keys(['example_python_operator']) retrieved from /home/airflow/.local/lib/python3.7/site-packages/airflow/example_dags/example_python_operator.py
[2023-06-14T13:35:05.767+0000] {logging_mixin.py:149} INFO - [2023-06-14T13:35:05.767+0000] {dag.py:2726} INFO - Sync 1 DAGs
[2023-06-14T13:35:05.785+0000] {logging_mixin.py:149} INFO - [2023-06-14T13:35:05.784+0000] {dag.py:3490} INFO - Setting next_dagrun for example_python_operator to None, run_after=None
[2023-06-14T13:35:05.799+0000] {processor.py:179} INFO - Processing /home/airflow/.local/lib/python3.7/site-packages/airflow/example_dags/example_python_operator.py took 0.073 seconds
