[2023-06-14T13:27:27.598+0000] {processor.py:157} INFO - Started process (PID=56) to work on /home/airflow/.local/lib/python3.7/site-packages/airflow/example_dags/example_short_circuit_decorator.py
[2023-06-14T13:27:27.640+0000] {processor.py:826} INFO - Processing file /home/airflow/.local/lib/python3.7/site-packages/airflow/example_dags/example_short_circuit_decorator.py for tasks to queue
[2023-06-14T13:27:27.645+0000] {logging_mixin.py:149} INFO - [2023-06-14T13:27:27.644+0000] {dagbag.py:541} INFO - Filling up the DagBag from /home/airflow/.local/lib/python3.7/site-packages/airflow/example_dags/example_short_circuit_decorator.py
[2023-06-14T13:27:27.682+0000] {processor.py:836} INFO - DAG(s) dict_keys(['example_short_circuit_decorator']) retrieved from /home/airflow/.local/lib/python3.7/site-packages/airflow/example_dags/example_short_circuit_decorator.py
[2023-06-14T13:27:28.673+0000] {logging_mixin.py:149} INFO - [2023-06-14T13:27:28.672+0000] {manager.py:504} INFO - Created Permission View: can edit on DAG:example_short_circuit_decorator
[2023-06-14T13:27:28.701+0000] {logging_mixin.py:149} INFO - [2023-06-14T13:27:28.701+0000] {manager.py:504} INFO - Created Permission View: can read on DAG:example_short_circuit_decorator
[2023-06-14T13:27:28.764+0000] {logging_mixin.py:149} INFO - [2023-06-14T13:27:28.764+0000] {manager.py:504} INFO - Created Permission View: can delete on DAG:example_short_circuit_decorator
[2023-06-14T13:27:28.767+0000] {logging_mixin.py:149} INFO - [2023-06-14T13:27:28.766+0000] {dag.py:2726} INFO - Sync 1 DAGs
[2023-06-14T13:27:28.862+0000] {logging_mixin.py:149} INFO - [2023-06-14T13:27:28.861+0000] {dag.py:2747} INFO - Creating ORM DAG for example_short_circuit_decorator
[2023-06-14T13:27:28.895+0000] {logging_mixin.py:149} INFO - [2023-06-14T13:27:28.894+0000] {dag.py:3490} INFO - Setting next_dagrun for example_short_circuit_decorator to 2023-06-13T13:27:28.894183+00:00, run_after=2023-06-14T13:27:28.894183+00:00
[2023-06-14T13:27:28.956+0000] {processor.py:179} INFO - Processing /home/airflow/.local/lib/python3.7/site-packages/airflow/example_dags/example_short_circuit_decorator.py took 1.491 seconds
[2023-06-14T13:27:59.715+0000] {processor.py:157} INFO - Started process (PID=112) to work on /home/airflow/.local/lib/python3.7/site-packages/airflow/example_dags/example_short_circuit_decorator.py
[2023-06-14T13:27:59.719+0000] {processor.py:826} INFO - Processing file /home/airflow/.local/lib/python3.7/site-packages/airflow/example_dags/example_short_circuit_decorator.py for tasks to queue
[2023-06-14T13:27:59.722+0000] {logging_mixin.py:149} INFO - [2023-06-14T13:27:59.722+0000] {dagbag.py:541} INFO - Filling up the DagBag from /home/airflow/.local/lib/python3.7/site-packages/airflow/example_dags/example_short_circuit_decorator.py
[2023-06-14T13:27:59.733+0000] {processor.py:836} INFO - DAG(s) dict_keys(['example_short_circuit_decorator']) retrieved from /home/airflow/.local/lib/python3.7/site-packages/airflow/example_dags/example_short_circuit_decorator.py
[2023-06-14T13:27:59.804+0000] {logging_mixin.py:149} INFO - [2023-06-14T13:27:59.804+0000] {dag.py:2726} INFO - Sync 1 DAGs
[2023-06-14T13:27:59.925+0000] {logging_mixin.py:149} INFO - [2023-06-14T13:27:59.925+0000] {dag.py:3490} INFO - Setting next_dagrun for example_short_circuit_decorator to 2023-06-13T13:27:59.923322+00:00, run_after=2023-06-14T13:27:59.923322+00:00
[2023-06-14T13:27:59.986+0000] {processor.py:179} INFO - Processing /home/airflow/.local/lib/python3.7/site-packages/airflow/example_dags/example_short_circuit_decorator.py took 0.278 seconds
[2023-06-14T13:28:30.214+0000] {processor.py:157} INFO - Started process (PID=168) to work on /home/airflow/.local/lib/python3.7/site-packages/airflow/example_dags/example_short_circuit_decorator.py
[2023-06-14T13:28:30.216+0000] {processor.py:826} INFO - Processing file /home/airflow/.local/lib/python3.7/site-packages/airflow/example_dags/example_short_circuit_decorator.py for tasks to queue
[2023-06-14T13:28:30.217+0000] {logging_mixin.py:149} INFO - [2023-06-14T13:28:30.217+0000] {dagbag.py:541} INFO - Filling up the DagBag from /home/airflow/.local/lib/python3.7/site-packages/airflow/example_dags/example_short_circuit_decorator.py
[2023-06-14T13:28:30.228+0000] {processor.py:836} INFO - DAG(s) dict_keys(['example_short_circuit_decorator']) retrieved from /home/airflow/.local/lib/python3.7/site-packages/airflow/example_dags/example_short_circuit_decorator.py
[2023-06-14T13:28:30.258+0000] {logging_mixin.py:149} INFO - [2023-06-14T13:28:30.258+0000] {dag.py:2726} INFO - Sync 1 DAGs
[2023-06-14T13:28:30.277+0000] {logging_mixin.py:149} INFO - [2023-06-14T13:28:30.277+0000] {dag.py:3490} INFO - Setting next_dagrun for example_short_circuit_decorator to 2023-06-13T13:28:30.277011+00:00, run_after=2023-06-14T13:28:30.277011+00:00
[2023-06-14T13:28:30.301+0000] {processor.py:179} INFO - Processing /home/airflow/.local/lib/python3.7/site-packages/airflow/example_dags/example_short_circuit_decorator.py took 0.091 seconds
[2023-06-14T13:29:00.680+0000] {processor.py:157} INFO - Started process (PID=224) to work on /home/airflow/.local/lib/python3.7/site-packages/airflow/example_dags/example_short_circuit_decorator.py
[2023-06-14T13:29:00.681+0000] {processor.py:826} INFO - Processing file /home/airflow/.local/lib/python3.7/site-packages/airflow/example_dags/example_short_circuit_decorator.py for tasks to queue
[2023-06-14T13:29:00.683+0000] {logging_mixin.py:149} INFO - [2023-06-14T13:29:00.683+0000] {dagbag.py:541} INFO - Filling up the DagBag from /home/airflow/.local/lib/python3.7/site-packages/airflow/example_dags/example_short_circuit_decorator.py
[2023-06-14T13:29:00.697+0000] {processor.py:836} INFO - DAG(s) dict_keys(['example_short_circuit_decorator']) retrieved from /home/airflow/.local/lib/python3.7/site-packages/airflow/example_dags/example_short_circuit_decorator.py
[2023-06-14T13:29:00.728+0000] {logging_mixin.py:149} INFO - [2023-06-14T13:29:00.727+0000] {dag.py:2726} INFO - Sync 1 DAGs
[2023-06-14T13:29:00.746+0000] {logging_mixin.py:149} INFO - [2023-06-14T13:29:00.746+0000] {dag.py:3490} INFO - Setting next_dagrun for example_short_circuit_decorator to 2023-06-13T13:29:00.746496+00:00, run_after=2023-06-14T13:29:00.746496+00:00
[2023-06-14T13:29:00.759+0000] {processor.py:179} INFO - Processing /home/airflow/.local/lib/python3.7/site-packages/airflow/example_dags/example_short_circuit_decorator.py took 0.085 seconds
[2023-06-14T13:29:30.966+0000] {processor.py:157} INFO - Started process (PID=280) to work on /home/airflow/.local/lib/python3.7/site-packages/airflow/example_dags/example_short_circuit_decorator.py
[2023-06-14T13:29:30.972+0000] {processor.py:826} INFO - Processing file /home/airflow/.local/lib/python3.7/site-packages/airflow/example_dags/example_short_circuit_decorator.py for tasks to queue
[2023-06-14T13:29:30.973+0000] {logging_mixin.py:149} INFO - [2023-06-14T13:29:30.973+0000] {dagbag.py:541} INFO - Filling up the DagBag from /home/airflow/.local/lib/python3.7/site-packages/airflow/example_dags/example_short_circuit_decorator.py
[2023-06-14T13:29:30.981+0000] {processor.py:836} INFO - DAG(s) dict_keys(['example_short_circuit_decorator']) retrieved from /home/airflow/.local/lib/python3.7/site-packages/airflow/example_dags/example_short_circuit_decorator.py
[2023-06-14T13:29:31.001+0000] {logging_mixin.py:149} INFO - [2023-06-14T13:29:31.001+0000] {dag.py:2726} INFO - Sync 1 DAGs
[2023-06-14T13:29:31.018+0000] {logging_mixin.py:149} INFO - [2023-06-14T13:29:31.018+0000] {dag.py:3490} INFO - Setting next_dagrun for example_short_circuit_decorator to 2023-06-13T13:29:31.018586+00:00, run_after=2023-06-14T13:29:31.018586+00:00
[2023-06-14T13:29:31.031+0000] {processor.py:179} INFO - Processing /home/airflow/.local/lib/python3.7/site-packages/airflow/example_dags/example_short_circuit_decorator.py took 0.069 seconds
[2023-06-14T13:30:01.228+0000] {processor.py:157} INFO - Started process (PID=336) to work on /home/airflow/.local/lib/python3.7/site-packages/airflow/example_dags/example_short_circuit_decorator.py
[2023-06-14T13:30:01.232+0000] {processor.py:826} INFO - Processing file /home/airflow/.local/lib/python3.7/site-packages/airflow/example_dags/example_short_circuit_decorator.py for tasks to queue
[2023-06-14T13:30:01.234+0000] {logging_mixin.py:149} INFO - [2023-06-14T13:30:01.234+0000] {dagbag.py:541} INFO - Filling up the DagBag from /home/airflow/.local/lib/python3.7/site-packages/airflow/example_dags/example_short_circuit_decorator.py
[2023-06-14T13:30:01.249+0000] {processor.py:836} INFO - DAG(s) dict_keys(['example_short_circuit_decorator']) retrieved from /home/airflow/.local/lib/python3.7/site-packages/airflow/example_dags/example_short_circuit_decorator.py
[2023-06-14T13:30:01.275+0000] {logging_mixin.py:149} INFO - [2023-06-14T13:30:01.275+0000] {dag.py:2726} INFO - Sync 1 DAGs
[2023-06-14T13:30:01.294+0000] {logging_mixin.py:149} INFO - [2023-06-14T13:30:01.294+0000] {dag.py:3490} INFO - Setting next_dagrun for example_short_circuit_decorator to 2023-06-13T13:30:01.294050+00:00, run_after=2023-06-14T13:30:01.294050+00:00
[2023-06-14T13:30:01.309+0000] {processor.py:179} INFO - Processing /home/airflow/.local/lib/python3.7/site-packages/airflow/example_dags/example_short_circuit_decorator.py took 0.087 seconds
[2023-06-14T13:30:31.921+0000] {processor.py:157} INFO - Started process (PID=392) to work on /home/airflow/.local/lib/python3.7/site-packages/airflow/example_dags/example_short_circuit_decorator.py
[2023-06-14T13:30:31.923+0000] {processor.py:826} INFO - Processing file /home/airflow/.local/lib/python3.7/site-packages/airflow/example_dags/example_short_circuit_decorator.py for tasks to queue
[2023-06-14T13:30:31.931+0000] {logging_mixin.py:149} INFO - [2023-06-14T13:30:31.931+0000] {dagbag.py:541} INFO - Filling up the DagBag from /home/airflow/.local/lib/python3.7/site-packages/airflow/example_dags/example_short_circuit_decorator.py
[2023-06-14T13:30:31.944+0000] {processor.py:836} INFO - DAG(s) dict_keys(['example_short_circuit_decorator']) retrieved from /home/airflow/.local/lib/python3.7/site-packages/airflow/example_dags/example_short_circuit_decorator.py
[2023-06-14T13:30:31.978+0000] {logging_mixin.py:149} INFO - [2023-06-14T13:30:31.978+0000] {dag.py:2726} INFO - Sync 1 DAGs
[2023-06-14T13:30:32.007+0000] {logging_mixin.py:149} INFO - [2023-06-14T13:30:32.007+0000] {dag.py:3490} INFO - Setting next_dagrun for example_short_circuit_decorator to 2023-06-13T13:30:32.007319+00:00, run_after=2023-06-14T13:30:32.007319+00:00
[2023-06-14T13:30:32.024+0000] {processor.py:179} INFO - Processing /home/airflow/.local/lib/python3.7/site-packages/airflow/example_dags/example_short_circuit_decorator.py took 0.110 seconds
[2023-06-14T13:31:02.908+0000] {processor.py:157} INFO - Started process (PID=448) to work on /home/airflow/.local/lib/python3.7/site-packages/airflow/example_dags/example_short_circuit_decorator.py
[2023-06-14T13:31:02.910+0000] {processor.py:826} INFO - Processing file /home/airflow/.local/lib/python3.7/site-packages/airflow/example_dags/example_short_circuit_decorator.py for tasks to queue
[2023-06-14T13:31:02.911+0000] {logging_mixin.py:149} INFO - [2023-06-14T13:31:02.911+0000] {dagbag.py:541} INFO - Filling up the DagBag from /home/airflow/.local/lib/python3.7/site-packages/airflow/example_dags/example_short_circuit_decorator.py
[2023-06-14T13:31:02.920+0000] {processor.py:836} INFO - DAG(s) dict_keys(['example_short_circuit_decorator']) retrieved from /home/airflow/.local/lib/python3.7/site-packages/airflow/example_dags/example_short_circuit_decorator.py
[2023-06-14T13:31:02.945+0000] {logging_mixin.py:149} INFO - [2023-06-14T13:31:02.945+0000] {dag.py:2726} INFO - Sync 1 DAGs
[2023-06-14T13:31:02.962+0000] {logging_mixin.py:149} INFO - [2023-06-14T13:31:02.962+0000] {dag.py:3490} INFO - Setting next_dagrun for example_short_circuit_decorator to 2023-06-13T13:31:02.962130+00:00, run_after=2023-06-14T13:31:02.962130+00:00
[2023-06-14T13:31:02.974+0000] {processor.py:179} INFO - Processing /home/airflow/.local/lib/python3.7/site-packages/airflow/example_dags/example_short_circuit_decorator.py took 0.073 seconds
[2023-06-14T13:31:33.357+0000] {processor.py:157} INFO - Started process (PID=504) to work on /home/airflow/.local/lib/python3.7/site-packages/airflow/example_dags/example_short_circuit_decorator.py
[2023-06-14T13:31:33.360+0000] {processor.py:826} INFO - Processing file /home/airflow/.local/lib/python3.7/site-packages/airflow/example_dags/example_short_circuit_decorator.py for tasks to queue
[2023-06-14T13:31:33.361+0000] {logging_mixin.py:149} INFO - [2023-06-14T13:31:33.361+0000] {dagbag.py:541} INFO - Filling up the DagBag from /home/airflow/.local/lib/python3.7/site-packages/airflow/example_dags/example_short_circuit_decorator.py
[2023-06-14T13:31:33.370+0000] {processor.py:836} INFO - DAG(s) dict_keys(['example_short_circuit_decorator']) retrieved from /home/airflow/.local/lib/python3.7/site-packages/airflow/example_dags/example_short_circuit_decorator.py
[2023-06-14T13:31:33.392+0000] {logging_mixin.py:149} INFO - [2023-06-14T13:31:33.392+0000] {dag.py:2726} INFO - Sync 1 DAGs
[2023-06-14T13:31:33.408+0000] {logging_mixin.py:149} INFO - [2023-06-14T13:31:33.408+0000] {dag.py:3490} INFO - Setting next_dagrun for example_short_circuit_decorator to 2023-06-13T13:31:33.408392+00:00, run_after=2023-06-14T13:31:33.408392+00:00
[2023-06-14T13:31:33.420+0000] {processor.py:179} INFO - Processing /home/airflow/.local/lib/python3.7/site-packages/airflow/example_dags/example_short_circuit_decorator.py took 0.067 seconds
[2023-06-14T13:32:03.990+0000] {processor.py:157} INFO - Started process (PID=561) to work on /home/airflow/.local/lib/python3.7/site-packages/airflow/example_dags/example_short_circuit_decorator.py
[2023-06-14T13:32:03.993+0000] {processor.py:826} INFO - Processing file /home/airflow/.local/lib/python3.7/site-packages/airflow/example_dags/example_short_circuit_decorator.py for tasks to queue
[2023-06-14T13:32:03.994+0000] {logging_mixin.py:149} INFO - [2023-06-14T13:32:03.994+0000] {dagbag.py:541} INFO - Filling up the DagBag from /home/airflow/.local/lib/python3.7/site-packages/airflow/example_dags/example_short_circuit_decorator.py
[2023-06-14T13:32:04.004+0000] {processor.py:836} INFO - DAG(s) dict_keys(['example_short_circuit_decorator']) retrieved from /home/airflow/.local/lib/python3.7/site-packages/airflow/example_dags/example_short_circuit_decorator.py
[2023-06-14T13:32:04.043+0000] {logging_mixin.py:149} INFO - [2023-06-14T13:32:04.042+0000] {dag.py:2726} INFO - Sync 1 DAGs
[2023-06-14T13:32:04.067+0000] {logging_mixin.py:149} INFO - [2023-06-14T13:32:04.067+0000] {dag.py:3490} INFO - Setting next_dagrun for example_short_circuit_decorator to 2023-06-13T13:32:04.067281+00:00, run_after=2023-06-14T13:32:04.067281+00:00
[2023-06-14T13:32:04.083+0000] {processor.py:179} INFO - Processing /home/airflow/.local/lib/python3.7/site-packages/airflow/example_dags/example_short_circuit_decorator.py took 0.097 seconds
[2023-06-14T13:32:34.140+0000] {processor.py:157} INFO - Started process (PID=619) to work on /home/airflow/.local/lib/python3.7/site-packages/airflow/example_dags/example_short_circuit_decorator.py
[2023-06-14T13:32:34.143+0000] {processor.py:826} INFO - Processing file /home/airflow/.local/lib/python3.7/site-packages/airflow/example_dags/example_short_circuit_decorator.py for tasks to queue
[2023-06-14T13:32:34.144+0000] {logging_mixin.py:149} INFO - [2023-06-14T13:32:34.144+0000] {dagbag.py:541} INFO - Filling up the DagBag from /home/airflow/.local/lib/python3.7/site-packages/airflow/example_dags/example_short_circuit_decorator.py
[2023-06-14T13:32:34.158+0000] {processor.py:836} INFO - DAG(s) dict_keys(['example_short_circuit_decorator']) retrieved from /home/airflow/.local/lib/python3.7/site-packages/airflow/example_dags/example_short_circuit_decorator.py
[2023-06-14T13:32:34.187+0000] {logging_mixin.py:149} INFO - [2023-06-14T13:32:34.187+0000] {dag.py:2726} INFO - Sync 1 DAGs
[2023-06-14T13:32:34.207+0000] {logging_mixin.py:149} INFO - [2023-06-14T13:32:34.206+0000] {dag.py:3490} INFO - Setting next_dagrun for example_short_circuit_decorator to 2023-06-13T13:32:34.206750+00:00, run_after=2023-06-14T13:32:34.206750+00:00
[2023-06-14T13:32:34.219+0000] {processor.py:179} INFO - Processing /home/airflow/.local/lib/python3.7/site-packages/airflow/example_dags/example_short_circuit_decorator.py took 0.085 seconds
[2023-06-14T13:33:04.629+0000] {processor.py:157} INFO - Started process (PID=676) to work on /home/airflow/.local/lib/python3.7/site-packages/airflow/example_dags/example_short_circuit_decorator.py
[2023-06-14T13:33:04.632+0000] {processor.py:826} INFO - Processing file /home/airflow/.local/lib/python3.7/site-packages/airflow/example_dags/example_short_circuit_decorator.py for tasks to queue
[2023-06-14T13:33:04.633+0000] {logging_mixin.py:149} INFO - [2023-06-14T13:33:04.633+0000] {dagbag.py:541} INFO - Filling up the DagBag from /home/airflow/.local/lib/python3.7/site-packages/airflow/example_dags/example_short_circuit_decorator.py
[2023-06-14T13:33:04.646+0000] {processor.py:836} INFO - DAG(s) dict_keys(['example_short_circuit_decorator']) retrieved from /home/airflow/.local/lib/python3.7/site-packages/airflow/example_dags/example_short_circuit_decorator.py
[2023-06-14T13:33:04.672+0000] {logging_mixin.py:149} INFO - [2023-06-14T13:33:04.672+0000] {dag.py:2726} INFO - Sync 1 DAGs
[2023-06-14T13:33:04.688+0000] {logging_mixin.py:149} INFO - [2023-06-14T13:33:04.688+0000] {dag.py:3490} INFO - Setting next_dagrun for example_short_circuit_decorator to 2023-06-13T13:33:04.687874+00:00, run_after=2023-06-14T13:33:04.687874+00:00
[2023-06-14T13:33:04.700+0000] {processor.py:179} INFO - Processing /home/airflow/.local/lib/python3.7/site-packages/airflow/example_dags/example_short_circuit_decorator.py took 0.078 seconds
[2023-06-14T13:33:35.028+0000] {processor.py:157} INFO - Started process (PID=733) to work on /home/airflow/.local/lib/python3.7/site-packages/airflow/example_dags/example_short_circuit_decorator.py
[2023-06-14T13:33:35.030+0000] {processor.py:826} INFO - Processing file /home/airflow/.local/lib/python3.7/site-packages/airflow/example_dags/example_short_circuit_decorator.py for tasks to queue
[2023-06-14T13:33:35.032+0000] {logging_mixin.py:149} INFO - [2023-06-14T13:33:35.031+0000] {dagbag.py:541} INFO - Filling up the DagBag from /home/airflow/.local/lib/python3.7/site-packages/airflow/example_dags/example_short_circuit_decorator.py
[2023-06-14T13:33:35.044+0000] {processor.py:836} INFO - DAG(s) dict_keys(['example_short_circuit_decorator']) retrieved from /home/airflow/.local/lib/python3.7/site-packages/airflow/example_dags/example_short_circuit_decorator.py
[2023-06-14T13:33:35.071+0000] {logging_mixin.py:149} INFO - [2023-06-14T13:33:35.071+0000] {dag.py:2726} INFO - Sync 1 DAGs
[2023-06-14T13:33:35.087+0000] {logging_mixin.py:149} INFO - [2023-06-14T13:33:35.087+0000] {dag.py:3490} INFO - Setting next_dagrun for example_short_circuit_decorator to 2023-06-13T13:33:35.087179+00:00, run_after=2023-06-14T13:33:35.087179+00:00
[2023-06-14T13:33:35.100+0000] {processor.py:179} INFO - Processing /home/airflow/.local/lib/python3.7/site-packages/airflow/example_dags/example_short_circuit_decorator.py took 0.079 seconds
[2023-06-14T13:34:05.593+0000] {processor.py:157} INFO - Started process (PID=790) to work on /home/airflow/.local/lib/python3.7/site-packages/airflow/example_dags/example_short_circuit_decorator.py
[2023-06-14T13:34:05.596+0000] {processor.py:826} INFO - Processing file /home/airflow/.local/lib/python3.7/site-packages/airflow/example_dags/example_short_circuit_decorator.py for tasks to queue
[2023-06-14T13:34:05.597+0000] {logging_mixin.py:149} INFO - [2023-06-14T13:34:05.597+0000] {dagbag.py:541} INFO - Filling up the DagBag from /home/airflow/.local/lib/python3.7/site-packages/airflow/example_dags/example_short_circuit_decorator.py
[2023-06-14T13:34:05.609+0000] {processor.py:836} INFO - DAG(s) dict_keys(['example_short_circuit_decorator']) retrieved from /home/airflow/.local/lib/python3.7/site-packages/airflow/example_dags/example_short_circuit_decorator.py
[2023-06-14T13:34:05.646+0000] {logging_mixin.py:149} INFO - [2023-06-14T13:34:05.646+0000] {dag.py:2726} INFO - Sync 1 DAGs
[2023-06-14T13:34:05.693+0000] {logging_mixin.py:149} INFO - [2023-06-14T13:34:05.693+0000] {dag.py:3490} INFO - Setting next_dagrun for example_short_circuit_decorator to 2023-06-13T13:34:05.692747+00:00, run_after=2023-06-14T13:34:05.692747+00:00
[2023-06-14T13:34:05.714+0000] {processor.py:179} INFO - Processing /home/airflow/.local/lib/python3.7/site-packages/airflow/example_dags/example_short_circuit_decorator.py took 0.125 seconds
[2023-06-14T13:34:36.214+0000] {processor.py:157} INFO - Started process (PID=854) to work on /home/airflow/.local/lib/python3.7/site-packages/airflow/example_dags/example_short_circuit_decorator.py
[2023-06-14T13:34:36.216+0000] {processor.py:826} INFO - Processing file /home/airflow/.local/lib/python3.7/site-packages/airflow/example_dags/example_short_circuit_decorator.py for tasks to queue
[2023-06-14T13:34:36.218+0000] {logging_mixin.py:149} INFO - [2023-06-14T13:34:36.217+0000] {dagbag.py:541} INFO - Filling up the DagBag from /home/airflow/.local/lib/python3.7/site-packages/airflow/example_dags/example_short_circuit_decorator.py
[2023-06-14T13:34:36.229+0000] {processor.py:836} INFO - DAG(s) dict_keys(['example_short_circuit_decorator']) retrieved from /home/airflow/.local/lib/python3.7/site-packages/airflow/example_dags/example_short_circuit_decorator.py
[2023-06-14T13:34:36.257+0000] {logging_mixin.py:149} INFO - [2023-06-14T13:34:36.257+0000] {dag.py:2726} INFO - Sync 1 DAGs
[2023-06-14T13:34:36.275+0000] {logging_mixin.py:149} INFO - [2023-06-14T13:34:36.275+0000] {dag.py:3490} INFO - Setting next_dagrun for example_short_circuit_decorator to 2023-06-13T13:34:36.275011+00:00, run_after=2023-06-14T13:34:36.275011+00:00
[2023-06-14T13:34:36.287+0000] {processor.py:179} INFO - Processing /home/airflow/.local/lib/python3.7/site-packages/airflow/example_dags/example_short_circuit_decorator.py took 0.078 seconds
[2023-06-14T13:35:06.832+0000] {processor.py:157} INFO - Started process (PID=911) to work on /home/airflow/.local/lib/python3.7/site-packages/airflow/example_dags/example_short_circuit_decorator.py
[2023-06-14T13:35:06.835+0000] {processor.py:826} INFO - Processing file /home/airflow/.local/lib/python3.7/site-packages/airflow/example_dags/example_short_circuit_decorator.py for tasks to queue
[2023-06-14T13:35:06.837+0000] {logging_mixin.py:149} INFO - [2023-06-14T13:35:06.837+0000] {dagbag.py:541} INFO - Filling up the DagBag from /home/airflow/.local/lib/python3.7/site-packages/airflow/example_dags/example_short_circuit_decorator.py
[2023-06-14T13:35:06.851+0000] {processor.py:836} INFO - DAG(s) dict_keys(['example_short_circuit_decorator']) retrieved from /home/airflow/.local/lib/python3.7/site-packages/airflow/example_dags/example_short_circuit_decorator.py
[2023-06-14T13:35:06.880+0000] {logging_mixin.py:149} INFO - [2023-06-14T13:35:06.879+0000] {dag.py:2726} INFO - Sync 1 DAGs
[2023-06-14T13:35:06.897+0000] {logging_mixin.py:149} INFO - [2023-06-14T13:35:06.897+0000] {dag.py:3490} INFO - Setting next_dagrun for example_short_circuit_decorator to 2023-06-13T13:35:06.897247+00:00, run_after=2023-06-14T13:35:06.897247+00:00
[2023-06-14T13:35:06.909+0000] {processor.py:179} INFO - Processing /home/airflow/.local/lib/python3.7/site-packages/airflow/example_dags/example_short_circuit_decorator.py took 0.085 seconds
