[2023-06-14T13:27:38.057+0000] {processor.py:157} INFO - Started process (PID=73) to work on /home/airflow/.local/lib/python3.7/site-packages/airflow/example_dags/example_nested_branch_dag.py
[2023-06-14T13:27:38.059+0000] {processor.py:826} INFO - Processing file /home/airflow/.local/lib/python3.7/site-packages/airflow/example_dags/example_nested_branch_dag.py for tasks to queue
[2023-06-14T13:27:38.065+0000] {logging_mixin.py:149} INFO - [2023-06-14T13:27:38.065+0000] {dagbag.py:541} INFO - Filling up the DagBag from /home/airflow/.local/lib/python3.7/site-packages/airflow/example_dags/example_nested_branch_dag.py
[2023-06-14T13:27:38.088+0000] {processor.py:836} INFO - DAG(s) dict_keys(['example_nested_branch_dag']) retrieved from /home/airflow/.local/lib/python3.7/site-packages/airflow/example_dags/example_nested_branch_dag.py
[2023-06-14T13:27:38.805+0000] {logging_mixin.py:149} INFO - [2023-06-14T13:27:38.800+0000] {manager.py:504} INFO - Created Permission View: can edit on DAG:example_nested_branch_dag
[2023-06-14T13:27:38.863+0000] {logging_mixin.py:149} INFO - [2023-06-14T13:27:38.862+0000] {manager.py:504} INFO - Created Permission View: can read on DAG:example_nested_branch_dag
[2023-06-14T13:27:38.898+0000] {logging_mixin.py:149} INFO - [2023-06-14T13:27:38.898+0000] {manager.py:504} INFO - Created Permission View: can delete on DAG:example_nested_branch_dag
[2023-06-14T13:27:39.011+0000] {logging_mixin.py:149} INFO - [2023-06-14T13:27:39.011+0000] {dag.py:2726} INFO - Sync 1 DAGs
[2023-06-14T13:27:39.143+0000] {logging_mixin.py:149} INFO - [2023-06-14T13:27:39.142+0000] {dag.py:2747} INFO - Creating ORM DAG for example_nested_branch_dag
[2023-06-14T13:27:39.242+0000] {logging_mixin.py:149} INFO - [2023-06-14T13:27:39.242+0000] {dag.py:3490} INFO - Setting next_dagrun for example_nested_branch_dag to 2023-06-13T00:00:00+00:00, run_after=2023-06-14T00:00:00+00:00
[2023-06-14T13:27:39.475+0000] {processor.py:179} INFO - Processing /home/airflow/.local/lib/python3.7/site-packages/airflow/example_dags/example_nested_branch_dag.py took 1.421 seconds
[2023-06-14T13:28:10.510+0000] {processor.py:157} INFO - Started process (PID=129) to work on /home/airflow/.local/lib/python3.7/site-packages/airflow/example_dags/example_nested_branch_dag.py
[2023-06-14T13:28:10.539+0000] {processor.py:826} INFO - Processing file /home/airflow/.local/lib/python3.7/site-packages/airflow/example_dags/example_nested_branch_dag.py for tasks to queue
[2023-06-14T13:28:10.542+0000] {logging_mixin.py:149} INFO - [2023-06-14T13:28:10.542+0000] {dagbag.py:541} INFO - Filling up the DagBag from /home/airflow/.local/lib/python3.7/site-packages/airflow/example_dags/example_nested_branch_dag.py
[2023-06-14T13:28:10.579+0000] {processor.py:836} INFO - DAG(s) dict_keys(['example_nested_branch_dag']) retrieved from /home/airflow/.local/lib/python3.7/site-packages/airflow/example_dags/example_nested_branch_dag.py
[2023-06-14T13:28:10.639+0000] {logging_mixin.py:149} INFO - [2023-06-14T13:28:10.639+0000] {dag.py:2726} INFO - Sync 1 DAGs
[2023-06-14T13:28:10.677+0000] {logging_mixin.py:149} INFO - [2023-06-14T13:28:10.677+0000] {dag.py:3490} INFO - Setting next_dagrun for example_nested_branch_dag to 2023-06-13T00:00:00+00:00, run_after=2023-06-14T00:00:00+00:00
[2023-06-14T13:28:10.706+0000] {processor.py:179} INFO - Processing /home/airflow/.local/lib/python3.7/site-packages/airflow/example_dags/example_nested_branch_dag.py took 0.204 seconds
[2023-06-14T13:28:40.844+0000] {processor.py:157} INFO - Started process (PID=185) to work on /home/airflow/.local/lib/python3.7/site-packages/airflow/example_dags/example_nested_branch_dag.py
[2023-06-14T13:28:40.846+0000] {processor.py:826} INFO - Processing file /home/airflow/.local/lib/python3.7/site-packages/airflow/example_dags/example_nested_branch_dag.py for tasks to queue
[2023-06-14T13:28:40.848+0000] {logging_mixin.py:149} INFO - [2023-06-14T13:28:40.848+0000] {dagbag.py:541} INFO - Filling up the DagBag from /home/airflow/.local/lib/python3.7/site-packages/airflow/example_dags/example_nested_branch_dag.py
[2023-06-14T13:28:40.863+0000] {processor.py:836} INFO - DAG(s) dict_keys(['example_nested_branch_dag']) retrieved from /home/airflow/.local/lib/python3.7/site-packages/airflow/example_dags/example_nested_branch_dag.py
[2023-06-14T13:28:40.889+0000] {logging_mixin.py:149} INFO - [2023-06-14T13:28:40.889+0000] {dag.py:2726} INFO - Sync 1 DAGs
[2023-06-14T13:28:40.906+0000] {logging_mixin.py:149} INFO - [2023-06-14T13:28:40.906+0000] {dag.py:3490} INFO - Setting next_dagrun for example_nested_branch_dag to 2023-06-13T00:00:00+00:00, run_after=2023-06-14T00:00:00+00:00
[2023-06-14T13:28:40.918+0000] {processor.py:179} INFO - Processing /home/airflow/.local/lib/python3.7/site-packages/airflow/example_dags/example_nested_branch_dag.py took 0.080 seconds
[2023-06-14T13:29:11.312+0000] {processor.py:157} INFO - Started process (PID=241) to work on /home/airflow/.local/lib/python3.7/site-packages/airflow/example_dags/example_nested_branch_dag.py
[2023-06-14T13:29:11.314+0000] {processor.py:826} INFO - Processing file /home/airflow/.local/lib/python3.7/site-packages/airflow/example_dags/example_nested_branch_dag.py for tasks to queue
[2023-06-14T13:29:11.315+0000] {logging_mixin.py:149} INFO - [2023-06-14T13:29:11.315+0000] {dagbag.py:541} INFO - Filling up the DagBag from /home/airflow/.local/lib/python3.7/site-packages/airflow/example_dags/example_nested_branch_dag.py
[2023-06-14T13:29:11.326+0000] {processor.py:836} INFO - DAG(s) dict_keys(['example_nested_branch_dag']) retrieved from /home/airflow/.local/lib/python3.7/site-packages/airflow/example_dags/example_nested_branch_dag.py
[2023-06-14T13:29:11.348+0000] {logging_mixin.py:149} INFO - [2023-06-14T13:29:11.348+0000] {dag.py:2726} INFO - Sync 1 DAGs
[2023-06-14T13:29:11.364+0000] {logging_mixin.py:149} INFO - [2023-06-14T13:29:11.364+0000] {dag.py:3490} INFO - Setting next_dagrun for example_nested_branch_dag to 2023-06-13T00:00:00+00:00, run_after=2023-06-14T00:00:00+00:00
[2023-06-14T13:29:11.375+0000] {processor.py:179} INFO - Processing /home/airflow/.local/lib/python3.7/site-packages/airflow/example_dags/example_nested_branch_dag.py took 0.069 seconds
[2023-06-14T13:29:41.472+0000] {processor.py:157} INFO - Started process (PID=297) to work on /home/airflow/.local/lib/python3.7/site-packages/airflow/example_dags/example_nested_branch_dag.py
[2023-06-14T13:29:41.474+0000] {processor.py:826} INFO - Processing file /home/airflow/.local/lib/python3.7/site-packages/airflow/example_dags/example_nested_branch_dag.py for tasks to queue
[2023-06-14T13:29:41.476+0000] {logging_mixin.py:149} INFO - [2023-06-14T13:29:41.476+0000] {dagbag.py:541} INFO - Filling up the DagBag from /home/airflow/.local/lib/python3.7/site-packages/airflow/example_dags/example_nested_branch_dag.py
[2023-06-14T13:29:41.489+0000] {processor.py:836} INFO - DAG(s) dict_keys(['example_nested_branch_dag']) retrieved from /home/airflow/.local/lib/python3.7/site-packages/airflow/example_dags/example_nested_branch_dag.py
[2023-06-14T13:29:41.516+0000] {logging_mixin.py:149} INFO - [2023-06-14T13:29:41.516+0000] {dag.py:2726} INFO - Sync 1 DAGs
[2023-06-14T13:29:41.532+0000] {logging_mixin.py:149} INFO - [2023-06-14T13:29:41.532+0000] {dag.py:3490} INFO - Setting next_dagrun for example_nested_branch_dag to 2023-06-13T00:00:00+00:00, run_after=2023-06-14T00:00:00+00:00
[2023-06-14T13:29:41.543+0000] {processor.py:179} INFO - Processing /home/airflow/.local/lib/python3.7/site-packages/airflow/example_dags/example_nested_branch_dag.py took 0.076 seconds
[2023-06-14T13:30:11.977+0000] {processor.py:157} INFO - Started process (PID=353) to work on /home/airflow/.local/lib/python3.7/site-packages/airflow/example_dags/example_nested_branch_dag.py
[2023-06-14T13:30:11.979+0000] {processor.py:826} INFO - Processing file /home/airflow/.local/lib/python3.7/site-packages/airflow/example_dags/example_nested_branch_dag.py for tasks to queue
[2023-06-14T13:30:11.980+0000] {logging_mixin.py:149} INFO - [2023-06-14T13:30:11.980+0000] {dagbag.py:541} INFO - Filling up the DagBag from /home/airflow/.local/lib/python3.7/site-packages/airflow/example_dags/example_nested_branch_dag.py
[2023-06-14T13:30:11.996+0000] {processor.py:836} INFO - DAG(s) dict_keys(['example_nested_branch_dag']) retrieved from /home/airflow/.local/lib/python3.7/site-packages/airflow/example_dags/example_nested_branch_dag.py
[2023-06-14T13:30:12.022+0000] {logging_mixin.py:149} INFO - [2023-06-14T13:30:12.022+0000] {dag.py:2726} INFO - Sync 1 DAGs
[2023-06-14T13:30:12.042+0000] {logging_mixin.py:149} INFO - [2023-06-14T13:30:12.042+0000] {dag.py:3490} INFO - Setting next_dagrun for example_nested_branch_dag to 2023-06-13T00:00:00+00:00, run_after=2023-06-14T00:00:00+00:00
[2023-06-14T13:30:12.055+0000] {processor.py:179} INFO - Processing /home/airflow/.local/lib/python3.7/site-packages/airflow/example_dags/example_nested_branch_dag.py took 0.084 seconds
[2023-06-14T13:30:42.882+0000] {processor.py:157} INFO - Started process (PID=409) to work on /home/airflow/.local/lib/python3.7/site-packages/airflow/example_dags/example_nested_branch_dag.py
[2023-06-14T13:30:42.885+0000] {processor.py:826} INFO - Processing file /home/airflow/.local/lib/python3.7/site-packages/airflow/example_dags/example_nested_branch_dag.py for tasks to queue
[2023-06-14T13:30:42.886+0000] {logging_mixin.py:149} INFO - [2023-06-14T13:30:42.886+0000] {dagbag.py:541} INFO - Filling up the DagBag from /home/airflow/.local/lib/python3.7/site-packages/airflow/example_dags/example_nested_branch_dag.py
[2023-06-14T13:30:42.902+0000] {processor.py:836} INFO - DAG(s) dict_keys(['example_nested_branch_dag']) retrieved from /home/airflow/.local/lib/python3.7/site-packages/airflow/example_dags/example_nested_branch_dag.py
[2023-06-14T13:30:42.927+0000] {logging_mixin.py:149} INFO - [2023-06-14T13:30:42.927+0000] {dag.py:2726} INFO - Sync 1 DAGs
[2023-06-14T13:30:42.946+0000] {logging_mixin.py:149} INFO - [2023-06-14T13:30:42.945+0000] {dag.py:3490} INFO - Setting next_dagrun for example_nested_branch_dag to 2023-06-13T00:00:00+00:00, run_after=2023-06-14T00:00:00+00:00
[2023-06-14T13:30:42.957+0000] {processor.py:179} INFO - Processing /home/airflow/.local/lib/python3.7/site-packages/airflow/example_dags/example_nested_branch_dag.py took 0.080 seconds
[2023-06-14T13:31:13.468+0000] {processor.py:157} INFO - Started process (PID=465) to work on /home/airflow/.local/lib/python3.7/site-packages/airflow/example_dags/example_nested_branch_dag.py
[2023-06-14T13:31:13.471+0000] {processor.py:826} INFO - Processing file /home/airflow/.local/lib/python3.7/site-packages/airflow/example_dags/example_nested_branch_dag.py for tasks to queue
[2023-06-14T13:31:13.472+0000] {logging_mixin.py:149} INFO - [2023-06-14T13:31:13.472+0000] {dagbag.py:541} INFO - Filling up the DagBag from /home/airflow/.local/lib/python3.7/site-packages/airflow/example_dags/example_nested_branch_dag.py
[2023-06-14T13:31:13.484+0000] {processor.py:836} INFO - DAG(s) dict_keys(['example_nested_branch_dag']) retrieved from /home/airflow/.local/lib/python3.7/site-packages/airflow/example_dags/example_nested_branch_dag.py
[2023-06-14T13:31:13.508+0000] {logging_mixin.py:149} INFO - [2023-06-14T13:31:13.508+0000] {dag.py:2726} INFO - Sync 1 DAGs
[2023-06-14T13:31:13.525+0000] {logging_mixin.py:149} INFO - [2023-06-14T13:31:13.525+0000] {dag.py:3490} INFO - Setting next_dagrun for example_nested_branch_dag to 2023-06-13T00:00:00+00:00, run_after=2023-06-14T00:00:00+00:00
[2023-06-14T13:31:13.535+0000] {processor.py:179} INFO - Processing /home/airflow/.local/lib/python3.7/site-packages/airflow/example_dags/example_nested_branch_dag.py took 0.071 seconds
[2023-06-14T13:31:44.031+0000] {processor.py:157} INFO - Started process (PID=522) to work on /home/airflow/.local/lib/python3.7/site-packages/airflow/example_dags/example_nested_branch_dag.py
[2023-06-14T13:31:44.034+0000] {processor.py:826} INFO - Processing file /home/airflow/.local/lib/python3.7/site-packages/airflow/example_dags/example_nested_branch_dag.py for tasks to queue
[2023-06-14T13:31:44.036+0000] {logging_mixin.py:149} INFO - [2023-06-14T13:31:44.035+0000] {dagbag.py:541} INFO - Filling up the DagBag from /home/airflow/.local/lib/python3.7/site-packages/airflow/example_dags/example_nested_branch_dag.py
[2023-06-14T13:31:44.050+0000] {processor.py:836} INFO - DAG(s) dict_keys(['example_nested_branch_dag']) retrieved from /home/airflow/.local/lib/python3.7/site-packages/airflow/example_dags/example_nested_branch_dag.py
[2023-06-14T13:31:44.076+0000] {logging_mixin.py:149} INFO - [2023-06-14T13:31:44.076+0000] {dag.py:2726} INFO - Sync 1 DAGs
[2023-06-14T13:31:44.093+0000] {logging_mixin.py:149} INFO - [2023-06-14T13:31:44.093+0000] {dag.py:3490} INFO - Setting next_dagrun for example_nested_branch_dag to 2023-06-13T00:00:00+00:00, run_after=2023-06-14T00:00:00+00:00
[2023-06-14T13:31:44.104+0000] {processor.py:179} INFO - Processing /home/airflow/.local/lib/python3.7/site-packages/airflow/example_dags/example_nested_branch_dag.py took 0.078 seconds
[2023-06-14T13:32:14.944+0000] {processor.py:157} INFO - Started process (PID=579) to work on /home/airflow/.local/lib/python3.7/site-packages/airflow/example_dags/example_nested_branch_dag.py
[2023-06-14T13:32:14.946+0000] {processor.py:826} INFO - Processing file /home/airflow/.local/lib/python3.7/site-packages/airflow/example_dags/example_nested_branch_dag.py for tasks to queue
[2023-06-14T13:32:14.947+0000] {logging_mixin.py:149} INFO - [2023-06-14T13:32:14.947+0000] {dagbag.py:541} INFO - Filling up the DagBag from /home/airflow/.local/lib/python3.7/site-packages/airflow/example_dags/example_nested_branch_dag.py
[2023-06-14T13:32:14.959+0000] {processor.py:836} INFO - DAG(s) dict_keys(['example_nested_branch_dag']) retrieved from /home/airflow/.local/lib/python3.7/site-packages/airflow/example_dags/example_nested_branch_dag.py
[2023-06-14T13:32:14.981+0000] {logging_mixin.py:149} INFO - [2023-06-14T13:32:14.981+0000] {dag.py:2726} INFO - Sync 1 DAGs
[2023-06-14T13:32:14.997+0000] {logging_mixin.py:149} INFO - [2023-06-14T13:32:14.997+0000] {dag.py:3490} INFO - Setting next_dagrun for example_nested_branch_dag to 2023-06-13T00:00:00+00:00, run_after=2023-06-14T00:00:00+00:00
[2023-06-14T13:32:15.008+0000] {processor.py:179} INFO - Processing /home/airflow/.local/lib/python3.7/site-packages/airflow/example_dags/example_nested_branch_dag.py took 0.069 seconds
[2023-06-14T13:32:45.860+0000] {processor.py:157} INFO - Started process (PID=636) to work on /home/airflow/.local/lib/python3.7/site-packages/airflow/example_dags/example_nested_branch_dag.py
[2023-06-14T13:32:45.863+0000] {processor.py:826} INFO - Processing file /home/airflow/.local/lib/python3.7/site-packages/airflow/example_dags/example_nested_branch_dag.py for tasks to queue
[2023-06-14T13:32:45.865+0000] {logging_mixin.py:149} INFO - [2023-06-14T13:32:45.864+0000] {dagbag.py:541} INFO - Filling up the DagBag from /home/airflow/.local/lib/python3.7/site-packages/airflow/example_dags/example_nested_branch_dag.py
[2023-06-14T13:32:45.879+0000] {processor.py:836} INFO - DAG(s) dict_keys(['example_nested_branch_dag']) retrieved from /home/airflow/.local/lib/python3.7/site-packages/airflow/example_dags/example_nested_branch_dag.py
[2023-06-14T13:32:45.901+0000] {logging_mixin.py:149} INFO - [2023-06-14T13:32:45.901+0000] {dag.py:2726} INFO - Sync 1 DAGs
[2023-06-14T13:32:45.919+0000] {logging_mixin.py:149} INFO - [2023-06-14T13:32:45.919+0000] {dag.py:3490} INFO - Setting next_dagrun for example_nested_branch_dag to 2023-06-13T00:00:00+00:00, run_after=2023-06-14T00:00:00+00:00
[2023-06-14T13:32:45.929+0000] {processor.py:179} INFO - Processing /home/airflow/.local/lib/python3.7/site-packages/airflow/example_dags/example_nested_branch_dag.py took 0.074 seconds
[2023-06-14T13:33:16.230+0000] {processor.py:157} INFO - Started process (PID=693) to work on /home/airflow/.local/lib/python3.7/site-packages/airflow/example_dags/example_nested_branch_dag.py
[2023-06-14T13:33:16.233+0000] {processor.py:826} INFO - Processing file /home/airflow/.local/lib/python3.7/site-packages/airflow/example_dags/example_nested_branch_dag.py for tasks to queue
[2023-06-14T13:33:16.234+0000] {logging_mixin.py:149} INFO - [2023-06-14T13:33:16.234+0000] {dagbag.py:541} INFO - Filling up the DagBag from /home/airflow/.local/lib/python3.7/site-packages/airflow/example_dags/example_nested_branch_dag.py
[2023-06-14T13:33:16.245+0000] {processor.py:836} INFO - DAG(s) dict_keys(['example_nested_branch_dag']) retrieved from /home/airflow/.local/lib/python3.7/site-packages/airflow/example_dags/example_nested_branch_dag.py
[2023-06-14T13:33:16.269+0000] {logging_mixin.py:149} INFO - [2023-06-14T13:33:16.268+0000] {dag.py:2726} INFO - Sync 1 DAGs
[2023-06-14T13:33:16.285+0000] {logging_mixin.py:149} INFO - [2023-06-14T13:33:16.285+0000] {dag.py:3490} INFO - Setting next_dagrun for example_nested_branch_dag to 2023-06-13T00:00:00+00:00, run_after=2023-06-14T00:00:00+00:00
[2023-06-14T13:33:16.296+0000] {processor.py:179} INFO - Processing /home/airflow/.local/lib/python3.7/site-packages/airflow/example_dags/example_nested_branch_dag.py took 0.071 seconds
[2023-06-14T13:33:46.657+0000] {processor.py:157} INFO - Started process (PID=750) to work on /home/airflow/.local/lib/python3.7/site-packages/airflow/example_dags/example_nested_branch_dag.py
[2023-06-14T13:33:46.660+0000] {processor.py:826} INFO - Processing file /home/airflow/.local/lib/python3.7/site-packages/airflow/example_dags/example_nested_branch_dag.py for tasks to queue
[2023-06-14T13:33:46.662+0000] {logging_mixin.py:149} INFO - [2023-06-14T13:33:46.662+0000] {dagbag.py:541} INFO - Filling up the DagBag from /home/airflow/.local/lib/python3.7/site-packages/airflow/example_dags/example_nested_branch_dag.py
[2023-06-14T13:33:46.675+0000] {processor.py:836} INFO - DAG(s) dict_keys(['example_nested_branch_dag']) retrieved from /home/airflow/.local/lib/python3.7/site-packages/airflow/example_dags/example_nested_branch_dag.py
[2023-06-14T13:33:46.701+0000] {logging_mixin.py:149} INFO - [2023-06-14T13:33:46.701+0000] {dag.py:2726} INFO - Sync 1 DAGs
[2023-06-14T13:33:46.717+0000] {logging_mixin.py:149} INFO - [2023-06-14T13:33:46.717+0000] {dag.py:3490} INFO - Setting next_dagrun for example_nested_branch_dag to 2023-06-13T00:00:00+00:00, run_after=2023-06-14T00:00:00+00:00
[2023-06-14T13:33:46.729+0000] {processor.py:179} INFO - Processing /home/airflow/.local/lib/python3.7/site-packages/airflow/example_dags/example_nested_branch_dag.py took 0.077 seconds
[2023-06-14T13:34:17.338+0000] {processor.py:157} INFO - Started process (PID=807) to work on /home/airflow/.local/lib/python3.7/site-packages/airflow/example_dags/example_nested_branch_dag.py
[2023-06-14T13:34:17.340+0000] {processor.py:826} INFO - Processing file /home/airflow/.local/lib/python3.7/site-packages/airflow/example_dags/example_nested_branch_dag.py for tasks to queue
[2023-06-14T13:34:17.341+0000] {logging_mixin.py:149} INFO - [2023-06-14T13:34:17.341+0000] {dagbag.py:541} INFO - Filling up the DagBag from /home/airflow/.local/lib/python3.7/site-packages/airflow/example_dags/example_nested_branch_dag.py
[2023-06-14T13:34:17.349+0000] {processor.py:836} INFO - DAG(s) dict_keys(['example_nested_branch_dag']) retrieved from /home/airflow/.local/lib/python3.7/site-packages/airflow/example_dags/example_nested_branch_dag.py
[2023-06-14T13:34:17.369+0000] {logging_mixin.py:149} INFO - [2023-06-14T13:34:17.369+0000] {dag.py:2726} INFO - Sync 1 DAGs
[2023-06-14T13:34:17.385+0000] {logging_mixin.py:149} INFO - [2023-06-14T13:34:17.385+0000] {dag.py:3490} INFO - Setting next_dagrun for example_nested_branch_dag to 2023-06-13T00:00:00+00:00, run_after=2023-06-14T00:00:00+00:00
[2023-06-14T13:34:17.397+0000] {processor.py:179} INFO - Processing /home/airflow/.local/lib/python3.7/site-packages/airflow/example_dags/example_nested_branch_dag.py took 0.062 seconds
[2023-06-14T13:34:47.996+0000] {processor.py:157} INFO - Started process (PID=864) to work on /home/airflow/.local/lib/python3.7/site-packages/airflow/example_dags/example_nested_branch_dag.py
[2023-06-14T13:34:47.999+0000] {processor.py:826} INFO - Processing file /home/airflow/.local/lib/python3.7/site-packages/airflow/example_dags/example_nested_branch_dag.py for tasks to queue
[2023-06-14T13:34:48.000+0000] {logging_mixin.py:149} INFO - [2023-06-14T13:34:48.000+0000] {dagbag.py:541} INFO - Filling up the DagBag from /home/airflow/.local/lib/python3.7/site-packages/airflow/example_dags/example_nested_branch_dag.py
[2023-06-14T13:34:48.011+0000] {processor.py:836} INFO - DAG(s) dict_keys(['example_nested_branch_dag']) retrieved from /home/airflow/.local/lib/python3.7/site-packages/airflow/example_dags/example_nested_branch_dag.py
[2023-06-14T13:34:48.033+0000] {logging_mixin.py:149} INFO - [2023-06-14T13:34:48.033+0000] {dag.py:2726} INFO - Sync 1 DAGs
[2023-06-14T13:34:48.050+0000] {logging_mixin.py:149} INFO - [2023-06-14T13:34:48.050+0000] {dag.py:3490} INFO - Setting next_dagrun for example_nested_branch_dag to 2023-06-13T00:00:00+00:00, run_after=2023-06-14T00:00:00+00:00
[2023-06-14T13:34:48.062+0000] {processor.py:179} INFO - Processing /home/airflow/.local/lib/python3.7/site-packages/airflow/example_dags/example_nested_branch_dag.py took 0.070 seconds
