[2023-06-14T13:27:11.728+0000] {processor.py:157} INFO - Started process (PID=32) to work on /home/airflow/.local/lib/python3.7/site-packages/airflow/example_dags/example_params_trigger_ui.py
[2023-06-14T13:27:11.762+0000] {processor.py:826} INFO - Processing file /home/airflow/.local/lib/python3.7/site-packages/airflow/example_dags/example_params_trigger_ui.py for tasks to queue
[2023-06-14T13:27:11.816+0000] {logging_mixin.py:149} INFO - [2023-06-14T13:27:11.816+0000] {dagbag.py:541} INFO - Filling up the DagBag from /home/airflow/.local/lib/python3.7/site-packages/airflow/example_dags/example_params_trigger_ui.py
[2023-06-14T13:27:12.440+0000] {processor.py:836} INFO - DAG(s) dict_keys(['example_params_trigger_ui']) retrieved from /home/airflow/.local/lib/python3.7/site-packages/airflow/example_dags/example_params_trigger_ui.py
[2023-06-14T13:27:12.809+0000] {logging_mixin.py:149} INFO - [2023-06-14T13:27:12.809+0000] {manager.py:504} INFO - Created Permission View: can edit on DAG:example_params_trigger_ui
[2023-06-14T13:27:12.873+0000] {logging_mixin.py:149} INFO - [2023-06-14T13:27:12.873+0000] {manager.py:504} INFO - Created Permission View: can read on DAG:example_params_trigger_ui
[2023-06-14T13:27:12.894+0000] {logging_mixin.py:149} INFO - [2023-06-14T13:27:12.894+0000] {manager.py:504} INFO - Created Permission View: can delete on DAG:example_params_trigger_ui
[2023-06-14T13:27:12.900+0000] {logging_mixin.py:149} INFO - [2023-06-14T13:27:12.900+0000] {dag.py:2726} INFO - Sync 1 DAGs
[2023-06-14T13:27:12.921+0000] {logging_mixin.py:149} INFO - [2023-06-14T13:27:12.921+0000] {dag.py:2747} INFO - Creating ORM DAG for example_params_trigger_ui
[2023-06-14T13:27:12.943+0000] {logging_mixin.py:149} INFO - [2023-06-14T13:27:12.942+0000] {dag.py:3490} INFO - Setting next_dagrun for example_params_trigger_ui to None, run_after=None
[2023-06-14T13:27:13.012+0000] {processor.py:179} INFO - Processing /home/airflow/.local/lib/python3.7/site-packages/airflow/example_dags/example_params_trigger_ui.py took 1.298 seconds
[2023-06-14T13:27:48.179+0000] {processor.py:157} INFO - Started process (PID=88) to work on /home/airflow/.local/lib/python3.7/site-packages/airflow/example_dags/example_params_trigger_ui.py
[2023-06-14T13:27:48.183+0000] {processor.py:826} INFO - Processing file /home/airflow/.local/lib/python3.7/site-packages/airflow/example_dags/example_params_trigger_ui.py for tasks to queue
[2023-06-14T13:27:48.188+0000] {logging_mixin.py:149} INFO - [2023-06-14T13:27:48.188+0000] {dagbag.py:541} INFO - Filling up the DagBag from /home/airflow/.local/lib/python3.7/site-packages/airflow/example_dags/example_params_trigger_ui.py
[2023-06-14T13:27:48.216+0000] {processor.py:836} INFO - DAG(s) dict_keys(['example_params_trigger_ui']) retrieved from /home/airflow/.local/lib/python3.7/site-packages/airflow/example_dags/example_params_trigger_ui.py
[2023-06-14T13:27:48.362+0000] {logging_mixin.py:149} INFO - [2023-06-14T13:27:48.362+0000] {dag.py:2726} INFO - Sync 1 DAGs
[2023-06-14T13:27:48.395+0000] {logging_mixin.py:149} INFO - [2023-06-14T13:27:48.395+0000] {dag.py:3490} INFO - Setting next_dagrun for example_params_trigger_ui to None, run_after=None
[2023-06-14T13:27:48.436+0000] {processor.py:179} INFO - Processing /home/airflow/.local/lib/python3.7/site-packages/airflow/example_dags/example_params_trigger_ui.py took 0.262 seconds
[2023-06-14T13:28:18.885+0000] {processor.py:157} INFO - Started process (PID=139) to work on /home/airflow/.local/lib/python3.7/site-packages/airflow/example_dags/example_params_trigger_ui.py
[2023-06-14T13:28:18.888+0000] {processor.py:826} INFO - Processing file /home/airflow/.local/lib/python3.7/site-packages/airflow/example_dags/example_params_trigger_ui.py for tasks to queue
[2023-06-14T13:28:18.890+0000] {logging_mixin.py:149} INFO - [2023-06-14T13:28:18.890+0000] {dagbag.py:541} INFO - Filling up the DagBag from /home/airflow/.local/lib/python3.7/site-packages/airflow/example_dags/example_params_trigger_ui.py
[2023-06-14T13:28:18.916+0000] {processor.py:836} INFO - DAG(s) dict_keys(['example_params_trigger_ui']) retrieved from /home/airflow/.local/lib/python3.7/site-packages/airflow/example_dags/example_params_trigger_ui.py
[2023-06-14T13:28:19.012+0000] {logging_mixin.py:149} INFO - [2023-06-14T13:28:19.012+0000] {dag.py:2726} INFO - Sync 1 DAGs
[2023-06-14T13:28:19.041+0000] {logging_mixin.py:149} INFO - [2023-06-14T13:28:19.041+0000] {dag.py:3490} INFO - Setting next_dagrun for example_params_trigger_ui to None, run_after=None
[2023-06-14T13:28:19.084+0000] {processor.py:179} INFO - Processing /home/airflow/.local/lib/python3.7/site-packages/airflow/example_dags/example_params_trigger_ui.py took 0.203 seconds
[2023-06-14T13:28:49.373+0000] {processor.py:157} INFO - Started process (PID=195) to work on /home/airflow/.local/lib/python3.7/site-packages/airflow/example_dags/example_params_trigger_ui.py
[2023-06-14T13:28:49.375+0000] {processor.py:826} INFO - Processing file /home/airflow/.local/lib/python3.7/site-packages/airflow/example_dags/example_params_trigger_ui.py for tasks to queue
[2023-06-14T13:28:49.377+0000] {logging_mixin.py:149} INFO - [2023-06-14T13:28:49.377+0000] {dagbag.py:541} INFO - Filling up the DagBag from /home/airflow/.local/lib/python3.7/site-packages/airflow/example_dags/example_params_trigger_ui.py
[2023-06-14T13:28:49.401+0000] {processor.py:836} INFO - DAG(s) dict_keys(['example_params_trigger_ui']) retrieved from /home/airflow/.local/lib/python3.7/site-packages/airflow/example_dags/example_params_trigger_ui.py
[2023-06-14T13:28:49.448+0000] {logging_mixin.py:149} INFO - [2023-06-14T13:28:49.448+0000] {dag.py:2726} INFO - Sync 1 DAGs
[2023-06-14T13:28:49.464+0000] {logging_mixin.py:149} INFO - [2023-06-14T13:28:49.464+0000] {dag.py:3490} INFO - Setting next_dagrun for example_params_trigger_ui to None, run_after=None
[2023-06-14T13:28:49.474+0000] {processor.py:179} INFO - Processing /home/airflow/.local/lib/python3.7/site-packages/airflow/example_dags/example_params_trigger_ui.py took 0.107 seconds
[2023-06-14T13:29:19.790+0000] {processor.py:157} INFO - Started process (PID=251) to work on /home/airflow/.local/lib/python3.7/site-packages/airflow/example_dags/example_params_trigger_ui.py
[2023-06-14T13:29:19.792+0000] {processor.py:826} INFO - Processing file /home/airflow/.local/lib/python3.7/site-packages/airflow/example_dags/example_params_trigger_ui.py for tasks to queue
[2023-06-14T13:29:19.794+0000] {logging_mixin.py:149} INFO - [2023-06-14T13:29:19.794+0000] {dagbag.py:541} INFO - Filling up the DagBag from /home/airflow/.local/lib/python3.7/site-packages/airflow/example_dags/example_params_trigger_ui.py
[2023-06-14T13:29:19.813+0000] {processor.py:836} INFO - DAG(s) dict_keys(['example_params_trigger_ui']) retrieved from /home/airflow/.local/lib/python3.7/site-packages/airflow/example_dags/example_params_trigger_ui.py
[2023-06-14T13:29:19.861+0000] {logging_mixin.py:149} INFO - [2023-06-14T13:29:19.861+0000] {dag.py:2726} INFO - Sync 1 DAGs
[2023-06-14T13:29:19.880+0000] {logging_mixin.py:149} INFO - [2023-06-14T13:29:19.880+0000] {dag.py:3490} INFO - Setting next_dagrun for example_params_trigger_ui to None, run_after=None
[2023-06-14T13:29:19.892+0000] {processor.py:179} INFO - Processing /home/airflow/.local/lib/python3.7/site-packages/airflow/example_dags/example_params_trigger_ui.py took 0.105 seconds
[2023-06-14T13:29:49.946+0000] {processor.py:157} INFO - Started process (PID=308) to work on /home/airflow/.local/lib/python3.7/site-packages/airflow/example_dags/example_params_trigger_ui.py
[2023-06-14T13:29:49.948+0000] {processor.py:826} INFO - Processing file /home/airflow/.local/lib/python3.7/site-packages/airflow/example_dags/example_params_trigger_ui.py for tasks to queue
[2023-06-14T13:29:49.949+0000] {logging_mixin.py:149} INFO - [2023-06-14T13:29:49.949+0000] {dagbag.py:541} INFO - Filling up the DagBag from /home/airflow/.local/lib/python3.7/site-packages/airflow/example_dags/example_params_trigger_ui.py
[2023-06-14T13:29:49.968+0000] {processor.py:836} INFO - DAG(s) dict_keys(['example_params_trigger_ui']) retrieved from /home/airflow/.local/lib/python3.7/site-packages/airflow/example_dags/example_params_trigger_ui.py
[2023-06-14T13:29:50.022+0000] {logging_mixin.py:149} INFO - [2023-06-14T13:29:50.022+0000] {dag.py:2726} INFO - Sync 1 DAGs
[2023-06-14T13:29:50.049+0000] {logging_mixin.py:149} INFO - [2023-06-14T13:29:50.049+0000] {dag.py:3490} INFO - Setting next_dagrun for example_params_trigger_ui to None, run_after=None
[2023-06-14T13:29:50.067+0000] {processor.py:179} INFO - Processing /home/airflow/.local/lib/python3.7/site-packages/airflow/example_dags/example_params_trigger_ui.py took 0.124 seconds
[2023-06-14T13:30:20.536+0000] {processor.py:157} INFO - Started process (PID=363) to work on /home/airflow/.local/lib/python3.7/site-packages/airflow/example_dags/example_params_trigger_ui.py
[2023-06-14T13:30:20.538+0000] {processor.py:826} INFO - Processing file /home/airflow/.local/lib/python3.7/site-packages/airflow/example_dags/example_params_trigger_ui.py for tasks to queue
[2023-06-14T13:30:20.539+0000] {logging_mixin.py:149} INFO - [2023-06-14T13:30:20.539+0000] {dagbag.py:541} INFO - Filling up the DagBag from /home/airflow/.local/lib/python3.7/site-packages/airflow/example_dags/example_params_trigger_ui.py
[2023-06-14T13:30:20.561+0000] {processor.py:836} INFO - DAG(s) dict_keys(['example_params_trigger_ui']) retrieved from /home/airflow/.local/lib/python3.7/site-packages/airflow/example_dags/example_params_trigger_ui.py
[2023-06-14T13:30:20.608+0000] {logging_mixin.py:149} INFO - [2023-06-14T13:30:20.608+0000] {dag.py:2726} INFO - Sync 1 DAGs
[2023-06-14T13:30:20.625+0000] {logging_mixin.py:149} INFO - [2023-06-14T13:30:20.624+0000] {dag.py:3490} INFO - Setting next_dagrun for example_params_trigger_ui to None, run_after=None
[2023-06-14T13:30:20.639+0000] {processor.py:179} INFO - Processing /home/airflow/.local/lib/python3.7/site-packages/airflow/example_dags/example_params_trigger_ui.py took 0.108 seconds
[2023-06-14T13:30:51.428+0000] {processor.py:157} INFO - Started process (PID=419) to work on /home/airflow/.local/lib/python3.7/site-packages/airflow/example_dags/example_params_trigger_ui.py
[2023-06-14T13:30:51.429+0000] {processor.py:826} INFO - Processing file /home/airflow/.local/lib/python3.7/site-packages/airflow/example_dags/example_params_trigger_ui.py for tasks to queue
[2023-06-14T13:30:51.430+0000] {logging_mixin.py:149} INFO - [2023-06-14T13:30:51.430+0000] {dagbag.py:541} INFO - Filling up the DagBag from /home/airflow/.local/lib/python3.7/site-packages/airflow/example_dags/example_params_trigger_ui.py
[2023-06-14T13:30:51.448+0000] {processor.py:836} INFO - DAG(s) dict_keys(['example_params_trigger_ui']) retrieved from /home/airflow/.local/lib/python3.7/site-packages/airflow/example_dags/example_params_trigger_ui.py
[2023-06-14T13:30:51.508+0000] {logging_mixin.py:149} INFO - [2023-06-14T13:30:51.508+0000] {dag.py:2726} INFO - Sync 1 DAGs
[2023-06-14T13:30:51.526+0000] {logging_mixin.py:149} INFO - [2023-06-14T13:30:51.526+0000] {dag.py:3490} INFO - Setting next_dagrun for example_params_trigger_ui to None, run_after=None
[2023-06-14T13:30:51.540+0000] {processor.py:179} INFO - Processing /home/airflow/.local/lib/python3.7/site-packages/airflow/example_dags/example_params_trigger_ui.py took 0.115 seconds
[2023-06-14T13:31:22.003+0000] {processor.py:157} INFO - Started process (PID=475) to work on /home/airflow/.local/lib/python3.7/site-packages/airflow/example_dags/example_params_trigger_ui.py
[2023-06-14T13:31:22.007+0000] {processor.py:826} INFO - Processing file /home/airflow/.local/lib/python3.7/site-packages/airflow/example_dags/example_params_trigger_ui.py for tasks to queue
[2023-06-14T13:31:22.008+0000] {logging_mixin.py:149} INFO - [2023-06-14T13:31:22.008+0000] {dagbag.py:541} INFO - Filling up the DagBag from /home/airflow/.local/lib/python3.7/site-packages/airflow/example_dags/example_params_trigger_ui.py
[2023-06-14T13:31:22.041+0000] {processor.py:836} INFO - DAG(s) dict_keys(['example_params_trigger_ui']) retrieved from /home/airflow/.local/lib/python3.7/site-packages/airflow/example_dags/example_params_trigger_ui.py
[2023-06-14T13:31:22.094+0000] {logging_mixin.py:149} INFO - [2023-06-14T13:31:22.094+0000] {dag.py:2726} INFO - Sync 1 DAGs
[2023-06-14T13:31:22.109+0000] {logging_mixin.py:149} INFO - [2023-06-14T13:31:22.108+0000] {dag.py:3490} INFO - Setting next_dagrun for example_params_trigger_ui to None, run_after=None
[2023-06-14T13:31:22.119+0000] {processor.py:179} INFO - Processing /home/airflow/.local/lib/python3.7/site-packages/airflow/example_dags/example_params_trigger_ui.py took 0.122 seconds
[2023-06-14T13:31:52.556+0000] {processor.py:157} INFO - Started process (PID=532) to work on /home/airflow/.local/lib/python3.7/site-packages/airflow/example_dags/example_params_trigger_ui.py
[2023-06-14T13:31:52.558+0000] {processor.py:826} INFO - Processing file /home/airflow/.local/lib/python3.7/site-packages/airflow/example_dags/example_params_trigger_ui.py for tasks to queue
[2023-06-14T13:31:52.559+0000] {logging_mixin.py:149} INFO - [2023-06-14T13:31:52.559+0000] {dagbag.py:541} INFO - Filling up the DagBag from /home/airflow/.local/lib/python3.7/site-packages/airflow/example_dags/example_params_trigger_ui.py
[2023-06-14T13:31:52.581+0000] {processor.py:836} INFO - DAG(s) dict_keys(['example_params_trigger_ui']) retrieved from /home/airflow/.local/lib/python3.7/site-packages/airflow/example_dags/example_params_trigger_ui.py
[2023-06-14T13:31:52.629+0000] {logging_mixin.py:149} INFO - [2023-06-14T13:31:52.629+0000] {dag.py:2726} INFO - Sync 1 DAGs
[2023-06-14T13:31:52.647+0000] {logging_mixin.py:149} INFO - [2023-06-14T13:31:52.647+0000] {dag.py:3490} INFO - Setting next_dagrun for example_params_trigger_ui to None, run_after=None
[2023-06-14T13:31:52.657+0000] {processor.py:179} INFO - Processing /home/airflow/.local/lib/python3.7/site-packages/airflow/example_dags/example_params_trigger_ui.py took 0.107 seconds
[2023-06-14T13:32:23.512+0000] {processor.py:157} INFO - Started process (PID=590) to work on /home/airflow/.local/lib/python3.7/site-packages/airflow/example_dags/example_params_trigger_ui.py
[2023-06-14T13:32:23.514+0000] {processor.py:826} INFO - Processing file /home/airflow/.local/lib/python3.7/site-packages/airflow/example_dags/example_params_trigger_ui.py for tasks to queue
[2023-06-14T13:32:23.517+0000] {logging_mixin.py:149} INFO - [2023-06-14T13:32:23.517+0000] {dagbag.py:541} INFO - Filling up the DagBag from /home/airflow/.local/lib/python3.7/site-packages/airflow/example_dags/example_params_trigger_ui.py
[2023-06-14T13:32:23.537+0000] {processor.py:836} INFO - DAG(s) dict_keys(['example_params_trigger_ui']) retrieved from /home/airflow/.local/lib/python3.7/site-packages/airflow/example_dags/example_params_trigger_ui.py
[2023-06-14T13:32:23.586+0000] {logging_mixin.py:149} INFO - [2023-06-14T13:32:23.586+0000] {dag.py:2726} INFO - Sync 1 DAGs
[2023-06-14T13:32:23.607+0000] {logging_mixin.py:149} INFO - [2023-06-14T13:32:23.607+0000] {dag.py:3490} INFO - Setting next_dagrun for example_params_trigger_ui to None, run_after=None
[2023-06-14T13:32:23.618+0000] {processor.py:179} INFO - Processing /home/airflow/.local/lib/python3.7/site-packages/airflow/example_dags/example_params_trigger_ui.py took 0.114 seconds
[2023-06-14T13:32:54.443+0000] {processor.py:157} INFO - Started process (PID=647) to work on /home/airflow/.local/lib/python3.7/site-packages/airflow/example_dags/example_params_trigger_ui.py
[2023-06-14T13:32:54.445+0000] {processor.py:826} INFO - Processing file /home/airflow/.local/lib/python3.7/site-packages/airflow/example_dags/example_params_trigger_ui.py for tasks to queue
[2023-06-14T13:32:54.446+0000] {logging_mixin.py:149} INFO - [2023-06-14T13:32:54.446+0000] {dagbag.py:541} INFO - Filling up the DagBag from /home/airflow/.local/lib/python3.7/site-packages/airflow/example_dags/example_params_trigger_ui.py
[2023-06-14T13:32:54.467+0000] {processor.py:836} INFO - DAG(s) dict_keys(['example_params_trigger_ui']) retrieved from /home/airflow/.local/lib/python3.7/site-packages/airflow/example_dags/example_params_trigger_ui.py
[2023-06-14T13:32:54.526+0000] {logging_mixin.py:149} INFO - [2023-06-14T13:32:54.526+0000] {dag.py:2726} INFO - Sync 1 DAGs
[2023-06-14T13:32:54.553+0000] {logging_mixin.py:149} INFO - [2023-06-14T13:32:54.553+0000] {dag.py:3490} INFO - Setting next_dagrun for example_params_trigger_ui to None, run_after=None
[2023-06-14T13:32:54.573+0000] {processor.py:179} INFO - Processing /home/airflow/.local/lib/python3.7/site-packages/airflow/example_dags/example_params_trigger_ui.py took 0.134 seconds
[2023-06-14T13:33:24.755+0000] {processor.py:157} INFO - Started process (PID=704) to work on /home/airflow/.local/lib/python3.7/site-packages/airflow/example_dags/example_params_trigger_ui.py
[2023-06-14T13:33:24.757+0000] {processor.py:826} INFO - Processing file /home/airflow/.local/lib/python3.7/site-packages/airflow/example_dags/example_params_trigger_ui.py for tasks to queue
[2023-06-14T13:33:24.759+0000] {logging_mixin.py:149} INFO - [2023-06-14T13:33:24.759+0000] {dagbag.py:541} INFO - Filling up the DagBag from /home/airflow/.local/lib/python3.7/site-packages/airflow/example_dags/example_params_trigger_ui.py
[2023-06-14T13:33:24.780+0000] {processor.py:836} INFO - DAG(s) dict_keys(['example_params_trigger_ui']) retrieved from /home/airflow/.local/lib/python3.7/site-packages/airflow/example_dags/example_params_trigger_ui.py
[2023-06-14T13:33:24.828+0000] {logging_mixin.py:149} INFO - [2023-06-14T13:33:24.828+0000] {dag.py:2726} INFO - Sync 1 DAGs
[2023-06-14T13:33:24.843+0000] {logging_mixin.py:149} INFO - [2023-06-14T13:33:24.843+0000] {dag.py:3490} INFO - Setting next_dagrun for example_params_trigger_ui to None, run_after=None
[2023-06-14T13:33:24.854+0000] {processor.py:179} INFO - Processing /home/airflow/.local/lib/python3.7/site-packages/airflow/example_dags/example_params_trigger_ui.py took 0.105 seconds
[2023-06-14T13:33:55.231+0000] {processor.py:157} INFO - Started process (PID=761) to work on /home/airflow/.local/lib/python3.7/site-packages/airflow/example_dags/example_params_trigger_ui.py
[2023-06-14T13:33:55.233+0000] {processor.py:826} INFO - Processing file /home/airflow/.local/lib/python3.7/site-packages/airflow/example_dags/example_params_trigger_ui.py for tasks to queue
[2023-06-14T13:33:55.235+0000] {logging_mixin.py:149} INFO - [2023-06-14T13:33:55.234+0000] {dagbag.py:541} INFO - Filling up the DagBag from /home/airflow/.local/lib/python3.7/site-packages/airflow/example_dags/example_params_trigger_ui.py
[2023-06-14T13:33:55.256+0000] {processor.py:836} INFO - DAG(s) dict_keys(['example_params_trigger_ui']) retrieved from /home/airflow/.local/lib/python3.7/site-packages/airflow/example_dags/example_params_trigger_ui.py
[2023-06-14T13:33:55.305+0000] {logging_mixin.py:149} INFO - [2023-06-14T13:33:55.305+0000] {dag.py:2726} INFO - Sync 1 DAGs
[2023-06-14T13:33:55.321+0000] {logging_mixin.py:149} INFO - [2023-06-14T13:33:55.321+0000] {dag.py:3490} INFO - Setting next_dagrun for example_params_trigger_ui to None, run_after=None
[2023-06-14T13:33:55.332+0000] {processor.py:179} INFO - Processing /home/airflow/.local/lib/python3.7/site-packages/airflow/example_dags/example_params_trigger_ui.py took 0.106 seconds
[2023-06-14T13:34:26.027+0000] {processor.py:157} INFO - Started process (PID=818) to work on /home/airflow/.local/lib/python3.7/site-packages/airflow/example_dags/example_params_trigger_ui.py
[2023-06-14T13:34:26.030+0000] {processor.py:826} INFO - Processing file /home/airflow/.local/lib/python3.7/site-packages/airflow/example_dags/example_params_trigger_ui.py for tasks to queue
[2023-06-14T13:34:26.032+0000] {logging_mixin.py:149} INFO - [2023-06-14T13:34:26.032+0000] {dagbag.py:541} INFO - Filling up the DagBag from /home/airflow/.local/lib/python3.7/site-packages/airflow/example_dags/example_params_trigger_ui.py
[2023-06-14T13:34:26.057+0000] {processor.py:836} INFO - DAG(s) dict_keys(['example_params_trigger_ui']) retrieved from /home/airflow/.local/lib/python3.7/site-packages/airflow/example_dags/example_params_trigger_ui.py
[2023-06-14T13:34:26.106+0000] {logging_mixin.py:149} INFO - [2023-06-14T13:34:26.106+0000] {dag.py:2726} INFO - Sync 1 DAGs
[2023-06-14T13:34:26.123+0000] {logging_mixin.py:149} INFO - [2023-06-14T13:34:26.122+0000] {dag.py:3490} INFO - Setting next_dagrun for example_params_trigger_ui to None, run_after=None
[2023-06-14T13:34:26.134+0000] {processor.py:179} INFO - Processing /home/airflow/.local/lib/python3.7/site-packages/airflow/example_dags/example_params_trigger_ui.py took 0.113 seconds
[2023-06-14T13:34:56.621+0000] {processor.py:157} INFO - Started process (PID=875) to work on /home/airflow/.local/lib/python3.7/site-packages/airflow/example_dags/example_params_trigger_ui.py
[2023-06-14T13:34:56.624+0000] {processor.py:826} INFO - Processing file /home/airflow/.local/lib/python3.7/site-packages/airflow/example_dags/example_params_trigger_ui.py for tasks to queue
[2023-06-14T13:34:56.626+0000] {logging_mixin.py:149} INFO - [2023-06-14T13:34:56.626+0000] {dagbag.py:541} INFO - Filling up the DagBag from /home/airflow/.local/lib/python3.7/site-packages/airflow/example_dags/example_params_trigger_ui.py
[2023-06-14T13:34:56.651+0000] {processor.py:836} INFO - DAG(s) dict_keys(['example_params_trigger_ui']) retrieved from /home/airflow/.local/lib/python3.7/site-packages/airflow/example_dags/example_params_trigger_ui.py
[2023-06-14T13:34:56.699+0000] {logging_mixin.py:149} INFO - [2023-06-14T13:34:56.699+0000] {dag.py:2726} INFO - Sync 1 DAGs
[2023-06-14T13:34:56.715+0000] {logging_mixin.py:149} INFO - [2023-06-14T13:34:56.715+0000] {dag.py:3490} INFO - Setting next_dagrun for example_params_trigger_ui to None, run_after=None
[2023-06-14T13:34:56.725+0000] {processor.py:179} INFO - Processing /home/airflow/.local/lib/python3.7/site-packages/airflow/example_dags/example_params_trigger_ui.py took 0.110 seconds
