[2023-06-14T13:27:18.417+0000] {processor.py:157} INFO - Started process (PID=42) to work on /home/airflow/.local/lib/python3.7/site-packages/airflow/example_dags/example_sensors.py
[2023-06-14T13:27:18.458+0000] {processor.py:826} INFO - Processing file /home/airflow/.local/lib/python3.7/site-packages/airflow/example_dags/example_sensors.py for tasks to queue
[2023-06-14T13:27:18.476+0000] {logging_mixin.py:149} INFO - [2023-06-14T13:27:18.476+0000] {dagbag.py:541} INFO - Filling up the DagBag from /home/airflow/.local/lib/python3.7/site-packages/airflow/example_dags/example_sensors.py
[2023-06-14T13:27:18.608+0000] {processor.py:836} INFO - DAG(s) dict_keys(['example_sensors']) retrieved from /home/airflow/.local/lib/python3.7/site-packages/airflow/example_dags/example_sensors.py
[2023-06-14T13:27:19.074+0000] {logging_mixin.py:149} INFO - [2023-06-14T13:27:19.074+0000] {manager.py:504} INFO - Created Permission View: can edit on DAG:example_sensors
[2023-06-14T13:27:19.133+0000] {logging_mixin.py:149} INFO - [2023-06-14T13:27:19.133+0000] {manager.py:504} INFO - Created Permission View: can read on DAG:example_sensors
[2023-06-14T13:27:19.167+0000] {logging_mixin.py:149} INFO - [2023-06-14T13:27:19.163+0000] {manager.py:504} INFO - Created Permission View: can delete on DAG:example_sensors
[2023-06-14T13:27:19.169+0000] {logging_mixin.py:149} INFO - [2023-06-14T13:27:19.169+0000] {dag.py:2726} INFO - Sync 1 DAGs
[2023-06-14T13:27:19.202+0000] {logging_mixin.py:149} INFO - [2023-06-14T13:27:19.201+0000] {dag.py:2747} INFO - Creating ORM DAG for example_sensors
[2023-06-14T13:27:19.227+0000] {logging_mixin.py:149} INFO - [2023-06-14T13:27:19.227+0000] {dag.py:3490} INFO - Setting next_dagrun for example_sensors to None, run_after=None
[2023-06-14T13:27:19.326+0000] {processor.py:179} INFO - Processing /home/airflow/.local/lib/python3.7/site-packages/airflow/example_dags/example_sensors.py took 0.918 seconds
[2023-06-14T13:27:50.160+0000] {processor.py:157} INFO - Started process (PID=98) to work on /home/airflow/.local/lib/python3.7/site-packages/airflow/example_dags/example_sensors.py
[2023-06-14T13:27:50.163+0000] {processor.py:826} INFO - Processing file /home/airflow/.local/lib/python3.7/site-packages/airflow/example_dags/example_sensors.py for tasks to queue
[2023-06-14T13:27:50.165+0000] {logging_mixin.py:149} INFO - [2023-06-14T13:27:50.165+0000] {dagbag.py:541} INFO - Filling up the DagBag from /home/airflow/.local/lib/python3.7/site-packages/airflow/example_dags/example_sensors.py
[2023-06-14T13:27:50.182+0000] {processor.py:836} INFO - DAG(s) dict_keys(['example_sensors']) retrieved from /home/airflow/.local/lib/python3.7/site-packages/airflow/example_dags/example_sensors.py
[2023-06-14T13:27:50.241+0000] {logging_mixin.py:149} INFO - [2023-06-14T13:27:50.241+0000] {dag.py:2726} INFO - Sync 1 DAGs
[2023-06-14T13:27:50.263+0000] {logging_mixin.py:149} INFO - [2023-06-14T13:27:50.263+0000] {dag.py:3490} INFO - Setting next_dagrun for example_sensors to None, run_after=None
[2023-06-14T13:27:50.312+0000] {processor.py:179} INFO - Processing /home/airflow/.local/lib/python3.7/site-packages/airflow/example_dags/example_sensors.py took 0.157 seconds
[2023-06-14T13:28:20.551+0000] {processor.py:157} INFO - Started process (PID=154) to work on /home/airflow/.local/lib/python3.7/site-packages/airflow/example_dags/example_sensors.py
[2023-06-14T13:28:20.555+0000] {processor.py:826} INFO - Processing file /home/airflow/.local/lib/python3.7/site-packages/airflow/example_dags/example_sensors.py for tasks to queue
[2023-06-14T13:28:20.557+0000] {logging_mixin.py:149} INFO - [2023-06-14T13:28:20.557+0000] {dagbag.py:541} INFO - Filling up the DagBag from /home/airflow/.local/lib/python3.7/site-packages/airflow/example_dags/example_sensors.py
[2023-06-14T13:28:20.568+0000] {processor.py:836} INFO - DAG(s) dict_keys(['example_sensors']) retrieved from /home/airflow/.local/lib/python3.7/site-packages/airflow/example_dags/example_sensors.py
[2023-06-14T13:28:20.650+0000] {logging_mixin.py:149} INFO - [2023-06-14T13:28:20.649+0000] {dag.py:2726} INFO - Sync 1 DAGs
[2023-06-14T13:28:20.702+0000] {logging_mixin.py:149} INFO - [2023-06-14T13:28:20.702+0000] {dag.py:3490} INFO - Setting next_dagrun for example_sensors to None, run_after=None
[2023-06-14T13:28:20.737+0000] {processor.py:179} INFO - Processing /home/airflow/.local/lib/python3.7/site-packages/airflow/example_dags/example_sensors.py took 0.193 seconds
[2023-06-14T13:28:51.009+0000] {processor.py:157} INFO - Started process (PID=210) to work on /home/airflow/.local/lib/python3.7/site-packages/airflow/example_dags/example_sensors.py
[2023-06-14T13:28:51.011+0000] {processor.py:826} INFO - Processing file /home/airflow/.local/lib/python3.7/site-packages/airflow/example_dags/example_sensors.py for tasks to queue
[2023-06-14T13:28:51.012+0000] {logging_mixin.py:149} INFO - [2023-06-14T13:28:51.011+0000] {dagbag.py:541} INFO - Filling up the DagBag from /home/airflow/.local/lib/python3.7/site-packages/airflow/example_dags/example_sensors.py
[2023-06-14T13:28:51.019+0000] {processor.py:836} INFO - DAG(s) dict_keys(['example_sensors']) retrieved from /home/airflow/.local/lib/python3.7/site-packages/airflow/example_dags/example_sensors.py
[2023-06-14T13:28:51.041+0000] {logging_mixin.py:149} INFO - [2023-06-14T13:28:51.041+0000] {dag.py:2726} INFO - Sync 1 DAGs
[2023-06-14T13:28:51.056+0000] {logging_mixin.py:149} INFO - [2023-06-14T13:28:51.056+0000] {dag.py:3490} INFO - Setting next_dagrun for example_sensors to None, run_after=None
[2023-06-14T13:28:51.068+0000] {processor.py:179} INFO - Processing /home/airflow/.local/lib/python3.7/site-packages/airflow/example_dags/example_sensors.py took 0.061 seconds
[2023-06-14T13:29:21.271+0000] {processor.py:157} INFO - Started process (PID=261) to work on /home/airflow/.local/lib/python3.7/site-packages/airflow/example_dags/example_sensors.py
[2023-06-14T13:29:21.272+0000] {processor.py:826} INFO - Processing file /home/airflow/.local/lib/python3.7/site-packages/airflow/example_dags/example_sensors.py for tasks to queue
[2023-06-14T13:29:21.273+0000] {logging_mixin.py:149} INFO - [2023-06-14T13:29:21.273+0000] {dagbag.py:541} INFO - Filling up the DagBag from /home/airflow/.local/lib/python3.7/site-packages/airflow/example_dags/example_sensors.py
[2023-06-14T13:29:21.280+0000] {processor.py:836} INFO - DAG(s) dict_keys(['example_sensors']) retrieved from /home/airflow/.local/lib/python3.7/site-packages/airflow/example_dags/example_sensors.py
[2023-06-14T13:29:21.302+0000] {logging_mixin.py:149} INFO - [2023-06-14T13:29:21.302+0000] {dag.py:2726} INFO - Sync 1 DAGs
[2023-06-14T13:29:21.320+0000] {logging_mixin.py:149} INFO - [2023-06-14T13:29:21.320+0000] {dag.py:3490} INFO - Setting next_dagrun for example_sensors to None, run_after=None
[2023-06-14T13:29:21.332+0000] {processor.py:179} INFO - Processing /home/airflow/.local/lib/python3.7/site-packages/airflow/example_dags/example_sensors.py took 0.064 seconds
[2023-06-14T13:29:51.415+0000] {processor.py:157} INFO - Started process (PID=317) to work on /home/airflow/.local/lib/python3.7/site-packages/airflow/example_dags/example_sensors.py
[2023-06-14T13:29:51.416+0000] {processor.py:826} INFO - Processing file /home/airflow/.local/lib/python3.7/site-packages/airflow/example_dags/example_sensors.py for tasks to queue
[2023-06-14T13:29:51.417+0000] {logging_mixin.py:149} INFO - [2023-06-14T13:29:51.417+0000] {dagbag.py:541} INFO - Filling up the DagBag from /home/airflow/.local/lib/python3.7/site-packages/airflow/example_dags/example_sensors.py
[2023-06-14T13:29:51.424+0000] {processor.py:836} INFO - DAG(s) dict_keys(['example_sensors']) retrieved from /home/airflow/.local/lib/python3.7/site-packages/airflow/example_dags/example_sensors.py
[2023-06-14T13:29:51.445+0000] {logging_mixin.py:149} INFO - [2023-06-14T13:29:51.445+0000] {dag.py:2726} INFO - Sync 1 DAGs
[2023-06-14T13:29:51.462+0000] {logging_mixin.py:149} INFO - [2023-06-14T13:29:51.462+0000] {dag.py:3490} INFO - Setting next_dagrun for example_sensors to None, run_after=None
[2023-06-14T13:29:51.473+0000] {processor.py:179} INFO - Processing /home/airflow/.local/lib/python3.7/site-packages/airflow/example_dags/example_sensors.py took 0.061 seconds
[2023-06-14T13:30:22.142+0000] {processor.py:157} INFO - Started process (PID=373) to work on /home/airflow/.local/lib/python3.7/site-packages/airflow/example_dags/example_sensors.py
[2023-06-14T13:30:22.144+0000] {processor.py:826} INFO - Processing file /home/airflow/.local/lib/python3.7/site-packages/airflow/example_dags/example_sensors.py for tasks to queue
[2023-06-14T13:30:22.145+0000] {logging_mixin.py:149} INFO - [2023-06-14T13:30:22.144+0000] {dagbag.py:541} INFO - Filling up the DagBag from /home/airflow/.local/lib/python3.7/site-packages/airflow/example_dags/example_sensors.py
[2023-06-14T13:30:22.152+0000] {processor.py:836} INFO - DAG(s) dict_keys(['example_sensors']) retrieved from /home/airflow/.local/lib/python3.7/site-packages/airflow/example_dags/example_sensors.py
[2023-06-14T13:30:22.174+0000] {logging_mixin.py:149} INFO - [2023-06-14T13:30:22.174+0000] {dag.py:2726} INFO - Sync 1 DAGs
[2023-06-14T13:30:22.191+0000] {logging_mixin.py:149} INFO - [2023-06-14T13:30:22.191+0000] {dag.py:3490} INFO - Setting next_dagrun for example_sensors to None, run_after=None
[2023-06-14T13:30:22.203+0000] {processor.py:179} INFO - Processing /home/airflow/.local/lib/python3.7/site-packages/airflow/example_dags/example_sensors.py took 0.064 seconds
[2023-06-14T13:30:53.399+0000] {processor.py:157} INFO - Started process (PID=429) to work on /home/airflow/.local/lib/python3.7/site-packages/airflow/example_dags/example_sensors.py
[2023-06-14T13:30:53.401+0000] {processor.py:826} INFO - Processing file /home/airflow/.local/lib/python3.7/site-packages/airflow/example_dags/example_sensors.py for tasks to queue
[2023-06-14T13:30:53.403+0000] {logging_mixin.py:149} INFO - [2023-06-14T13:30:53.403+0000] {dagbag.py:541} INFO - Filling up the DagBag from /home/airflow/.local/lib/python3.7/site-packages/airflow/example_dags/example_sensors.py
[2023-06-14T13:30:53.413+0000] {processor.py:836} INFO - DAG(s) dict_keys(['example_sensors']) retrieved from /home/airflow/.local/lib/python3.7/site-packages/airflow/example_dags/example_sensors.py
[2023-06-14T13:30:53.456+0000] {logging_mixin.py:149} INFO - [2023-06-14T13:30:53.456+0000] {dag.py:2726} INFO - Sync 1 DAGs
[2023-06-14T13:30:53.479+0000] {logging_mixin.py:149} INFO - [2023-06-14T13:30:53.479+0000] {dag.py:3490} INFO - Setting next_dagrun for example_sensors to None, run_after=None
[2023-06-14T13:30:53.510+0000] {processor.py:179} INFO - Processing /home/airflow/.local/lib/python3.7/site-packages/airflow/example_dags/example_sensors.py took 0.114 seconds
[2023-06-14T13:31:23.592+0000] {processor.py:157} INFO - Started process (PID=485) to work on /home/airflow/.local/lib/python3.7/site-packages/airflow/example_dags/example_sensors.py
[2023-06-14T13:31:23.593+0000] {processor.py:826} INFO - Processing file /home/airflow/.local/lib/python3.7/site-packages/airflow/example_dags/example_sensors.py for tasks to queue
[2023-06-14T13:31:23.594+0000] {logging_mixin.py:149} INFO - [2023-06-14T13:31:23.594+0000] {dagbag.py:541} INFO - Filling up the DagBag from /home/airflow/.local/lib/python3.7/site-packages/airflow/example_dags/example_sensors.py
[2023-06-14T13:31:23.601+0000] {processor.py:836} INFO - DAG(s) dict_keys(['example_sensors']) retrieved from /home/airflow/.local/lib/python3.7/site-packages/airflow/example_dags/example_sensors.py
[2023-06-14T13:31:23.621+0000] {logging_mixin.py:149} INFO - [2023-06-14T13:31:23.621+0000] {dag.py:2726} INFO - Sync 1 DAGs
[2023-06-14T13:31:23.637+0000] {logging_mixin.py:149} INFO - [2023-06-14T13:31:23.637+0000] {dag.py:3490} INFO - Setting next_dagrun for example_sensors to None, run_after=None
[2023-06-14T13:31:23.648+0000] {processor.py:179} INFO - Processing /home/airflow/.local/lib/python3.7/site-packages/airflow/example_dags/example_sensors.py took 0.058 seconds
[2023-06-14T13:31:54.102+0000] {processor.py:157} INFO - Started process (PID=542) to work on /home/airflow/.local/lib/python3.7/site-packages/airflow/example_dags/example_sensors.py
[2023-06-14T13:31:54.104+0000] {processor.py:826} INFO - Processing file /home/airflow/.local/lib/python3.7/site-packages/airflow/example_dags/example_sensors.py for tasks to queue
[2023-06-14T13:31:54.105+0000] {logging_mixin.py:149} INFO - [2023-06-14T13:31:54.105+0000] {dagbag.py:541} INFO - Filling up the DagBag from /home/airflow/.local/lib/python3.7/site-packages/airflow/example_dags/example_sensors.py
[2023-06-14T13:31:54.113+0000] {processor.py:836} INFO - DAG(s) dict_keys(['example_sensors']) retrieved from /home/airflow/.local/lib/python3.7/site-packages/airflow/example_dags/example_sensors.py
[2023-06-14T13:31:54.144+0000] {logging_mixin.py:149} INFO - [2023-06-14T13:31:54.144+0000] {dag.py:2726} INFO - Sync 1 DAGs
[2023-06-14T13:31:54.161+0000] {logging_mixin.py:149} INFO - [2023-06-14T13:31:54.161+0000] {dag.py:3490} INFO - Setting next_dagrun for example_sensors to None, run_after=None
[2023-06-14T13:31:54.174+0000] {processor.py:179} INFO - Processing /home/airflow/.local/lib/python3.7/site-packages/airflow/example_dags/example_sensors.py took 0.076 seconds
[2023-06-14T13:32:25.093+0000] {processor.py:157} INFO - Started process (PID=600) to work on /home/airflow/.local/lib/python3.7/site-packages/airflow/example_dags/example_sensors.py
[2023-06-14T13:32:25.094+0000] {processor.py:826} INFO - Processing file /home/airflow/.local/lib/python3.7/site-packages/airflow/example_dags/example_sensors.py for tasks to queue
[2023-06-14T13:32:25.095+0000] {logging_mixin.py:149} INFO - [2023-06-14T13:32:25.095+0000] {dagbag.py:541} INFO - Filling up the DagBag from /home/airflow/.local/lib/python3.7/site-packages/airflow/example_dags/example_sensors.py
[2023-06-14T13:32:25.102+0000] {processor.py:836} INFO - DAG(s) dict_keys(['example_sensors']) retrieved from /home/airflow/.local/lib/python3.7/site-packages/airflow/example_dags/example_sensors.py
[2023-06-14T13:32:25.125+0000] {logging_mixin.py:149} INFO - [2023-06-14T13:32:25.125+0000] {dag.py:2726} INFO - Sync 1 DAGs
[2023-06-14T13:32:25.141+0000] {logging_mixin.py:149} INFO - [2023-06-14T13:32:25.140+0000] {dag.py:3490} INFO - Setting next_dagrun for example_sensors to None, run_after=None
[2023-06-14T13:32:25.151+0000] {processor.py:179} INFO - Processing /home/airflow/.local/lib/python3.7/site-packages/airflow/example_dags/example_sensors.py took 0.062 seconds
[2023-06-14T13:32:55.950+0000] {processor.py:157} INFO - Started process (PID=657) to work on /home/airflow/.local/lib/python3.7/site-packages/airflow/example_dags/example_sensors.py
[2023-06-14T13:32:55.952+0000] {processor.py:826} INFO - Processing file /home/airflow/.local/lib/python3.7/site-packages/airflow/example_dags/example_sensors.py for tasks to queue
[2023-06-14T13:32:55.952+0000] {logging_mixin.py:149} INFO - [2023-06-14T13:32:55.952+0000] {dagbag.py:541} INFO - Filling up the DagBag from /home/airflow/.local/lib/python3.7/site-packages/airflow/example_dags/example_sensors.py
[2023-06-14T13:32:55.960+0000] {processor.py:836} INFO - DAG(s) dict_keys(['example_sensors']) retrieved from /home/airflow/.local/lib/python3.7/site-packages/airflow/example_dags/example_sensors.py
[2023-06-14T13:32:55.983+0000] {logging_mixin.py:149} INFO - [2023-06-14T13:32:55.982+0000] {dag.py:2726} INFO - Sync 1 DAGs
[2023-06-14T13:32:55.998+0000] {logging_mixin.py:149} INFO - [2023-06-14T13:32:55.998+0000] {dag.py:3490} INFO - Setting next_dagrun for example_sensors to None, run_after=None
[2023-06-14T13:32:56.009+0000] {processor.py:179} INFO - Processing /home/airflow/.local/lib/python3.7/site-packages/airflow/example_dags/example_sensors.py took 0.061 seconds
[2023-06-14T13:33:26.296+0000] {processor.py:157} INFO - Started process (PID=714) to work on /home/airflow/.local/lib/python3.7/site-packages/airflow/example_dags/example_sensors.py
[2023-06-14T13:33:26.297+0000] {processor.py:826} INFO - Processing file /home/airflow/.local/lib/python3.7/site-packages/airflow/example_dags/example_sensors.py for tasks to queue
[2023-06-14T13:33:26.298+0000] {logging_mixin.py:149} INFO - [2023-06-14T13:33:26.297+0000] {dagbag.py:541} INFO - Filling up the DagBag from /home/airflow/.local/lib/python3.7/site-packages/airflow/example_dags/example_sensors.py
[2023-06-14T13:33:26.305+0000] {processor.py:836} INFO - DAG(s) dict_keys(['example_sensors']) retrieved from /home/airflow/.local/lib/python3.7/site-packages/airflow/example_dags/example_sensors.py
[2023-06-14T13:33:26.326+0000] {logging_mixin.py:149} INFO - [2023-06-14T13:33:26.326+0000] {dag.py:2726} INFO - Sync 1 DAGs
[2023-06-14T13:33:26.341+0000] {logging_mixin.py:149} INFO - [2023-06-14T13:33:26.340+0000] {dag.py:3490} INFO - Setting next_dagrun for example_sensors to None, run_after=None
[2023-06-14T13:33:26.351+0000] {processor.py:179} INFO - Processing /home/airflow/.local/lib/python3.7/site-packages/airflow/example_dags/example_sensors.py took 0.059 seconds
[2023-06-14T13:33:56.674+0000] {processor.py:157} INFO - Started process (PID=771) to work on /home/airflow/.local/lib/python3.7/site-packages/airflow/example_dags/example_sensors.py
[2023-06-14T13:33:56.675+0000] {processor.py:826} INFO - Processing file /home/airflow/.local/lib/python3.7/site-packages/airflow/example_dags/example_sensors.py for tasks to queue
[2023-06-14T13:33:56.676+0000] {logging_mixin.py:149} INFO - [2023-06-14T13:33:56.676+0000] {dagbag.py:541} INFO - Filling up the DagBag from /home/airflow/.local/lib/python3.7/site-packages/airflow/example_dags/example_sensors.py
[2023-06-14T13:33:56.684+0000] {processor.py:836} INFO - DAG(s) dict_keys(['example_sensors']) retrieved from /home/airflow/.local/lib/python3.7/site-packages/airflow/example_dags/example_sensors.py
[2023-06-14T13:33:56.706+0000] {logging_mixin.py:149} INFO - [2023-06-14T13:33:56.706+0000] {dag.py:2726} INFO - Sync 1 DAGs
[2023-06-14T13:33:56.723+0000] {logging_mixin.py:149} INFO - [2023-06-14T13:33:56.723+0000] {dag.py:3490} INFO - Setting next_dagrun for example_sensors to None, run_after=None
[2023-06-14T13:33:56.735+0000] {processor.py:179} INFO - Processing /home/airflow/.local/lib/python3.7/site-packages/airflow/example_dags/example_sensors.py took 0.064 seconds
[2023-06-14T13:34:27.556+0000] {processor.py:157} INFO - Started process (PID=828) to work on /home/airflow/.local/lib/python3.7/site-packages/airflow/example_dags/example_sensors.py
[2023-06-14T13:34:27.557+0000] {processor.py:826} INFO - Processing file /home/airflow/.local/lib/python3.7/site-packages/airflow/example_dags/example_sensors.py for tasks to queue
[2023-06-14T13:34:27.558+0000] {logging_mixin.py:149} INFO - [2023-06-14T13:34:27.558+0000] {dagbag.py:541} INFO - Filling up the DagBag from /home/airflow/.local/lib/python3.7/site-packages/airflow/example_dags/example_sensors.py
[2023-06-14T13:34:27.566+0000] {processor.py:836} INFO - DAG(s) dict_keys(['example_sensors']) retrieved from /home/airflow/.local/lib/python3.7/site-packages/airflow/example_dags/example_sensors.py
[2023-06-14T13:34:27.590+0000] {logging_mixin.py:149} INFO - [2023-06-14T13:34:27.590+0000] {dag.py:2726} INFO - Sync 1 DAGs
[2023-06-14T13:34:27.606+0000] {logging_mixin.py:149} INFO - [2023-06-14T13:34:27.606+0000] {dag.py:3490} INFO - Setting next_dagrun for example_sensors to None, run_after=None
[2023-06-14T13:34:27.617+0000] {processor.py:179} INFO - Processing /home/airflow/.local/lib/python3.7/site-packages/airflow/example_dags/example_sensors.py took 0.064 seconds
[2023-06-14T13:34:58.106+0000] {processor.py:157} INFO - Started process (PID=885) to work on /home/airflow/.local/lib/python3.7/site-packages/airflow/example_dags/example_sensors.py
[2023-06-14T13:34:58.108+0000] {processor.py:826} INFO - Processing file /home/airflow/.local/lib/python3.7/site-packages/airflow/example_dags/example_sensors.py for tasks to queue
[2023-06-14T13:34:58.109+0000] {logging_mixin.py:149} INFO - [2023-06-14T13:34:58.108+0000] {dagbag.py:541} INFO - Filling up the DagBag from /home/airflow/.local/lib/python3.7/site-packages/airflow/example_dags/example_sensors.py
[2023-06-14T13:34:58.116+0000] {processor.py:836} INFO - DAG(s) dict_keys(['example_sensors']) retrieved from /home/airflow/.local/lib/python3.7/site-packages/airflow/example_dags/example_sensors.py
[2023-06-14T13:34:58.139+0000] {logging_mixin.py:149} INFO - [2023-06-14T13:34:58.139+0000] {dag.py:2726} INFO - Sync 1 DAGs
[2023-06-14T13:34:58.154+0000] {logging_mixin.py:149} INFO - [2023-06-14T13:34:58.154+0000] {dag.py:3490} INFO - Setting next_dagrun for example_sensors to None, run_after=None
[2023-06-14T13:34:58.165+0000] {processor.py:179} INFO - Processing /home/airflow/.local/lib/python3.7/site-packages/airflow/example_dags/example_sensors.py took 0.061 seconds
