[2023-06-14T13:27:29.463+0000] {processor.py:157} INFO - Started process (PID=59) to work on /home/airflow/.local/lib/python3.7/site-packages/airflow/example_dags/example_time_delta_sensor_async.py
[2023-06-14T13:27:29.466+0000] {processor.py:826} INFO - Processing file /home/airflow/.local/lib/python3.7/site-packages/airflow/example_dags/example_time_delta_sensor_async.py for tasks to queue
[2023-06-14T13:27:29.487+0000] {logging_mixin.py:149} INFO - [2023-06-14T13:27:29.482+0000] {dagbag.py:541} INFO - Filling up the DagBag from /home/airflow/.local/lib/python3.7/site-packages/airflow/example_dags/example_time_delta_sensor_async.py
[2023-06-14T13:27:29.513+0000] {processor.py:836} INFO - DAG(s) dict_keys(['example_time_delta_sensor_async']) retrieved from /home/airflow/.local/lib/python3.7/site-packages/airflow/example_dags/example_time_delta_sensor_async.py
[2023-06-14T13:27:29.786+0000] {logging_mixin.py:149} INFO - [2023-06-14T13:27:29.786+0000] {manager.py:504} INFO - Created Permission View: can edit on DAG:example_time_delta_sensor_async
[2023-06-14T13:27:29.804+0000] {logging_mixin.py:149} INFO - [2023-06-14T13:27:29.804+0000] {manager.py:504} INFO - Created Permission View: can read on DAG:example_time_delta_sensor_async
[2023-06-14T13:27:29.822+0000] {logging_mixin.py:149} INFO - [2023-06-14T13:27:29.822+0000] {manager.py:504} INFO - Created Permission View: can delete on DAG:example_time_delta_sensor_async
[2023-06-14T13:27:29.824+0000] {logging_mixin.py:149} INFO - [2023-06-14T13:27:29.824+0000] {dag.py:2726} INFO - Sync 1 DAGs
[2023-06-14T13:27:29.866+0000] {logging_mixin.py:149} INFO - [2023-06-14T13:27:29.866+0000] {dag.py:2747} INFO - Creating ORM DAG for example_time_delta_sensor_async
[2023-06-14T13:27:29.888+0000] {logging_mixin.py:149} INFO - [2023-06-14T13:27:29.887+0000] {dag.py:3490} INFO - Setting next_dagrun for example_time_delta_sensor_async to None, run_after=None
[2023-06-14T13:27:29.990+0000] {processor.py:179} INFO - Processing /home/airflow/.local/lib/python3.7/site-packages/airflow/example_dags/example_time_delta_sensor_async.py took 0.538 seconds
[2023-06-14T13:28:01.162+0000] {processor.py:157} INFO - Started process (PID=114) to work on /home/airflow/.local/lib/python3.7/site-packages/airflow/example_dags/example_time_delta_sensor_async.py
[2023-06-14T13:28:01.167+0000] {processor.py:826} INFO - Processing file /home/airflow/.local/lib/python3.7/site-packages/airflow/example_dags/example_time_delta_sensor_async.py for tasks to queue
[2023-06-14T13:28:01.181+0000] {logging_mixin.py:149} INFO - [2023-06-14T13:28:01.177+0000] {dagbag.py:541} INFO - Filling up the DagBag from /home/airflow/.local/lib/python3.7/site-packages/airflow/example_dags/example_time_delta_sensor_async.py
[2023-06-14T13:28:01.243+0000] {processor.py:836} INFO - DAG(s) dict_keys(['example_time_delta_sensor_async']) retrieved from /home/airflow/.local/lib/python3.7/site-packages/airflow/example_dags/example_time_delta_sensor_async.py
[2023-06-14T13:28:01.370+0000] {logging_mixin.py:149} INFO - [2023-06-14T13:28:01.369+0000] {dag.py:2726} INFO - Sync 1 DAGs
[2023-06-14T13:28:01.425+0000] {logging_mixin.py:149} INFO - [2023-06-14T13:28:01.425+0000] {dag.py:3490} INFO - Setting next_dagrun for example_time_delta_sensor_async to None, run_after=None
[2023-06-14T13:28:01.487+0000] {processor.py:179} INFO - Processing /home/airflow/.local/lib/python3.7/site-packages/airflow/example_dags/example_time_delta_sensor_async.py took 0.333 seconds
[2023-06-14T13:28:32.274+0000] {processor.py:157} INFO - Started process (PID=170) to work on /home/airflow/.local/lib/python3.7/site-packages/airflow/example_dags/example_time_delta_sensor_async.py
[2023-06-14T13:28:32.278+0000] {processor.py:826} INFO - Processing file /home/airflow/.local/lib/python3.7/site-packages/airflow/example_dags/example_time_delta_sensor_async.py for tasks to queue
[2023-06-14T13:28:32.280+0000] {logging_mixin.py:149} INFO - [2023-06-14T13:28:32.280+0000] {dagbag.py:541} INFO - Filling up the DagBag from /home/airflow/.local/lib/python3.7/site-packages/airflow/example_dags/example_time_delta_sensor_async.py
[2023-06-14T13:28:32.289+0000] {processor.py:836} INFO - DAG(s) dict_keys(['example_time_delta_sensor_async']) retrieved from /home/airflow/.local/lib/python3.7/site-packages/airflow/example_dags/example_time_delta_sensor_async.py
[2023-06-14T13:28:32.326+0000] {logging_mixin.py:149} INFO - [2023-06-14T13:28:32.326+0000] {dag.py:2726} INFO - Sync 1 DAGs
[2023-06-14T13:28:32.342+0000] {logging_mixin.py:149} INFO - [2023-06-14T13:28:32.342+0000] {dag.py:3490} INFO - Setting next_dagrun for example_time_delta_sensor_async to None, run_after=None
[2023-06-14T13:28:32.355+0000] {processor.py:179} INFO - Processing /home/airflow/.local/lib/python3.7/site-packages/airflow/example_dags/example_time_delta_sensor_async.py took 0.087 seconds
[2023-06-14T13:29:02.808+0000] {processor.py:157} INFO - Started process (PID=226) to work on /home/airflow/.local/lib/python3.7/site-packages/airflow/example_dags/example_time_delta_sensor_async.py
[2023-06-14T13:29:02.809+0000] {processor.py:826} INFO - Processing file /home/airflow/.local/lib/python3.7/site-packages/airflow/example_dags/example_time_delta_sensor_async.py for tasks to queue
[2023-06-14T13:29:02.811+0000] {logging_mixin.py:149} INFO - [2023-06-14T13:29:02.810+0000] {dagbag.py:541} INFO - Filling up the DagBag from /home/airflow/.local/lib/python3.7/site-packages/airflow/example_dags/example_time_delta_sensor_async.py
[2023-06-14T13:29:02.817+0000] {processor.py:836} INFO - DAG(s) dict_keys(['example_time_delta_sensor_async']) retrieved from /home/airflow/.local/lib/python3.7/site-packages/airflow/example_dags/example_time_delta_sensor_async.py
[2023-06-14T13:29:02.841+0000] {logging_mixin.py:149} INFO - [2023-06-14T13:29:02.841+0000] {dag.py:2726} INFO - Sync 1 DAGs
[2023-06-14T13:29:02.857+0000] {logging_mixin.py:149} INFO - [2023-06-14T13:29:02.857+0000] {dag.py:3490} INFO - Setting next_dagrun for example_time_delta_sensor_async to None, run_after=None
[2023-06-14T13:29:02.868+0000] {processor.py:179} INFO - Processing /home/airflow/.local/lib/python3.7/site-packages/airflow/example_dags/example_time_delta_sensor_async.py took 0.065 seconds
[2023-06-14T13:29:33.054+0000] {processor.py:157} INFO - Started process (PID=282) to work on /home/airflow/.local/lib/python3.7/site-packages/airflow/example_dags/example_time_delta_sensor_async.py
[2023-06-14T13:29:33.056+0000] {processor.py:826} INFO - Processing file /home/airflow/.local/lib/python3.7/site-packages/airflow/example_dags/example_time_delta_sensor_async.py for tasks to queue
[2023-06-14T13:29:33.057+0000] {logging_mixin.py:149} INFO - [2023-06-14T13:29:33.057+0000] {dagbag.py:541} INFO - Filling up the DagBag from /home/airflow/.local/lib/python3.7/site-packages/airflow/example_dags/example_time_delta_sensor_async.py
[2023-06-14T13:29:33.064+0000] {processor.py:836} INFO - DAG(s) dict_keys(['example_time_delta_sensor_async']) retrieved from /home/airflow/.local/lib/python3.7/site-packages/airflow/example_dags/example_time_delta_sensor_async.py
[2023-06-14T13:29:33.096+0000] {logging_mixin.py:149} INFO - [2023-06-14T13:29:33.096+0000] {dag.py:2726} INFO - Sync 1 DAGs
[2023-06-14T13:29:33.115+0000] {logging_mixin.py:149} INFO - [2023-06-14T13:29:33.114+0000] {dag.py:3490} INFO - Setting next_dagrun for example_time_delta_sensor_async to None, run_after=None
[2023-06-14T13:29:33.126+0000] {processor.py:179} INFO - Processing /home/airflow/.local/lib/python3.7/site-packages/airflow/example_dags/example_time_delta_sensor_async.py took 0.078 seconds
[2023-06-14T13:30:03.386+0000] {processor.py:157} INFO - Started process (PID=338) to work on /home/airflow/.local/lib/python3.7/site-packages/airflow/example_dags/example_time_delta_sensor_async.py
[2023-06-14T13:30:03.389+0000] {processor.py:826} INFO - Processing file /home/airflow/.local/lib/python3.7/site-packages/airflow/example_dags/example_time_delta_sensor_async.py for tasks to queue
[2023-06-14T13:30:03.391+0000] {logging_mixin.py:149} INFO - [2023-06-14T13:30:03.391+0000] {dagbag.py:541} INFO - Filling up the DagBag from /home/airflow/.local/lib/python3.7/site-packages/airflow/example_dags/example_time_delta_sensor_async.py
[2023-06-14T13:30:03.398+0000] {processor.py:836} INFO - DAG(s) dict_keys(['example_time_delta_sensor_async']) retrieved from /home/airflow/.local/lib/python3.7/site-packages/airflow/example_dags/example_time_delta_sensor_async.py
[2023-06-14T13:30:03.428+0000] {logging_mixin.py:149} INFO - [2023-06-14T13:30:03.428+0000] {dag.py:2726} INFO - Sync 1 DAGs
[2023-06-14T13:30:03.446+0000] {logging_mixin.py:149} INFO - [2023-06-14T13:30:03.446+0000] {dag.py:3490} INFO - Setting next_dagrun for example_time_delta_sensor_async to None, run_after=None
[2023-06-14T13:30:03.457+0000] {processor.py:179} INFO - Processing /home/airflow/.local/lib/python3.7/site-packages/airflow/example_dags/example_time_delta_sensor_async.py took 0.076 seconds
[2023-06-14T13:30:34.010+0000] {processor.py:157} INFO - Started process (PID=394) to work on /home/airflow/.local/lib/python3.7/site-packages/airflow/example_dags/example_time_delta_sensor_async.py
[2023-06-14T13:30:34.013+0000] {processor.py:826} INFO - Processing file /home/airflow/.local/lib/python3.7/site-packages/airflow/example_dags/example_time_delta_sensor_async.py for tasks to queue
[2023-06-14T13:30:34.015+0000] {logging_mixin.py:149} INFO - [2023-06-14T13:30:34.015+0000] {dagbag.py:541} INFO - Filling up the DagBag from /home/airflow/.local/lib/python3.7/site-packages/airflow/example_dags/example_time_delta_sensor_async.py
[2023-06-14T13:30:34.021+0000] {processor.py:836} INFO - DAG(s) dict_keys(['example_time_delta_sensor_async']) retrieved from /home/airflow/.local/lib/python3.7/site-packages/airflow/example_dags/example_time_delta_sensor_async.py
[2023-06-14T13:30:34.047+0000] {logging_mixin.py:149} INFO - [2023-06-14T13:30:34.047+0000] {dag.py:2726} INFO - Sync 1 DAGs
[2023-06-14T13:30:34.064+0000] {logging_mixin.py:149} INFO - [2023-06-14T13:30:34.064+0000] {dag.py:3490} INFO - Setting next_dagrun for example_time_delta_sensor_async to None, run_after=None
[2023-06-14T13:30:34.075+0000] {processor.py:179} INFO - Processing /home/airflow/.local/lib/python3.7/site-packages/airflow/example_dags/example_time_delta_sensor_async.py took 0.073 seconds
[2023-06-14T13:31:04.937+0000] {processor.py:157} INFO - Started process (PID=450) to work on /home/airflow/.local/lib/python3.7/site-packages/airflow/example_dags/example_time_delta_sensor_async.py
[2023-06-14T13:31:04.939+0000] {processor.py:826} INFO - Processing file /home/airflow/.local/lib/python3.7/site-packages/airflow/example_dags/example_time_delta_sensor_async.py for tasks to queue
[2023-06-14T13:31:04.940+0000] {logging_mixin.py:149} INFO - [2023-06-14T13:31:04.940+0000] {dagbag.py:541} INFO - Filling up the DagBag from /home/airflow/.local/lib/python3.7/site-packages/airflow/example_dags/example_time_delta_sensor_async.py
[2023-06-14T13:31:04.946+0000] {processor.py:836} INFO - DAG(s) dict_keys(['example_time_delta_sensor_async']) retrieved from /home/airflow/.local/lib/python3.7/site-packages/airflow/example_dags/example_time_delta_sensor_async.py
[2023-06-14T13:31:04.971+0000] {logging_mixin.py:149} INFO - [2023-06-14T13:31:04.970+0000] {dag.py:2726} INFO - Sync 1 DAGs
[2023-06-14T13:31:04.987+0000] {logging_mixin.py:149} INFO - [2023-06-14T13:31:04.987+0000] {dag.py:3490} INFO - Setting next_dagrun for example_time_delta_sensor_async to None, run_after=None
[2023-06-14T13:31:04.998+0000] {processor.py:179} INFO - Processing /home/airflow/.local/lib/python3.7/site-packages/airflow/example_dags/example_time_delta_sensor_async.py took 0.066 seconds
[2023-06-14T13:31:35.480+0000] {processor.py:157} INFO - Started process (PID=506) to work on /home/airflow/.local/lib/python3.7/site-packages/airflow/example_dags/example_time_delta_sensor_async.py
[2023-06-14T13:31:35.482+0000] {processor.py:826} INFO - Processing file /home/airflow/.local/lib/python3.7/site-packages/airflow/example_dags/example_time_delta_sensor_async.py for tasks to queue
[2023-06-14T13:31:35.484+0000] {logging_mixin.py:149} INFO - [2023-06-14T13:31:35.483+0000] {dagbag.py:541} INFO - Filling up the DagBag from /home/airflow/.local/lib/python3.7/site-packages/airflow/example_dags/example_time_delta_sensor_async.py
[2023-06-14T13:31:35.491+0000] {processor.py:836} INFO - DAG(s) dict_keys(['example_time_delta_sensor_async']) retrieved from /home/airflow/.local/lib/python3.7/site-packages/airflow/example_dags/example_time_delta_sensor_async.py
[2023-06-14T13:31:35.522+0000] {logging_mixin.py:149} INFO - [2023-06-14T13:31:35.522+0000] {dag.py:2726} INFO - Sync 1 DAGs
[2023-06-14T13:31:35.540+0000] {logging_mixin.py:149} INFO - [2023-06-14T13:31:35.540+0000] {dag.py:3490} INFO - Setting next_dagrun for example_time_delta_sensor_async to None, run_after=None
[2023-06-14T13:31:35.553+0000] {processor.py:179} INFO - Processing /home/airflow/.local/lib/python3.7/site-packages/airflow/example_dags/example_time_delta_sensor_async.py took 0.078 seconds
[2023-06-14T13:32:06.131+0000] {processor.py:157} INFO - Started process (PID=570) to work on /home/airflow/.local/lib/python3.7/site-packages/airflow/example_dags/example_time_delta_sensor_async.py
[2023-06-14T13:32:06.134+0000] {processor.py:826} INFO - Processing file /home/airflow/.local/lib/python3.7/site-packages/airflow/example_dags/example_time_delta_sensor_async.py for tasks to queue
[2023-06-14T13:32:06.135+0000] {logging_mixin.py:149} INFO - [2023-06-14T13:32:06.135+0000] {dagbag.py:541} INFO - Filling up the DagBag from /home/airflow/.local/lib/python3.7/site-packages/airflow/example_dags/example_time_delta_sensor_async.py
[2023-06-14T13:32:06.141+0000] {processor.py:836} INFO - DAG(s) dict_keys(['example_time_delta_sensor_async']) retrieved from /home/airflow/.local/lib/python3.7/site-packages/airflow/example_dags/example_time_delta_sensor_async.py
[2023-06-14T13:32:06.168+0000] {logging_mixin.py:149} INFO - [2023-06-14T13:32:06.168+0000] {dag.py:2726} INFO - Sync 1 DAGs
[2023-06-14T13:32:06.185+0000] {logging_mixin.py:149} INFO - [2023-06-14T13:32:06.185+0000] {dag.py:3490} INFO - Setting next_dagrun for example_time_delta_sensor_async to None, run_after=None
[2023-06-14T13:32:06.198+0000] {processor.py:179} INFO - Processing /home/airflow/.local/lib/python3.7/site-packages/airflow/example_dags/example_time_delta_sensor_async.py took 0.071 seconds
[2023-06-14T13:32:36.276+0000] {processor.py:157} INFO - Started process (PID=628) to work on /home/airflow/.local/lib/python3.7/site-packages/airflow/example_dags/example_time_delta_sensor_async.py
[2023-06-14T13:32:36.278+0000] {processor.py:826} INFO - Processing file /home/airflow/.local/lib/python3.7/site-packages/airflow/example_dags/example_time_delta_sensor_async.py for tasks to queue
[2023-06-14T13:32:36.280+0000] {logging_mixin.py:149} INFO - [2023-06-14T13:32:36.280+0000] {dagbag.py:541} INFO - Filling up the DagBag from /home/airflow/.local/lib/python3.7/site-packages/airflow/example_dags/example_time_delta_sensor_async.py
[2023-06-14T13:32:36.286+0000] {processor.py:836} INFO - DAG(s) dict_keys(['example_time_delta_sensor_async']) retrieved from /home/airflow/.local/lib/python3.7/site-packages/airflow/example_dags/example_time_delta_sensor_async.py
[2023-06-14T13:32:36.311+0000] {logging_mixin.py:149} INFO - [2023-06-14T13:32:36.311+0000] {dag.py:2726} INFO - Sync 1 DAGs
[2023-06-14T13:32:36.328+0000] {logging_mixin.py:149} INFO - [2023-06-14T13:32:36.328+0000] {dag.py:3490} INFO - Setting next_dagrun for example_time_delta_sensor_async to None, run_after=None
[2023-06-14T13:32:36.339+0000] {processor.py:179} INFO - Processing /home/airflow/.local/lib/python3.7/site-packages/airflow/example_dags/example_time_delta_sensor_async.py took 0.069 seconds
[2023-06-14T13:33:06.659+0000] {processor.py:157} INFO - Started process (PID=685) to work on /home/airflow/.local/lib/python3.7/site-packages/airflow/example_dags/example_time_delta_sensor_async.py
[2023-06-14T13:33:06.662+0000] {processor.py:826} INFO - Processing file /home/airflow/.local/lib/python3.7/site-packages/airflow/example_dags/example_time_delta_sensor_async.py for tasks to queue
[2023-06-14T13:33:06.663+0000] {logging_mixin.py:149} INFO - [2023-06-14T13:33:06.663+0000] {dagbag.py:541} INFO - Filling up the DagBag from /home/airflow/.local/lib/python3.7/site-packages/airflow/example_dags/example_time_delta_sensor_async.py
[2023-06-14T13:33:06.670+0000] {processor.py:836} INFO - DAG(s) dict_keys(['example_time_delta_sensor_async']) retrieved from /home/airflow/.local/lib/python3.7/site-packages/airflow/example_dags/example_time_delta_sensor_async.py
[2023-06-14T13:33:06.699+0000] {logging_mixin.py:149} INFO - [2023-06-14T13:33:06.699+0000] {dag.py:2726} INFO - Sync 1 DAGs
[2023-06-14T13:33:06.714+0000] {logging_mixin.py:149} INFO - [2023-06-14T13:33:06.714+0000] {dag.py:3490} INFO - Setting next_dagrun for example_time_delta_sensor_async to None, run_after=None
[2023-06-14T13:33:06.725+0000] {processor.py:179} INFO - Processing /home/airflow/.local/lib/python3.7/site-packages/airflow/example_dags/example_time_delta_sensor_async.py took 0.071 seconds
[2023-06-14T13:33:37.162+0000] {processor.py:157} INFO - Started process (PID=742) to work on /home/airflow/.local/lib/python3.7/site-packages/airflow/example_dags/example_time_delta_sensor_async.py
[2023-06-14T13:33:37.164+0000] {processor.py:826} INFO - Processing file /home/airflow/.local/lib/python3.7/site-packages/airflow/example_dags/example_time_delta_sensor_async.py for tasks to queue
[2023-06-14T13:33:37.165+0000] {logging_mixin.py:149} INFO - [2023-06-14T13:33:37.165+0000] {dagbag.py:541} INFO - Filling up the DagBag from /home/airflow/.local/lib/python3.7/site-packages/airflow/example_dags/example_time_delta_sensor_async.py
[2023-06-14T13:33:37.172+0000] {processor.py:836} INFO - DAG(s) dict_keys(['example_time_delta_sensor_async']) retrieved from /home/airflow/.local/lib/python3.7/site-packages/airflow/example_dags/example_time_delta_sensor_async.py
[2023-06-14T13:33:37.200+0000] {logging_mixin.py:149} INFO - [2023-06-14T13:33:37.200+0000] {dag.py:2726} INFO - Sync 1 DAGs
[2023-06-14T13:33:37.219+0000] {logging_mixin.py:149} INFO - [2023-06-14T13:33:37.219+0000] {dag.py:3490} INFO - Setting next_dagrun for example_time_delta_sensor_async to None, run_after=None
[2023-06-14T13:33:37.234+0000] {processor.py:179} INFO - Processing /home/airflow/.local/lib/python3.7/site-packages/airflow/example_dags/example_time_delta_sensor_async.py took 0.077 seconds
[2023-06-14T13:34:07.775+0000] {processor.py:157} INFO - Started process (PID=799) to work on /home/airflow/.local/lib/python3.7/site-packages/airflow/example_dags/example_time_delta_sensor_async.py
[2023-06-14T13:34:07.778+0000] {processor.py:826} INFO - Processing file /home/airflow/.local/lib/python3.7/site-packages/airflow/example_dags/example_time_delta_sensor_async.py for tasks to queue
[2023-06-14T13:34:07.780+0000] {logging_mixin.py:149} INFO - [2023-06-14T13:34:07.780+0000] {dagbag.py:541} INFO - Filling up the DagBag from /home/airflow/.local/lib/python3.7/site-packages/airflow/example_dags/example_time_delta_sensor_async.py
[2023-06-14T13:34:07.787+0000] {processor.py:836} INFO - DAG(s) dict_keys(['example_time_delta_sensor_async']) retrieved from /home/airflow/.local/lib/python3.7/site-packages/airflow/example_dags/example_time_delta_sensor_async.py
[2023-06-14T13:34:07.820+0000] {logging_mixin.py:149} INFO - [2023-06-14T13:34:07.820+0000] {dag.py:2726} INFO - Sync 1 DAGs
[2023-06-14T13:34:07.838+0000] {logging_mixin.py:149} INFO - [2023-06-14T13:34:07.838+0000] {dag.py:3490} INFO - Setting next_dagrun for example_time_delta_sensor_async to None, run_after=None
[2023-06-14T13:34:07.850+0000] {processor.py:179} INFO - Processing /home/airflow/.local/lib/python3.7/site-packages/airflow/example_dags/example_time_delta_sensor_async.py took 0.080 seconds
[2023-06-14T13:34:38.388+0000] {processor.py:157} INFO - Started process (PID=856) to work on /home/airflow/.local/lib/python3.7/site-packages/airflow/example_dags/example_time_delta_sensor_async.py
[2023-06-14T13:34:38.392+0000] {processor.py:826} INFO - Processing file /home/airflow/.local/lib/python3.7/site-packages/airflow/example_dags/example_time_delta_sensor_async.py for tasks to queue
[2023-06-14T13:34:38.396+0000] {logging_mixin.py:149} INFO - [2023-06-14T13:34:38.395+0000] {dagbag.py:541} INFO - Filling up the DagBag from /home/airflow/.local/lib/python3.7/site-packages/airflow/example_dags/example_time_delta_sensor_async.py
[2023-06-14T13:34:38.407+0000] {processor.py:836} INFO - DAG(s) dict_keys(['example_time_delta_sensor_async']) retrieved from /home/airflow/.local/lib/python3.7/site-packages/airflow/example_dags/example_time_delta_sensor_async.py
[2023-06-14T13:34:38.461+0000] {logging_mixin.py:149} INFO - [2023-06-14T13:34:38.461+0000] {dag.py:2726} INFO - Sync 1 DAGs
[2023-06-14T13:34:38.488+0000] {logging_mixin.py:149} INFO - [2023-06-14T13:34:38.488+0000] {dag.py:3490} INFO - Setting next_dagrun for example_time_delta_sensor_async to None, run_after=None
[2023-06-14T13:34:38.503+0000] {processor.py:179} INFO - Processing /home/airflow/.local/lib/python3.7/site-packages/airflow/example_dags/example_time_delta_sensor_async.py took 0.131 seconds
