[2023-06-14T13:27:30.178+0000] {processor.py:157} INFO - Started process (PID=60) to work on /home/airflow/.local/lib/python3.7/site-packages/airflow/example_dags/example_skip_dag.py
[2023-06-14T13:27:30.320+0000] {processor.py:826} INFO - Processing file /home/airflow/.local/lib/python3.7/site-packages/airflow/example_dags/example_skip_dag.py for tasks to queue
[2023-06-14T13:27:30.341+0000] {logging_mixin.py:149} INFO - [2023-06-14T13:27:30.341+0000] {dagbag.py:541} INFO - Filling up the DagBag from /home/airflow/.local/lib/python3.7/site-packages/airflow/example_dags/example_skip_dag.py
[2023-06-14T13:27:30.444+0000] {processor.py:836} INFO - DAG(s) dict_keys(['example_skip_dag']) retrieved from /home/airflow/.local/lib/python3.7/site-packages/airflow/example_dags/example_skip_dag.py
[2023-06-14T13:27:30.978+0000] {logging_mixin.py:149} INFO - [2023-06-14T13:27:30.978+0000] {manager.py:504} INFO - Created Permission View: can edit on DAG:example_skip_dag
[2023-06-14T13:27:31.185+0000] {logging_mixin.py:149} INFO - [2023-06-14T13:27:31.185+0000] {manager.py:504} INFO - Created Permission View: can read on DAG:example_skip_dag
[2023-06-14T13:27:31.199+0000] {logging_mixin.py:149} INFO - [2023-06-14T13:27:31.199+0000] {manager.py:504} INFO - Created Permission View: can delete on DAG:example_skip_dag
[2023-06-14T13:27:31.202+0000] {logging_mixin.py:149} INFO - [2023-06-14T13:27:31.202+0000] {dag.py:2726} INFO - Sync 1 DAGs
[2023-06-14T13:27:31.314+0000] {logging_mixin.py:149} INFO - [2023-06-14T13:27:31.314+0000] {dag.py:2747} INFO - Creating ORM DAG for example_skip_dag
[2023-06-14T13:27:31.342+0000] {logging_mixin.py:149} INFO - [2023-06-14T13:27:31.342+0000] {dag.py:3490} INFO - Setting next_dagrun for example_skip_dag to 2023-06-13T13:27:31.341621+00:00, run_after=2023-06-14T13:27:31.341621+00:00
[2023-06-14T13:27:31.656+0000] {processor.py:179} INFO - Processing /home/airflow/.local/lib/python3.7/site-packages/airflow/example_dags/example_skip_dag.py took 1.494 seconds
[2023-06-14T13:28:02.214+0000] {processor.py:157} INFO - Started process (PID=115) to work on /home/airflow/.local/lib/python3.7/site-packages/airflow/example_dags/example_skip_dag.py
[2023-06-14T13:28:02.221+0000] {processor.py:826} INFO - Processing file /home/airflow/.local/lib/python3.7/site-packages/airflow/example_dags/example_skip_dag.py for tasks to queue
[2023-06-14T13:28:02.225+0000] {logging_mixin.py:149} INFO - [2023-06-14T13:28:02.224+0000] {dagbag.py:541} INFO - Filling up the DagBag from /home/airflow/.local/lib/python3.7/site-packages/airflow/example_dags/example_skip_dag.py
[2023-06-14T13:28:02.241+0000] {processor.py:836} INFO - DAG(s) dict_keys(['example_skip_dag']) retrieved from /home/airflow/.local/lib/python3.7/site-packages/airflow/example_dags/example_skip_dag.py
[2023-06-14T13:28:02.303+0000] {logging_mixin.py:149} INFO - [2023-06-14T13:28:02.303+0000] {dag.py:2726} INFO - Sync 1 DAGs
[2023-06-14T13:28:02.359+0000] {logging_mixin.py:149} INFO - [2023-06-14T13:28:02.359+0000] {dag.py:3490} INFO - Setting next_dagrun for example_skip_dag to 2023-06-13T13:28:02.358428+00:00, run_after=2023-06-14T13:28:02.358428+00:00
[2023-06-14T13:28:02.464+0000] {processor.py:179} INFO - Processing /home/airflow/.local/lib/python3.7/site-packages/airflow/example_dags/example_skip_dag.py took 0.257 seconds
[2023-06-14T13:28:33.363+0000] {processor.py:157} INFO - Started process (PID=171) to work on /home/airflow/.local/lib/python3.7/site-packages/airflow/example_dags/example_skip_dag.py
[2023-06-14T13:28:33.365+0000] {processor.py:826} INFO - Processing file /home/airflow/.local/lib/python3.7/site-packages/airflow/example_dags/example_skip_dag.py for tasks to queue
[2023-06-14T13:28:33.366+0000] {logging_mixin.py:149} INFO - [2023-06-14T13:28:33.366+0000] {dagbag.py:541} INFO - Filling up the DagBag from /home/airflow/.local/lib/python3.7/site-packages/airflow/example_dags/example_skip_dag.py
[2023-06-14T13:28:33.376+0000] {processor.py:836} INFO - DAG(s) dict_keys(['example_skip_dag']) retrieved from /home/airflow/.local/lib/python3.7/site-packages/airflow/example_dags/example_skip_dag.py
[2023-06-14T13:28:33.400+0000] {logging_mixin.py:149} INFO - [2023-06-14T13:28:33.400+0000] {dag.py:2726} INFO - Sync 1 DAGs
[2023-06-14T13:28:33.415+0000] {logging_mixin.py:149} INFO - [2023-06-14T13:28:33.415+0000] {dag.py:3490} INFO - Setting next_dagrun for example_skip_dag to 2023-06-13T13:28:33.415539+00:00, run_after=2023-06-14T13:28:33.415539+00:00
[2023-06-14T13:28:33.426+0000] {processor.py:179} INFO - Processing /home/airflow/.local/lib/python3.7/site-packages/airflow/example_dags/example_skip_dag.py took 0.069 seconds
[2023-06-14T13:29:03.856+0000] {processor.py:157} INFO - Started process (PID=227) to work on /home/airflow/.local/lib/python3.7/site-packages/airflow/example_dags/example_skip_dag.py
[2023-06-14T13:29:03.858+0000] {processor.py:826} INFO - Processing file /home/airflow/.local/lib/python3.7/site-packages/airflow/example_dags/example_skip_dag.py for tasks to queue
[2023-06-14T13:29:03.860+0000] {logging_mixin.py:149} INFO - [2023-06-14T13:29:03.859+0000] {dagbag.py:541} INFO - Filling up the DagBag from /home/airflow/.local/lib/python3.7/site-packages/airflow/example_dags/example_skip_dag.py
[2023-06-14T13:29:03.870+0000] {processor.py:836} INFO - DAG(s) dict_keys(['example_skip_dag']) retrieved from /home/airflow/.local/lib/python3.7/site-packages/airflow/example_dags/example_skip_dag.py
[2023-06-14T13:29:03.900+0000] {logging_mixin.py:149} INFO - [2023-06-14T13:29:03.900+0000] {dag.py:2726} INFO - Sync 1 DAGs
[2023-06-14T13:29:03.917+0000] {logging_mixin.py:149} INFO - [2023-06-14T13:29:03.917+0000] {dag.py:3490} INFO - Setting next_dagrun for example_skip_dag to 2023-06-13T13:29:03.917101+00:00, run_after=2023-06-14T13:29:03.917101+00:00
[2023-06-14T13:29:03.928+0000] {processor.py:179} INFO - Processing /home/airflow/.local/lib/python3.7/site-packages/airflow/example_dags/example_skip_dag.py took 0.078 seconds
[2023-06-14T13:29:34.083+0000] {processor.py:157} INFO - Started process (PID=283) to work on /home/airflow/.local/lib/python3.7/site-packages/airflow/example_dags/example_skip_dag.py
[2023-06-14T13:29:34.088+0000] {processor.py:826} INFO - Processing file /home/airflow/.local/lib/python3.7/site-packages/airflow/example_dags/example_skip_dag.py for tasks to queue
[2023-06-14T13:29:34.090+0000] {logging_mixin.py:149} INFO - [2023-06-14T13:29:34.089+0000] {dagbag.py:541} INFO - Filling up the DagBag from /home/airflow/.local/lib/python3.7/site-packages/airflow/example_dags/example_skip_dag.py
[2023-06-14T13:29:34.098+0000] {processor.py:836} INFO - DAG(s) dict_keys(['example_skip_dag']) retrieved from /home/airflow/.local/lib/python3.7/site-packages/airflow/example_dags/example_skip_dag.py
[2023-06-14T13:29:34.121+0000] {logging_mixin.py:149} INFO - [2023-06-14T13:29:34.121+0000] {dag.py:2726} INFO - Sync 1 DAGs
[2023-06-14T13:29:34.138+0000] {logging_mixin.py:149} INFO - [2023-06-14T13:29:34.138+0000] {dag.py:3490} INFO - Setting next_dagrun for example_skip_dag to 2023-06-13T13:29:34.137929+00:00, run_after=2023-06-14T13:29:34.137929+00:00
[2023-06-14T13:29:34.150+0000] {processor.py:179} INFO - Processing /home/airflow/.local/lib/python3.7/site-packages/airflow/example_dags/example_skip_dag.py took 0.071 seconds
[2023-06-14T13:30:04.415+0000] {processor.py:157} INFO - Started process (PID=339) to work on /home/airflow/.local/lib/python3.7/site-packages/airflow/example_dags/example_skip_dag.py
[2023-06-14T13:30:04.419+0000] {processor.py:826} INFO - Processing file /home/airflow/.local/lib/python3.7/site-packages/airflow/example_dags/example_skip_dag.py for tasks to queue
[2023-06-14T13:30:04.420+0000] {logging_mixin.py:149} INFO - [2023-06-14T13:30:04.420+0000] {dagbag.py:541} INFO - Filling up the DagBag from /home/airflow/.local/lib/python3.7/site-packages/airflow/example_dags/example_skip_dag.py
[2023-06-14T13:30:04.433+0000] {processor.py:836} INFO - DAG(s) dict_keys(['example_skip_dag']) retrieved from /home/airflow/.local/lib/python3.7/site-packages/airflow/example_dags/example_skip_dag.py
[2023-06-14T13:30:04.474+0000] {logging_mixin.py:149} INFO - [2023-06-14T13:30:04.473+0000] {dag.py:2726} INFO - Sync 1 DAGs
[2023-06-14T13:30:04.504+0000] {logging_mixin.py:149} INFO - [2023-06-14T13:30:04.504+0000] {dag.py:3490} INFO - Setting next_dagrun for example_skip_dag to 2023-06-13T13:30:04.503719+00:00, run_after=2023-06-14T13:30:04.503719+00:00
[2023-06-14T13:30:04.517+0000] {processor.py:179} INFO - Processing /home/airflow/.local/lib/python3.7/site-packages/airflow/example_dags/example_skip_dag.py took 0.110 seconds
[2023-06-14T13:30:35.087+0000] {processor.py:157} INFO - Started process (PID=395) to work on /home/airflow/.local/lib/python3.7/site-packages/airflow/example_dags/example_skip_dag.py
[2023-06-14T13:30:35.090+0000] {processor.py:826} INFO - Processing file /home/airflow/.local/lib/python3.7/site-packages/airflow/example_dags/example_skip_dag.py for tasks to queue
[2023-06-14T13:30:35.092+0000] {logging_mixin.py:149} INFO - [2023-06-14T13:30:35.091+0000] {dagbag.py:541} INFO - Filling up the DagBag from /home/airflow/.local/lib/python3.7/site-packages/airflow/example_dags/example_skip_dag.py
[2023-06-14T13:30:35.101+0000] {processor.py:836} INFO - DAG(s) dict_keys(['example_skip_dag']) retrieved from /home/airflow/.local/lib/python3.7/site-packages/airflow/example_dags/example_skip_dag.py
[2023-06-14T13:30:35.125+0000] {logging_mixin.py:149} INFO - [2023-06-14T13:30:35.124+0000] {dag.py:2726} INFO - Sync 1 DAGs
[2023-06-14T13:30:35.140+0000] {logging_mixin.py:149} INFO - [2023-06-14T13:30:35.140+0000] {dag.py:3490} INFO - Setting next_dagrun for example_skip_dag to 2023-06-13T13:30:35.140395+00:00, run_after=2023-06-14T13:30:35.140395+00:00
[2023-06-14T13:30:35.151+0000] {processor.py:179} INFO - Processing /home/airflow/.local/lib/python3.7/site-packages/airflow/example_dags/example_skip_dag.py took 0.070 seconds
[2023-06-14T13:31:06.019+0000] {processor.py:157} INFO - Started process (PID=458) to work on /home/airflow/.local/lib/python3.7/site-packages/airflow/example_dags/example_skip_dag.py
[2023-06-14T13:31:06.020+0000] {processor.py:826} INFO - Processing file /home/airflow/.local/lib/python3.7/site-packages/airflow/example_dags/example_skip_dag.py for tasks to queue
[2023-06-14T13:31:06.021+0000] {logging_mixin.py:149} INFO - [2023-06-14T13:31:06.021+0000] {dagbag.py:541} INFO - Filling up the DagBag from /home/airflow/.local/lib/python3.7/site-packages/airflow/example_dags/example_skip_dag.py
[2023-06-14T13:31:06.027+0000] {processor.py:836} INFO - DAG(s) dict_keys(['example_skip_dag']) retrieved from /home/airflow/.local/lib/python3.7/site-packages/airflow/example_dags/example_skip_dag.py
[2023-06-14T13:31:06.045+0000] {logging_mixin.py:149} INFO - [2023-06-14T13:31:06.045+0000] {dag.py:2726} INFO - Sync 1 DAGs
[2023-06-14T13:31:06.060+0000] {logging_mixin.py:149} INFO - [2023-06-14T13:31:06.060+0000] {dag.py:3490} INFO - Setting next_dagrun for example_skip_dag to 2023-06-13T13:31:06.060492+00:00, run_after=2023-06-14T13:31:06.060492+00:00
[2023-06-14T13:31:06.071+0000] {processor.py:179} INFO - Processing /home/airflow/.local/lib/python3.7/site-packages/airflow/example_dags/example_skip_dag.py took 0.055 seconds
[2023-06-14T13:31:36.527+0000] {processor.py:157} INFO - Started process (PID=515) to work on /home/airflow/.local/lib/python3.7/site-packages/airflow/example_dags/example_skip_dag.py
[2023-06-14T13:31:36.531+0000] {processor.py:826} INFO - Processing file /home/airflow/.local/lib/python3.7/site-packages/airflow/example_dags/example_skip_dag.py for tasks to queue
[2023-06-14T13:31:36.532+0000] {logging_mixin.py:149} INFO - [2023-06-14T13:31:36.532+0000] {dagbag.py:541} INFO - Filling up the DagBag from /home/airflow/.local/lib/python3.7/site-packages/airflow/example_dags/example_skip_dag.py
[2023-06-14T13:31:36.543+0000] {processor.py:836} INFO - DAG(s) dict_keys(['example_skip_dag']) retrieved from /home/airflow/.local/lib/python3.7/site-packages/airflow/example_dags/example_skip_dag.py
[2023-06-14T13:31:36.569+0000] {logging_mixin.py:149} INFO - [2023-06-14T13:31:36.569+0000] {dag.py:2726} INFO - Sync 1 DAGs
[2023-06-14T13:31:36.585+0000] {logging_mixin.py:149} INFO - [2023-06-14T13:31:36.585+0000] {dag.py:3490} INFO - Setting next_dagrun for example_skip_dag to 2023-06-13T13:31:36.585244+00:00, run_after=2023-06-14T13:31:36.585244+00:00
[2023-06-14T13:31:36.596+0000] {processor.py:179} INFO - Processing /home/airflow/.local/lib/python3.7/site-packages/airflow/example_dags/example_skip_dag.py took 0.075 seconds
[2023-06-14T13:32:07.173+0000] {processor.py:157} INFO - Started process (PID=571) to work on /home/airflow/.local/lib/python3.7/site-packages/airflow/example_dags/example_skip_dag.py
[2023-06-14T13:32:07.179+0000] {processor.py:826} INFO - Processing file /home/airflow/.local/lib/python3.7/site-packages/airflow/example_dags/example_skip_dag.py for tasks to queue
[2023-06-14T13:32:07.181+0000] {logging_mixin.py:149} INFO - [2023-06-14T13:32:07.181+0000] {dagbag.py:541} INFO - Filling up the DagBag from /home/airflow/.local/lib/python3.7/site-packages/airflow/example_dags/example_skip_dag.py
[2023-06-14T13:32:07.192+0000] {processor.py:836} INFO - DAG(s) dict_keys(['example_skip_dag']) retrieved from /home/airflow/.local/lib/python3.7/site-packages/airflow/example_dags/example_skip_dag.py
[2023-06-14T13:32:07.219+0000] {logging_mixin.py:149} INFO - [2023-06-14T13:32:07.219+0000] {dag.py:2726} INFO - Sync 1 DAGs
[2023-06-14T13:32:07.239+0000] {logging_mixin.py:149} INFO - [2023-06-14T13:32:07.239+0000] {dag.py:3490} INFO - Setting next_dagrun for example_skip_dag to 2023-06-13T13:32:07.239031+00:00, run_after=2023-06-14T13:32:07.239031+00:00
[2023-06-14T13:32:07.255+0000] {processor.py:179} INFO - Processing /home/airflow/.local/lib/python3.7/site-packages/airflow/example_dags/example_skip_dag.py took 0.088 seconds
[2023-06-14T13:32:37.310+0000] {processor.py:157} INFO - Started process (PID=629) to work on /home/airflow/.local/lib/python3.7/site-packages/airflow/example_dags/example_skip_dag.py
[2023-06-14T13:32:37.312+0000] {processor.py:826} INFO - Processing file /home/airflow/.local/lib/python3.7/site-packages/airflow/example_dags/example_skip_dag.py for tasks to queue
[2023-06-14T13:32:37.313+0000] {logging_mixin.py:149} INFO - [2023-06-14T13:32:37.313+0000] {dagbag.py:541} INFO - Filling up the DagBag from /home/airflow/.local/lib/python3.7/site-packages/airflow/example_dags/example_skip_dag.py
[2023-06-14T13:32:37.319+0000] {processor.py:836} INFO - DAG(s) dict_keys(['example_skip_dag']) retrieved from /home/airflow/.local/lib/python3.7/site-packages/airflow/example_dags/example_skip_dag.py
[2023-06-14T13:32:37.339+0000] {logging_mixin.py:149} INFO - [2023-06-14T13:32:37.339+0000] {dag.py:2726} INFO - Sync 1 DAGs
[2023-06-14T13:32:37.355+0000] {logging_mixin.py:149} INFO - [2023-06-14T13:32:37.355+0000] {dag.py:3490} INFO - Setting next_dagrun for example_skip_dag to 2023-06-13T13:32:37.355499+00:00, run_after=2023-06-14T13:32:37.355499+00:00
[2023-06-14T13:32:37.366+0000] {processor.py:179} INFO - Processing /home/airflow/.local/lib/python3.7/site-packages/airflow/example_dags/example_skip_dag.py took 0.059 seconds
[2023-06-14T13:33:07.769+0000] {processor.py:157} INFO - Started process (PID=686) to work on /home/airflow/.local/lib/python3.7/site-packages/airflow/example_dags/example_skip_dag.py
[2023-06-14T13:33:07.772+0000] {processor.py:826} INFO - Processing file /home/airflow/.local/lib/python3.7/site-packages/airflow/example_dags/example_skip_dag.py for tasks to queue
[2023-06-14T13:33:07.773+0000] {logging_mixin.py:149} INFO - [2023-06-14T13:33:07.773+0000] {dagbag.py:541} INFO - Filling up the DagBag from /home/airflow/.local/lib/python3.7/site-packages/airflow/example_dags/example_skip_dag.py
[2023-06-14T13:33:07.784+0000] {processor.py:836} INFO - DAG(s) dict_keys(['example_skip_dag']) retrieved from /home/airflow/.local/lib/python3.7/site-packages/airflow/example_dags/example_skip_dag.py
[2023-06-14T13:33:07.809+0000] {logging_mixin.py:149} INFO - [2023-06-14T13:33:07.809+0000] {dag.py:2726} INFO - Sync 1 DAGs
[2023-06-14T13:33:07.826+0000] {logging_mixin.py:149} INFO - [2023-06-14T13:33:07.826+0000] {dag.py:3490} INFO - Setting next_dagrun for example_skip_dag to 2023-06-13T13:33:07.825822+00:00, run_after=2023-06-14T13:33:07.825822+00:00
[2023-06-14T13:33:07.841+0000] {processor.py:179} INFO - Processing /home/airflow/.local/lib/python3.7/site-packages/airflow/example_dags/example_skip_dag.py took 0.078 seconds
[2023-06-14T13:33:38.175+0000] {processor.py:157} INFO - Started process (PID=743) to work on /home/airflow/.local/lib/python3.7/site-packages/airflow/example_dags/example_skip_dag.py
[2023-06-14T13:33:38.177+0000] {processor.py:826} INFO - Processing file /home/airflow/.local/lib/python3.7/site-packages/airflow/example_dags/example_skip_dag.py for tasks to queue
[2023-06-14T13:33:38.178+0000] {logging_mixin.py:149} INFO - [2023-06-14T13:33:38.178+0000] {dagbag.py:541} INFO - Filling up the DagBag from /home/airflow/.local/lib/python3.7/site-packages/airflow/example_dags/example_skip_dag.py
[2023-06-14T13:33:38.184+0000] {processor.py:836} INFO - DAG(s) dict_keys(['example_skip_dag']) retrieved from /home/airflow/.local/lib/python3.7/site-packages/airflow/example_dags/example_skip_dag.py
[2023-06-14T13:33:38.205+0000] {logging_mixin.py:149} INFO - [2023-06-14T13:33:38.204+0000] {dag.py:2726} INFO - Sync 1 DAGs
[2023-06-14T13:33:38.219+0000] {logging_mixin.py:149} INFO - [2023-06-14T13:33:38.219+0000] {dag.py:3490} INFO - Setting next_dagrun for example_skip_dag to 2023-06-13T13:33:38.219629+00:00, run_after=2023-06-14T13:33:38.219629+00:00
[2023-06-14T13:33:38.230+0000] {processor.py:179} INFO - Processing /home/airflow/.local/lib/python3.7/site-packages/airflow/example_dags/example_skip_dag.py took 0.059 seconds
[2023-06-14T13:34:08.812+0000] {processor.py:157} INFO - Started process (PID=800) to work on /home/airflow/.local/lib/python3.7/site-packages/airflow/example_dags/example_skip_dag.py
[2023-06-14T13:34:08.816+0000] {processor.py:826} INFO - Processing file /home/airflow/.local/lib/python3.7/site-packages/airflow/example_dags/example_skip_dag.py for tasks to queue
[2023-06-14T13:34:08.818+0000] {logging_mixin.py:149} INFO - [2023-06-14T13:34:08.818+0000] {dagbag.py:541} INFO - Filling up the DagBag from /home/airflow/.local/lib/python3.7/site-packages/airflow/example_dags/example_skip_dag.py
[2023-06-14T13:34:08.830+0000] {processor.py:836} INFO - DAG(s) dict_keys(['example_skip_dag']) retrieved from /home/airflow/.local/lib/python3.7/site-packages/airflow/example_dags/example_skip_dag.py
[2023-06-14T13:34:08.884+0000] {logging_mixin.py:149} INFO - [2023-06-14T13:34:08.883+0000] {dag.py:2726} INFO - Sync 1 DAGs
[2023-06-14T13:34:08.918+0000] {logging_mixin.py:149} INFO - [2023-06-14T13:34:08.917+0000] {dag.py:3490} INFO - Setting next_dagrun for example_skip_dag to 2023-06-13T13:34:08.917526+00:00, run_after=2023-06-14T13:34:08.917526+00:00
[2023-06-14T13:34:08.932+0000] {processor.py:179} INFO - Processing /home/airflow/.local/lib/python3.7/site-packages/airflow/example_dags/example_skip_dag.py took 0.131 seconds
[2023-06-14T13:34:39.442+0000] {processor.py:157} INFO - Started process (PID=857) to work on /home/airflow/.local/lib/python3.7/site-packages/airflow/example_dags/example_skip_dag.py
[2023-06-14T13:34:39.445+0000] {processor.py:826} INFO - Processing file /home/airflow/.local/lib/python3.7/site-packages/airflow/example_dags/example_skip_dag.py for tasks to queue
[2023-06-14T13:34:39.447+0000] {logging_mixin.py:149} INFO - [2023-06-14T13:34:39.447+0000] {dagbag.py:541} INFO - Filling up the DagBag from /home/airflow/.local/lib/python3.7/site-packages/airflow/example_dags/example_skip_dag.py
[2023-06-14T13:34:39.460+0000] {processor.py:836} INFO - DAG(s) dict_keys(['example_skip_dag']) retrieved from /home/airflow/.local/lib/python3.7/site-packages/airflow/example_dags/example_skip_dag.py
[2023-06-14T13:34:39.486+0000] {logging_mixin.py:149} INFO - [2023-06-14T13:34:39.486+0000] {dag.py:2726} INFO - Sync 1 DAGs
[2023-06-14T13:34:39.507+0000] {logging_mixin.py:149} INFO - [2023-06-14T13:34:39.507+0000] {dag.py:3490} INFO - Setting next_dagrun for example_skip_dag to 2023-06-13T13:34:39.507073+00:00, run_after=2023-06-14T13:34:39.507073+00:00
[2023-06-14T13:34:39.524+0000] {processor.py:179} INFO - Processing /home/airflow/.local/lib/python3.7/site-packages/airflow/example_dags/example_skip_dag.py took 0.091 seconds
