[2023-06-14T13:27:17.173+0000] {processor.py:157} INFO - Started process (PID=39) to work on /home/airflow/.local/lib/python3.7/site-packages/airflow/example_dags/example_latest_only.py
[2023-06-14T13:27:17.188+0000] {processor.py:826} INFO - Processing file /home/airflow/.local/lib/python3.7/site-packages/airflow/example_dags/example_latest_only.py for tasks to queue
[2023-06-14T13:27:17.200+0000] {logging_mixin.py:149} INFO - [2023-06-14T13:27:17.199+0000] {dagbag.py:541} INFO - Filling up the DagBag from /home/airflow/.local/lib/python3.7/site-packages/airflow/example_dags/example_latest_only.py
[2023-06-14T13:27:17.219+0000] {processor.py:836} INFO - DAG(s) dict_keys(['latest_only']) retrieved from /home/airflow/.local/lib/python3.7/site-packages/airflow/example_dags/example_latest_only.py
[2023-06-14T13:27:17.699+0000] {logging_mixin.py:149} INFO - [2023-06-14T13:27:17.699+0000] {manager.py:504} INFO - Created Permission View: can edit on DAG:latest_only
[2023-06-14T13:27:17.748+0000] {logging_mixin.py:149} INFO - [2023-06-14T13:27:17.748+0000] {manager.py:504} INFO - Created Permission View: can read on DAG:latest_only
[2023-06-14T13:27:17.792+0000] {logging_mixin.py:149} INFO - [2023-06-14T13:27:17.792+0000] {manager.py:504} INFO - Created Permission View: can delete on DAG:latest_only
[2023-06-14T13:27:17.794+0000] {logging_mixin.py:149} INFO - [2023-06-14T13:27:17.793+0000] {dag.py:2726} INFO - Sync 1 DAGs
[2023-06-14T13:27:17.822+0000] {logging_mixin.py:149} INFO - [2023-06-14T13:27:17.822+0000] {dag.py:2747} INFO - Creating ORM DAG for latest_only
[2023-06-14T13:27:17.837+0000] {logging_mixin.py:149} INFO - [2023-06-14T13:27:17.837+0000] {dag.py:3490} INFO - Setting next_dagrun for latest_only to 2023-06-14T09:27:17.836613+00:00, run_after=2023-06-14T13:27:17.836613+00:00
[2023-06-14T13:27:17.892+0000] {processor.py:179} INFO - Processing /home/airflow/.local/lib/python3.7/site-packages/airflow/example_dags/example_latest_only.py took 0.725 seconds
[2023-06-14T13:27:49.832+0000] {processor.py:157} INFO - Started process (PID=95) to work on /home/airflow/.local/lib/python3.7/site-packages/airflow/example_dags/example_latest_only.py
[2023-06-14T13:27:49.835+0000] {processor.py:826} INFO - Processing file /home/airflow/.local/lib/python3.7/site-packages/airflow/example_dags/example_latest_only.py for tasks to queue
[2023-06-14T13:27:49.838+0000] {logging_mixin.py:149} INFO - [2023-06-14T13:27:49.837+0000] {dagbag.py:541} INFO - Filling up the DagBag from /home/airflow/.local/lib/python3.7/site-packages/airflow/example_dags/example_latest_only.py
[2023-06-14T13:27:49.850+0000] {processor.py:836} INFO - DAG(s) dict_keys(['latest_only']) retrieved from /home/airflow/.local/lib/python3.7/site-packages/airflow/example_dags/example_latest_only.py
[2023-06-14T13:27:49.959+0000] {logging_mixin.py:149} INFO - [2023-06-14T13:27:49.959+0000] {dag.py:2726} INFO - Sync 1 DAGs
[2023-06-14T13:27:50.025+0000] {logging_mixin.py:149} INFO - [2023-06-14T13:27:50.025+0000] {dag.py:3490} INFO - Setting next_dagrun for latest_only to 2023-06-14T09:27:50.025188+00:00, run_after=2023-06-14T13:27:50.025188+00:00
[2023-06-14T13:27:50.074+0000] {processor.py:179} INFO - Processing /home/airflow/.local/lib/python3.7/site-packages/airflow/example_dags/example_latest_only.py took 0.246 seconds
[2023-06-14T13:28:20.157+0000] {processor.py:157} INFO - Started process (PID=151) to work on /home/airflow/.local/lib/python3.7/site-packages/airflow/example_dags/example_latest_only.py
[2023-06-14T13:28:20.160+0000] {processor.py:826} INFO - Processing file /home/airflow/.local/lib/python3.7/site-packages/airflow/example_dags/example_latest_only.py for tasks to queue
[2023-06-14T13:28:20.163+0000] {logging_mixin.py:149} INFO - [2023-06-14T13:28:20.163+0000] {dagbag.py:541} INFO - Filling up the DagBag from /home/airflow/.local/lib/python3.7/site-packages/airflow/example_dags/example_latest_only.py
[2023-06-14T13:28:20.176+0000] {processor.py:836} INFO - DAG(s) dict_keys(['latest_only']) retrieved from /home/airflow/.local/lib/python3.7/site-packages/airflow/example_dags/example_latest_only.py
[2023-06-14T13:28:20.287+0000] {logging_mixin.py:149} INFO - [2023-06-14T13:28:20.287+0000] {dag.py:2726} INFO - Sync 1 DAGs
[2023-06-14T13:28:20.344+0000] {logging_mixin.py:149} INFO - [2023-06-14T13:28:20.343+0000] {dag.py:3490} INFO - Setting next_dagrun for latest_only to 2023-06-14T09:28:20.343639+00:00, run_after=2023-06-14T13:28:20.343639+00:00
[2023-06-14T13:28:20.435+0000] {processor.py:179} INFO - Processing /home/airflow/.local/lib/python3.7/site-packages/airflow/example_dags/example_latest_only.py took 0.283 seconds
[2023-06-14T13:28:50.719+0000] {processor.py:157} INFO - Started process (PID=202) to work on /home/airflow/.local/lib/python3.7/site-packages/airflow/example_dags/example_latest_only.py
[2023-06-14T13:28:50.721+0000] {processor.py:826} INFO - Processing file /home/airflow/.local/lib/python3.7/site-packages/airflow/example_dags/example_latest_only.py for tasks to queue
[2023-06-14T13:28:50.721+0000] {logging_mixin.py:149} INFO - [2023-06-14T13:28:50.721+0000] {dagbag.py:541} INFO - Filling up the DagBag from /home/airflow/.local/lib/python3.7/site-packages/airflow/example_dags/example_latest_only.py
[2023-06-14T13:28:50.727+0000] {processor.py:836} INFO - DAG(s) dict_keys(['latest_only']) retrieved from /home/airflow/.local/lib/python3.7/site-packages/airflow/example_dags/example_latest_only.py
[2023-06-14T13:28:50.748+0000] {logging_mixin.py:149} INFO - [2023-06-14T13:28:50.748+0000] {dag.py:2726} INFO - Sync 1 DAGs
[2023-06-14T13:28:50.766+0000] {logging_mixin.py:149} INFO - [2023-06-14T13:28:50.766+0000] {dag.py:3490} INFO - Setting next_dagrun for latest_only to 2023-06-14T09:28:50.766095+00:00, run_after=2023-06-14T13:28:50.766095+00:00
[2023-06-14T13:28:50.778+0000] {processor.py:179} INFO - Processing /home/airflow/.local/lib/python3.7/site-packages/airflow/example_dags/example_latest_only.py took 0.062 seconds
[2023-06-14T13:29:21.143+0000] {processor.py:157} INFO - Started process (PID=258) to work on /home/airflow/.local/lib/python3.7/site-packages/airflow/example_dags/example_latest_only.py
[2023-06-14T13:29:21.145+0000] {processor.py:826} INFO - Processing file /home/airflow/.local/lib/python3.7/site-packages/airflow/example_dags/example_latest_only.py for tasks to queue
[2023-06-14T13:29:21.145+0000] {logging_mixin.py:149} INFO - [2023-06-14T13:29:21.145+0000] {dagbag.py:541} INFO - Filling up the DagBag from /home/airflow/.local/lib/python3.7/site-packages/airflow/example_dags/example_latest_only.py
[2023-06-14T13:29:21.151+0000] {processor.py:836} INFO - DAG(s) dict_keys(['latest_only']) retrieved from /home/airflow/.local/lib/python3.7/site-packages/airflow/example_dags/example_latest_only.py
[2023-06-14T13:29:21.171+0000] {logging_mixin.py:149} INFO - [2023-06-14T13:29:21.171+0000] {dag.py:2726} INFO - Sync 1 DAGs
[2023-06-14T13:29:21.187+0000] {logging_mixin.py:149} INFO - [2023-06-14T13:29:21.187+0000] {dag.py:3490} INFO - Setting next_dagrun for latest_only to 2023-06-14T09:29:21.187597+00:00, run_after=2023-06-14T13:29:21.187597+00:00
[2023-06-14T13:29:21.200+0000] {processor.py:179} INFO - Processing /home/airflow/.local/lib/python3.7/site-packages/airflow/example_dags/example_latest_only.py took 0.059 seconds
[2023-06-14T13:29:51.303+0000] {processor.py:157} INFO - Started process (PID=314) to work on /home/airflow/.local/lib/python3.7/site-packages/airflow/example_dags/example_latest_only.py
[2023-06-14T13:29:51.304+0000] {processor.py:826} INFO - Processing file /home/airflow/.local/lib/python3.7/site-packages/airflow/example_dags/example_latest_only.py for tasks to queue
[2023-06-14T13:29:51.305+0000] {logging_mixin.py:149} INFO - [2023-06-14T13:29:51.304+0000] {dagbag.py:541} INFO - Filling up the DagBag from /home/airflow/.local/lib/python3.7/site-packages/airflow/example_dags/example_latest_only.py
[2023-06-14T13:29:51.311+0000] {processor.py:836} INFO - DAG(s) dict_keys(['latest_only']) retrieved from /home/airflow/.local/lib/python3.7/site-packages/airflow/example_dags/example_latest_only.py
[2023-06-14T13:29:51.335+0000] {logging_mixin.py:149} INFO - [2023-06-14T13:29:51.335+0000] {dag.py:2726} INFO - Sync 1 DAGs
[2023-06-14T13:29:51.351+0000] {logging_mixin.py:149} INFO - [2023-06-14T13:29:51.351+0000] {dag.py:3490} INFO - Setting next_dagrun for latest_only to 2023-06-14T09:29:51.351424+00:00, run_after=2023-06-14T13:29:51.351424+00:00
[2023-06-14T13:29:51.363+0000] {processor.py:179} INFO - Processing /home/airflow/.local/lib/python3.7/site-packages/airflow/example_dags/example_latest_only.py took 0.063 seconds
[2023-06-14T13:30:22.017+0000] {processor.py:157} INFO - Started process (PID=370) to work on /home/airflow/.local/lib/python3.7/site-packages/airflow/example_dags/example_latest_only.py
[2023-06-14T13:30:22.018+0000] {processor.py:826} INFO - Processing file /home/airflow/.local/lib/python3.7/site-packages/airflow/example_dags/example_latest_only.py for tasks to queue
[2023-06-14T13:30:22.022+0000] {logging_mixin.py:149} INFO - [2023-06-14T13:30:22.021+0000] {dagbag.py:541} INFO - Filling up the DagBag from /home/airflow/.local/lib/python3.7/site-packages/airflow/example_dags/example_latest_only.py
[2023-06-14T13:30:22.028+0000] {processor.py:836} INFO - DAG(s) dict_keys(['latest_only']) retrieved from /home/airflow/.local/lib/python3.7/site-packages/airflow/example_dags/example_latest_only.py
[2023-06-14T13:30:22.062+0000] {logging_mixin.py:149} INFO - [2023-06-14T13:30:22.062+0000] {dag.py:2726} INFO - Sync 1 DAGs
[2023-06-14T13:30:22.083+0000] {logging_mixin.py:149} INFO - [2023-06-14T13:30:22.083+0000] {dag.py:3490} INFO - Setting next_dagrun for latest_only to 2023-06-14T09:30:22.083032+00:00, run_after=2023-06-14T13:30:22.083032+00:00
[2023-06-14T13:30:22.095+0000] {processor.py:179} INFO - Processing /home/airflow/.local/lib/python3.7/site-packages/airflow/example_dags/example_latest_only.py took 0.083 seconds
[2023-06-14T13:30:53.229+0000] {processor.py:157} INFO - Started process (PID=426) to work on /home/airflow/.local/lib/python3.7/site-packages/airflow/example_dags/example_latest_only.py
[2023-06-14T13:30:53.233+0000] {processor.py:826} INFO - Processing file /home/airflow/.local/lib/python3.7/site-packages/airflow/example_dags/example_latest_only.py for tasks to queue
[2023-06-14T13:30:53.235+0000] {logging_mixin.py:149} INFO - [2023-06-14T13:30:53.235+0000] {dagbag.py:541} INFO - Filling up the DagBag from /home/airflow/.local/lib/python3.7/site-packages/airflow/example_dags/example_latest_only.py
[2023-06-14T13:30:53.246+0000] {processor.py:836} INFO - DAG(s) dict_keys(['latest_only']) retrieved from /home/airflow/.local/lib/python3.7/site-packages/airflow/example_dags/example_latest_only.py
[2023-06-14T13:30:53.285+0000] {logging_mixin.py:149} INFO - [2023-06-14T13:30:53.285+0000] {dag.py:2726} INFO - Sync 1 DAGs
[2023-06-14T13:30:53.314+0000] {logging_mixin.py:149} INFO - [2023-06-14T13:30:53.314+0000] {dag.py:3490} INFO - Setting next_dagrun for latest_only to 2023-06-14T09:30:53.313487+00:00, run_after=2023-06-14T13:30:53.313487+00:00
[2023-06-14T13:30:53.330+0000] {processor.py:179} INFO - Processing /home/airflow/.local/lib/python3.7/site-packages/airflow/example_dags/example_latest_only.py took 0.109 seconds
[2023-06-14T13:31:23.363+0000] {processor.py:157} INFO - Started process (PID=482) to work on /home/airflow/.local/lib/python3.7/site-packages/airflow/example_dags/example_latest_only.py
[2023-06-14T13:31:23.364+0000] {processor.py:826} INFO - Processing file /home/airflow/.local/lib/python3.7/site-packages/airflow/example_dags/example_latest_only.py for tasks to queue
[2023-06-14T13:31:23.365+0000] {logging_mixin.py:149} INFO - [2023-06-14T13:31:23.365+0000] {dagbag.py:541} INFO - Filling up the DagBag from /home/airflow/.local/lib/python3.7/site-packages/airflow/example_dags/example_latest_only.py
[2023-06-14T13:31:23.370+0000] {processor.py:836} INFO - DAG(s) dict_keys(['latest_only']) retrieved from /home/airflow/.local/lib/python3.7/site-packages/airflow/example_dags/example_latest_only.py
[2023-06-14T13:31:23.389+0000] {logging_mixin.py:149} INFO - [2023-06-14T13:31:23.389+0000] {dag.py:2726} INFO - Sync 1 DAGs
[2023-06-14T13:31:23.406+0000] {logging_mixin.py:149} INFO - [2023-06-14T13:31:23.405+0000] {dag.py:3490} INFO - Setting next_dagrun for latest_only to 2023-06-14T09:31:23.405672+00:00, run_after=2023-06-14T13:31:23.405672+00:00
[2023-06-14T13:31:23.417+0000] {processor.py:179} INFO - Processing /home/airflow/.local/lib/python3.7/site-packages/airflow/example_dags/example_latest_only.py took 0.056 seconds
[2023-06-14T13:31:53.956+0000] {processor.py:157} INFO - Started process (PID=539) to work on /home/airflow/.local/lib/python3.7/site-packages/airflow/example_dags/example_latest_only.py
[2023-06-14T13:31:53.957+0000] {processor.py:826} INFO - Processing file /home/airflow/.local/lib/python3.7/site-packages/airflow/example_dags/example_latest_only.py for tasks to queue
[2023-06-14T13:31:53.958+0000] {logging_mixin.py:149} INFO - [2023-06-14T13:31:53.958+0000] {dagbag.py:541} INFO - Filling up the DagBag from /home/airflow/.local/lib/python3.7/site-packages/airflow/example_dags/example_latest_only.py
[2023-06-14T13:31:53.964+0000] {processor.py:836} INFO - DAG(s) dict_keys(['latest_only']) retrieved from /home/airflow/.local/lib/python3.7/site-packages/airflow/example_dags/example_latest_only.py
[2023-06-14T13:31:53.996+0000] {logging_mixin.py:149} INFO - [2023-06-14T13:31:53.996+0000] {dag.py:2726} INFO - Sync 1 DAGs
[2023-06-14T13:31:54.018+0000] {logging_mixin.py:149} INFO - [2023-06-14T13:31:54.017+0000] {dag.py:3490} INFO - Setting next_dagrun for latest_only to 2023-06-14T09:31:54.017555+00:00, run_after=2023-06-14T13:31:54.017555+00:00
[2023-06-14T13:31:54.032+0000] {processor.py:179} INFO - Processing /home/airflow/.local/lib/python3.7/site-packages/airflow/example_dags/example_latest_only.py took 0.079 seconds
[2023-06-14T13:32:24.967+0000] {processor.py:157} INFO - Started process (PID=597) to work on /home/airflow/.local/lib/python3.7/site-packages/airflow/example_dags/example_latest_only.py
[2023-06-14T13:32:24.969+0000] {processor.py:826} INFO - Processing file /home/airflow/.local/lib/python3.7/site-packages/airflow/example_dags/example_latest_only.py for tasks to queue
[2023-06-14T13:32:24.969+0000] {logging_mixin.py:149} INFO - [2023-06-14T13:32:24.969+0000] {dagbag.py:541} INFO - Filling up the DagBag from /home/airflow/.local/lib/python3.7/site-packages/airflow/example_dags/example_latest_only.py
[2023-06-14T13:32:24.975+0000] {processor.py:836} INFO - DAG(s) dict_keys(['latest_only']) retrieved from /home/airflow/.local/lib/python3.7/site-packages/airflow/example_dags/example_latest_only.py
[2023-06-14T13:32:25.002+0000] {logging_mixin.py:149} INFO - [2023-06-14T13:32:25.002+0000] {dag.py:2726} INFO - Sync 1 DAGs
[2023-06-14T13:32:25.020+0000] {logging_mixin.py:149} INFO - [2023-06-14T13:32:25.020+0000] {dag.py:3490} INFO - Setting next_dagrun for latest_only to 2023-06-14T09:32:25.020002+00:00, run_after=2023-06-14T13:32:25.020002+00:00
[2023-06-14T13:32:25.032+0000] {processor.py:179} INFO - Processing /home/airflow/.local/lib/python3.7/site-packages/airflow/example_dags/example_latest_only.py took 0.068 seconds
[2023-06-14T13:32:55.836+0000] {processor.py:157} INFO - Started process (PID=654) to work on /home/airflow/.local/lib/python3.7/site-packages/airflow/example_dags/example_latest_only.py
[2023-06-14T13:32:55.838+0000] {processor.py:826} INFO - Processing file /home/airflow/.local/lib/python3.7/site-packages/airflow/example_dags/example_latest_only.py for tasks to queue
[2023-06-14T13:32:55.839+0000] {logging_mixin.py:149} INFO - [2023-06-14T13:32:55.839+0000] {dagbag.py:541} INFO - Filling up the DagBag from /home/airflow/.local/lib/python3.7/site-packages/airflow/example_dags/example_latest_only.py
[2023-06-14T13:32:55.845+0000] {processor.py:836} INFO - DAG(s) dict_keys(['latest_only']) retrieved from /home/airflow/.local/lib/python3.7/site-packages/airflow/example_dags/example_latest_only.py
[2023-06-14T13:32:55.866+0000] {logging_mixin.py:149} INFO - [2023-06-14T13:32:55.866+0000] {dag.py:2726} INFO - Sync 1 DAGs
[2023-06-14T13:32:55.884+0000] {logging_mixin.py:149} INFO - [2023-06-14T13:32:55.883+0000] {dag.py:3490} INFO - Setting next_dagrun for latest_only to 2023-06-14T09:32:55.883775+00:00, run_after=2023-06-14T13:32:55.883775+00:00
[2023-06-14T13:32:55.896+0000] {processor.py:179} INFO - Processing /home/airflow/.local/lib/python3.7/site-packages/airflow/example_dags/example_latest_only.py took 0.063 seconds
[2023-06-14T13:33:26.136+0000] {processor.py:157} INFO - Started process (PID=711) to work on /home/airflow/.local/lib/python3.7/site-packages/airflow/example_dags/example_latest_only.py
[2023-06-14T13:33:26.137+0000] {processor.py:826} INFO - Processing file /home/airflow/.local/lib/python3.7/site-packages/airflow/example_dags/example_latest_only.py for tasks to queue
[2023-06-14T13:33:26.138+0000] {logging_mixin.py:149} INFO - [2023-06-14T13:33:26.138+0000] {dagbag.py:541} INFO - Filling up the DagBag from /home/airflow/.local/lib/python3.7/site-packages/airflow/example_dags/example_latest_only.py
[2023-06-14T13:33:26.143+0000] {processor.py:836} INFO - DAG(s) dict_keys(['latest_only']) retrieved from /home/airflow/.local/lib/python3.7/site-packages/airflow/example_dags/example_latest_only.py
[2023-06-14T13:33:26.161+0000] {logging_mixin.py:149} INFO - [2023-06-14T13:33:26.161+0000] {dag.py:2726} INFO - Sync 1 DAGs
[2023-06-14T13:33:26.178+0000] {logging_mixin.py:149} INFO - [2023-06-14T13:33:26.178+0000] {dag.py:3490} INFO - Setting next_dagrun for latest_only to 2023-06-14T09:33:26.177843+00:00, run_after=2023-06-14T13:33:26.177843+00:00
[2023-06-14T13:33:26.190+0000] {processor.py:179} INFO - Processing /home/airflow/.local/lib/python3.7/site-packages/airflow/example_dags/example_latest_only.py took 0.056 seconds
[2023-06-14T13:33:56.543+0000] {processor.py:157} INFO - Started process (PID=768) to work on /home/airflow/.local/lib/python3.7/site-packages/airflow/example_dags/example_latest_only.py
[2023-06-14T13:33:56.545+0000] {processor.py:826} INFO - Processing file /home/airflow/.local/lib/python3.7/site-packages/airflow/example_dags/example_latest_only.py for tasks to queue
[2023-06-14T13:33:56.546+0000] {logging_mixin.py:149} INFO - [2023-06-14T13:33:56.546+0000] {dagbag.py:541} INFO - Filling up the DagBag from /home/airflow/.local/lib/python3.7/site-packages/airflow/example_dags/example_latest_only.py
[2023-06-14T13:33:56.551+0000] {processor.py:836} INFO - DAG(s) dict_keys(['latest_only']) retrieved from /home/airflow/.local/lib/python3.7/site-packages/airflow/example_dags/example_latest_only.py
[2023-06-14T13:33:56.571+0000] {logging_mixin.py:149} INFO - [2023-06-14T13:33:56.571+0000] {dag.py:2726} INFO - Sync 1 DAGs
[2023-06-14T13:33:56.588+0000] {logging_mixin.py:149} INFO - [2023-06-14T13:33:56.588+0000] {dag.py:3490} INFO - Setting next_dagrun for latest_only to 2023-06-14T09:33:56.588565+00:00, run_after=2023-06-14T13:33:56.588565+00:00
[2023-06-14T13:33:56.600+0000] {processor.py:179} INFO - Processing /home/airflow/.local/lib/python3.7/site-packages/airflow/example_dags/example_latest_only.py took 0.059 seconds
[2023-06-14T13:34:27.428+0000] {processor.py:157} INFO - Started process (PID=825) to work on /home/airflow/.local/lib/python3.7/site-packages/airflow/example_dags/example_latest_only.py
[2023-06-14T13:34:27.429+0000] {processor.py:826} INFO - Processing file /home/airflow/.local/lib/python3.7/site-packages/airflow/example_dags/example_latest_only.py for tasks to queue
[2023-06-14T13:34:27.430+0000] {logging_mixin.py:149} INFO - [2023-06-14T13:34:27.430+0000] {dagbag.py:541} INFO - Filling up the DagBag from /home/airflow/.local/lib/python3.7/site-packages/airflow/example_dags/example_latest_only.py
[2023-06-14T13:34:27.435+0000] {processor.py:836} INFO - DAG(s) dict_keys(['latest_only']) retrieved from /home/airflow/.local/lib/python3.7/site-packages/airflow/example_dags/example_latest_only.py
[2023-06-14T13:34:27.457+0000] {logging_mixin.py:149} INFO - [2023-06-14T13:34:27.457+0000] {dag.py:2726} INFO - Sync 1 DAGs
[2023-06-14T13:34:27.476+0000] {logging_mixin.py:149} INFO - [2023-06-14T13:34:27.475+0000] {dag.py:3490} INFO - Setting next_dagrun for latest_only to 2023-06-14T09:34:27.475741+00:00, run_after=2023-06-14T13:34:27.475741+00:00
[2023-06-14T13:34:27.490+0000] {processor.py:179} INFO - Processing /home/airflow/.local/lib/python3.7/site-packages/airflow/example_dags/example_latest_only.py took 0.065 seconds
[2023-06-14T13:34:57.985+0000] {processor.py:157} INFO - Started process (PID=882) to work on /home/airflow/.local/lib/python3.7/site-packages/airflow/example_dags/example_latest_only.py
[2023-06-14T13:34:57.986+0000] {processor.py:826} INFO - Processing file /home/airflow/.local/lib/python3.7/site-packages/airflow/example_dags/example_latest_only.py for tasks to queue
[2023-06-14T13:34:57.987+0000] {logging_mixin.py:149} INFO - [2023-06-14T13:34:57.987+0000] {dagbag.py:541} INFO - Filling up the DagBag from /home/airflow/.local/lib/python3.7/site-packages/airflow/example_dags/example_latest_only.py
[2023-06-14T13:34:57.992+0000] {processor.py:836} INFO - DAG(s) dict_keys(['latest_only']) retrieved from /home/airflow/.local/lib/python3.7/site-packages/airflow/example_dags/example_latest_only.py
[2023-06-14T13:34:58.013+0000] {logging_mixin.py:149} INFO - [2023-06-14T13:34:58.013+0000] {dag.py:2726} INFO - Sync 1 DAGs
[2023-06-14T13:34:58.031+0000] {logging_mixin.py:149} INFO - [2023-06-14T13:34:58.031+0000] {dag.py:3490} INFO - Setting next_dagrun for latest_only to 2023-06-14T09:34:58.031437+00:00, run_after=2023-06-14T13:34:58.031437+00:00
[2023-06-14T13:34:58.043+0000] {processor.py:179} INFO - Processing /home/airflow/.local/lib/python3.7/site-packages/airflow/example_dags/example_latest_only.py took 0.061 seconds
