[2023-06-14T13:27:13.576+0000] {processor.py:157} INFO - Started process (PID=34) to work on /home/airflow/.local/lib/python3.7/site-packages/airflow/example_dags/example_branch_datetime_operator.py
[2023-06-14T13:27:13.583+0000] {processor.py:826} INFO - Processing file /home/airflow/.local/lib/python3.7/site-packages/airflow/example_dags/example_branch_datetime_operator.py for tasks to queue
[2023-06-14T13:27:13.587+0000] {logging_mixin.py:149} INFO - [2023-06-14T13:27:13.586+0000] {dagbag.py:541} INFO - Filling up the DagBag from /home/airflow/.local/lib/python3.7/site-packages/airflow/example_dags/example_branch_datetime_operator.py
[2023-06-14T13:27:13.609+0000] {processor.py:836} INFO - DAG(s) dict_keys(['example_branch_datetime_operator_3', 'example_branch_datetime_operator_2', 'example_branch_datetime_operator']) retrieved from /home/airflow/.local/lib/python3.7/site-packages/airflow/example_dags/example_branch_datetime_operator.py
[2023-06-14T13:27:13.874+0000] {logging_mixin.py:149} INFO - [2023-06-14T13:27:13.874+0000] {manager.py:504} INFO - Created Permission View: can edit on DAG:example_branch_datetime_operator_3
[2023-06-14T13:27:13.913+0000] {logging_mixin.py:149} INFO - [2023-06-14T13:27:13.911+0000] {manager.py:504} INFO - Created Permission View: can read on DAG:example_branch_datetime_operator_3
[2023-06-14T13:27:13.988+0000] {logging_mixin.py:149} INFO - [2023-06-14T13:27:13.987+0000] {manager.py:504} INFO - Created Permission View: can delete on DAG:example_branch_datetime_operator_3
[2023-06-14T13:27:14.035+0000] {logging_mixin.py:149} INFO - [2023-06-14T13:27:14.035+0000] {manager.py:504} INFO - Created Permission View: can edit on DAG:example_branch_datetime_operator_2
[2023-06-14T13:27:14.061+0000] {logging_mixin.py:149} INFO - [2023-06-14T13:27:14.060+0000] {manager.py:504} INFO - Created Permission View: can read on DAG:example_branch_datetime_operator_2
[2023-06-14T13:27:14.090+0000] {logging_mixin.py:149} INFO - [2023-06-14T13:27:14.090+0000] {manager.py:504} INFO - Created Permission View: can delete on DAG:example_branch_datetime_operator_2
[2023-06-14T13:27:14.115+0000] {logging_mixin.py:149} INFO - [2023-06-14T13:27:14.115+0000] {manager.py:504} INFO - Created Permission View: can edit on DAG:example_branch_datetime_operator
[2023-06-14T13:27:14.131+0000] {logging_mixin.py:149} INFO - [2023-06-14T13:27:14.131+0000] {manager.py:504} INFO - Created Permission View: can read on DAG:example_branch_datetime_operator
[2023-06-14T13:27:14.146+0000] {logging_mixin.py:149} INFO - [2023-06-14T13:27:14.146+0000] {manager.py:504} INFO - Created Permission View: can delete on DAG:example_branch_datetime_operator
[2023-06-14T13:27:14.148+0000] {logging_mixin.py:149} INFO - [2023-06-14T13:27:14.148+0000] {dag.py:2726} INFO - Sync 3 DAGs
[2023-06-14T13:27:14.194+0000] {logging_mixin.py:149} INFO - [2023-06-14T13:27:14.194+0000] {dag.py:2747} INFO - Creating ORM DAG for example_branch_datetime_operator_3
[2023-06-14T13:27:14.199+0000] {logging_mixin.py:149} INFO - [2023-06-14T13:27:14.199+0000] {dag.py:2747} INFO - Creating ORM DAG for example_branch_datetime_operator
[2023-06-14T13:27:14.203+0000] {logging_mixin.py:149} INFO - [2023-06-14T13:27:14.203+0000] {dag.py:2747} INFO - Creating ORM DAG for example_branch_datetime_operator_2
[2023-06-14T13:27:14.230+0000] {logging_mixin.py:149} INFO - [2023-06-14T13:27:14.230+0000] {dag.py:3490} INFO - Setting next_dagrun for example_branch_datetime_operator to 2023-06-13T00:00:00+00:00, run_after=2023-06-14T00:00:00+00:00
[2023-06-14T13:27:14.252+0000] {logging_mixin.py:149} INFO - [2023-06-14T13:27:14.251+0000] {dag.py:3490} INFO - Setting next_dagrun for example_branch_datetime_operator_2 to 2023-06-13T00:00:00+00:00, run_after=2023-06-14T00:00:00+00:00
[2023-06-14T13:27:14.256+0000] {logging_mixin.py:149} INFO - [2023-06-14T13:27:14.256+0000] {dag.py:3490} INFO - Setting next_dagrun for example_branch_datetime_operator_3 to 2023-06-13T00:00:00+00:00, run_after=2023-06-14T00:00:00+00:00
[2023-06-14T13:27:14.328+0000] {processor.py:179} INFO - Processing /home/airflow/.local/lib/python3.7/site-packages/airflow/example_dags/example_branch_datetime_operator.py took 0.762 seconds
[2023-06-14T13:27:48.860+0000] {processor.py:157} INFO - Started process (PID=90) to work on /home/airflow/.local/lib/python3.7/site-packages/airflow/example_dags/example_branch_datetime_operator.py
[2023-06-14T13:27:48.862+0000] {processor.py:826} INFO - Processing file /home/airflow/.local/lib/python3.7/site-packages/airflow/example_dags/example_branch_datetime_operator.py for tasks to queue
[2023-06-14T13:27:48.864+0000] {logging_mixin.py:149} INFO - [2023-06-14T13:27:48.864+0000] {dagbag.py:541} INFO - Filling up the DagBag from /home/airflow/.local/lib/python3.7/site-packages/airflow/example_dags/example_branch_datetime_operator.py
[2023-06-14T13:27:48.884+0000] {processor.py:836} INFO - DAG(s) dict_keys(['example_branch_datetime_operator_3', 'example_branch_datetime_operator', 'example_branch_datetime_operator_2']) retrieved from /home/airflow/.local/lib/python3.7/site-packages/airflow/example_dags/example_branch_datetime_operator.py
[2023-06-14T13:27:48.970+0000] {logging_mixin.py:149} INFO - [2023-06-14T13:27:48.970+0000] {dag.py:2726} INFO - Sync 3 DAGs
[2023-06-14T13:27:49.092+0000] {logging_mixin.py:149} INFO - [2023-06-14T13:27:49.092+0000] {dag.py:3490} INFO - Setting next_dagrun for example_branch_datetime_operator to 2023-06-13T00:00:00+00:00, run_after=2023-06-14T00:00:00+00:00
[2023-06-14T13:27:49.107+0000] {logging_mixin.py:149} INFO - [2023-06-14T13:27:49.107+0000] {dag.py:3490} INFO - Setting next_dagrun for example_branch_datetime_operator_2 to 2023-06-13T00:00:00+00:00, run_after=2023-06-14T00:00:00+00:00
[2023-06-14T13:27:49.114+0000] {logging_mixin.py:149} INFO - [2023-06-14T13:27:49.114+0000] {dag.py:3490} INFO - Setting next_dagrun for example_branch_datetime_operator_3 to 2023-06-13T00:00:00+00:00, run_after=2023-06-14T00:00:00+00:00
[2023-06-14T13:27:49.153+0000] {processor.py:179} INFO - Processing /home/airflow/.local/lib/python3.7/site-packages/airflow/example_dags/example_branch_datetime_operator.py took 0.299 seconds
[2023-06-14T13:28:19.634+0000] {processor.py:157} INFO - Started process (PID=146) to work on /home/airflow/.local/lib/python3.7/site-packages/airflow/example_dags/example_branch_datetime_operator.py
[2023-06-14T13:28:19.637+0000] {processor.py:826} INFO - Processing file /home/airflow/.local/lib/python3.7/site-packages/airflow/example_dags/example_branch_datetime_operator.py for tasks to queue
[2023-06-14T13:28:19.639+0000] {logging_mixin.py:149} INFO - [2023-06-14T13:28:19.639+0000] {dagbag.py:541} INFO - Filling up the DagBag from /home/airflow/.local/lib/python3.7/site-packages/airflow/example_dags/example_branch_datetime_operator.py
[2023-06-14T13:28:19.650+0000] {processor.py:836} INFO - DAG(s) dict_keys(['example_branch_datetime_operator', 'example_branch_datetime_operator_2', 'example_branch_datetime_operator_3']) retrieved from /home/airflow/.local/lib/python3.7/site-packages/airflow/example_dags/example_branch_datetime_operator.py
[2023-06-14T13:28:19.703+0000] {logging_mixin.py:149} INFO - [2023-06-14T13:28:19.703+0000] {dag.py:2726} INFO - Sync 3 DAGs
[2023-06-14T13:28:19.748+0000] {logging_mixin.py:149} INFO - [2023-06-14T13:28:19.748+0000] {dag.py:3490} INFO - Setting next_dagrun for example_branch_datetime_operator to 2023-06-13T00:00:00+00:00, run_after=2023-06-14T00:00:00+00:00
[2023-06-14T13:28:19.761+0000] {logging_mixin.py:149} INFO - [2023-06-14T13:28:19.761+0000] {dag.py:3490} INFO - Setting next_dagrun for example_branch_datetime_operator_2 to 2023-06-13T00:00:00+00:00, run_after=2023-06-14T00:00:00+00:00
[2023-06-14T13:28:19.769+0000] {logging_mixin.py:149} INFO - [2023-06-14T13:28:19.769+0000] {dag.py:3490} INFO - Setting next_dagrun for example_branch_datetime_operator_3 to 2023-06-13T00:00:00+00:00, run_after=2023-06-14T00:00:00+00:00
[2023-06-14T13:28:19.808+0000] {processor.py:179} INFO - Processing /home/airflow/.local/lib/python3.7/site-packages/airflow/example_dags/example_branch_datetime_operator.py took 0.177 seconds
[2023-06-14T13:28:50.502+0000] {processor.py:157} INFO - Started process (PID=197) to work on /home/airflow/.local/lib/python3.7/site-packages/airflow/example_dags/example_branch_datetime_operator.py
[2023-06-14T13:28:50.506+0000] {processor.py:826} INFO - Processing file /home/airflow/.local/lib/python3.7/site-packages/airflow/example_dags/example_branch_datetime_operator.py for tasks to queue
[2023-06-14T13:28:50.508+0000] {logging_mixin.py:149} INFO - [2023-06-14T13:28:50.508+0000] {dagbag.py:541} INFO - Filling up the DagBag from /home/airflow/.local/lib/python3.7/site-packages/airflow/example_dags/example_branch_datetime_operator.py
[2023-06-14T13:28:50.519+0000] {processor.py:836} INFO - DAG(s) dict_keys(['example_branch_datetime_operator_2', 'example_branch_datetime_operator', 'example_branch_datetime_operator_3']) retrieved from /home/airflow/.local/lib/python3.7/site-packages/airflow/example_dags/example_branch_datetime_operator.py
[2023-06-14T13:28:50.553+0000] {logging_mixin.py:149} INFO - [2023-06-14T13:28:50.552+0000] {dag.py:2726} INFO - Sync 3 DAGs
[2023-06-14T13:28:50.570+0000] {logging_mixin.py:149} INFO - [2023-06-14T13:28:50.570+0000] {dag.py:3490} INFO - Setting next_dagrun for example_branch_datetime_operator to 2023-06-13T00:00:00+00:00, run_after=2023-06-14T00:00:00+00:00
[2023-06-14T13:28:50.574+0000] {logging_mixin.py:149} INFO - [2023-06-14T13:28:50.574+0000] {dag.py:3490} INFO - Setting next_dagrun for example_branch_datetime_operator_2 to 2023-06-13T00:00:00+00:00, run_after=2023-06-14T00:00:00+00:00
[2023-06-14T13:28:50.576+0000] {logging_mixin.py:149} INFO - [2023-06-14T13:28:50.576+0000] {dag.py:3490} INFO - Setting next_dagrun for example_branch_datetime_operator_3 to 2023-06-13T00:00:00+00:00, run_after=2023-06-14T00:00:00+00:00
[2023-06-14T13:28:50.587+0000] {processor.py:179} INFO - Processing /home/airflow/.local/lib/python3.7/site-packages/airflow/example_dags/example_branch_datetime_operator.py took 0.092 seconds
[2023-06-14T13:29:20.902+0000] {processor.py:157} INFO - Started process (PID=253) to work on /home/airflow/.local/lib/python3.7/site-packages/airflow/example_dags/example_branch_datetime_operator.py
[2023-06-14T13:29:20.903+0000] {processor.py:826} INFO - Processing file /home/airflow/.local/lib/python3.7/site-packages/airflow/example_dags/example_branch_datetime_operator.py for tasks to queue
[2023-06-14T13:29:20.904+0000] {logging_mixin.py:149} INFO - [2023-06-14T13:29:20.904+0000] {dagbag.py:541} INFO - Filling up the DagBag from /home/airflow/.local/lib/python3.7/site-packages/airflow/example_dags/example_branch_datetime_operator.py
[2023-06-14T13:29:20.913+0000] {processor.py:836} INFO - DAG(s) dict_keys(['example_branch_datetime_operator', 'example_branch_datetime_operator_2', 'example_branch_datetime_operator_3']) retrieved from /home/airflow/.local/lib/python3.7/site-packages/airflow/example_dags/example_branch_datetime_operator.py
[2023-06-14T13:29:20.939+0000] {logging_mixin.py:149} INFO - [2023-06-14T13:29:20.939+0000] {dag.py:2726} INFO - Sync 3 DAGs
[2023-06-14T13:29:20.957+0000] {logging_mixin.py:149} INFO - [2023-06-14T13:29:20.956+0000] {dag.py:3490} INFO - Setting next_dagrun for example_branch_datetime_operator to 2023-06-13T00:00:00+00:00, run_after=2023-06-14T00:00:00+00:00
[2023-06-14T13:29:20.960+0000] {logging_mixin.py:149} INFO - [2023-06-14T13:29:20.960+0000] {dag.py:3490} INFO - Setting next_dagrun for example_branch_datetime_operator_2 to 2023-06-13T00:00:00+00:00, run_after=2023-06-14T00:00:00+00:00
[2023-06-14T13:29:20.962+0000] {logging_mixin.py:149} INFO - [2023-06-14T13:29:20.962+0000] {dag.py:3490} INFO - Setting next_dagrun for example_branch_datetime_operator_3 to 2023-06-13T00:00:00+00:00, run_after=2023-06-14T00:00:00+00:00
[2023-06-14T13:29:20.971+0000] {processor.py:179} INFO - Processing /home/airflow/.local/lib/python3.7/site-packages/airflow/example_dags/example_branch_datetime_operator.py took 0.074 seconds
[2023-06-14T13:29:51.048+0000] {processor.py:157} INFO - Started process (PID=309) to work on /home/airflow/.local/lib/python3.7/site-packages/airflow/example_dags/example_branch_datetime_operator.py
[2023-06-14T13:29:51.052+0000] {processor.py:826} INFO - Processing file /home/airflow/.local/lib/python3.7/site-packages/airflow/example_dags/example_branch_datetime_operator.py for tasks to queue
[2023-06-14T13:29:51.054+0000] {logging_mixin.py:149} INFO - [2023-06-14T13:29:51.054+0000] {dagbag.py:541} INFO - Filling up the DagBag from /home/airflow/.local/lib/python3.7/site-packages/airflow/example_dags/example_branch_datetime_operator.py
[2023-06-14T13:29:51.064+0000] {processor.py:836} INFO - DAG(s) dict_keys(['example_branch_datetime_operator', 'example_branch_datetime_operator_2', 'example_branch_datetime_operator_3']) retrieved from /home/airflow/.local/lib/python3.7/site-packages/airflow/example_dags/example_branch_datetime_operator.py
[2023-06-14T13:29:51.094+0000] {logging_mixin.py:149} INFO - [2023-06-14T13:29:51.094+0000] {dag.py:2726} INFO - Sync 3 DAGs
[2023-06-14T13:29:51.112+0000] {logging_mixin.py:149} INFO - [2023-06-14T13:29:51.111+0000] {dag.py:3490} INFO - Setting next_dagrun for example_branch_datetime_operator to 2023-06-13T00:00:00+00:00, run_after=2023-06-14T00:00:00+00:00
[2023-06-14T13:29:51.115+0000] {logging_mixin.py:149} INFO - [2023-06-14T13:29:51.115+0000] {dag.py:3490} INFO - Setting next_dagrun for example_branch_datetime_operator_2 to 2023-06-13T00:00:00+00:00, run_after=2023-06-14T00:00:00+00:00
[2023-06-14T13:29:51.117+0000] {logging_mixin.py:149} INFO - [2023-06-14T13:29:51.117+0000] {dag.py:3490} INFO - Setting next_dagrun for example_branch_datetime_operator_3 to 2023-06-13T00:00:00+00:00, run_after=2023-06-14T00:00:00+00:00
[2023-06-14T13:29:51.126+0000] {processor.py:179} INFO - Processing /home/airflow/.local/lib/python3.7/site-packages/airflow/example_dags/example_branch_datetime_operator.py took 0.084 seconds
[2023-06-14T13:30:21.634+0000] {processor.py:157} INFO - Started process (PID=365) to work on /home/airflow/.local/lib/python3.7/site-packages/airflow/example_dags/example_branch_datetime_operator.py
[2023-06-14T13:30:21.640+0000] {processor.py:826} INFO - Processing file /home/airflow/.local/lib/python3.7/site-packages/airflow/example_dags/example_branch_datetime_operator.py for tasks to queue
[2023-06-14T13:30:21.641+0000] {logging_mixin.py:149} INFO - [2023-06-14T13:30:21.641+0000] {dagbag.py:541} INFO - Filling up the DagBag from /home/airflow/.local/lib/python3.7/site-packages/airflow/example_dags/example_branch_datetime_operator.py
[2023-06-14T13:30:21.649+0000] {processor.py:836} INFO - DAG(s) dict_keys(['example_branch_datetime_operator_3', 'example_branch_datetime_operator_2', 'example_branch_datetime_operator']) retrieved from /home/airflow/.local/lib/python3.7/site-packages/airflow/example_dags/example_branch_datetime_operator.py
[2023-06-14T13:30:21.691+0000] {logging_mixin.py:149} INFO - [2023-06-14T13:30:21.691+0000] {dag.py:2726} INFO - Sync 3 DAGs
[2023-06-14T13:30:21.714+0000] {logging_mixin.py:149} INFO - [2023-06-14T13:30:21.714+0000] {dag.py:3490} INFO - Setting next_dagrun for example_branch_datetime_operator to 2023-06-13T00:00:00+00:00, run_after=2023-06-14T00:00:00+00:00
[2023-06-14T13:30:21.720+0000] {logging_mixin.py:149} INFO - [2023-06-14T13:30:21.720+0000] {dag.py:3490} INFO - Setting next_dagrun for example_branch_datetime_operator_2 to 2023-06-13T00:00:00+00:00, run_after=2023-06-14T00:00:00+00:00
[2023-06-14T13:30:21.724+0000] {logging_mixin.py:149} INFO - [2023-06-14T13:30:21.724+0000] {dag.py:3490} INFO - Setting next_dagrun for example_branch_datetime_operator_3 to 2023-06-13T00:00:00+00:00, run_after=2023-06-14T00:00:00+00:00
[2023-06-14T13:30:21.744+0000] {processor.py:179} INFO - Processing /home/airflow/.local/lib/python3.7/site-packages/airflow/example_dags/example_branch_datetime_operator.py took 0.114 seconds
[2023-06-14T13:30:52.547+0000] {processor.py:157} INFO - Started process (PID=421) to work on /home/airflow/.local/lib/python3.7/site-packages/airflow/example_dags/example_branch_datetime_operator.py
[2023-06-14T13:30:52.551+0000] {processor.py:826} INFO - Processing file /home/airflow/.local/lib/python3.7/site-packages/airflow/example_dags/example_branch_datetime_operator.py for tasks to queue
[2023-06-14T13:30:52.555+0000] {logging_mixin.py:149} INFO - [2023-06-14T13:30:52.554+0000] {dagbag.py:541} INFO - Filling up the DagBag from /home/airflow/.local/lib/python3.7/site-packages/airflow/example_dags/example_branch_datetime_operator.py
[2023-06-14T13:30:52.571+0000] {processor.py:836} INFO - DAG(s) dict_keys(['example_branch_datetime_operator_2', 'example_branch_datetime_operator_3', 'example_branch_datetime_operator']) retrieved from /home/airflow/.local/lib/python3.7/site-packages/airflow/example_dags/example_branch_datetime_operator.py
[2023-06-14T13:30:52.613+0000] {logging_mixin.py:149} INFO - [2023-06-14T13:30:52.613+0000] {dag.py:2726} INFO - Sync 3 DAGs
[2023-06-14T13:30:52.658+0000] {logging_mixin.py:149} INFO - [2023-06-14T13:30:52.658+0000] {dag.py:3490} INFO - Setting next_dagrun for example_branch_datetime_operator to 2023-06-13T00:00:00+00:00, run_after=2023-06-14T00:00:00+00:00
[2023-06-14T13:30:52.665+0000] {logging_mixin.py:149} INFO - [2023-06-14T13:30:52.665+0000] {dag.py:3490} INFO - Setting next_dagrun for example_branch_datetime_operator_2 to 2023-06-13T00:00:00+00:00, run_after=2023-06-14T00:00:00+00:00
[2023-06-14T13:30:52.668+0000] {logging_mixin.py:149} INFO - [2023-06-14T13:30:52.668+0000] {dag.py:3490} INFO - Setting next_dagrun for example_branch_datetime_operator_3 to 2023-06-13T00:00:00+00:00, run_after=2023-06-14T00:00:00+00:00
[2023-06-14T13:30:52.697+0000] {processor.py:179} INFO - Processing /home/airflow/.local/lib/python3.7/site-packages/airflow/example_dags/example_branch_datetime_operator.py took 0.156 seconds
[2023-06-14T13:31:23.125+0000] {processor.py:157} INFO - Started process (PID=477) to work on /home/airflow/.local/lib/python3.7/site-packages/airflow/example_dags/example_branch_datetime_operator.py
[2023-06-14T13:31:23.127+0000] {processor.py:826} INFO - Processing file /home/airflow/.local/lib/python3.7/site-packages/airflow/example_dags/example_branch_datetime_operator.py for tasks to queue
[2023-06-14T13:31:23.128+0000] {logging_mixin.py:149} INFO - [2023-06-14T13:31:23.128+0000] {dagbag.py:541} INFO - Filling up the DagBag from /home/airflow/.local/lib/python3.7/site-packages/airflow/example_dags/example_branch_datetime_operator.py
[2023-06-14T13:31:23.137+0000] {processor.py:836} INFO - DAG(s) dict_keys(['example_branch_datetime_operator_3', 'example_branch_datetime_operator', 'example_branch_datetime_operator_2']) retrieved from /home/airflow/.local/lib/python3.7/site-packages/airflow/example_dags/example_branch_datetime_operator.py
[2023-06-14T13:31:23.164+0000] {logging_mixin.py:149} INFO - [2023-06-14T13:31:23.164+0000] {dag.py:2726} INFO - Sync 3 DAGs
[2023-06-14T13:31:23.180+0000] {logging_mixin.py:149} INFO - [2023-06-14T13:31:23.180+0000] {dag.py:3490} INFO - Setting next_dagrun for example_branch_datetime_operator to 2023-06-13T00:00:00+00:00, run_after=2023-06-14T00:00:00+00:00
[2023-06-14T13:31:23.183+0000] {logging_mixin.py:149} INFO - [2023-06-14T13:31:23.183+0000] {dag.py:3490} INFO - Setting next_dagrun for example_branch_datetime_operator_2 to 2023-06-13T00:00:00+00:00, run_after=2023-06-14T00:00:00+00:00
[2023-06-14T13:31:23.185+0000] {logging_mixin.py:149} INFO - [2023-06-14T13:31:23.185+0000] {dag.py:3490} INFO - Setting next_dagrun for example_branch_datetime_operator_3 to 2023-06-13T00:00:00+00:00, run_after=2023-06-14T00:00:00+00:00
[2023-06-14T13:31:23.196+0000] {processor.py:179} INFO - Processing /home/airflow/.local/lib/python3.7/site-packages/airflow/example_dags/example_branch_datetime_operator.py took 0.075 seconds
[2023-06-14T13:31:53.668+0000] {processor.py:157} INFO - Started process (PID=534) to work on /home/airflow/.local/lib/python3.7/site-packages/airflow/example_dags/example_branch_datetime_operator.py
[2023-06-14T13:31:53.670+0000] {processor.py:826} INFO - Processing file /home/airflow/.local/lib/python3.7/site-packages/airflow/example_dags/example_branch_datetime_operator.py for tasks to queue
[2023-06-14T13:31:53.671+0000] {logging_mixin.py:149} INFO - [2023-06-14T13:31:53.671+0000] {dagbag.py:541} INFO - Filling up the DagBag from /home/airflow/.local/lib/python3.7/site-packages/airflow/example_dags/example_branch_datetime_operator.py
[2023-06-14T13:31:53.679+0000] {processor.py:836} INFO - DAG(s) dict_keys(['example_branch_datetime_operator_3', 'example_branch_datetime_operator_2', 'example_branch_datetime_operator']) retrieved from /home/airflow/.local/lib/python3.7/site-packages/airflow/example_dags/example_branch_datetime_operator.py
[2023-06-14T13:31:53.721+0000] {logging_mixin.py:149} INFO - [2023-06-14T13:31:53.721+0000] {dag.py:2726} INFO - Sync 3 DAGs
[2023-06-14T13:31:53.744+0000] {logging_mixin.py:149} INFO - [2023-06-14T13:31:53.744+0000] {dag.py:3490} INFO - Setting next_dagrun for example_branch_datetime_operator to 2023-06-13T00:00:00+00:00, run_after=2023-06-14T00:00:00+00:00
[2023-06-14T13:31:53.748+0000] {logging_mixin.py:149} INFO - [2023-06-14T13:31:53.748+0000] {dag.py:3490} INFO - Setting next_dagrun for example_branch_datetime_operator_2 to 2023-06-13T00:00:00+00:00, run_after=2023-06-14T00:00:00+00:00
[2023-06-14T13:31:53.750+0000] {logging_mixin.py:149} INFO - [2023-06-14T13:31:53.750+0000] {dag.py:3490} INFO - Setting next_dagrun for example_branch_datetime_operator_3 to 2023-06-13T00:00:00+00:00, run_after=2023-06-14T00:00:00+00:00
[2023-06-14T13:31:53.762+0000] {processor.py:179} INFO - Processing /home/airflow/.local/lib/python3.7/site-packages/airflow/example_dags/example_branch_datetime_operator.py took 0.098 seconds
[2023-06-14T13:32:24.657+0000] {processor.py:157} INFO - Started process (PID=592) to work on /home/airflow/.local/lib/python3.7/site-packages/airflow/example_dags/example_branch_datetime_operator.py
[2023-06-14T13:32:24.660+0000] {processor.py:826} INFO - Processing file /home/airflow/.local/lib/python3.7/site-packages/airflow/example_dags/example_branch_datetime_operator.py for tasks to queue
[2023-06-14T13:32:24.662+0000] {logging_mixin.py:149} INFO - [2023-06-14T13:32:24.662+0000] {dagbag.py:541} INFO - Filling up the DagBag from /home/airflow/.local/lib/python3.7/site-packages/airflow/example_dags/example_branch_datetime_operator.py
[2023-06-14T13:32:24.675+0000] {processor.py:836} INFO - DAG(s) dict_keys(['example_branch_datetime_operator', 'example_branch_datetime_operator_3', 'example_branch_datetime_operator_2']) retrieved from /home/airflow/.local/lib/python3.7/site-packages/airflow/example_dags/example_branch_datetime_operator.py
[2023-06-14T13:32:24.716+0000] {logging_mixin.py:149} INFO - [2023-06-14T13:32:24.716+0000] {dag.py:2726} INFO - Sync 3 DAGs
[2023-06-14T13:32:24.735+0000] {logging_mixin.py:149} INFO - [2023-06-14T13:32:24.735+0000] {dag.py:3490} INFO - Setting next_dagrun for example_branch_datetime_operator to 2023-06-13T00:00:00+00:00, run_after=2023-06-14T00:00:00+00:00
[2023-06-14T13:32:24.739+0000] {logging_mixin.py:149} INFO - [2023-06-14T13:32:24.739+0000] {dag.py:3490} INFO - Setting next_dagrun for example_branch_datetime_operator_2 to 2023-06-13T00:00:00+00:00, run_after=2023-06-14T00:00:00+00:00
[2023-06-14T13:32:24.742+0000] {logging_mixin.py:149} INFO - [2023-06-14T13:32:24.742+0000] {dag.py:3490} INFO - Setting next_dagrun for example_branch_datetime_operator_3 to 2023-06-13T00:00:00+00:00, run_after=2023-06-14T00:00:00+00:00
[2023-06-14T13:32:24.754+0000] {processor.py:179} INFO - Processing /home/airflow/.local/lib/python3.7/site-packages/airflow/example_dags/example_branch_datetime_operator.py took 0.105 seconds
[2023-06-14T13:32:55.579+0000] {processor.py:157} INFO - Started process (PID=649) to work on /home/airflow/.local/lib/python3.7/site-packages/airflow/example_dags/example_branch_datetime_operator.py
[2023-06-14T13:32:55.581+0000] {processor.py:826} INFO - Processing file /home/airflow/.local/lib/python3.7/site-packages/airflow/example_dags/example_branch_datetime_operator.py for tasks to queue
[2023-06-14T13:32:55.583+0000] {logging_mixin.py:149} INFO - [2023-06-14T13:32:55.583+0000] {dagbag.py:541} INFO - Filling up the DagBag from /home/airflow/.local/lib/python3.7/site-packages/airflow/example_dags/example_branch_datetime_operator.py
[2023-06-14T13:32:55.594+0000] {processor.py:836} INFO - DAG(s) dict_keys(['example_branch_datetime_operator_3', 'example_branch_datetime_operator', 'example_branch_datetime_operator_2']) retrieved from /home/airflow/.local/lib/python3.7/site-packages/airflow/example_dags/example_branch_datetime_operator.py
[2023-06-14T13:32:55.624+0000] {logging_mixin.py:149} INFO - [2023-06-14T13:32:55.624+0000] {dag.py:2726} INFO - Sync 3 DAGs
[2023-06-14T13:32:55.642+0000] {logging_mixin.py:149} INFO - [2023-06-14T13:32:55.642+0000] {dag.py:3490} INFO - Setting next_dagrun for example_branch_datetime_operator to 2023-06-13T00:00:00+00:00, run_after=2023-06-14T00:00:00+00:00
[2023-06-14T13:32:55.645+0000] {logging_mixin.py:149} INFO - [2023-06-14T13:32:55.645+0000] {dag.py:3490} INFO - Setting next_dagrun for example_branch_datetime_operator_2 to 2023-06-13T00:00:00+00:00, run_after=2023-06-14T00:00:00+00:00
[2023-06-14T13:32:55.647+0000] {logging_mixin.py:149} INFO - [2023-06-14T13:32:55.647+0000] {dag.py:3490} INFO - Setting next_dagrun for example_branch_datetime_operator_3 to 2023-06-13T00:00:00+00:00, run_after=2023-06-14T00:00:00+00:00
[2023-06-14T13:32:55.657+0000] {processor.py:179} INFO - Processing /home/airflow/.local/lib/python3.7/site-packages/airflow/example_dags/example_branch_datetime_operator.py took 0.084 seconds
[2023-06-14T13:33:25.889+0000] {processor.py:157} INFO - Started process (PID=706) to work on /home/airflow/.local/lib/python3.7/site-packages/airflow/example_dags/example_branch_datetime_operator.py
[2023-06-14T13:33:25.892+0000] {processor.py:826} INFO - Processing file /home/airflow/.local/lib/python3.7/site-packages/airflow/example_dags/example_branch_datetime_operator.py for tasks to queue
[2023-06-14T13:33:25.894+0000] {logging_mixin.py:149} INFO - [2023-06-14T13:33:25.894+0000] {dagbag.py:541} INFO - Filling up the DagBag from /home/airflow/.local/lib/python3.7/site-packages/airflow/example_dags/example_branch_datetime_operator.py
[2023-06-14T13:33:25.905+0000] {processor.py:836} INFO - DAG(s) dict_keys(['example_branch_datetime_operator', 'example_branch_datetime_operator_3', 'example_branch_datetime_operator_2']) retrieved from /home/airflow/.local/lib/python3.7/site-packages/airflow/example_dags/example_branch_datetime_operator.py
[2023-06-14T13:33:25.935+0000] {logging_mixin.py:149} INFO - [2023-06-14T13:33:25.935+0000] {dag.py:2726} INFO - Sync 3 DAGs
[2023-06-14T13:33:25.951+0000] {logging_mixin.py:149} INFO - [2023-06-14T13:33:25.951+0000] {dag.py:3490} INFO - Setting next_dagrun for example_branch_datetime_operator to 2023-06-13T00:00:00+00:00, run_after=2023-06-14T00:00:00+00:00
[2023-06-14T13:33:25.955+0000] {logging_mixin.py:149} INFO - [2023-06-14T13:33:25.955+0000] {dag.py:3490} INFO - Setting next_dagrun for example_branch_datetime_operator_2 to 2023-06-13T00:00:00+00:00, run_after=2023-06-14T00:00:00+00:00
[2023-06-14T13:33:25.956+0000] {logging_mixin.py:149} INFO - [2023-06-14T13:33:25.956+0000] {dag.py:3490} INFO - Setting next_dagrun for example_branch_datetime_operator_3 to 2023-06-13T00:00:00+00:00, run_after=2023-06-14T00:00:00+00:00
[2023-06-14T13:33:25.967+0000] {processor.py:179} INFO - Processing /home/airflow/.local/lib/python3.7/site-packages/airflow/example_dags/example_branch_datetime_operator.py took 0.085 seconds
[2023-06-14T13:33:56.340+0000] {processor.py:157} INFO - Started process (PID=763) to work on /home/airflow/.local/lib/python3.7/site-packages/airflow/example_dags/example_branch_datetime_operator.py
[2023-06-14T13:33:56.342+0000] {processor.py:826} INFO - Processing file /home/airflow/.local/lib/python3.7/site-packages/airflow/example_dags/example_branch_datetime_operator.py for tasks to queue
[2023-06-14T13:33:56.343+0000] {logging_mixin.py:149} INFO - [2023-06-14T13:33:56.343+0000] {dagbag.py:541} INFO - Filling up the DagBag from /home/airflow/.local/lib/python3.7/site-packages/airflow/example_dags/example_branch_datetime_operator.py
[2023-06-14T13:33:56.352+0000] {processor.py:836} INFO - DAG(s) dict_keys(['example_branch_datetime_operator_3', 'example_branch_datetime_operator_2', 'example_branch_datetime_operator']) retrieved from /home/airflow/.local/lib/python3.7/site-packages/airflow/example_dags/example_branch_datetime_operator.py
[2023-06-14T13:33:56.382+0000] {logging_mixin.py:149} INFO - [2023-06-14T13:33:56.382+0000] {dag.py:2726} INFO - Sync 3 DAGs
[2023-06-14T13:33:56.400+0000] {logging_mixin.py:149} INFO - [2023-06-14T13:33:56.399+0000] {dag.py:3490} INFO - Setting next_dagrun for example_branch_datetime_operator to 2023-06-13T00:00:00+00:00, run_after=2023-06-14T00:00:00+00:00
[2023-06-14T13:33:56.403+0000] {logging_mixin.py:149} INFO - [2023-06-14T13:33:56.403+0000] {dag.py:3490} INFO - Setting next_dagrun for example_branch_datetime_operator_2 to 2023-06-13T00:00:00+00:00, run_after=2023-06-14T00:00:00+00:00
[2023-06-14T13:33:56.405+0000] {logging_mixin.py:149} INFO - [2023-06-14T13:33:56.405+0000] {dag.py:3490} INFO - Setting next_dagrun for example_branch_datetime_operator_3 to 2023-06-13T00:00:00+00:00, run_after=2023-06-14T00:00:00+00:00
[2023-06-14T13:33:56.415+0000] {processor.py:179} INFO - Processing /home/airflow/.local/lib/python3.7/site-packages/airflow/example_dags/example_branch_datetime_operator.py took 0.079 seconds
[2023-06-14T13:34:27.172+0000] {processor.py:157} INFO - Started process (PID=820) to work on /home/airflow/.local/lib/python3.7/site-packages/airflow/example_dags/example_branch_datetime_operator.py
[2023-06-14T13:34:27.175+0000] {processor.py:826} INFO - Processing file /home/airflow/.local/lib/python3.7/site-packages/airflow/example_dags/example_branch_datetime_operator.py for tasks to queue
[2023-06-14T13:34:27.176+0000] {logging_mixin.py:149} INFO - [2023-06-14T13:34:27.176+0000] {dagbag.py:541} INFO - Filling up the DagBag from /home/airflow/.local/lib/python3.7/site-packages/airflow/example_dags/example_branch_datetime_operator.py
[2023-06-14T13:34:27.188+0000] {processor.py:836} INFO - DAG(s) dict_keys(['example_branch_datetime_operator', 'example_branch_datetime_operator_2', 'example_branch_datetime_operator_3']) retrieved from /home/airflow/.local/lib/python3.7/site-packages/airflow/example_dags/example_branch_datetime_operator.py
[2023-06-14T13:34:27.245+0000] {logging_mixin.py:149} INFO - [2023-06-14T13:34:27.244+0000] {dag.py:2726} INFO - Sync 3 DAGs
[2023-06-14T13:34:27.267+0000] {logging_mixin.py:149} INFO - [2023-06-14T13:34:27.267+0000] {dag.py:3490} INFO - Setting next_dagrun for example_branch_datetime_operator to 2023-06-13T00:00:00+00:00, run_after=2023-06-14T00:00:00+00:00
[2023-06-14T13:34:27.270+0000] {logging_mixin.py:149} INFO - [2023-06-14T13:34:27.270+0000] {dag.py:3490} INFO - Setting next_dagrun for example_branch_datetime_operator_2 to 2023-06-13T00:00:00+00:00, run_after=2023-06-14T00:00:00+00:00
[2023-06-14T13:34:27.272+0000] {logging_mixin.py:149} INFO - [2023-06-14T13:34:27.272+0000] {dag.py:3490} INFO - Setting next_dagrun for example_branch_datetime_operator_3 to 2023-06-13T00:00:00+00:00, run_after=2023-06-14T00:00:00+00:00
[2023-06-14T13:34:27.285+0000] {processor.py:179} INFO - Processing /home/airflow/.local/lib/python3.7/site-packages/airflow/example_dags/example_branch_datetime_operator.py took 0.119 seconds
[2023-06-14T13:34:57.748+0000] {processor.py:157} INFO - Started process (PID=877) to work on /home/airflow/.local/lib/python3.7/site-packages/airflow/example_dags/example_branch_datetime_operator.py
[2023-06-14T13:34:57.752+0000] {processor.py:826} INFO - Processing file /home/airflow/.local/lib/python3.7/site-packages/airflow/example_dags/example_branch_datetime_operator.py for tasks to queue
[2023-06-14T13:34:57.753+0000] {logging_mixin.py:149} INFO - [2023-06-14T13:34:57.753+0000] {dagbag.py:541} INFO - Filling up the DagBag from /home/airflow/.local/lib/python3.7/site-packages/airflow/example_dags/example_branch_datetime_operator.py
[2023-06-14T13:34:57.764+0000] {processor.py:836} INFO - DAG(s) dict_keys(['example_branch_datetime_operator', 'example_branch_datetime_operator_3', 'example_branch_datetime_operator_2']) retrieved from /home/airflow/.local/lib/python3.7/site-packages/airflow/example_dags/example_branch_datetime_operator.py
[2023-06-14T13:34:57.796+0000] {logging_mixin.py:149} INFO - [2023-06-14T13:34:57.796+0000] {dag.py:2726} INFO - Sync 3 DAGs
[2023-06-14T13:34:57.814+0000] {logging_mixin.py:149} INFO - [2023-06-14T13:34:57.814+0000] {dag.py:3490} INFO - Setting next_dagrun for example_branch_datetime_operator to 2023-06-13T00:00:00+00:00, run_after=2023-06-14T00:00:00+00:00
[2023-06-14T13:34:57.817+0000] {logging_mixin.py:149} INFO - [2023-06-14T13:34:57.817+0000] {dag.py:3490} INFO - Setting next_dagrun for example_branch_datetime_operator_2 to 2023-06-13T00:00:00+00:00, run_after=2023-06-14T00:00:00+00:00
[2023-06-14T13:34:57.819+0000] {logging_mixin.py:149} INFO - [2023-06-14T13:34:57.819+0000] {dag.py:3490} INFO - Setting next_dagrun for example_branch_datetime_operator_3 to 2023-06-13T00:00:00+00:00, run_after=2023-06-14T00:00:00+00:00
[2023-06-14T13:34:57.834+0000] {processor.py:179} INFO - Processing /home/airflow/.local/lib/python3.7/site-packages/airflow/example_dags/example_branch_datetime_operator.py took 0.092 seconds
