[2023-06-14T13:27:20.438+0000] {processor.py:157} INFO - Started process (PID=45) to work on /home/airflow/.local/lib/python3.7/site-packages/airflow/example_dags/example_branch_python_dop_operator_3.py
[2023-06-14T13:27:20.446+0000] {processor.py:826} INFO - Processing file /home/airflow/.local/lib/python3.7/site-packages/airflow/example_dags/example_branch_python_dop_operator_3.py for tasks to queue
[2023-06-14T13:27:20.455+0000] {logging_mixin.py:149} INFO - [2023-06-14T13:27:20.454+0000] {dagbag.py:541} INFO - Filling up the DagBag from /home/airflow/.local/lib/python3.7/site-packages/airflow/example_dags/example_branch_python_dop_operator_3.py
[2023-06-14T13:27:20.628+0000] {processor.py:836} INFO - DAG(s) dict_keys(['example_branch_dop_operator_v3']) retrieved from /home/airflow/.local/lib/python3.7/site-packages/airflow/example_dags/example_branch_python_dop_operator_3.py
[2023-06-14T13:27:21.791+0000] {logging_mixin.py:149} INFO - [2023-06-14T13:27:21.790+0000] {manager.py:504} INFO - Created Permission View: can edit on DAG:example_branch_dop_operator_v3
[2023-06-14T13:27:21.837+0000] {logging_mixin.py:149} INFO - [2023-06-14T13:27:21.836+0000] {manager.py:504} INFO - Created Permission View: can read on DAG:example_branch_dop_operator_v3
[2023-06-14T13:27:21.874+0000] {logging_mixin.py:149} INFO - [2023-06-14T13:27:21.874+0000] {manager.py:504} INFO - Created Permission View: can delete on DAG:example_branch_dop_operator_v3
[2023-06-14T13:27:21.930+0000] {logging_mixin.py:149} INFO - [2023-06-14T13:27:21.896+0000] {dag.py:2726} INFO - Sync 1 DAGs
[2023-06-14T13:27:21.994+0000] {logging_mixin.py:149} INFO - [2023-06-14T13:27:21.993+0000] {dag.py:2747} INFO - Creating ORM DAG for example_branch_dop_operator_v3
[2023-06-14T13:27:22.017+0000] {logging_mixin.py:149} INFO - [2023-06-14T13:27:22.017+0000] {dag.py:3490} INFO - Setting next_dagrun for example_branch_dop_operator_v3 to 2023-06-14T13:26:00+00:00, run_after=2023-06-14T13:27:00+00:00
[2023-06-14T13:27:22.149+0000] {processor.py:179} INFO - Processing /home/airflow/.local/lib/python3.7/site-packages/airflow/example_dags/example_branch_python_dop_operator_3.py took 1.721 seconds
[2023-06-14T13:27:52.855+0000] {processor.py:157} INFO - Started process (PID=101) to work on /home/airflow/.local/lib/python3.7/site-packages/airflow/example_dags/example_branch_python_dop_operator_3.py
[2023-06-14T13:27:52.859+0000] {processor.py:826} INFO - Processing file /home/airflow/.local/lib/python3.7/site-packages/airflow/example_dags/example_branch_python_dop_operator_3.py for tasks to queue
[2023-06-14T13:27:52.862+0000] {logging_mixin.py:149} INFO - [2023-06-14T13:27:52.861+0000] {dagbag.py:541} INFO - Filling up the DagBag from /home/airflow/.local/lib/python3.7/site-packages/airflow/example_dags/example_branch_python_dop_operator_3.py
[2023-06-14T13:27:52.887+0000] {processor.py:836} INFO - DAG(s) dict_keys(['example_branch_dop_operator_v3']) retrieved from /home/airflow/.local/lib/python3.7/site-packages/airflow/example_dags/example_branch_python_dop_operator_3.py
[2023-06-14T13:27:52.936+0000] {logging_mixin.py:149} INFO - [2023-06-14T13:27:52.936+0000] {dag.py:2726} INFO - Sync 1 DAGs
[2023-06-14T13:27:52.986+0000] {logging_mixin.py:149} INFO - [2023-06-14T13:27:52.986+0000] {dag.py:3490} INFO - Setting next_dagrun for example_branch_dop_operator_v3 to 2023-06-14T13:26:00+00:00, run_after=2023-06-14T13:27:00+00:00
[2023-06-14T13:27:53.035+0000] {processor.py:179} INFO - Processing /home/airflow/.local/lib/python3.7/site-packages/airflow/example_dags/example_branch_python_dop_operator_3.py took 0.187 seconds
[2023-06-14T13:28:23.219+0000] {processor.py:157} INFO - Started process (PID=158) to work on /home/airflow/.local/lib/python3.7/site-packages/airflow/example_dags/example_branch_python_dop_operator_3.py
[2023-06-14T13:28:23.222+0000] {processor.py:826} INFO - Processing file /home/airflow/.local/lib/python3.7/site-packages/airflow/example_dags/example_branch_python_dop_operator_3.py for tasks to queue
[2023-06-14T13:28:23.224+0000] {logging_mixin.py:149} INFO - [2023-06-14T13:28:23.224+0000] {dagbag.py:541} INFO - Filling up the DagBag from /home/airflow/.local/lib/python3.7/site-packages/airflow/example_dags/example_branch_python_dop_operator_3.py
[2023-06-14T13:28:23.246+0000] {processor.py:836} INFO - DAG(s) dict_keys(['example_branch_dop_operator_v3']) retrieved from /home/airflow/.local/lib/python3.7/site-packages/airflow/example_dags/example_branch_python_dop_operator_3.py
[2023-06-14T13:28:23.298+0000] {logging_mixin.py:149} INFO - [2023-06-14T13:28:23.298+0000] {dag.py:2726} INFO - Sync 1 DAGs
[2023-06-14T13:28:23.339+0000] {logging_mixin.py:149} INFO - [2023-06-14T13:28:23.339+0000] {dag.py:3490} INFO - Setting next_dagrun for example_branch_dop_operator_v3 to 2023-06-14T13:27:00+00:00, run_after=2023-06-14T13:28:00+00:00
[2023-06-14T13:28:23.394+0000] {processor.py:179} INFO - Processing /home/airflow/.local/lib/python3.7/site-packages/airflow/example_dags/example_branch_python_dop_operator_3.py took 0.180 seconds
[2023-06-14T13:28:54.232+0000] {processor.py:157} INFO - Started process (PID=214) to work on /home/airflow/.local/lib/python3.7/site-packages/airflow/example_dags/example_branch_python_dop_operator_3.py
[2023-06-14T13:28:54.234+0000] {processor.py:826} INFO - Processing file /home/airflow/.local/lib/python3.7/site-packages/airflow/example_dags/example_branch_python_dop_operator_3.py for tasks to queue
[2023-06-14T13:28:54.235+0000] {logging_mixin.py:149} INFO - [2023-06-14T13:28:54.235+0000] {dagbag.py:541} INFO - Filling up the DagBag from /home/airflow/.local/lib/python3.7/site-packages/airflow/example_dags/example_branch_python_dop_operator_3.py
[2023-06-14T13:28:54.245+0000] {processor.py:836} INFO - DAG(s) dict_keys(['example_branch_dop_operator_v3']) retrieved from /home/airflow/.local/lib/python3.7/site-packages/airflow/example_dags/example_branch_python_dop_operator_3.py
[2023-06-14T13:28:54.280+0000] {logging_mixin.py:149} INFO - [2023-06-14T13:28:54.279+0000] {dag.py:2726} INFO - Sync 1 DAGs
[2023-06-14T13:28:54.303+0000] {logging_mixin.py:149} INFO - [2023-06-14T13:28:54.303+0000] {dag.py:3490} INFO - Setting next_dagrun for example_branch_dop_operator_v3 to 2023-06-14T13:27:00+00:00, run_after=2023-06-14T13:28:00+00:00
[2023-06-14T13:28:54.317+0000] {processor.py:179} INFO - Processing /home/airflow/.local/lib/python3.7/site-packages/airflow/example_dags/example_branch_python_dop_operator_3.py took 0.091 seconds
[2023-06-14T13:29:24.538+0000] {processor.py:157} INFO - Started process (PID=270) to work on /home/airflow/.local/lib/python3.7/site-packages/airflow/example_dags/example_branch_python_dop_operator_3.py
[2023-06-14T13:29:24.540+0000] {processor.py:826} INFO - Processing file /home/airflow/.local/lib/python3.7/site-packages/airflow/example_dags/example_branch_python_dop_operator_3.py for tasks to queue
[2023-06-14T13:29:24.542+0000] {logging_mixin.py:149} INFO - [2023-06-14T13:29:24.542+0000] {dagbag.py:541} INFO - Filling up the DagBag from /home/airflow/.local/lib/python3.7/site-packages/airflow/example_dags/example_branch_python_dop_operator_3.py
[2023-06-14T13:29:24.552+0000] {processor.py:836} INFO - DAG(s) dict_keys(['example_branch_dop_operator_v3']) retrieved from /home/airflow/.local/lib/python3.7/site-packages/airflow/example_dags/example_branch_python_dop_operator_3.py
[2023-06-14T13:29:24.579+0000] {logging_mixin.py:149} INFO - [2023-06-14T13:29:24.579+0000] {dag.py:2726} INFO - Sync 1 DAGs
[2023-06-14T13:29:24.598+0000] {logging_mixin.py:149} INFO - [2023-06-14T13:29:24.598+0000] {dag.py:3490} INFO - Setting next_dagrun for example_branch_dop_operator_v3 to 2023-06-14T13:28:00+00:00, run_after=2023-06-14T13:29:00+00:00
[2023-06-14T13:29:24.609+0000] {processor.py:179} INFO - Processing /home/airflow/.local/lib/python3.7/site-packages/airflow/example_dags/example_branch_python_dop_operator_3.py took 0.077 seconds
[2023-06-14T13:29:54.674+0000] {processor.py:157} INFO - Started process (PID=326) to work on /home/airflow/.local/lib/python3.7/site-packages/airflow/example_dags/example_branch_python_dop_operator_3.py
[2023-06-14T13:29:54.677+0000] {processor.py:826} INFO - Processing file /home/airflow/.local/lib/python3.7/site-packages/airflow/example_dags/example_branch_python_dop_operator_3.py for tasks to queue
[2023-06-14T13:29:54.679+0000] {logging_mixin.py:149} INFO - [2023-06-14T13:29:54.679+0000] {dagbag.py:541} INFO - Filling up the DagBag from /home/airflow/.local/lib/python3.7/site-packages/airflow/example_dags/example_branch_python_dop_operator_3.py
[2023-06-14T13:29:54.689+0000] {processor.py:836} INFO - DAG(s) dict_keys(['example_branch_dop_operator_v3']) retrieved from /home/airflow/.local/lib/python3.7/site-packages/airflow/example_dags/example_branch_python_dop_operator_3.py
[2023-06-14T13:29:54.715+0000] {logging_mixin.py:149} INFO - [2023-06-14T13:29:54.715+0000] {dag.py:2726} INFO - Sync 1 DAGs
[2023-06-14T13:29:54.734+0000] {logging_mixin.py:149} INFO - [2023-06-14T13:29:54.733+0000] {dag.py:3490} INFO - Setting next_dagrun for example_branch_dop_operator_v3 to 2023-06-14T13:28:00+00:00, run_after=2023-06-14T13:29:00+00:00
[2023-06-14T13:29:54.745+0000] {processor.py:179} INFO - Processing /home/airflow/.local/lib/python3.7/site-packages/airflow/example_dags/example_branch_python_dop_operator_3.py took 0.076 seconds
[2023-06-14T13:30:25.396+0000] {processor.py:157} INFO - Started process (PID=382) to work on /home/airflow/.local/lib/python3.7/site-packages/airflow/example_dags/example_branch_python_dop_operator_3.py
[2023-06-14T13:30:25.398+0000] {processor.py:826} INFO - Processing file /home/airflow/.local/lib/python3.7/site-packages/airflow/example_dags/example_branch_python_dop_operator_3.py for tasks to queue
[2023-06-14T13:30:25.400+0000] {logging_mixin.py:149} INFO - [2023-06-14T13:30:25.400+0000] {dagbag.py:541} INFO - Filling up the DagBag from /home/airflow/.local/lib/python3.7/site-packages/airflow/example_dags/example_branch_python_dop_operator_3.py
[2023-06-14T13:30:25.410+0000] {processor.py:836} INFO - DAG(s) dict_keys(['example_branch_dop_operator_v3']) retrieved from /home/airflow/.local/lib/python3.7/site-packages/airflow/example_dags/example_branch_python_dop_operator_3.py
[2023-06-14T13:30:25.435+0000] {logging_mixin.py:149} INFO - [2023-06-14T13:30:25.435+0000] {dag.py:2726} INFO - Sync 1 DAGs
[2023-06-14T13:30:25.455+0000] {logging_mixin.py:149} INFO - [2023-06-14T13:30:25.455+0000] {dag.py:3490} INFO - Setting next_dagrun for example_branch_dop_operator_v3 to 2023-06-14T13:29:00+00:00, run_after=2023-06-14T13:30:00+00:00
[2023-06-14T13:30:25.467+0000] {processor.py:179} INFO - Processing /home/airflow/.local/lib/python3.7/site-packages/airflow/example_dags/example_branch_python_dop_operator_3.py took 0.077 seconds
[2023-06-14T13:30:56.040+0000] {processor.py:157} INFO - Started process (PID=438) to work on /home/airflow/.local/lib/python3.7/site-packages/airflow/example_dags/example_branch_python_dop_operator_3.py
[2023-06-14T13:30:56.048+0000] {processor.py:826} INFO - Processing file /home/airflow/.local/lib/python3.7/site-packages/airflow/example_dags/example_branch_python_dop_operator_3.py for tasks to queue
[2023-06-14T13:30:56.053+0000] {logging_mixin.py:149} INFO - [2023-06-14T13:30:56.052+0000] {dagbag.py:541} INFO - Filling up the DagBag from /home/airflow/.local/lib/python3.7/site-packages/airflow/example_dags/example_branch_python_dop_operator_3.py
[2023-06-14T13:30:56.075+0000] {processor.py:836} INFO - DAG(s) dict_keys(['example_branch_dop_operator_v3']) retrieved from /home/airflow/.local/lib/python3.7/site-packages/airflow/example_dags/example_branch_python_dop_operator_3.py
[2023-06-14T13:30:56.153+0000] {logging_mixin.py:149} INFO - [2023-06-14T13:30:56.153+0000] {dag.py:2726} INFO - Sync 1 DAGs
[2023-06-14T13:30:56.181+0000] {logging_mixin.py:149} INFO - [2023-06-14T13:30:56.181+0000] {dag.py:3490} INFO - Setting next_dagrun for example_branch_dop_operator_v3 to 2023-06-14T13:29:00+00:00, run_after=2023-06-14T13:30:00+00:00
[2023-06-14T13:30:56.201+0000] {processor.py:179} INFO - Processing /home/airflow/.local/lib/python3.7/site-packages/airflow/example_dags/example_branch_python_dop_operator_3.py took 0.187 seconds
[2023-06-14T13:31:26.833+0000] {processor.py:157} INFO - Started process (PID=494) to work on /home/airflow/.local/lib/python3.7/site-packages/airflow/example_dags/example_branch_python_dop_operator_3.py
[2023-06-14T13:31:26.836+0000] {processor.py:826} INFO - Processing file /home/airflow/.local/lib/python3.7/site-packages/airflow/example_dags/example_branch_python_dop_operator_3.py for tasks to queue
[2023-06-14T13:31:26.838+0000] {logging_mixin.py:149} INFO - [2023-06-14T13:31:26.838+0000] {dagbag.py:541} INFO - Filling up the DagBag from /home/airflow/.local/lib/python3.7/site-packages/airflow/example_dags/example_branch_python_dop_operator_3.py
[2023-06-14T13:31:26.853+0000] {processor.py:836} INFO - DAG(s) dict_keys(['example_branch_dop_operator_v3']) retrieved from /home/airflow/.local/lib/python3.7/site-packages/airflow/example_dags/example_branch_python_dop_operator_3.py
[2023-06-14T13:31:26.879+0000] {logging_mixin.py:149} INFO - [2023-06-14T13:31:26.879+0000] {dag.py:2726} INFO - Sync 1 DAGs
[2023-06-14T13:31:26.899+0000] {logging_mixin.py:149} INFO - [2023-06-14T13:31:26.899+0000] {dag.py:3490} INFO - Setting next_dagrun for example_branch_dop_operator_v3 to 2023-06-14T13:30:00+00:00, run_after=2023-06-14T13:31:00+00:00
[2023-06-14T13:31:26.911+0000] {processor.py:179} INFO - Processing /home/airflow/.local/lib/python3.7/site-packages/airflow/example_dags/example_branch_python_dop_operator_3.py took 0.086 seconds
[2023-06-14T13:31:57.410+0000] {processor.py:157} INFO - Started process (PID=551) to work on /home/airflow/.local/lib/python3.7/site-packages/airflow/example_dags/example_branch_python_dop_operator_3.py
[2023-06-14T13:31:57.412+0000] {processor.py:826} INFO - Processing file /home/airflow/.local/lib/python3.7/site-packages/airflow/example_dags/example_branch_python_dop_operator_3.py for tasks to queue
[2023-06-14T13:31:57.413+0000] {logging_mixin.py:149} INFO - [2023-06-14T13:31:57.413+0000] {dagbag.py:541} INFO - Filling up the DagBag from /home/airflow/.local/lib/python3.7/site-packages/airflow/example_dags/example_branch_python_dop_operator_3.py
[2023-06-14T13:31:57.419+0000] {processor.py:836} INFO - DAG(s) dict_keys(['example_branch_dop_operator_v3']) retrieved from /home/airflow/.local/lib/python3.7/site-packages/airflow/example_dags/example_branch_python_dop_operator_3.py
[2023-06-14T13:31:57.442+0000] {logging_mixin.py:149} INFO - [2023-06-14T13:31:57.442+0000] {dag.py:2726} INFO - Sync 1 DAGs
[2023-06-14T13:31:57.463+0000] {logging_mixin.py:149} INFO - [2023-06-14T13:31:57.463+0000] {dag.py:3490} INFO - Setting next_dagrun for example_branch_dop_operator_v3 to 2023-06-14T13:30:00+00:00, run_after=2023-06-14T13:31:00+00:00
[2023-06-14T13:31:57.476+0000] {processor.py:179} INFO - Processing /home/airflow/.local/lib/python3.7/site-packages/airflow/example_dags/example_branch_python_dop_operator_3.py took 0.069 seconds
[2023-06-14T13:32:27.608+0000] {processor.py:157} INFO - Started process (PID=609) to work on /home/airflow/.local/lib/python3.7/site-packages/airflow/example_dags/example_branch_python_dop_operator_3.py
[2023-06-14T13:32:27.611+0000] {processor.py:826} INFO - Processing file /home/airflow/.local/lib/python3.7/site-packages/airflow/example_dags/example_branch_python_dop_operator_3.py for tasks to queue
[2023-06-14T13:32:27.612+0000] {logging_mixin.py:149} INFO - [2023-06-14T13:32:27.612+0000] {dagbag.py:541} INFO - Filling up the DagBag from /home/airflow/.local/lib/python3.7/site-packages/airflow/example_dags/example_branch_python_dop_operator_3.py
[2023-06-14T13:32:27.618+0000] {processor.py:836} INFO - DAG(s) dict_keys(['example_branch_dop_operator_v3']) retrieved from /home/airflow/.local/lib/python3.7/site-packages/airflow/example_dags/example_branch_python_dop_operator_3.py
[2023-06-14T13:32:27.644+0000] {logging_mixin.py:149} INFO - [2023-06-14T13:32:27.644+0000] {dag.py:2726} INFO - Sync 1 DAGs
[2023-06-14T13:32:27.663+0000] {logging_mixin.py:149} INFO - [2023-06-14T13:32:27.663+0000] {dag.py:3490} INFO - Setting next_dagrun for example_branch_dop_operator_v3 to 2023-06-14T13:31:00+00:00, run_after=2023-06-14T13:32:00+00:00
[2023-06-14T13:32:27.676+0000] {processor.py:179} INFO - Processing /home/airflow/.local/lib/python3.7/site-packages/airflow/example_dags/example_branch_python_dop_operator_3.py took 0.072 seconds
[2023-06-14T13:32:58.190+0000] {processor.py:157} INFO - Started process (PID=666) to work on /home/airflow/.local/lib/python3.7/site-packages/airflow/example_dags/example_branch_python_dop_operator_3.py
[2023-06-14T13:32:58.192+0000] {processor.py:826} INFO - Processing file /home/airflow/.local/lib/python3.7/site-packages/airflow/example_dags/example_branch_python_dop_operator_3.py for tasks to queue
[2023-06-14T13:32:58.194+0000] {logging_mixin.py:149} INFO - [2023-06-14T13:32:58.194+0000] {dagbag.py:541} INFO - Filling up the DagBag from /home/airflow/.local/lib/python3.7/site-packages/airflow/example_dags/example_branch_python_dop_operator_3.py
[2023-06-14T13:32:58.205+0000] {processor.py:836} INFO - DAG(s) dict_keys(['example_branch_dop_operator_v3']) retrieved from /home/airflow/.local/lib/python3.7/site-packages/airflow/example_dags/example_branch_python_dop_operator_3.py
[2023-06-14T13:32:58.231+0000] {logging_mixin.py:149} INFO - [2023-06-14T13:32:58.230+0000] {dag.py:2726} INFO - Sync 1 DAGs
[2023-06-14T13:32:58.249+0000] {logging_mixin.py:149} INFO - [2023-06-14T13:32:58.249+0000] {dag.py:3490} INFO - Setting next_dagrun for example_branch_dop_operator_v3 to 2023-06-14T13:31:00+00:00, run_after=2023-06-14T13:32:00+00:00
[2023-06-14T13:32:58.260+0000] {processor.py:179} INFO - Processing /home/airflow/.local/lib/python3.7/site-packages/airflow/example_dags/example_branch_python_dop_operator_3.py took 0.076 seconds
[2023-06-14T13:33:28.482+0000] {processor.py:157} INFO - Started process (PID=718) to work on /home/airflow/.local/lib/python3.7/site-packages/airflow/example_dags/example_branch_python_dop_operator_3.py
[2023-06-14T13:33:28.484+0000] {processor.py:826} INFO - Processing file /home/airflow/.local/lib/python3.7/site-packages/airflow/example_dags/example_branch_python_dop_operator_3.py for tasks to queue
[2023-06-14T13:33:28.486+0000] {logging_mixin.py:149} INFO - [2023-06-14T13:33:28.486+0000] {dagbag.py:541} INFO - Filling up the DagBag from /home/airflow/.local/lib/python3.7/site-packages/airflow/example_dags/example_branch_python_dop_operator_3.py
[2023-06-14T13:33:28.496+0000] {processor.py:836} INFO - DAG(s) dict_keys(['example_branch_dop_operator_v3']) retrieved from /home/airflow/.local/lib/python3.7/site-packages/airflow/example_dags/example_branch_python_dop_operator_3.py
[2023-06-14T13:33:28.523+0000] {logging_mixin.py:149} INFO - [2023-06-14T13:33:28.522+0000] {dag.py:2726} INFO - Sync 1 DAGs
[2023-06-14T13:33:28.541+0000] {logging_mixin.py:149} INFO - [2023-06-14T13:33:28.541+0000] {dag.py:3490} INFO - Setting next_dagrun for example_branch_dop_operator_v3 to 2023-06-14T13:32:00+00:00, run_after=2023-06-14T13:33:00+00:00
[2023-06-14T13:33:28.552+0000] {processor.py:179} INFO - Processing /home/airflow/.local/lib/python3.7/site-packages/airflow/example_dags/example_branch_python_dop_operator_3.py took 0.077 seconds
[2023-06-14T13:33:58.925+0000] {processor.py:157} INFO - Started process (PID=775) to work on /home/airflow/.local/lib/python3.7/site-packages/airflow/example_dags/example_branch_python_dop_operator_3.py
[2023-06-14T13:33:58.928+0000] {processor.py:826} INFO - Processing file /home/airflow/.local/lib/python3.7/site-packages/airflow/example_dags/example_branch_python_dop_operator_3.py for tasks to queue
[2023-06-14T13:33:58.930+0000] {logging_mixin.py:149} INFO - [2023-06-14T13:33:58.930+0000] {dagbag.py:541} INFO - Filling up the DagBag from /home/airflow/.local/lib/python3.7/site-packages/airflow/example_dags/example_branch_python_dop_operator_3.py
[2023-06-14T13:33:58.942+0000] {processor.py:836} INFO - DAG(s) dict_keys(['example_branch_dop_operator_v3']) retrieved from /home/airflow/.local/lib/python3.7/site-packages/airflow/example_dags/example_branch_python_dop_operator_3.py
[2023-06-14T13:33:58.968+0000] {logging_mixin.py:149} INFO - [2023-06-14T13:33:58.968+0000] {dag.py:2726} INFO - Sync 1 DAGs
[2023-06-14T13:33:58.988+0000] {logging_mixin.py:149} INFO - [2023-06-14T13:33:58.988+0000] {dag.py:3490} INFO - Setting next_dagrun for example_branch_dop_operator_v3 to 2023-06-14T13:32:00+00:00, run_after=2023-06-14T13:33:00+00:00
[2023-06-14T13:33:58.999+0000] {processor.py:179} INFO - Processing /home/airflow/.local/lib/python3.7/site-packages/airflow/example_dags/example_branch_python_dop_operator_3.py took 0.083 seconds
[2023-06-14T13:34:29.758+0000] {processor.py:157} INFO - Started process (PID=832) to work on /home/airflow/.local/lib/python3.7/site-packages/airflow/example_dags/example_branch_python_dop_operator_3.py
[2023-06-14T13:34:29.760+0000] {processor.py:826} INFO - Processing file /home/airflow/.local/lib/python3.7/site-packages/airflow/example_dags/example_branch_python_dop_operator_3.py for tasks to queue
[2023-06-14T13:34:29.762+0000] {logging_mixin.py:149} INFO - [2023-06-14T13:34:29.762+0000] {dagbag.py:541} INFO - Filling up the DagBag from /home/airflow/.local/lib/python3.7/site-packages/airflow/example_dags/example_branch_python_dop_operator_3.py
[2023-06-14T13:34:29.771+0000] {processor.py:836} INFO - DAG(s) dict_keys(['example_branch_dop_operator_v3']) retrieved from /home/airflow/.local/lib/python3.7/site-packages/airflow/example_dags/example_branch_python_dop_operator_3.py
[2023-06-14T13:34:29.797+0000] {logging_mixin.py:149} INFO - [2023-06-14T13:34:29.797+0000] {dag.py:2726} INFO - Sync 1 DAGs
[2023-06-14T13:34:29.816+0000] {logging_mixin.py:149} INFO - [2023-06-14T13:34:29.816+0000] {dag.py:3490} INFO - Setting next_dagrun for example_branch_dop_operator_v3 to 2023-06-14T13:33:00+00:00, run_after=2023-06-14T13:34:00+00:00
[2023-06-14T13:34:29.827+0000] {processor.py:179} INFO - Processing /home/airflow/.local/lib/python3.7/site-packages/airflow/example_dags/example_branch_python_dop_operator_3.py took 0.074 seconds
[2023-06-14T13:35:00.315+0000] {processor.py:157} INFO - Started process (PID=889) to work on /home/airflow/.local/lib/python3.7/site-packages/airflow/example_dags/example_branch_python_dop_operator_3.py
[2023-06-14T13:35:00.318+0000] {processor.py:826} INFO - Processing file /home/airflow/.local/lib/python3.7/site-packages/airflow/example_dags/example_branch_python_dop_operator_3.py for tasks to queue
[2023-06-14T13:35:00.320+0000] {logging_mixin.py:149} INFO - [2023-06-14T13:35:00.320+0000] {dagbag.py:541} INFO - Filling up the DagBag from /home/airflow/.local/lib/python3.7/site-packages/airflow/example_dags/example_branch_python_dop_operator_3.py
[2023-06-14T13:35:00.333+0000] {processor.py:836} INFO - DAG(s) dict_keys(['example_branch_dop_operator_v3']) retrieved from /home/airflow/.local/lib/python3.7/site-packages/airflow/example_dags/example_branch_python_dop_operator_3.py
[2023-06-14T13:35:00.363+0000] {logging_mixin.py:149} INFO - [2023-06-14T13:35:00.363+0000] {dag.py:2726} INFO - Sync 1 DAGs
[2023-06-14T13:35:00.385+0000] {logging_mixin.py:149} INFO - [2023-06-14T13:35:00.385+0000] {dag.py:3490} INFO - Setting next_dagrun for example_branch_dop_operator_v3 to 2023-06-14T13:34:00+00:00, run_after=2023-06-14T13:35:00+00:00
[2023-06-14T13:35:00.398+0000] {processor.py:179} INFO - Processing /home/airflow/.local/lib/python3.7/site-packages/airflow/example_dags/example_branch_python_dop_operator_3.py took 0.091 seconds
