[2023-06-14T13:27:15.661+0000] {processor.py:157} INFO - Started process (PID=37) to work on /home/airflow/.local/lib/python3.7/site-packages/airflow/example_dags/example_datasets.py
[2023-06-14T13:27:15.679+0000] {processor.py:826} INFO - Processing file /home/airflow/.local/lib/python3.7/site-packages/airflow/example_dags/example_datasets.py for tasks to queue
[2023-06-14T13:27:15.680+0000] {logging_mixin.py:149} INFO - [2023-06-14T13:27:15.680+0000] {dagbag.py:541} INFO - Filling up the DagBag from /home/airflow/.local/lib/python3.7/site-packages/airflow/example_dags/example_datasets.py
[2023-06-14T13:27:15.734+0000] {processor.py:836} INFO - DAG(s) dict_keys(['dataset_consumes_1_and_2', 'dataset_consumes_unknown_never_scheduled', 'dataset_produces_1', 'dataset_produces_2', 'dataset_consumes_1_never_scheduled', 'dataset_consumes_1']) retrieved from /home/airflow/.local/lib/python3.7/site-packages/airflow/example_dags/example_datasets.py
[2023-06-14T13:27:16.035+0000] {logging_mixin.py:149} INFO - [2023-06-14T13:27:16.034+0000] {manager.py:504} INFO - Created Permission View: can edit on DAG:dataset_consumes_1_and_2
[2023-06-14T13:27:16.226+0000] {logging_mixin.py:149} INFO - [2023-06-14T13:27:16.226+0000] {manager.py:504} INFO - Created Permission View: can read on DAG:dataset_consumes_1_and_2
[2023-06-14T13:27:16.253+0000] {logging_mixin.py:149} INFO - [2023-06-14T13:27:16.253+0000] {manager.py:504} INFO - Created Permission View: can delete on DAG:dataset_consumes_1_and_2
[2023-06-14T13:27:16.285+0000] {logging_mixin.py:149} INFO - [2023-06-14T13:27:16.284+0000] {manager.py:504} INFO - Created Permission View: can edit on DAG:dataset_consumes_unknown_never_scheduled
[2023-06-14T13:27:16.363+0000] {logging_mixin.py:149} INFO - [2023-06-14T13:27:16.362+0000] {manager.py:504} INFO - Created Permission View: can read on DAG:dataset_consumes_unknown_never_scheduled
[2023-06-14T13:27:16.392+0000] {logging_mixin.py:149} INFO - [2023-06-14T13:27:16.391+0000] {manager.py:504} INFO - Created Permission View: can delete on DAG:dataset_consumes_unknown_never_scheduled
[2023-06-14T13:27:16.413+0000] {logging_mixin.py:149} INFO - [2023-06-14T13:27:16.413+0000] {manager.py:504} INFO - Created Permission View: can edit on DAG:dataset_produces_1
[2023-06-14T13:27:16.448+0000] {logging_mixin.py:149} INFO - [2023-06-14T13:27:16.448+0000] {manager.py:504} INFO - Created Permission View: can read on DAG:dataset_produces_1
[2023-06-14T13:27:16.506+0000] {logging_mixin.py:149} INFO - [2023-06-14T13:27:16.505+0000] {manager.py:504} INFO - Created Permission View: can delete on DAG:dataset_produces_1
[2023-06-14T13:27:16.546+0000] {logging_mixin.py:149} INFO - [2023-06-14T13:27:16.546+0000] {manager.py:504} INFO - Created Permission View: can edit on DAG:dataset_produces_2
[2023-06-14T13:27:16.572+0000] {logging_mixin.py:149} INFO - [2023-06-14T13:27:16.571+0000] {manager.py:504} INFO - Created Permission View: can read on DAG:dataset_produces_2
[2023-06-14T13:27:16.602+0000] {logging_mixin.py:149} INFO - [2023-06-14T13:27:16.602+0000] {manager.py:504} INFO - Created Permission View: can delete on DAG:dataset_produces_2
[2023-06-14T13:27:16.654+0000] {logging_mixin.py:149} INFO - [2023-06-14T13:27:16.654+0000] {manager.py:504} INFO - Created Permission View: can edit on DAG:dataset_consumes_1_never_scheduled
[2023-06-14T13:27:16.673+0000] {logging_mixin.py:149} INFO - [2023-06-14T13:27:16.673+0000] {manager.py:504} INFO - Created Permission View: can read on DAG:dataset_consumes_1_never_scheduled
[2023-06-14T13:27:16.697+0000] {logging_mixin.py:149} INFO - [2023-06-14T13:27:16.697+0000] {manager.py:504} INFO - Created Permission View: can delete on DAG:dataset_consumes_1_never_scheduled
[2023-06-14T13:27:16.733+0000] {logging_mixin.py:149} INFO - [2023-06-14T13:27:16.733+0000] {manager.py:504} INFO - Created Permission View: can edit on DAG:dataset_consumes_1
[2023-06-14T13:27:16.752+0000] {logging_mixin.py:149} INFO - [2023-06-14T13:27:16.751+0000] {manager.py:504} INFO - Created Permission View: can read on DAG:dataset_consumes_1
[2023-06-14T13:27:16.791+0000] {logging_mixin.py:149} INFO - [2023-06-14T13:27:16.791+0000] {manager.py:504} INFO - Created Permission View: can delete on DAG:dataset_consumes_1
[2023-06-14T13:27:16.801+0000] {logging_mixin.py:149} INFO - [2023-06-14T13:27:16.801+0000] {dag.py:2726} INFO - Sync 6 DAGs
[2023-06-14T13:27:16.820+0000] {logging_mixin.py:149} INFO - [2023-06-14T13:27:16.820+0000] {dag.py:2747} INFO - Creating ORM DAG for dataset_consumes_1_never_scheduled
[2023-06-14T13:27:16.824+0000] {logging_mixin.py:149} INFO - [2023-06-14T13:27:16.824+0000] {dag.py:2747} INFO - Creating ORM DAG for dataset_consumes_1
[2023-06-14T13:27:16.832+0000] {logging_mixin.py:149} INFO - [2023-06-14T13:27:16.832+0000] {dag.py:2747} INFO - Creating ORM DAG for dataset_produces_2
[2023-06-14T13:27:16.844+0000] {logging_mixin.py:149} INFO - [2023-06-14T13:27:16.844+0000] {dag.py:2747} INFO - Creating ORM DAG for dataset_consumes_1_and_2
[2023-06-14T13:27:16.849+0000] {logging_mixin.py:149} INFO - [2023-06-14T13:27:16.849+0000] {dag.py:2747} INFO - Creating ORM DAG for dataset_produces_1
[2023-06-14T13:27:16.854+0000] {logging_mixin.py:149} INFO - [2023-06-14T13:27:16.854+0000] {dag.py:2747} INFO - Creating ORM DAG for dataset_consumes_unknown_never_scheduled
[2023-06-14T13:27:16.887+0000] {logging_mixin.py:149} INFO - [2023-06-14T13:27:16.887+0000] {dag.py:3490} INFO - Setting next_dagrun for dataset_consumes_1 to None, run_after=None
[2023-06-14T13:27:16.900+0000] {logging_mixin.py:149} INFO - [2023-06-14T13:27:16.899+0000] {dag.py:3490} INFO - Setting next_dagrun for dataset_consumes_1_and_2 to None, run_after=None
[2023-06-14T13:27:16.904+0000] {logging_mixin.py:149} INFO - [2023-06-14T13:27:16.904+0000] {dag.py:3490} INFO - Setting next_dagrun for dataset_consumes_1_never_scheduled to None, run_after=None
[2023-06-14T13:27:16.908+0000] {logging_mixin.py:149} INFO - [2023-06-14T13:27:16.907+0000] {dag.py:3490} INFO - Setting next_dagrun for dataset_consumes_unknown_never_scheduled to None, run_after=None
[2023-06-14T13:27:16.922+0000] {logging_mixin.py:149} INFO - [2023-06-14T13:27:16.922+0000] {dag.py:3490} INFO - Setting next_dagrun for dataset_produces_1 to 2023-06-13T00:00:00+00:00, run_after=2023-06-14T00:00:00+00:00
[2023-06-14T13:27:16.953+0000] {logging_mixin.py:149} INFO - [2023-06-14T13:27:16.953+0000] {dag.py:3490} INFO - Setting next_dagrun for dataset_produces_2 to None, run_after=None
[2023-06-14T13:27:17.065+0000] {processor.py:179} INFO - Processing /home/airflow/.local/lib/python3.7/site-packages/airflow/example_dags/example_datasets.py took 1.421 seconds
[2023-06-14T13:27:49.398+0000] {processor.py:157} INFO - Started process (PID=93) to work on /home/airflow/.local/lib/python3.7/site-packages/airflow/example_dags/example_datasets.py
[2023-06-14T13:27:49.401+0000] {processor.py:826} INFO - Processing file /home/airflow/.local/lib/python3.7/site-packages/airflow/example_dags/example_datasets.py for tasks to queue
[2023-06-14T13:27:49.404+0000] {logging_mixin.py:149} INFO - [2023-06-14T13:27:49.403+0000] {dagbag.py:541} INFO - Filling up the DagBag from /home/airflow/.local/lib/python3.7/site-packages/airflow/example_dags/example_datasets.py
[2023-06-14T13:27:49.414+0000] {processor.py:836} INFO - DAG(s) dict_keys(['dataset_produces_1', 'dataset_consumes_unknown_never_scheduled', 'dataset_consumes_1_never_scheduled', 'dataset_consumes_1', 'dataset_consumes_1_and_2', 'dataset_produces_2']) retrieved from /home/airflow/.local/lib/python3.7/site-packages/airflow/example_dags/example_datasets.py
[2023-06-14T13:27:49.482+0000] {logging_mixin.py:149} INFO - [2023-06-14T13:27:49.482+0000] {dag.py:2726} INFO - Sync 6 DAGs
[2023-06-14T13:27:49.533+0000] {logging_mixin.py:149} INFO - [2023-06-14T13:27:49.533+0000] {dag.py:3490} INFO - Setting next_dagrun for dataset_consumes_1 to None, run_after=None
[2023-06-14T13:27:49.543+0000] {logging_mixin.py:149} INFO - [2023-06-14T13:27:49.542+0000] {dag.py:3490} INFO - Setting next_dagrun for dataset_consumes_1_and_2 to None, run_after=None
[2023-06-14T13:27:49.547+0000] {logging_mixin.py:149} INFO - [2023-06-14T13:27:49.547+0000] {dag.py:3490} INFO - Setting next_dagrun for dataset_consumes_1_never_scheduled to None, run_after=None
[2023-06-14T13:27:49.552+0000] {logging_mixin.py:149} INFO - [2023-06-14T13:27:49.552+0000] {dag.py:3490} INFO - Setting next_dagrun for dataset_consumes_unknown_never_scheduled to None, run_after=None
[2023-06-14T13:27:49.558+0000] {logging_mixin.py:149} INFO - [2023-06-14T13:27:49.557+0000] {dag.py:3490} INFO - Setting next_dagrun for dataset_produces_1 to 2023-06-13T00:00:00+00:00, run_after=2023-06-14T00:00:00+00:00
[2023-06-14T13:27:49.568+0000] {logging_mixin.py:149} INFO - [2023-06-14T13:27:49.567+0000] {dag.py:3490} INFO - Setting next_dagrun for dataset_produces_2 to None, run_after=None
[2023-06-14T13:27:49.642+0000] {processor.py:179} INFO - Processing /home/airflow/.local/lib/python3.7/site-packages/airflow/example_dags/example_datasets.py took 0.249 seconds
[2023-06-14T13:28:19.886+0000] {processor.py:157} INFO - Started process (PID=149) to work on /home/airflow/.local/lib/python3.7/site-packages/airflow/example_dags/example_datasets.py
[2023-06-14T13:28:19.888+0000] {processor.py:826} INFO - Processing file /home/airflow/.local/lib/python3.7/site-packages/airflow/example_dags/example_datasets.py for tasks to queue
[2023-06-14T13:28:19.891+0000] {logging_mixin.py:149} INFO - [2023-06-14T13:28:19.890+0000] {dagbag.py:541} INFO - Filling up the DagBag from /home/airflow/.local/lib/python3.7/site-packages/airflow/example_dags/example_datasets.py
[2023-06-14T13:28:19.908+0000] {processor.py:836} INFO - DAG(s) dict_keys(['dataset_consumes_unknown_never_scheduled', 'dataset_produces_2', 'dataset_produces_1', 'dataset_consumes_1_and_2', 'dataset_consumes_1', 'dataset_consumes_1_never_scheduled']) retrieved from /home/airflow/.local/lib/python3.7/site-packages/airflow/example_dags/example_datasets.py
[2023-06-14T13:28:19.981+0000] {logging_mixin.py:149} INFO - [2023-06-14T13:28:19.981+0000] {dag.py:2726} INFO - Sync 6 DAGs
[2023-06-14T13:28:20.010+0000] {logging_mixin.py:149} INFO - [2023-06-14T13:28:20.010+0000] {dag.py:3490} INFO - Setting next_dagrun for dataset_consumes_1 to None, run_after=None
[2023-06-14T13:28:20.016+0000] {logging_mixin.py:149} INFO - [2023-06-14T13:28:20.016+0000] {dag.py:3490} INFO - Setting next_dagrun for dataset_consumes_1_and_2 to None, run_after=None
[2023-06-14T13:28:20.019+0000] {logging_mixin.py:149} INFO - [2023-06-14T13:28:20.019+0000] {dag.py:3490} INFO - Setting next_dagrun for dataset_consumes_1_never_scheduled to None, run_after=None
[2023-06-14T13:28:20.023+0000] {logging_mixin.py:149} INFO - [2023-06-14T13:28:20.023+0000] {dag.py:3490} INFO - Setting next_dagrun for dataset_consumes_unknown_never_scheduled to None, run_after=None
[2023-06-14T13:28:20.031+0000] {logging_mixin.py:149} INFO - [2023-06-14T13:28:20.031+0000] {dag.py:3490} INFO - Setting next_dagrun for dataset_produces_1 to 2023-06-13T00:00:00+00:00, run_after=2023-06-14T00:00:00+00:00
[2023-06-14T13:28:20.036+0000] {logging_mixin.py:149} INFO - [2023-06-14T13:28:20.035+0000] {dag.py:3490} INFO - Setting next_dagrun for dataset_produces_2 to None, run_after=None
[2023-06-14T13:28:20.110+0000] {processor.py:179} INFO - Processing /home/airflow/.local/lib/python3.7/site-packages/airflow/example_dags/example_datasets.py took 0.231 seconds
[2023-06-14T13:28:50.614+0000] {processor.py:157} INFO - Started process (PID=200) to work on /home/airflow/.local/lib/python3.7/site-packages/airflow/example_dags/example_datasets.py
[2023-06-14T13:28:50.616+0000] {processor.py:826} INFO - Processing file /home/airflow/.local/lib/python3.7/site-packages/airflow/example_dags/example_datasets.py for tasks to queue
[2023-06-14T13:28:50.616+0000] {logging_mixin.py:149} INFO - [2023-06-14T13:28:50.616+0000] {dagbag.py:541} INFO - Filling up the DagBag from /home/airflow/.local/lib/python3.7/site-packages/airflow/example_dags/example_datasets.py
[2023-06-14T13:28:50.623+0000] {processor.py:836} INFO - DAG(s) dict_keys(['dataset_consumes_1_never_scheduled', 'dataset_consumes_1', 'dataset_consumes_1_and_2', 'dataset_produces_2', 'dataset_produces_1', 'dataset_consumes_unknown_never_scheduled']) retrieved from /home/airflow/.local/lib/python3.7/site-packages/airflow/example_dags/example_datasets.py
[2023-06-14T13:28:50.651+0000] {logging_mixin.py:149} INFO - [2023-06-14T13:28:50.651+0000] {dag.py:2726} INFO - Sync 6 DAGs
[2023-06-14T13:28:50.669+0000] {logging_mixin.py:149} INFO - [2023-06-14T13:28:50.669+0000] {dag.py:3490} INFO - Setting next_dagrun for dataset_consumes_1 to None, run_after=None
[2023-06-14T13:28:50.671+0000] {logging_mixin.py:149} INFO - [2023-06-14T13:28:50.671+0000] {dag.py:3490} INFO - Setting next_dagrun for dataset_consumes_1_and_2 to None, run_after=None
[2023-06-14T13:28:50.673+0000] {logging_mixin.py:149} INFO - [2023-06-14T13:28:50.673+0000] {dag.py:3490} INFO - Setting next_dagrun for dataset_consumes_1_never_scheduled to None, run_after=None
[2023-06-14T13:28:50.674+0000] {logging_mixin.py:149} INFO - [2023-06-14T13:28:50.674+0000] {dag.py:3490} INFO - Setting next_dagrun for dataset_consumes_unknown_never_scheduled to None, run_after=None
[2023-06-14T13:28:50.676+0000] {logging_mixin.py:149} INFO - [2023-06-14T13:28:50.676+0000] {dag.py:3490} INFO - Setting next_dagrun for dataset_produces_1 to 2023-06-13T00:00:00+00:00, run_after=2023-06-14T00:00:00+00:00
[2023-06-14T13:28:50.677+0000] {logging_mixin.py:149} INFO - [2023-06-14T13:28:50.677+0000] {dag.py:3490} INFO - Setting next_dagrun for dataset_produces_2 to None, run_after=None
[2023-06-14T13:28:50.697+0000] {processor.py:179} INFO - Processing /home/airflow/.local/lib/python3.7/site-packages/airflow/example_dags/example_datasets.py took 0.085 seconds
[2023-06-14T13:29:21.064+0000] {processor.py:157} INFO - Started process (PID=256) to work on /home/airflow/.local/lib/python3.7/site-packages/airflow/example_dags/example_datasets.py
[2023-06-14T13:29:21.065+0000] {processor.py:826} INFO - Processing file /home/airflow/.local/lib/python3.7/site-packages/airflow/example_dags/example_datasets.py for tasks to queue
[2023-06-14T13:29:21.066+0000] {logging_mixin.py:149} INFO - [2023-06-14T13:29:21.066+0000] {dagbag.py:541} INFO - Filling up the DagBag from /home/airflow/.local/lib/python3.7/site-packages/airflow/example_dags/example_datasets.py
[2023-06-14T13:29:21.073+0000] {processor.py:836} INFO - DAG(s) dict_keys(['dataset_consumes_unknown_never_scheduled', 'dataset_produces_1', 'dataset_consumes_1_never_scheduled', 'dataset_consumes_1_and_2', 'dataset_produces_2', 'dataset_consumes_1']) retrieved from /home/airflow/.local/lib/python3.7/site-packages/airflow/example_dags/example_datasets.py
[2023-06-14T13:29:21.101+0000] {logging_mixin.py:149} INFO - [2023-06-14T13:29:21.101+0000] {dag.py:2726} INFO - Sync 6 DAGs
[2023-06-14T13:29:21.118+0000] {logging_mixin.py:149} INFO - [2023-06-14T13:29:21.118+0000] {dag.py:3490} INFO - Setting next_dagrun for dataset_consumes_1 to None, run_after=None
[2023-06-14T13:29:21.120+0000] {logging_mixin.py:149} INFO - [2023-06-14T13:29:21.120+0000] {dag.py:3490} INFO - Setting next_dagrun for dataset_consumes_1_and_2 to None, run_after=None
[2023-06-14T13:29:21.121+0000] {logging_mixin.py:149} INFO - [2023-06-14T13:29:21.121+0000] {dag.py:3490} INFO - Setting next_dagrun for dataset_consumes_1_never_scheduled to None, run_after=None
[2023-06-14T13:29:21.122+0000] {logging_mixin.py:149} INFO - [2023-06-14T13:29:21.122+0000] {dag.py:3490} INFO - Setting next_dagrun for dataset_consumes_unknown_never_scheduled to None, run_after=None
[2023-06-14T13:29:21.124+0000] {logging_mixin.py:149} INFO - [2023-06-14T13:29:21.124+0000] {dag.py:3490} INFO - Setting next_dagrun for dataset_produces_1 to 2023-06-13T00:00:00+00:00, run_after=2023-06-14T00:00:00+00:00
[2023-06-14T13:29:21.126+0000] {logging_mixin.py:149} INFO - [2023-06-14T13:29:21.125+0000] {dag.py:3490} INFO - Setting next_dagrun for dataset_produces_2 to None, run_after=None
[2023-06-14T13:29:21.145+0000] {processor.py:179} INFO - Processing /home/airflow/.local/lib/python3.7/site-packages/airflow/example_dags/example_datasets.py took 0.084 seconds
[2023-06-14T13:29:51.224+0000] {processor.py:157} INFO - Started process (PID=312) to work on /home/airflow/.local/lib/python3.7/site-packages/airflow/example_dags/example_datasets.py
[2023-06-14T13:29:51.225+0000] {processor.py:826} INFO - Processing file /home/airflow/.local/lib/python3.7/site-packages/airflow/example_dags/example_datasets.py for tasks to queue
[2023-06-14T13:29:51.226+0000] {logging_mixin.py:149} INFO - [2023-06-14T13:29:51.226+0000] {dagbag.py:541} INFO - Filling up the DagBag from /home/airflow/.local/lib/python3.7/site-packages/airflow/example_dags/example_datasets.py
[2023-06-14T13:29:51.233+0000] {processor.py:836} INFO - DAG(s) dict_keys(['dataset_produces_2', 'dataset_consumes_1_and_2', 'dataset_produces_1', 'dataset_consumes_1', 'dataset_consumes_1_never_scheduled', 'dataset_consumes_unknown_never_scheduled']) retrieved from /home/airflow/.local/lib/python3.7/site-packages/airflow/example_dags/example_datasets.py
[2023-06-14T13:29:51.261+0000] {logging_mixin.py:149} INFO - [2023-06-14T13:29:51.261+0000] {dag.py:2726} INFO - Sync 6 DAGs
[2023-06-14T13:29:51.277+0000] {logging_mixin.py:149} INFO - [2023-06-14T13:29:51.277+0000] {dag.py:3490} INFO - Setting next_dagrun for dataset_consumes_1 to None, run_after=None
[2023-06-14T13:29:51.280+0000] {logging_mixin.py:149} INFO - [2023-06-14T13:29:51.279+0000] {dag.py:3490} INFO - Setting next_dagrun for dataset_consumes_1_and_2 to None, run_after=None
[2023-06-14T13:29:51.281+0000] {logging_mixin.py:149} INFO - [2023-06-14T13:29:51.281+0000] {dag.py:3490} INFO - Setting next_dagrun for dataset_consumes_1_never_scheduled to None, run_after=None
[2023-06-14T13:29:51.281+0000] {logging_mixin.py:149} INFO - [2023-06-14T13:29:51.281+0000] {dag.py:3490} INFO - Setting next_dagrun for dataset_consumes_unknown_never_scheduled to None, run_after=None
[2023-06-14T13:29:51.284+0000] {logging_mixin.py:149} INFO - [2023-06-14T13:29:51.284+0000] {dag.py:3490} INFO - Setting next_dagrun for dataset_produces_1 to 2023-06-13T00:00:00+00:00, run_after=2023-06-14T00:00:00+00:00
[2023-06-14T13:29:51.285+0000] {logging_mixin.py:149} INFO - [2023-06-14T13:29:51.285+0000] {dag.py:3490} INFO - Setting next_dagrun for dataset_produces_2 to None, run_after=None
[2023-06-14T13:29:51.306+0000] {processor.py:179} INFO - Processing /home/airflow/.local/lib/python3.7/site-packages/airflow/example_dags/example_datasets.py took 0.086 seconds
[2023-06-14T13:30:21.891+0000] {processor.py:157} INFO - Started process (PID=368) to work on /home/airflow/.local/lib/python3.7/site-packages/airflow/example_dags/example_datasets.py
[2023-06-14T13:30:21.893+0000] {processor.py:826} INFO - Processing file /home/airflow/.local/lib/python3.7/site-packages/airflow/example_dags/example_datasets.py for tasks to queue
[2023-06-14T13:30:21.894+0000] {logging_mixin.py:149} INFO - [2023-06-14T13:30:21.894+0000] {dagbag.py:541} INFO - Filling up the DagBag from /home/airflow/.local/lib/python3.7/site-packages/airflow/example_dags/example_datasets.py
[2023-06-14T13:30:21.903+0000] {processor.py:836} INFO - DAG(s) dict_keys(['dataset_consumes_1_and_2', 'dataset_consumes_1', 'dataset_consumes_1_never_scheduled', 'dataset_consumes_unknown_never_scheduled', 'dataset_produces_1', 'dataset_produces_2']) retrieved from /home/airflow/.local/lib/python3.7/site-packages/airflow/example_dags/example_datasets.py
[2023-06-14T13:30:21.948+0000] {logging_mixin.py:149} INFO - [2023-06-14T13:30:21.947+0000] {dag.py:2726} INFO - Sync 6 DAGs
[2023-06-14T13:30:21.968+0000] {logging_mixin.py:149} INFO - [2023-06-14T13:30:21.968+0000] {dag.py:3490} INFO - Setting next_dagrun for dataset_consumes_1 to None, run_after=None
[2023-06-14T13:30:21.973+0000] {logging_mixin.py:149} INFO - [2023-06-14T13:30:21.973+0000] {dag.py:3490} INFO - Setting next_dagrun for dataset_consumes_1_and_2 to None, run_after=None
[2023-06-14T13:30:21.975+0000] {logging_mixin.py:149} INFO - [2023-06-14T13:30:21.975+0000] {dag.py:3490} INFO - Setting next_dagrun for dataset_consumes_1_never_scheduled to None, run_after=None
[2023-06-14T13:30:21.977+0000] {logging_mixin.py:149} INFO - [2023-06-14T13:30:21.977+0000] {dag.py:3490} INFO - Setting next_dagrun for dataset_consumes_unknown_never_scheduled to None, run_after=None
[2023-06-14T13:30:21.980+0000] {logging_mixin.py:149} INFO - [2023-06-14T13:30:21.980+0000] {dag.py:3490} INFO - Setting next_dagrun for dataset_produces_1 to 2023-06-13T00:00:00+00:00, run_after=2023-06-14T00:00:00+00:00
[2023-06-14T13:30:21.982+0000] {logging_mixin.py:149} INFO - [2023-06-14T13:30:21.982+0000] {dag.py:3490} INFO - Setting next_dagrun for dataset_produces_2 to None, run_after=None
[2023-06-14T13:30:22.007+0000] {processor.py:179} INFO - Processing /home/airflow/.local/lib/python3.7/site-packages/airflow/example_dags/example_datasets.py took 0.119 seconds
[2023-06-14T13:30:52.951+0000] {processor.py:157} INFO - Started process (PID=424) to work on /home/airflow/.local/lib/python3.7/site-packages/airflow/example_dags/example_datasets.py
[2023-06-14T13:30:52.958+0000] {processor.py:826} INFO - Processing file /home/airflow/.local/lib/python3.7/site-packages/airflow/example_dags/example_datasets.py for tasks to queue
[2023-06-14T13:30:52.961+0000] {logging_mixin.py:149} INFO - [2023-06-14T13:30:52.961+0000] {dagbag.py:541} INFO - Filling up the DagBag from /home/airflow/.local/lib/python3.7/site-packages/airflow/example_dags/example_datasets.py
[2023-06-14T13:30:52.978+0000] {processor.py:836} INFO - DAG(s) dict_keys(['dataset_consumes_unknown_never_scheduled', 'dataset_produces_1', 'dataset_consumes_1_never_scheduled', 'dataset_consumes_1_and_2', 'dataset_produces_2', 'dataset_consumes_1']) retrieved from /home/airflow/.local/lib/python3.7/site-packages/airflow/example_dags/example_datasets.py
[2023-06-14T13:30:53.048+0000] {logging_mixin.py:149} INFO - [2023-06-14T13:30:53.048+0000] {dag.py:2726} INFO - Sync 6 DAGs
[2023-06-14T13:30:53.095+0000] {logging_mixin.py:149} INFO - [2023-06-14T13:30:53.095+0000] {dag.py:3490} INFO - Setting next_dagrun for dataset_consumes_1 to None, run_after=None
[2023-06-14T13:30:53.103+0000] {logging_mixin.py:149} INFO - [2023-06-14T13:30:53.103+0000] {dag.py:3490} INFO - Setting next_dagrun for dataset_consumes_1_and_2 to None, run_after=None
[2023-06-14T13:30:53.106+0000] {logging_mixin.py:149} INFO - [2023-06-14T13:30:53.106+0000] {dag.py:3490} INFO - Setting next_dagrun for dataset_consumes_1_never_scheduled to None, run_after=None
[2023-06-14T13:30:53.108+0000] {logging_mixin.py:149} INFO - [2023-06-14T13:30:53.108+0000] {dag.py:3490} INFO - Setting next_dagrun for dataset_consumes_unknown_never_scheduled to None, run_after=None
[2023-06-14T13:30:53.113+0000] {logging_mixin.py:149} INFO - [2023-06-14T13:30:53.113+0000] {dag.py:3490} INFO - Setting next_dagrun for dataset_produces_1 to 2023-06-13T00:00:00+00:00, run_after=2023-06-14T00:00:00+00:00
[2023-06-14T13:30:53.116+0000] {logging_mixin.py:149} INFO - [2023-06-14T13:30:53.116+0000] {dag.py:3490} INFO - Setting next_dagrun for dataset_produces_2 to None, run_after=None
[2023-06-14T13:30:53.192+0000] {processor.py:179} INFO - Processing /home/airflow/.local/lib/python3.7/site-packages/airflow/example_dags/example_datasets.py took 0.252 seconds
[2023-06-14T13:31:23.221+0000] {processor.py:157} INFO - Started process (PID=480) to work on /home/airflow/.local/lib/python3.7/site-packages/airflow/example_dags/example_datasets.py
[2023-06-14T13:31:23.222+0000] {processor.py:826} INFO - Processing file /home/airflow/.local/lib/python3.7/site-packages/airflow/example_dags/example_datasets.py for tasks to queue
[2023-06-14T13:31:23.223+0000] {logging_mixin.py:149} INFO - [2023-06-14T13:31:23.223+0000] {dagbag.py:541} INFO - Filling up the DagBag from /home/airflow/.local/lib/python3.7/site-packages/airflow/example_dags/example_datasets.py
[2023-06-14T13:31:23.230+0000] {processor.py:836} INFO - DAG(s) dict_keys(['dataset_consumes_1_and_2', 'dataset_consumes_unknown_never_scheduled', 'dataset_produces_1', 'dataset_consumes_1_never_scheduled', 'dataset_consumes_1', 'dataset_produces_2']) retrieved from /home/airflow/.local/lib/python3.7/site-packages/airflow/example_dags/example_datasets.py
[2023-06-14T13:31:23.258+0000] {logging_mixin.py:149} INFO - [2023-06-14T13:31:23.258+0000] {dag.py:2726} INFO - Sync 6 DAGs
[2023-06-14T13:31:23.276+0000] {logging_mixin.py:149} INFO - [2023-06-14T13:31:23.276+0000] {dag.py:3490} INFO - Setting next_dagrun for dataset_consumes_1 to None, run_after=None
[2023-06-14T13:31:23.279+0000] {logging_mixin.py:149} INFO - [2023-06-14T13:31:23.279+0000] {dag.py:3490} INFO - Setting next_dagrun for dataset_consumes_1_and_2 to None, run_after=None
[2023-06-14T13:31:23.280+0000] {logging_mixin.py:149} INFO - [2023-06-14T13:31:23.280+0000] {dag.py:3490} INFO - Setting next_dagrun for dataset_consumes_1_never_scheduled to None, run_after=None
[2023-06-14T13:31:23.281+0000] {logging_mixin.py:149} INFO - [2023-06-14T13:31:23.281+0000] {dag.py:3490} INFO - Setting next_dagrun for dataset_consumes_unknown_never_scheduled to None, run_after=None
[2023-06-14T13:31:23.283+0000] {logging_mixin.py:149} INFO - [2023-06-14T13:31:23.283+0000] {dag.py:3490} INFO - Setting next_dagrun for dataset_produces_1 to 2023-06-13T00:00:00+00:00, run_after=2023-06-14T00:00:00+00:00
[2023-06-14T13:31:23.284+0000] {logging_mixin.py:149} INFO - [2023-06-14T13:31:23.284+0000] {dag.py:3490} INFO - Setting next_dagrun for dataset_produces_2 to None, run_after=None
[2023-06-14T13:31:23.303+0000] {processor.py:179} INFO - Processing /home/airflow/.local/lib/python3.7/site-packages/airflow/example_dags/example_datasets.py took 0.085 seconds
[2023-06-14T13:31:53.797+0000] {processor.py:157} INFO - Started process (PID=537) to work on /home/airflow/.local/lib/python3.7/site-packages/airflow/example_dags/example_datasets.py
[2023-06-14T13:31:53.800+0000] {processor.py:826} INFO - Processing file /home/airflow/.local/lib/python3.7/site-packages/airflow/example_dags/example_datasets.py for tasks to queue
[2023-06-14T13:31:53.802+0000] {logging_mixin.py:149} INFO - [2023-06-14T13:31:53.802+0000] {dagbag.py:541} INFO - Filling up the DagBag from /home/airflow/.local/lib/python3.7/site-packages/airflow/example_dags/example_datasets.py
[2023-06-14T13:31:53.814+0000] {processor.py:836} INFO - DAG(s) dict_keys(['dataset_consumes_1_and_2', 'dataset_consumes_1', 'dataset_produces_2', 'dataset_produces_1', 'dataset_consumes_unknown_never_scheduled', 'dataset_consumes_1_never_scheduled']) retrieved from /home/airflow/.local/lib/python3.7/site-packages/airflow/example_dags/example_datasets.py
[2023-06-14T13:31:53.850+0000] {logging_mixin.py:149} INFO - [2023-06-14T13:31:53.850+0000] {dag.py:2726} INFO - Sync 6 DAGs
[2023-06-14T13:31:53.875+0000] {logging_mixin.py:149} INFO - [2023-06-14T13:31:53.875+0000] {dag.py:3490} INFO - Setting next_dagrun for dataset_consumes_1 to None, run_after=None
[2023-06-14T13:31:53.883+0000] {logging_mixin.py:149} INFO - [2023-06-14T13:31:53.883+0000] {dag.py:3490} INFO - Setting next_dagrun for dataset_consumes_1_and_2 to None, run_after=None
[2023-06-14T13:31:53.886+0000] {logging_mixin.py:149} INFO - [2023-06-14T13:31:53.886+0000] {dag.py:3490} INFO - Setting next_dagrun for dataset_consumes_1_never_scheduled to None, run_after=None
[2023-06-14T13:31:53.889+0000] {logging_mixin.py:149} INFO - [2023-06-14T13:31:53.889+0000] {dag.py:3490} INFO - Setting next_dagrun for dataset_consumes_unknown_never_scheduled to None, run_after=None
[2023-06-14T13:31:53.893+0000] {logging_mixin.py:149} INFO - [2023-06-14T13:31:53.893+0000] {dag.py:3490} INFO - Setting next_dagrun for dataset_produces_1 to 2023-06-13T00:00:00+00:00, run_after=2023-06-14T00:00:00+00:00
[2023-06-14T13:31:53.895+0000] {logging_mixin.py:149} INFO - [2023-06-14T13:31:53.895+0000] {dag.py:3490} INFO - Setting next_dagrun for dataset_produces_2 to None, run_after=None
[2023-06-14T13:31:53.921+0000] {processor.py:179} INFO - Processing /home/airflow/.local/lib/python3.7/site-packages/airflow/example_dags/example_datasets.py took 0.129 seconds
[2023-06-14T13:32:24.867+0000] {processor.py:157} INFO - Started process (PID=595) to work on /home/airflow/.local/lib/python3.7/site-packages/airflow/example_dags/example_datasets.py
[2023-06-14T13:32:24.869+0000] {processor.py:826} INFO - Processing file /home/airflow/.local/lib/python3.7/site-packages/airflow/example_dags/example_datasets.py for tasks to queue
[2023-06-14T13:32:24.870+0000] {logging_mixin.py:149} INFO - [2023-06-14T13:32:24.870+0000] {dagbag.py:541} INFO - Filling up the DagBag from /home/airflow/.local/lib/python3.7/site-packages/airflow/example_dags/example_datasets.py
[2023-06-14T13:32:24.879+0000] {processor.py:836} INFO - DAG(s) dict_keys(['dataset_consumes_unknown_never_scheduled', 'dataset_consumes_1', 'dataset_produces_1', 'dataset_consumes_1_and_2', 'dataset_consumes_1_never_scheduled', 'dataset_produces_2']) retrieved from /home/airflow/.local/lib/python3.7/site-packages/airflow/example_dags/example_datasets.py
[2023-06-14T13:32:24.916+0000] {logging_mixin.py:149} INFO - [2023-06-14T13:32:24.916+0000] {dag.py:2726} INFO - Sync 6 DAGs
[2023-06-14T13:32:24.935+0000] {logging_mixin.py:149} INFO - [2023-06-14T13:32:24.935+0000] {dag.py:3490} INFO - Setting next_dagrun for dataset_consumes_1 to None, run_after=None
[2023-06-14T13:32:24.937+0000] {logging_mixin.py:149} INFO - [2023-06-14T13:32:24.937+0000] {dag.py:3490} INFO - Setting next_dagrun for dataset_consumes_1_and_2 to None, run_after=None
[2023-06-14T13:32:24.939+0000] {logging_mixin.py:149} INFO - [2023-06-14T13:32:24.938+0000] {dag.py:3490} INFO - Setting next_dagrun for dataset_consumes_1_never_scheduled to None, run_after=None
[2023-06-14T13:32:24.940+0000] {logging_mixin.py:149} INFO - [2023-06-14T13:32:24.940+0000] {dag.py:3490} INFO - Setting next_dagrun for dataset_consumes_unknown_never_scheduled to None, run_after=None
[2023-06-14T13:32:24.943+0000] {logging_mixin.py:149} INFO - [2023-06-14T13:32:24.943+0000] {dag.py:3490} INFO - Setting next_dagrun for dataset_produces_1 to 2023-06-13T00:00:00+00:00, run_after=2023-06-14T00:00:00+00:00
[2023-06-14T13:32:24.946+0000] {logging_mixin.py:149} INFO - [2023-06-14T13:32:24.946+0000] {dag.py:3490} INFO - Setting next_dagrun for dataset_produces_2 to None, run_after=None
[2023-06-14T13:32:24.972+0000] {processor.py:179} INFO - Processing /home/airflow/.local/lib/python3.7/site-packages/airflow/example_dags/example_datasets.py took 0.107 seconds
[2023-06-14T13:32:55.750+0000] {processor.py:157} INFO - Started process (PID=652) to work on /home/airflow/.local/lib/python3.7/site-packages/airflow/example_dags/example_datasets.py
[2023-06-14T13:32:55.752+0000] {processor.py:826} INFO - Processing file /home/airflow/.local/lib/python3.7/site-packages/airflow/example_dags/example_datasets.py for tasks to queue
[2023-06-14T13:32:55.752+0000] {logging_mixin.py:149} INFO - [2023-06-14T13:32:55.752+0000] {dagbag.py:541} INFO - Filling up the DagBag from /home/airflow/.local/lib/python3.7/site-packages/airflow/example_dags/example_datasets.py
[2023-06-14T13:32:55.760+0000] {processor.py:836} INFO - DAG(s) dict_keys(['dataset_consumes_unknown_never_scheduled', 'dataset_consumes_1_never_scheduled', 'dataset_produces_2', 'dataset_consumes_1_and_2', 'dataset_produces_1', 'dataset_consumes_1']) retrieved from /home/airflow/.local/lib/python3.7/site-packages/airflow/example_dags/example_datasets.py
[2023-06-14T13:32:55.788+0000] {logging_mixin.py:149} INFO - [2023-06-14T13:32:55.788+0000] {dag.py:2726} INFO - Sync 6 DAGs
[2023-06-14T13:32:55.806+0000] {logging_mixin.py:149} INFO - [2023-06-14T13:32:55.806+0000] {dag.py:3490} INFO - Setting next_dagrun for dataset_consumes_1 to None, run_after=None
[2023-06-14T13:32:55.809+0000] {logging_mixin.py:149} INFO - [2023-06-14T13:32:55.809+0000] {dag.py:3490} INFO - Setting next_dagrun for dataset_consumes_1_and_2 to None, run_after=None
[2023-06-14T13:32:55.810+0000] {logging_mixin.py:149} INFO - [2023-06-14T13:32:55.810+0000] {dag.py:3490} INFO - Setting next_dagrun for dataset_consumes_1_never_scheduled to None, run_after=None
[2023-06-14T13:32:55.811+0000] {logging_mixin.py:149} INFO - [2023-06-14T13:32:55.811+0000] {dag.py:3490} INFO - Setting next_dagrun for dataset_consumes_unknown_never_scheduled to None, run_after=None
[2023-06-14T13:32:55.815+0000] {logging_mixin.py:149} INFO - [2023-06-14T13:32:55.815+0000] {dag.py:3490} INFO - Setting next_dagrun for dataset_produces_1 to 2023-06-13T00:00:00+00:00, run_after=2023-06-14T00:00:00+00:00
[2023-06-14T13:32:55.817+0000] {logging_mixin.py:149} INFO - [2023-06-14T13:32:55.817+0000] {dag.py:3490} INFO - Setting next_dagrun for dataset_produces_2 to None, run_after=None
[2023-06-14T13:32:55.842+0000] {processor.py:179} INFO - Processing /home/airflow/.local/lib/python3.7/site-packages/airflow/example_dags/example_datasets.py took 0.095 seconds
[2023-06-14T13:33:26.132+0000] {processor.py:157} INFO - Started process (PID=710) to work on /home/airflow/.local/lib/python3.7/site-packages/airflow/example_dags/example_datasets.py
[2023-06-14T13:33:26.133+0000] {processor.py:826} INFO - Processing file /home/airflow/.local/lib/python3.7/site-packages/airflow/example_dags/example_datasets.py for tasks to queue
[2023-06-14T13:33:26.134+0000] {logging_mixin.py:149} INFO - [2023-06-14T13:33:26.134+0000] {dagbag.py:541} INFO - Filling up the DagBag from /home/airflow/.local/lib/python3.7/site-packages/airflow/example_dags/example_datasets.py
[2023-06-14T13:33:26.141+0000] {processor.py:836} INFO - DAG(s) dict_keys(['dataset_consumes_1_never_scheduled', 'dataset_consumes_1', 'dataset_consumes_unknown_never_scheduled', 'dataset_produces_2', 'dataset_consumes_1_and_2', 'dataset_produces_1']) retrieved from /home/airflow/.local/lib/python3.7/site-packages/airflow/example_dags/example_datasets.py
[2023-06-14T13:33:26.170+0000] {logging_mixin.py:149} INFO - [2023-06-14T13:33:26.170+0000] {dag.py:2726} INFO - Sync 6 DAGs
[2023-06-14T13:33:26.186+0000] {logging_mixin.py:149} INFO - [2023-06-14T13:33:26.186+0000] {dag.py:3490} INFO - Setting next_dagrun for dataset_consumes_1 to None, run_after=None
[2023-06-14T13:33:26.189+0000] {logging_mixin.py:149} INFO - [2023-06-14T13:33:26.189+0000] {dag.py:3490} INFO - Setting next_dagrun for dataset_consumes_1_and_2 to None, run_after=None
[2023-06-14T13:33:26.190+0000] {logging_mixin.py:149} INFO - [2023-06-14T13:33:26.190+0000] {dag.py:3490} INFO - Setting next_dagrun for dataset_consumes_1_never_scheduled to None, run_after=None
[2023-06-14T13:33:26.192+0000] {logging_mixin.py:149} INFO - [2023-06-14T13:33:26.192+0000] {dag.py:3490} INFO - Setting next_dagrun for dataset_consumes_unknown_never_scheduled to None, run_after=None
[2023-06-14T13:33:26.195+0000] {logging_mixin.py:149} INFO - [2023-06-14T13:33:26.195+0000] {dag.py:3490} INFO - Setting next_dagrun for dataset_produces_1 to 2023-06-13T00:00:00+00:00, run_after=2023-06-14T00:00:00+00:00
[2023-06-14T13:33:26.197+0000] {logging_mixin.py:149} INFO - [2023-06-14T13:33:26.196+0000] {dag.py:3490} INFO - Setting next_dagrun for dataset_produces_2 to None, run_after=None
[2023-06-14T13:33:26.217+0000] {processor.py:179} INFO - Processing /home/airflow/.local/lib/python3.7/site-packages/airflow/example_dags/example_datasets.py took 0.088 seconds
[2023-06-14T13:33:56.439+0000] {processor.py:157} INFO - Started process (PID=766) to work on /home/airflow/.local/lib/python3.7/site-packages/airflow/example_dags/example_datasets.py
[2023-06-14T13:33:56.441+0000] {processor.py:826} INFO - Processing file /home/airflow/.local/lib/python3.7/site-packages/airflow/example_dags/example_datasets.py for tasks to queue
[2023-06-14T13:33:56.441+0000] {logging_mixin.py:149} INFO - [2023-06-14T13:33:56.441+0000] {dagbag.py:541} INFO - Filling up the DagBag from /home/airflow/.local/lib/python3.7/site-packages/airflow/example_dags/example_datasets.py
[2023-06-14T13:33:56.448+0000] {processor.py:836} INFO - DAG(s) dict_keys(['dataset_consumes_unknown_never_scheduled', 'dataset_produces_1', 'dataset_consumes_1_never_scheduled', 'dataset_consumes_1', 'dataset_consumes_1_and_2', 'dataset_produces_2']) retrieved from /home/airflow/.local/lib/python3.7/site-packages/airflow/example_dags/example_datasets.py
[2023-06-14T13:33:56.476+0000] {logging_mixin.py:149} INFO - [2023-06-14T13:33:56.476+0000] {dag.py:2726} INFO - Sync 6 DAGs
[2023-06-14T13:33:56.494+0000] {logging_mixin.py:149} INFO - [2023-06-14T13:33:56.494+0000] {dag.py:3490} INFO - Setting next_dagrun for dataset_consumes_1 to None, run_after=None
[2023-06-14T13:33:56.497+0000] {logging_mixin.py:149} INFO - [2023-06-14T13:33:56.497+0000] {dag.py:3490} INFO - Setting next_dagrun for dataset_consumes_1_and_2 to None, run_after=None
[2023-06-14T13:33:56.498+0000] {logging_mixin.py:149} INFO - [2023-06-14T13:33:56.498+0000] {dag.py:3490} INFO - Setting next_dagrun for dataset_consumes_1_never_scheduled to None, run_after=None
[2023-06-14T13:33:56.499+0000] {logging_mixin.py:149} INFO - [2023-06-14T13:33:56.499+0000] {dag.py:3490} INFO - Setting next_dagrun for dataset_consumes_unknown_never_scheduled to None, run_after=None
[2023-06-14T13:33:56.501+0000] {logging_mixin.py:149} INFO - [2023-06-14T13:33:56.501+0000] {dag.py:3490} INFO - Setting next_dagrun for dataset_produces_1 to 2023-06-13T00:00:00+00:00, run_after=2023-06-14T00:00:00+00:00
[2023-06-14T13:33:56.502+0000] {logging_mixin.py:149} INFO - [2023-06-14T13:33:56.502+0000] {dag.py:3490} INFO - Setting next_dagrun for dataset_produces_2 to None, run_after=None
[2023-06-14T13:33:56.521+0000] {processor.py:179} INFO - Processing /home/airflow/.local/lib/python3.7/site-packages/airflow/example_dags/example_datasets.py took 0.084 seconds
[2023-06-14T13:34:27.314+0000] {processor.py:157} INFO - Started process (PID=823) to work on /home/airflow/.local/lib/python3.7/site-packages/airflow/example_dags/example_datasets.py
[2023-06-14T13:34:27.316+0000] {processor.py:826} INFO - Processing file /home/airflow/.local/lib/python3.7/site-packages/airflow/example_dags/example_datasets.py for tasks to queue
[2023-06-14T13:34:27.317+0000] {logging_mixin.py:149} INFO - [2023-06-14T13:34:27.317+0000] {dagbag.py:541} INFO - Filling up the DagBag from /home/airflow/.local/lib/python3.7/site-packages/airflow/example_dags/example_datasets.py
[2023-06-14T13:34:27.325+0000] {processor.py:836} INFO - DAG(s) dict_keys(['dataset_produces_1', 'dataset_consumes_unknown_never_scheduled', 'dataset_consumes_1_never_scheduled', 'dataset_consumes_1', 'dataset_produces_2', 'dataset_consumes_1_and_2']) retrieved from /home/airflow/.local/lib/python3.7/site-packages/airflow/example_dags/example_datasets.py
[2023-06-14T13:34:27.354+0000] {logging_mixin.py:149} INFO - [2023-06-14T13:34:27.353+0000] {dag.py:2726} INFO - Sync 6 DAGs
[2023-06-14T13:34:27.373+0000] {logging_mixin.py:149} INFO - [2023-06-14T13:34:27.373+0000] {dag.py:3490} INFO - Setting next_dagrun for dataset_consumes_1 to None, run_after=None
[2023-06-14T13:34:27.376+0000] {logging_mixin.py:149} INFO - [2023-06-14T13:34:27.376+0000] {dag.py:3490} INFO - Setting next_dagrun for dataset_consumes_1_and_2 to None, run_after=None
[2023-06-14T13:34:27.377+0000] {logging_mixin.py:149} INFO - [2023-06-14T13:34:27.377+0000] {dag.py:3490} INFO - Setting next_dagrun for dataset_consumes_1_never_scheduled to None, run_after=None
[2023-06-14T13:34:27.378+0000] {logging_mixin.py:149} INFO - [2023-06-14T13:34:27.378+0000] {dag.py:3490} INFO - Setting next_dagrun for dataset_consumes_unknown_never_scheduled to None, run_after=None
[2023-06-14T13:34:27.380+0000] {logging_mixin.py:149} INFO - [2023-06-14T13:34:27.380+0000] {dag.py:3490} INFO - Setting next_dagrun for dataset_produces_1 to 2023-06-13T00:00:00+00:00, run_after=2023-06-14T00:00:00+00:00
[2023-06-14T13:34:27.382+0000] {logging_mixin.py:149} INFO - [2023-06-14T13:34:27.382+0000] {dag.py:3490} INFO - Setting next_dagrun for dataset_produces_2 to None, run_after=None
[2023-06-14T13:34:27.403+0000] {processor.py:179} INFO - Processing /home/airflow/.local/lib/python3.7/site-packages/airflow/example_dags/example_datasets.py took 0.093 seconds
[2023-06-14T13:34:57.860+0000] {processor.py:157} INFO - Started process (PID=880) to work on /home/airflow/.local/lib/python3.7/site-packages/airflow/example_dags/example_datasets.py
[2023-06-14T13:34:57.861+0000] {processor.py:826} INFO - Processing file /home/airflow/.local/lib/python3.7/site-packages/airflow/example_dags/example_datasets.py for tasks to queue
[2023-06-14T13:34:57.863+0000] {logging_mixin.py:149} INFO - [2023-06-14T13:34:57.863+0000] {dagbag.py:541} INFO - Filling up the DagBag from /home/airflow/.local/lib/python3.7/site-packages/airflow/example_dags/example_datasets.py
[2023-06-14T13:34:57.871+0000] {processor.py:836} INFO - DAG(s) dict_keys(['dataset_produces_1', 'dataset_produces_2', 'dataset_consumes_1', 'dataset_consumes_1_and_2', 'dataset_consumes_1_never_scheduled', 'dataset_consumes_unknown_never_scheduled']) retrieved from /home/airflow/.local/lib/python3.7/site-packages/airflow/example_dags/example_datasets.py
[2023-06-14T13:34:57.900+0000] {logging_mixin.py:149} INFO - [2023-06-14T13:34:57.900+0000] {dag.py:2726} INFO - Sync 6 DAGs
[2023-06-14T13:34:57.917+0000] {logging_mixin.py:149} INFO - [2023-06-14T13:34:57.917+0000] {dag.py:3490} INFO - Setting next_dagrun for dataset_consumes_1 to None, run_after=None
[2023-06-14T13:34:57.920+0000] {logging_mixin.py:149} INFO - [2023-06-14T13:34:57.920+0000] {dag.py:3490} INFO - Setting next_dagrun for dataset_consumes_1_and_2 to None, run_after=None
[2023-06-14T13:34:57.921+0000] {logging_mixin.py:149} INFO - [2023-06-14T13:34:57.921+0000] {dag.py:3490} INFO - Setting next_dagrun for dataset_consumes_1_never_scheduled to None, run_after=None
[2023-06-14T13:34:57.922+0000] {logging_mixin.py:149} INFO - [2023-06-14T13:34:57.922+0000] {dag.py:3490} INFO - Setting next_dagrun for dataset_consumes_unknown_never_scheduled to None, run_after=None
[2023-06-14T13:34:57.924+0000] {logging_mixin.py:149} INFO - [2023-06-14T13:34:57.924+0000] {dag.py:3490} INFO - Setting next_dagrun for dataset_produces_1 to 2023-06-13T00:00:00+00:00, run_after=2023-06-14T00:00:00+00:00
[2023-06-14T13:34:57.926+0000] {logging_mixin.py:149} INFO - [2023-06-14T13:34:57.926+0000] {dag.py:3490} INFO - Setting next_dagrun for dataset_produces_2 to None, run_after=None
[2023-06-14T13:34:57.959+0000] {processor.py:179} INFO - Processing /home/airflow/.local/lib/python3.7/site-packages/airflow/example_dags/example_datasets.py took 0.102 seconds
