[2023-06-14T13:27:15.342+0000] {processor.py:157} INFO - Started process (PID=36) to work on /home/airflow/.local/lib/python3.7/site-packages/airflow/example_dags/example_xcom.py
[2023-06-14T13:27:15.344+0000] {processor.py:826} INFO - Processing file /home/airflow/.local/lib/python3.7/site-packages/airflow/example_dags/example_xcom.py for tasks to queue
[2023-06-14T13:27:15.347+0000] {logging_mixin.py:149} INFO - [2023-06-14T13:27:15.346+0000] {dagbag.py:541} INFO - Filling up the DagBag from /home/airflow/.local/lib/python3.7/site-packages/airflow/example_dags/example_xcom.py
[2023-06-14T13:27:15.371+0000] {processor.py:836} INFO - DAG(s) dict_keys(['example_xcom']) retrieved from /home/airflow/.local/lib/python3.7/site-packages/airflow/example_dags/example_xcom.py
[2023-06-14T13:27:15.755+0000] {logging_mixin.py:149} INFO - [2023-06-14T13:27:15.754+0000] {manager.py:504} INFO - Created Permission View: can edit on DAG:example_xcom
[2023-06-14T13:27:15.803+0000] {logging_mixin.py:149} INFO - [2023-06-14T13:27:15.802+0000] {manager.py:504} INFO - Created Permission View: can read on DAG:example_xcom
[2023-06-14T13:27:15.820+0000] {logging_mixin.py:149} INFO - [2023-06-14T13:27:15.820+0000] {manager.py:504} INFO - Created Permission View: can delete on DAG:example_xcom
[2023-06-14T13:27:15.823+0000] {logging_mixin.py:149} INFO - [2023-06-14T13:27:15.822+0000] {dag.py:2726} INFO - Sync 1 DAGs
[2023-06-14T13:27:15.857+0000] {logging_mixin.py:149} INFO - [2023-06-14T13:27:15.857+0000] {dag.py:2747} INFO - Creating ORM DAG for example_xcom
[2023-06-14T13:27:15.871+0000] {logging_mixin.py:149} INFO - [2023-06-14T13:27:15.871+0000] {dag.py:3490} INFO - Setting next_dagrun for example_xcom to 2021-01-01T00:00:00+00:00, run_after=2021-01-01T00:00:00+00:00
[2023-06-14T13:27:15.953+0000] {processor.py:179} INFO - Processing /home/airflow/.local/lib/python3.7/site-packages/airflow/example_dags/example_xcom.py took 0.620 seconds
[2023-06-14T13:27:49.204+0000] {processor.py:157} INFO - Started process (PID=92) to work on /home/airflow/.local/lib/python3.7/site-packages/airflow/example_dags/example_xcom.py
[2023-06-14T13:27:49.207+0000] {processor.py:826} INFO - Processing file /home/airflow/.local/lib/python3.7/site-packages/airflow/example_dags/example_xcom.py for tasks to queue
[2023-06-14T13:27:49.210+0000] {logging_mixin.py:149} INFO - [2023-06-14T13:27:49.210+0000] {dagbag.py:541} INFO - Filling up the DagBag from /home/airflow/.local/lib/python3.7/site-packages/airflow/example_dags/example_xcom.py
[2023-06-14T13:27:49.227+0000] {processor.py:836} INFO - DAG(s) dict_keys(['example_xcom']) retrieved from /home/airflow/.local/lib/python3.7/site-packages/airflow/example_dags/example_xcom.py
[2023-06-14T13:27:49.269+0000] {logging_mixin.py:149} INFO - [2023-06-14T13:27:49.269+0000] {dag.py:2726} INFO - Sync 1 DAGs
[2023-06-14T13:27:49.300+0000] {logging_mixin.py:149} INFO - [2023-06-14T13:27:49.300+0000] {dag.py:3490} INFO - Setting next_dagrun for example_xcom to 2021-01-01T00:00:00+00:00, run_after=2021-01-01T00:00:00+00:00
[2023-06-14T13:27:49.336+0000] {processor.py:179} INFO - Processing /home/airflow/.local/lib/python3.7/site-packages/airflow/example_dags/example_xcom.py took 0.136 seconds
[2023-06-14T13:28:19.862+0000] {processor.py:157} INFO - Started process (PID=148) to work on /home/airflow/.local/lib/python3.7/site-packages/airflow/example_dags/example_xcom.py
[2023-06-14T13:28:19.865+0000] {processor.py:826} INFO - Processing file /home/airflow/.local/lib/python3.7/site-packages/airflow/example_dags/example_xcom.py for tasks to queue
[2023-06-14T13:28:19.867+0000] {logging_mixin.py:149} INFO - [2023-06-14T13:28:19.867+0000] {dagbag.py:541} INFO - Filling up the DagBag from /home/airflow/.local/lib/python3.7/site-packages/airflow/example_dags/example_xcom.py
[2023-06-14T13:28:19.881+0000] {processor.py:836} INFO - DAG(s) dict_keys(['example_xcom']) retrieved from /home/airflow/.local/lib/python3.7/site-packages/airflow/example_dags/example_xcom.py
[2023-06-14T13:28:19.936+0000] {logging_mixin.py:149} INFO - [2023-06-14T13:28:19.936+0000] {dag.py:2726} INFO - Sync 1 DAGs
[2023-06-14T13:28:19.979+0000] {logging_mixin.py:149} INFO - [2023-06-14T13:28:19.978+0000] {dag.py:3490} INFO - Setting next_dagrun for example_xcom to 2021-01-01T00:00:00+00:00, run_after=2021-01-01T00:00:00+00:00
[2023-06-14T13:28:20.020+0000] {processor.py:179} INFO - Processing /home/airflow/.local/lib/python3.7/site-packages/airflow/example_dags/example_xcom.py took 0.163 seconds
[2023-06-14T13:28:50.603+0000] {processor.py:157} INFO - Started process (PID=199) to work on /home/airflow/.local/lib/python3.7/site-packages/airflow/example_dags/example_xcom.py
[2023-06-14T13:28:50.604+0000] {processor.py:826} INFO - Processing file /home/airflow/.local/lib/python3.7/site-packages/airflow/example_dags/example_xcom.py for tasks to queue
[2023-06-14T13:28:50.605+0000] {logging_mixin.py:149} INFO - [2023-06-14T13:28:50.605+0000] {dagbag.py:541} INFO - Filling up the DagBag from /home/airflow/.local/lib/python3.7/site-packages/airflow/example_dags/example_xcom.py
[2023-06-14T13:28:50.610+0000] {processor.py:836} INFO - DAG(s) dict_keys(['example_xcom']) retrieved from /home/airflow/.local/lib/python3.7/site-packages/airflow/example_dags/example_xcom.py
[2023-06-14T13:28:50.630+0000] {logging_mixin.py:149} INFO - [2023-06-14T13:28:50.630+0000] {dag.py:2726} INFO - Sync 1 DAGs
[2023-06-14T13:28:50.646+0000] {logging_mixin.py:149} INFO - [2023-06-14T13:28:50.646+0000] {dag.py:3490} INFO - Setting next_dagrun for example_xcom to 2021-01-01T00:00:00+00:00, run_after=2021-01-01T00:00:00+00:00
[2023-06-14T13:28:50.658+0000] {processor.py:179} INFO - Processing /home/airflow/.local/lib/python3.7/site-packages/airflow/example_dags/example_xcom.py took 0.057 seconds
[2023-06-14T13:29:20.990+0000] {processor.py:157} INFO - Started process (PID=255) to work on /home/airflow/.local/lib/python3.7/site-packages/airflow/example_dags/example_xcom.py
[2023-06-14T13:29:20.991+0000] {processor.py:826} INFO - Processing file /home/airflow/.local/lib/python3.7/site-packages/airflow/example_dags/example_xcom.py for tasks to queue
[2023-06-14T13:29:20.992+0000] {logging_mixin.py:149} INFO - [2023-06-14T13:29:20.992+0000] {dagbag.py:541} INFO - Filling up the DagBag from /home/airflow/.local/lib/python3.7/site-packages/airflow/example_dags/example_xcom.py
[2023-06-14T13:29:20.997+0000] {processor.py:836} INFO - DAG(s) dict_keys(['example_xcom']) retrieved from /home/airflow/.local/lib/python3.7/site-packages/airflow/example_dags/example_xcom.py
[2023-06-14T13:29:21.016+0000] {logging_mixin.py:149} INFO - [2023-06-14T13:29:21.016+0000] {dag.py:2726} INFO - Sync 1 DAGs
[2023-06-14T13:29:21.032+0000] {logging_mixin.py:149} INFO - [2023-06-14T13:29:21.032+0000] {dag.py:3490} INFO - Setting next_dagrun for example_xcom to 2021-01-01T00:00:00+00:00, run_after=2021-01-01T00:00:00+00:00
[2023-06-14T13:29:21.043+0000] {processor.py:179} INFO - Processing /home/airflow/.local/lib/python3.7/site-packages/airflow/example_dags/example_xcom.py took 0.056 seconds
[2023-06-14T13:29:51.145+0000] {processor.py:157} INFO - Started process (PID=311) to work on /home/airflow/.local/lib/python3.7/site-packages/airflow/example_dags/example_xcom.py
[2023-06-14T13:29:51.146+0000] {processor.py:826} INFO - Processing file /home/airflow/.local/lib/python3.7/site-packages/airflow/example_dags/example_xcom.py for tasks to queue
[2023-06-14T13:29:51.147+0000] {logging_mixin.py:149} INFO - [2023-06-14T13:29:51.147+0000] {dagbag.py:541} INFO - Filling up the DagBag from /home/airflow/.local/lib/python3.7/site-packages/airflow/example_dags/example_xcom.py
[2023-06-14T13:29:51.152+0000] {processor.py:836} INFO - DAG(s) dict_keys(['example_xcom']) retrieved from /home/airflow/.local/lib/python3.7/site-packages/airflow/example_dags/example_xcom.py
[2023-06-14T13:29:51.171+0000] {logging_mixin.py:149} INFO - [2023-06-14T13:29:51.171+0000] {dag.py:2726} INFO - Sync 1 DAGs
[2023-06-14T13:29:51.186+0000] {logging_mixin.py:149} INFO - [2023-06-14T13:29:51.186+0000] {dag.py:3490} INFO - Setting next_dagrun for example_xcom to 2021-01-01T00:00:00+00:00, run_after=2021-01-01T00:00:00+00:00
[2023-06-14T13:29:51.197+0000] {processor.py:179} INFO - Processing /home/airflow/.local/lib/python3.7/site-packages/airflow/example_dags/example_xcom.py took 0.055 seconds
[2023-06-14T13:30:21.795+0000] {processor.py:157} INFO - Started process (PID=367) to work on /home/airflow/.local/lib/python3.7/site-packages/airflow/example_dags/example_xcom.py
[2023-06-14T13:30:21.797+0000] {processor.py:826} INFO - Processing file /home/airflow/.local/lib/python3.7/site-packages/airflow/example_dags/example_xcom.py for tasks to queue
[2023-06-14T13:30:21.799+0000] {logging_mixin.py:149} INFO - [2023-06-14T13:30:21.798+0000] {dagbag.py:541} INFO - Filling up the DagBag from /home/airflow/.local/lib/python3.7/site-packages/airflow/example_dags/example_xcom.py
[2023-06-14T13:30:21.805+0000] {processor.py:836} INFO - DAG(s) dict_keys(['example_xcom']) retrieved from /home/airflow/.local/lib/python3.7/site-packages/airflow/example_dags/example_xcom.py
[2023-06-14T13:30:21.830+0000] {logging_mixin.py:149} INFO - [2023-06-14T13:30:21.830+0000] {dag.py:2726} INFO - Sync 1 DAGs
[2023-06-14T13:30:21.851+0000] {logging_mixin.py:149} INFO - [2023-06-14T13:30:21.851+0000] {dag.py:3490} INFO - Setting next_dagrun for example_xcom to 2021-01-01T00:00:00+00:00, run_after=2021-01-01T00:00:00+00:00
[2023-06-14T13:30:21.865+0000] {processor.py:179} INFO - Processing /home/airflow/.local/lib/python3.7/site-packages/airflow/example_dags/example_xcom.py took 0.074 seconds
[2023-06-14T13:30:52.749+0000] {processor.py:157} INFO - Started process (PID=423) to work on /home/airflow/.local/lib/python3.7/site-packages/airflow/example_dags/example_xcom.py
[2023-06-14T13:30:52.752+0000] {processor.py:826} INFO - Processing file /home/airflow/.local/lib/python3.7/site-packages/airflow/example_dags/example_xcom.py for tasks to queue
[2023-06-14T13:30:52.755+0000] {logging_mixin.py:149} INFO - [2023-06-14T13:30:52.755+0000] {dagbag.py:541} INFO - Filling up the DagBag from /home/airflow/.local/lib/python3.7/site-packages/airflow/example_dags/example_xcom.py
[2023-06-14T13:30:52.776+0000] {processor.py:836} INFO - DAG(s) dict_keys(['example_xcom']) retrieved from /home/airflow/.local/lib/python3.7/site-packages/airflow/example_dags/example_xcom.py
[2023-06-14T13:30:52.830+0000] {logging_mixin.py:149} INFO - [2023-06-14T13:30:52.830+0000] {dag.py:2726} INFO - Sync 1 DAGs
[2023-06-14T13:30:52.860+0000] {logging_mixin.py:149} INFO - [2023-06-14T13:30:52.860+0000] {dag.py:3490} INFO - Setting next_dagrun for example_xcom to 2021-01-01T00:00:00+00:00, run_after=2021-01-01T00:00:00+00:00
[2023-06-14T13:30:52.884+0000] {processor.py:179} INFO - Processing /home/airflow/.local/lib/python3.7/site-packages/airflow/example_dags/example_xcom.py took 0.141 seconds
[2023-06-14T13:31:23.212+0000] {processor.py:157} INFO - Started process (PID=479) to work on /home/airflow/.local/lib/python3.7/site-packages/airflow/example_dags/example_xcom.py
[2023-06-14T13:31:23.213+0000] {processor.py:826} INFO - Processing file /home/airflow/.local/lib/python3.7/site-packages/airflow/example_dags/example_xcom.py for tasks to queue
[2023-06-14T13:31:23.214+0000] {logging_mixin.py:149} INFO - [2023-06-14T13:31:23.214+0000] {dagbag.py:541} INFO - Filling up the DagBag from /home/airflow/.local/lib/python3.7/site-packages/airflow/example_dags/example_xcom.py
[2023-06-14T13:31:23.220+0000] {processor.py:836} INFO - DAG(s) dict_keys(['example_xcom']) retrieved from /home/airflow/.local/lib/python3.7/site-packages/airflow/example_dags/example_xcom.py
[2023-06-14T13:31:23.240+0000] {logging_mixin.py:149} INFO - [2023-06-14T13:31:23.240+0000] {dag.py:2726} INFO - Sync 1 DAGs
[2023-06-14T13:31:23.256+0000] {logging_mixin.py:149} INFO - [2023-06-14T13:31:23.255+0000] {dag.py:3490} INFO - Setting next_dagrun for example_xcom to 2021-01-01T00:00:00+00:00, run_after=2021-01-01T00:00:00+00:00
[2023-06-14T13:31:23.267+0000] {processor.py:179} INFO - Processing /home/airflow/.local/lib/python3.7/site-packages/airflow/example_dags/example_xcom.py took 0.058 seconds
[2023-06-14T13:31:53.778+0000] {processor.py:157} INFO - Started process (PID=536) to work on /home/airflow/.local/lib/python3.7/site-packages/airflow/example_dags/example_xcom.py
[2023-06-14T13:31:53.779+0000] {processor.py:826} INFO - Processing file /home/airflow/.local/lib/python3.7/site-packages/airflow/example_dags/example_xcom.py for tasks to queue
[2023-06-14T13:31:53.780+0000] {logging_mixin.py:149} INFO - [2023-06-14T13:31:53.780+0000] {dagbag.py:541} INFO - Filling up the DagBag from /home/airflow/.local/lib/python3.7/site-packages/airflow/example_dags/example_xcom.py
[2023-06-14T13:31:53.791+0000] {processor.py:836} INFO - DAG(s) dict_keys(['example_xcom']) retrieved from /home/airflow/.local/lib/python3.7/site-packages/airflow/example_dags/example_xcom.py
[2023-06-14T13:31:53.821+0000] {logging_mixin.py:149} INFO - [2023-06-14T13:31:53.821+0000] {dag.py:2726} INFO - Sync 1 DAGs
[2023-06-14T13:31:53.842+0000] {logging_mixin.py:149} INFO - [2023-06-14T13:31:53.841+0000] {dag.py:3490} INFO - Setting next_dagrun for example_xcom to 2021-01-01T00:00:00+00:00, run_after=2021-01-01T00:00:00+00:00
[2023-06-14T13:31:53.854+0000] {processor.py:179} INFO - Processing /home/airflow/.local/lib/python3.7/site-packages/airflow/example_dags/example_xcom.py took 0.079 seconds
[2023-06-14T13:32:24.779+0000] {processor.py:157} INFO - Started process (PID=594) to work on /home/airflow/.local/lib/python3.7/site-packages/airflow/example_dags/example_xcom.py
[2023-06-14T13:32:24.781+0000] {processor.py:826} INFO - Processing file /home/airflow/.local/lib/python3.7/site-packages/airflow/example_dags/example_xcom.py for tasks to queue
[2023-06-14T13:32:24.781+0000] {logging_mixin.py:149} INFO - [2023-06-14T13:32:24.781+0000] {dagbag.py:541} INFO - Filling up the DagBag from /home/airflow/.local/lib/python3.7/site-packages/airflow/example_dags/example_xcom.py
[2023-06-14T13:32:24.787+0000] {processor.py:836} INFO - DAG(s) dict_keys(['example_xcom']) retrieved from /home/airflow/.local/lib/python3.7/site-packages/airflow/example_dags/example_xcom.py
[2023-06-14T13:32:24.809+0000] {logging_mixin.py:149} INFO - [2023-06-14T13:32:24.809+0000] {dag.py:2726} INFO - Sync 1 DAGs
[2023-06-14T13:32:24.829+0000] {logging_mixin.py:149} INFO - [2023-06-14T13:32:24.828+0000] {dag.py:3490} INFO - Setting next_dagrun for example_xcom to 2021-01-01T00:00:00+00:00, run_after=2021-01-01T00:00:00+00:00
[2023-06-14T13:32:24.841+0000] {processor.py:179} INFO - Processing /home/airflow/.local/lib/python3.7/site-packages/airflow/example_dags/example_xcom.py took 0.065 seconds
[2023-06-14T13:32:55.675+0000] {processor.py:157} INFO - Started process (PID=651) to work on /home/airflow/.local/lib/python3.7/site-packages/airflow/example_dags/example_xcom.py
[2023-06-14T13:32:55.676+0000] {processor.py:826} INFO - Processing file /home/airflow/.local/lib/python3.7/site-packages/airflow/example_dags/example_xcom.py for tasks to queue
[2023-06-14T13:32:55.677+0000] {logging_mixin.py:149} INFO - [2023-06-14T13:32:55.677+0000] {dagbag.py:541} INFO - Filling up the DagBag from /home/airflow/.local/lib/python3.7/site-packages/airflow/example_dags/example_xcom.py
[2023-06-14T13:32:55.682+0000] {processor.py:836} INFO - DAG(s) dict_keys(['example_xcom']) retrieved from /home/airflow/.local/lib/python3.7/site-packages/airflow/example_dags/example_xcom.py
[2023-06-14T13:32:55.702+0000] {logging_mixin.py:149} INFO - [2023-06-14T13:32:55.702+0000] {dag.py:2726} INFO - Sync 1 DAGs
[2023-06-14T13:32:55.717+0000] {logging_mixin.py:149} INFO - [2023-06-14T13:32:55.717+0000] {dag.py:3490} INFO - Setting next_dagrun for example_xcom to 2021-01-01T00:00:00+00:00, run_after=2021-01-01T00:00:00+00:00
[2023-06-14T13:32:55.727+0000] {processor.py:179} INFO - Processing /home/airflow/.local/lib/python3.7/site-packages/airflow/example_dags/example_xcom.py took 0.055 seconds
[2023-06-14T13:33:25.985+0000] {processor.py:157} INFO - Started process (PID=708) to work on /home/airflow/.local/lib/python3.7/site-packages/airflow/example_dags/example_xcom.py
[2023-06-14T13:33:25.986+0000] {processor.py:826} INFO - Processing file /home/airflow/.local/lib/python3.7/site-packages/airflow/example_dags/example_xcom.py for tasks to queue
[2023-06-14T13:33:25.987+0000] {logging_mixin.py:149} INFO - [2023-06-14T13:33:25.987+0000] {dagbag.py:541} INFO - Filling up the DagBag from /home/airflow/.local/lib/python3.7/site-packages/airflow/example_dags/example_xcom.py
[2023-06-14T13:33:25.993+0000] {processor.py:836} INFO - DAG(s) dict_keys(['example_xcom']) retrieved from /home/airflow/.local/lib/python3.7/site-packages/airflow/example_dags/example_xcom.py
[2023-06-14T13:33:26.012+0000] {logging_mixin.py:149} INFO - [2023-06-14T13:33:26.012+0000] {dag.py:2726} INFO - Sync 1 DAGs
[2023-06-14T13:33:26.027+0000] {logging_mixin.py:149} INFO - [2023-06-14T13:33:26.027+0000] {dag.py:3490} INFO - Setting next_dagrun for example_xcom to 2021-01-01T00:00:00+00:00, run_after=2021-01-01T00:00:00+00:00
[2023-06-14T13:33:26.038+0000] {processor.py:179} INFO - Processing /home/airflow/.local/lib/python3.7/site-packages/airflow/example_dags/example_xcom.py took 0.056 seconds
[2023-06-14T13:33:56.429+0000] {processor.py:157} INFO - Started process (PID=765) to work on /home/airflow/.local/lib/python3.7/site-packages/airflow/example_dags/example_xcom.py
[2023-06-14T13:33:56.430+0000] {processor.py:826} INFO - Processing file /home/airflow/.local/lib/python3.7/site-packages/airflow/example_dags/example_xcom.py for tasks to queue
[2023-06-14T13:33:56.431+0000] {logging_mixin.py:149} INFO - [2023-06-14T13:33:56.431+0000] {dagbag.py:541} INFO - Filling up the DagBag from /home/airflow/.local/lib/python3.7/site-packages/airflow/example_dags/example_xcom.py
[2023-06-14T13:33:56.437+0000] {processor.py:836} INFO - DAG(s) dict_keys(['example_xcom']) retrieved from /home/airflow/.local/lib/python3.7/site-packages/airflow/example_dags/example_xcom.py
[2023-06-14T13:33:56.456+0000] {logging_mixin.py:149} INFO - [2023-06-14T13:33:56.456+0000] {dag.py:2726} INFO - Sync 1 DAGs
[2023-06-14T13:33:56.472+0000] {logging_mixin.py:149} INFO - [2023-06-14T13:33:56.472+0000] {dag.py:3490} INFO - Setting next_dagrun for example_xcom to 2021-01-01T00:00:00+00:00, run_after=2021-01-01T00:00:00+00:00
[2023-06-14T13:33:56.483+0000] {processor.py:179} INFO - Processing /home/airflow/.local/lib/python3.7/site-packages/airflow/example_dags/example_xcom.py took 0.057 seconds
[2023-06-14T13:34:27.294+0000] {processor.py:157} INFO - Started process (PID=822) to work on /home/airflow/.local/lib/python3.7/site-packages/airflow/example_dags/example_xcom.py
[2023-06-14T13:34:27.295+0000] {processor.py:826} INFO - Processing file /home/airflow/.local/lib/python3.7/site-packages/airflow/example_dags/example_xcom.py for tasks to queue
[2023-06-14T13:34:27.296+0000] {logging_mixin.py:149} INFO - [2023-06-14T13:34:27.296+0000] {dagbag.py:541} INFO - Filling up the DagBag from /home/airflow/.local/lib/python3.7/site-packages/airflow/example_dags/example_xcom.py
[2023-06-14T13:34:27.302+0000] {processor.py:836} INFO - DAG(s) dict_keys(['example_xcom']) retrieved from /home/airflow/.local/lib/python3.7/site-packages/airflow/example_dags/example_xcom.py
[2023-06-14T13:34:27.325+0000] {logging_mixin.py:149} INFO - [2023-06-14T13:34:27.325+0000] {dag.py:2726} INFO - Sync 1 DAGs
[2023-06-14T13:34:27.341+0000] {logging_mixin.py:149} INFO - [2023-06-14T13:34:27.341+0000] {dag.py:3490} INFO - Setting next_dagrun for example_xcom to 2021-01-01T00:00:00+00:00, run_after=2021-01-01T00:00:00+00:00
[2023-06-14T13:34:27.353+0000] {processor.py:179} INFO - Processing /home/airflow/.local/lib/python3.7/site-packages/airflow/example_dags/example_xcom.py took 0.063 seconds
[2023-06-14T13:34:57.845+0000] {processor.py:157} INFO - Started process (PID=879) to work on /home/airflow/.local/lib/python3.7/site-packages/airflow/example_dags/example_xcom.py
[2023-06-14T13:34:57.847+0000] {processor.py:826} INFO - Processing file /home/airflow/.local/lib/python3.7/site-packages/airflow/example_dags/example_xcom.py for tasks to queue
[2023-06-14T13:34:57.848+0000] {logging_mixin.py:149} INFO - [2023-06-14T13:34:57.847+0000] {dagbag.py:541} INFO - Filling up the DagBag from /home/airflow/.local/lib/python3.7/site-packages/airflow/example_dags/example_xcom.py
[2023-06-14T13:34:57.854+0000] {processor.py:836} INFO - DAG(s) dict_keys(['example_xcom']) retrieved from /home/airflow/.local/lib/python3.7/site-packages/airflow/example_dags/example_xcom.py
[2023-06-14T13:34:57.876+0000] {logging_mixin.py:149} INFO - [2023-06-14T13:34:57.876+0000] {dag.py:2726} INFO - Sync 1 DAGs
[2023-06-14T13:34:57.893+0000] {logging_mixin.py:149} INFO - [2023-06-14T13:34:57.892+0000] {dag.py:3490} INFO - Setting next_dagrun for example_xcom to 2021-01-01T00:00:00+00:00, run_after=2021-01-01T00:00:00+00:00
[2023-06-14T13:34:57.904+0000] {processor.py:179} INFO - Processing /home/airflow/.local/lib/python3.7/site-packages/airflow/example_dags/example_xcom.py took 0.061 seconds
