[2023-06-14T13:27:22.971+0000] {processor.py:157} INFO - Started process (PID=48) to work on /home/airflow/.local/lib/python3.7/site-packages/airflow/example_dags/example_subdag_operator.py
[2023-06-14T13:27:22.977+0000] {processor.py:826} INFO - Processing file /home/airflow/.local/lib/python3.7/site-packages/airflow/example_dags/example_subdag_operator.py for tasks to queue
[2023-06-14T13:27:22.979+0000] {logging_mixin.py:149} INFO - [2023-06-14T13:27:22.979+0000] {dagbag.py:541} INFO - Filling up the DagBag from /home/airflow/.local/lib/python3.7/site-packages/airflow/example_dags/example_subdag_operator.py
[2023-06-14T13:27:23.044+0000] {processor.py:836} INFO - DAG(s) dict_keys(['example_subdag_operator.section-1', 'example_subdag_operator.section-2', 'example_subdag_operator']) retrieved from /home/airflow/.local/lib/python3.7/site-packages/airflow/example_dags/example_subdag_operator.py
[2023-06-14T13:27:23.442+0000] {logging_mixin.py:149} INFO - [2023-06-14T13:27:23.442+0000] {manager.py:504} INFO - Created Permission View: can edit on DAG:example_subdag_operator
[2023-06-14T13:27:23.461+0000] {logging_mixin.py:149} INFO - [2023-06-14T13:27:23.461+0000] {manager.py:504} INFO - Created Permission View: can read on DAG:example_subdag_operator
[2023-06-14T13:27:23.481+0000] {logging_mixin.py:149} INFO - [2023-06-14T13:27:23.481+0000] {manager.py:504} INFO - Created Permission View: can delete on DAG:example_subdag_operator
[2023-06-14T13:27:23.483+0000] {logging_mixin.py:149} INFO - [2023-06-14T13:27:23.483+0000] {dag.py:2726} INFO - Sync 3 DAGs
[2023-06-14T13:27:23.497+0000] {logging_mixin.py:149} INFO - [2023-06-14T13:27:23.496+0000] {dag.py:2747} INFO - Creating ORM DAG for example_subdag_operator.section-2
[2023-06-14T13:27:23.499+0000] {logging_mixin.py:149} INFO - [2023-06-14T13:27:23.499+0000] {dag.py:2747} INFO - Creating ORM DAG for example_subdag_operator
[2023-06-14T13:27:23.502+0000] {logging_mixin.py:149} INFO - [2023-06-14T13:27:23.502+0000] {dag.py:2747} INFO - Creating ORM DAG for example_subdag_operator.section-1
[2023-06-14T13:27:23.531+0000] {logging_mixin.py:149} INFO - [2023-06-14T13:27:23.531+0000] {dag.py:3490} INFO - Setting next_dagrun for example_subdag_operator to 2022-01-01T00:00:00+00:00, run_after=2022-01-01T00:00:00+00:00
[2023-06-14T13:27:23.535+0000] {logging_mixin.py:149} INFO - [2023-06-14T13:27:23.535+0000] {dag.py:3490} INFO - Setting next_dagrun for example_subdag_operator.section-1 to None, run_after=None
[2023-06-14T13:27:23.546+0000] {logging_mixin.py:149} INFO - [2023-06-14T13:27:23.546+0000] {dag.py:3490} INFO - Setting next_dagrun for example_subdag_operator.section-2 to None, run_after=None
[2023-06-14T13:27:23.592+0000] {logging_mixin.py:149} INFO - [2023-06-14T13:27:23.592+0000] {dag.py:2726} INFO - Sync 2 DAGs
[2023-06-14T13:27:23.608+0000] {logging_mixin.py:149} INFO - [2023-06-14T13:27:23.608+0000] {dag.py:3490} INFO - Setting next_dagrun for example_subdag_operator.section-1 to None, run_after=None
[2023-06-14T13:27:23.622+0000] {logging_mixin.py:149} INFO - [2023-06-14T13:27:23.622+0000] {dag.py:3490} INFO - Setting next_dagrun for example_subdag_operator.section-2 to None, run_after=None
[2023-06-14T13:27:23.674+0000] {processor.py:179} INFO - Processing /home/airflow/.local/lib/python3.7/site-packages/airflow/example_dags/example_subdag_operator.py took 0.710 seconds
[2023-06-14T13:27:54.102+0000] {processor.py:157} INFO - Started process (PID=104) to work on /home/airflow/.local/lib/python3.7/site-packages/airflow/example_dags/example_subdag_operator.py
[2023-06-14T13:27:54.106+0000] {processor.py:826} INFO - Processing file /home/airflow/.local/lib/python3.7/site-packages/airflow/example_dags/example_subdag_operator.py for tasks to queue
[2023-06-14T13:27:54.109+0000] {logging_mixin.py:149} INFO - [2023-06-14T13:27:54.109+0000] {dagbag.py:541} INFO - Filling up the DagBag from /home/airflow/.local/lib/python3.7/site-packages/airflow/example_dags/example_subdag_operator.py
[2023-06-14T13:27:54.234+0000] {processor.py:836} INFO - DAG(s) dict_keys(['example_subdag_operator.section-1', 'example_subdag_operator.section-2', 'example_subdag_operator']) retrieved from /home/airflow/.local/lib/python3.7/site-packages/airflow/example_dags/example_subdag_operator.py
[2023-06-14T13:27:54.305+0000] {logging_mixin.py:149} INFO - [2023-06-14T13:27:54.304+0000] {dag.py:2726} INFO - Sync 3 DAGs
[2023-06-14T13:27:54.381+0000] {logging_mixin.py:149} INFO - [2023-06-14T13:27:54.380+0000] {dag.py:3490} INFO - Setting next_dagrun for example_subdag_operator to 2022-01-01T00:00:00+00:00, run_after=2022-01-01T00:00:00+00:00
[2023-06-14T13:27:54.391+0000] {logging_mixin.py:149} INFO - [2023-06-14T13:27:54.391+0000] {dag.py:3490} INFO - Setting next_dagrun for example_subdag_operator.section-1 to None, run_after=None
[2023-06-14T13:27:54.395+0000] {logging_mixin.py:149} INFO - [2023-06-14T13:27:54.395+0000] {dag.py:3490} INFO - Setting next_dagrun for example_subdag_operator.section-2 to None, run_after=None
[2023-06-14T13:27:54.433+0000] {logging_mixin.py:149} INFO - [2023-06-14T13:27:54.433+0000] {dag.py:2726} INFO - Sync 2 DAGs
[2023-06-14T13:27:54.447+0000] {logging_mixin.py:149} INFO - [2023-06-14T13:27:54.447+0000] {dag.py:3490} INFO - Setting next_dagrun for example_subdag_operator.section-1 to None, run_after=None
[2023-06-14T13:27:54.450+0000] {logging_mixin.py:149} INFO - [2023-06-14T13:27:54.450+0000] {dag.py:3490} INFO - Setting next_dagrun for example_subdag_operator.section-2 to None, run_after=None
[2023-06-14T13:27:54.474+0000] {processor.py:179} INFO - Processing /home/airflow/.local/lib/python3.7/site-packages/airflow/example_dags/example_subdag_operator.py took 0.379 seconds
[2023-06-14T13:28:24.730+0000] {processor.py:157} INFO - Started process (PID=160) to work on /home/airflow/.local/lib/python3.7/site-packages/airflow/example_dags/example_subdag_operator.py
[2023-06-14T13:28:24.733+0000] {processor.py:826} INFO - Processing file /home/airflow/.local/lib/python3.7/site-packages/airflow/example_dags/example_subdag_operator.py for tasks to queue
[2023-06-14T13:28:24.734+0000] {logging_mixin.py:149} INFO - [2023-06-14T13:28:24.734+0000] {dagbag.py:541} INFO - Filling up the DagBag from /home/airflow/.local/lib/python3.7/site-packages/airflow/example_dags/example_subdag_operator.py
[2023-06-14T13:28:24.772+0000] {processor.py:836} INFO - DAG(s) dict_keys(['example_subdag_operator.section-1', 'example_subdag_operator.section-2', 'example_subdag_operator']) retrieved from /home/airflow/.local/lib/python3.7/site-packages/airflow/example_dags/example_subdag_operator.py
[2023-06-14T13:28:24.794+0000] {logging_mixin.py:149} INFO - [2023-06-14T13:28:24.794+0000] {dag.py:2726} INFO - Sync 3 DAGs
[2023-06-14T13:28:24.811+0000] {logging_mixin.py:149} INFO - [2023-06-14T13:28:24.811+0000] {dag.py:3490} INFO - Setting next_dagrun for example_subdag_operator to 2022-01-01T00:00:00+00:00, run_after=2022-01-01T00:00:00+00:00
[2023-06-14T13:28:24.814+0000] {logging_mixin.py:149} INFO - [2023-06-14T13:28:24.814+0000] {dag.py:3490} INFO - Setting next_dagrun for example_subdag_operator.section-1 to None, run_after=None
[2023-06-14T13:28:24.815+0000] {logging_mixin.py:149} INFO - [2023-06-14T13:28:24.815+0000] {dag.py:3490} INFO - Setting next_dagrun for example_subdag_operator.section-2 to None, run_after=None
[2023-06-14T13:28:24.820+0000] {logging_mixin.py:149} INFO - [2023-06-14T13:28:24.820+0000] {dag.py:2726} INFO - Sync 2 DAGs
[2023-06-14T13:28:24.826+0000] {logging_mixin.py:149} INFO - [2023-06-14T13:28:24.826+0000] {dag.py:3490} INFO - Setting next_dagrun for example_subdag_operator.section-1 to None, run_after=None
[2023-06-14T13:28:24.827+0000] {logging_mixin.py:149} INFO - [2023-06-14T13:28:24.827+0000] {dag.py:3490} INFO - Setting next_dagrun for example_subdag_operator.section-2 to None, run_after=None
[2023-06-14T13:28:24.835+0000] {processor.py:179} INFO - Processing /home/airflow/.local/lib/python3.7/site-packages/airflow/example_dags/example_subdag_operator.py took 0.111 seconds
[2023-06-14T13:28:55.299+0000] {processor.py:157} INFO - Started process (PID=216) to work on /home/airflow/.local/lib/python3.7/site-packages/airflow/example_dags/example_subdag_operator.py
[2023-06-14T13:28:55.301+0000] {processor.py:826} INFO - Processing file /home/airflow/.local/lib/python3.7/site-packages/airflow/example_dags/example_subdag_operator.py for tasks to queue
[2023-06-14T13:28:55.302+0000] {logging_mixin.py:149} INFO - [2023-06-14T13:28:55.302+0000] {dagbag.py:541} INFO - Filling up the DagBag from /home/airflow/.local/lib/python3.7/site-packages/airflow/example_dags/example_subdag_operator.py
[2023-06-14T13:28:55.331+0000] {processor.py:836} INFO - DAG(s) dict_keys(['example_subdag_operator.section-1', 'example_subdag_operator.section-2', 'example_subdag_operator']) retrieved from /home/airflow/.local/lib/python3.7/site-packages/airflow/example_dags/example_subdag_operator.py
[2023-06-14T13:28:55.346+0000] {logging_mixin.py:149} INFO - [2023-06-14T13:28:55.346+0000] {dag.py:2726} INFO - Sync 3 DAGs
[2023-06-14T13:28:55.363+0000] {logging_mixin.py:149} INFO - [2023-06-14T13:28:55.363+0000] {dag.py:3490} INFO - Setting next_dagrun for example_subdag_operator to 2022-01-01T00:00:00+00:00, run_after=2022-01-01T00:00:00+00:00
[2023-06-14T13:28:55.366+0000] {logging_mixin.py:149} INFO - [2023-06-14T13:28:55.365+0000] {dag.py:3490} INFO - Setting next_dagrun for example_subdag_operator.section-1 to None, run_after=None
[2023-06-14T13:28:55.367+0000] {logging_mixin.py:149} INFO - [2023-06-14T13:28:55.367+0000] {dag.py:3490} INFO - Setting next_dagrun for example_subdag_operator.section-2 to None, run_after=None
[2023-06-14T13:28:55.373+0000] {logging_mixin.py:149} INFO - [2023-06-14T13:28:55.372+0000] {dag.py:2726} INFO - Sync 2 DAGs
[2023-06-14T13:28:55.377+0000] {logging_mixin.py:149} INFO - [2023-06-14T13:28:55.376+0000] {dag.py:3490} INFO - Setting next_dagrun for example_subdag_operator.section-1 to None, run_after=None
[2023-06-14T13:28:55.377+0000] {logging_mixin.py:149} INFO - [2023-06-14T13:28:55.377+0000] {dag.py:3490} INFO - Setting next_dagrun for example_subdag_operator.section-2 to None, run_after=None
[2023-06-14T13:28:55.385+0000] {processor.py:179} INFO - Processing /home/airflow/.local/lib/python3.7/site-packages/airflow/example_dags/example_subdag_operator.py took 0.093 seconds
[2023-06-14T13:29:25.605+0000] {processor.py:157} INFO - Started process (PID=272) to work on /home/airflow/.local/lib/python3.7/site-packages/airflow/example_dags/example_subdag_operator.py
[2023-06-14T13:29:25.607+0000] {processor.py:826} INFO - Processing file /home/airflow/.local/lib/python3.7/site-packages/airflow/example_dags/example_subdag_operator.py for tasks to queue
[2023-06-14T13:29:25.608+0000] {logging_mixin.py:149} INFO - [2023-06-14T13:29:25.608+0000] {dagbag.py:541} INFO - Filling up the DagBag from /home/airflow/.local/lib/python3.7/site-packages/airflow/example_dags/example_subdag_operator.py
[2023-06-14T13:29:25.639+0000] {processor.py:836} INFO - DAG(s) dict_keys(['example_subdag_operator.section-1', 'example_subdag_operator.section-2', 'example_subdag_operator']) retrieved from /home/airflow/.local/lib/python3.7/site-packages/airflow/example_dags/example_subdag_operator.py
[2023-06-14T13:29:25.653+0000] {logging_mixin.py:149} INFO - [2023-06-14T13:29:25.653+0000] {dag.py:2726} INFO - Sync 3 DAGs
[2023-06-14T13:29:25.668+0000] {logging_mixin.py:149} INFO - [2023-06-14T13:29:25.668+0000] {dag.py:3490} INFO - Setting next_dagrun for example_subdag_operator to 2022-01-01T00:00:00+00:00, run_after=2022-01-01T00:00:00+00:00
[2023-06-14T13:29:25.671+0000] {logging_mixin.py:149} INFO - [2023-06-14T13:29:25.671+0000] {dag.py:3490} INFO - Setting next_dagrun for example_subdag_operator.section-1 to None, run_after=None
[2023-06-14T13:29:25.672+0000] {logging_mixin.py:149} INFO - [2023-06-14T13:29:25.672+0000] {dag.py:3490} INFO - Setting next_dagrun for example_subdag_operator.section-2 to None, run_after=None
[2023-06-14T13:29:25.676+0000] {logging_mixin.py:149} INFO - [2023-06-14T13:29:25.676+0000] {dag.py:2726} INFO - Sync 2 DAGs
[2023-06-14T13:29:25.680+0000] {logging_mixin.py:149} INFO - [2023-06-14T13:29:25.680+0000] {dag.py:3490} INFO - Setting next_dagrun for example_subdag_operator.section-1 to None, run_after=None
[2023-06-14T13:29:25.681+0000] {logging_mixin.py:149} INFO - [2023-06-14T13:29:25.681+0000] {dag.py:3490} INFO - Setting next_dagrun for example_subdag_operator.section-2 to None, run_after=None
[2023-06-14T13:29:25.687+0000] {processor.py:179} INFO - Processing /home/airflow/.local/lib/python3.7/site-packages/airflow/example_dags/example_subdag_operator.py took 0.089 seconds
[2023-06-14T13:29:55.768+0000] {processor.py:157} INFO - Started process (PID=328) to work on /home/airflow/.local/lib/python3.7/site-packages/airflow/example_dags/example_subdag_operator.py
[2023-06-14T13:29:55.770+0000] {processor.py:826} INFO - Processing file /home/airflow/.local/lib/python3.7/site-packages/airflow/example_dags/example_subdag_operator.py for tasks to queue
[2023-06-14T13:29:55.772+0000] {logging_mixin.py:149} INFO - [2023-06-14T13:29:55.771+0000] {dagbag.py:541} INFO - Filling up the DagBag from /home/airflow/.local/lib/python3.7/site-packages/airflow/example_dags/example_subdag_operator.py
[2023-06-14T13:29:55.800+0000] {processor.py:836} INFO - DAG(s) dict_keys(['example_subdag_operator.section-1', 'example_subdag_operator.section-2', 'example_subdag_operator']) retrieved from /home/airflow/.local/lib/python3.7/site-packages/airflow/example_dags/example_subdag_operator.py
[2023-06-14T13:29:55.814+0000] {logging_mixin.py:149} INFO - [2023-06-14T13:29:55.814+0000] {dag.py:2726} INFO - Sync 3 DAGs
[2023-06-14T13:29:55.829+0000] {logging_mixin.py:149} INFO - [2023-06-14T13:29:55.829+0000] {dag.py:3490} INFO - Setting next_dagrun for example_subdag_operator to 2022-01-01T00:00:00+00:00, run_after=2022-01-01T00:00:00+00:00
[2023-06-14T13:29:55.831+0000] {logging_mixin.py:149} INFO - [2023-06-14T13:29:55.831+0000] {dag.py:3490} INFO - Setting next_dagrun for example_subdag_operator.section-1 to None, run_after=None
[2023-06-14T13:29:55.833+0000] {logging_mixin.py:149} INFO - [2023-06-14T13:29:55.832+0000] {dag.py:3490} INFO - Setting next_dagrun for example_subdag_operator.section-2 to None, run_after=None
[2023-06-14T13:29:55.838+0000] {logging_mixin.py:149} INFO - [2023-06-14T13:29:55.838+0000] {dag.py:2726} INFO - Sync 2 DAGs
[2023-06-14T13:29:55.841+0000] {logging_mixin.py:149} INFO - [2023-06-14T13:29:55.841+0000] {dag.py:3490} INFO - Setting next_dagrun for example_subdag_operator.section-1 to None, run_after=None
[2023-06-14T13:29:55.842+0000] {logging_mixin.py:149} INFO - [2023-06-14T13:29:55.842+0000] {dag.py:3490} INFO - Setting next_dagrun for example_subdag_operator.section-2 to None, run_after=None
[2023-06-14T13:29:55.848+0000] {processor.py:179} INFO - Processing /home/airflow/.local/lib/python3.7/site-packages/airflow/example_dags/example_subdag_operator.py took 0.086 seconds
[2023-06-14T13:30:26.492+0000] {processor.py:157} INFO - Started process (PID=384) to work on /home/airflow/.local/lib/python3.7/site-packages/airflow/example_dags/example_subdag_operator.py
[2023-06-14T13:30:26.494+0000] {processor.py:826} INFO - Processing file /home/airflow/.local/lib/python3.7/site-packages/airflow/example_dags/example_subdag_operator.py for tasks to queue
[2023-06-14T13:30:26.495+0000] {logging_mixin.py:149} INFO - [2023-06-14T13:30:26.495+0000] {dagbag.py:541} INFO - Filling up the DagBag from /home/airflow/.local/lib/python3.7/site-packages/airflow/example_dags/example_subdag_operator.py
[2023-06-14T13:30:26.515+0000] {processor.py:836} INFO - DAG(s) dict_keys(['example_subdag_operator.section-1', 'example_subdag_operator.section-2', 'example_subdag_operator']) retrieved from /home/airflow/.local/lib/python3.7/site-packages/airflow/example_dags/example_subdag_operator.py
[2023-06-14T13:30:26.527+0000] {logging_mixin.py:149} INFO - [2023-06-14T13:30:26.527+0000] {dag.py:2726} INFO - Sync 3 DAGs
[2023-06-14T13:30:26.542+0000] {logging_mixin.py:149} INFO - [2023-06-14T13:30:26.542+0000] {dag.py:3490} INFO - Setting next_dagrun for example_subdag_operator to 2022-01-01T00:00:00+00:00, run_after=2022-01-01T00:00:00+00:00
[2023-06-14T13:30:26.546+0000] {logging_mixin.py:149} INFO - [2023-06-14T13:30:26.545+0000] {dag.py:3490} INFO - Setting next_dagrun for example_subdag_operator.section-1 to None, run_after=None
[2023-06-14T13:30:26.547+0000] {logging_mixin.py:149} INFO - [2023-06-14T13:30:26.546+0000] {dag.py:3490} INFO - Setting next_dagrun for example_subdag_operator.section-2 to None, run_after=None
[2023-06-14T13:30:26.551+0000] {logging_mixin.py:149} INFO - [2023-06-14T13:30:26.551+0000] {dag.py:2726} INFO - Sync 2 DAGs
[2023-06-14T13:30:26.555+0000] {logging_mixin.py:149} INFO - [2023-06-14T13:30:26.555+0000] {dag.py:3490} INFO - Setting next_dagrun for example_subdag_operator.section-1 to None, run_after=None
[2023-06-14T13:30:26.555+0000] {logging_mixin.py:149} INFO - [2023-06-14T13:30:26.555+0000] {dag.py:3490} INFO - Setting next_dagrun for example_subdag_operator.section-2 to None, run_after=None
[2023-06-14T13:30:26.563+0000] {processor.py:179} INFO - Processing /home/airflow/.local/lib/python3.7/site-packages/airflow/example_dags/example_subdag_operator.py took 0.073 seconds
[2023-06-14T13:30:57.201+0000] {processor.py:157} INFO - Started process (PID=440) to work on /home/airflow/.local/lib/python3.7/site-packages/airflow/example_dags/example_subdag_operator.py
[2023-06-14T13:30:57.205+0000] {processor.py:826} INFO - Processing file /home/airflow/.local/lib/python3.7/site-packages/airflow/example_dags/example_subdag_operator.py for tasks to queue
[2023-06-14T13:30:57.207+0000] {logging_mixin.py:149} INFO - [2023-06-14T13:30:57.207+0000] {dagbag.py:541} INFO - Filling up the DagBag from /home/airflow/.local/lib/python3.7/site-packages/airflow/example_dags/example_subdag_operator.py
[2023-06-14T13:30:57.287+0000] {processor.py:836} INFO - DAG(s) dict_keys(['example_subdag_operator.section-1', 'example_subdag_operator.section-2', 'example_subdag_operator']) retrieved from /home/airflow/.local/lib/python3.7/site-packages/airflow/example_dags/example_subdag_operator.py
[2023-06-14T13:30:57.313+0000] {logging_mixin.py:149} INFO - [2023-06-14T13:30:57.313+0000] {dag.py:2726} INFO - Sync 3 DAGs
[2023-06-14T13:30:57.341+0000] {logging_mixin.py:149} INFO - [2023-06-14T13:30:57.341+0000] {dag.py:3490} INFO - Setting next_dagrun for example_subdag_operator to 2022-01-01T00:00:00+00:00, run_after=2022-01-01T00:00:00+00:00
[2023-06-14T13:30:57.348+0000] {logging_mixin.py:149} INFO - [2023-06-14T13:30:57.348+0000] {dag.py:3490} INFO - Setting next_dagrun for example_subdag_operator.section-1 to None, run_after=None
[2023-06-14T13:30:57.351+0000] {logging_mixin.py:149} INFO - [2023-06-14T13:30:57.351+0000] {dag.py:3490} INFO - Setting next_dagrun for example_subdag_operator.section-2 to None, run_after=None
[2023-06-14T13:30:57.361+0000] {logging_mixin.py:149} INFO - [2023-06-14T13:30:57.361+0000] {dag.py:2726} INFO - Sync 2 DAGs
[2023-06-14T13:30:57.366+0000] {logging_mixin.py:149} INFO - [2023-06-14T13:30:57.366+0000] {dag.py:3490} INFO - Setting next_dagrun for example_subdag_operator.section-1 to None, run_after=None
[2023-06-14T13:30:57.368+0000] {logging_mixin.py:149} INFO - [2023-06-14T13:30:57.368+0000] {dag.py:3490} INFO - Setting next_dagrun for example_subdag_operator.section-2 to None, run_after=None
[2023-06-14T13:30:57.379+0000] {processor.py:179} INFO - Processing /home/airflow/.local/lib/python3.7/site-packages/airflow/example_dags/example_subdag_operator.py took 0.189 seconds
[2023-06-14T13:31:27.966+0000] {processor.py:157} INFO - Started process (PID=496) to work on /home/airflow/.local/lib/python3.7/site-packages/airflow/example_dags/example_subdag_operator.py
[2023-06-14T13:31:27.968+0000] {processor.py:826} INFO - Processing file /home/airflow/.local/lib/python3.7/site-packages/airflow/example_dags/example_subdag_operator.py for tasks to queue
[2023-06-14T13:31:27.970+0000] {logging_mixin.py:149} INFO - [2023-06-14T13:31:27.970+0000] {dagbag.py:541} INFO - Filling up the DagBag from /home/airflow/.local/lib/python3.7/site-packages/airflow/example_dags/example_subdag_operator.py
[2023-06-14T13:31:28.001+0000] {processor.py:836} INFO - DAG(s) dict_keys(['example_subdag_operator.section-1', 'example_subdag_operator.section-2', 'example_subdag_operator']) retrieved from /home/airflow/.local/lib/python3.7/site-packages/airflow/example_dags/example_subdag_operator.py
[2023-06-14T13:31:28.015+0000] {logging_mixin.py:149} INFO - [2023-06-14T13:31:28.015+0000] {dag.py:2726} INFO - Sync 3 DAGs
[2023-06-14T13:31:28.032+0000] {logging_mixin.py:149} INFO - [2023-06-14T13:31:28.032+0000] {dag.py:3490} INFO - Setting next_dagrun for example_subdag_operator to 2022-01-01T00:00:00+00:00, run_after=2022-01-01T00:00:00+00:00
[2023-06-14T13:31:28.035+0000] {logging_mixin.py:149} INFO - [2023-06-14T13:31:28.035+0000] {dag.py:3490} INFO - Setting next_dagrun for example_subdag_operator.section-1 to None, run_after=None
[2023-06-14T13:31:28.036+0000] {logging_mixin.py:149} INFO - [2023-06-14T13:31:28.036+0000] {dag.py:3490} INFO - Setting next_dagrun for example_subdag_operator.section-2 to None, run_after=None
[2023-06-14T13:31:28.041+0000] {logging_mixin.py:149} INFO - [2023-06-14T13:31:28.041+0000] {dag.py:2726} INFO - Sync 2 DAGs
[2023-06-14T13:31:28.044+0000] {logging_mixin.py:149} INFO - [2023-06-14T13:31:28.044+0000] {dag.py:3490} INFO - Setting next_dagrun for example_subdag_operator.section-1 to None, run_after=None
[2023-06-14T13:31:28.045+0000] {logging_mixin.py:149} INFO - [2023-06-14T13:31:28.045+0000] {dag.py:3490} INFO - Setting next_dagrun for example_subdag_operator.section-2 to None, run_after=None
[2023-06-14T13:31:28.052+0000] {processor.py:179} INFO - Processing /home/airflow/.local/lib/python3.7/site-packages/airflow/example_dags/example_subdag_operator.py took 0.093 seconds
[2023-06-14T13:31:58.508+0000] {processor.py:157} INFO - Started process (PID=553) to work on /home/airflow/.local/lib/python3.7/site-packages/airflow/example_dags/example_subdag_operator.py
[2023-06-14T13:31:58.510+0000] {processor.py:826} INFO - Processing file /home/airflow/.local/lib/python3.7/site-packages/airflow/example_dags/example_subdag_operator.py for tasks to queue
[2023-06-14T13:31:58.512+0000] {logging_mixin.py:149} INFO - [2023-06-14T13:31:58.512+0000] {dagbag.py:541} INFO - Filling up the DagBag from /home/airflow/.local/lib/python3.7/site-packages/airflow/example_dags/example_subdag_operator.py
[2023-06-14T13:31:58.546+0000] {processor.py:836} INFO - DAG(s) dict_keys(['example_subdag_operator.section-1', 'example_subdag_operator.section-2', 'example_subdag_operator']) retrieved from /home/airflow/.local/lib/python3.7/site-packages/airflow/example_dags/example_subdag_operator.py
[2023-06-14T13:31:58.564+0000] {logging_mixin.py:149} INFO - [2023-06-14T13:31:58.564+0000] {dag.py:2726} INFO - Sync 3 DAGs
[2023-06-14T13:31:58.588+0000] {logging_mixin.py:149} INFO - [2023-06-14T13:31:58.587+0000] {dag.py:3490} INFO - Setting next_dagrun for example_subdag_operator to 2022-01-01T00:00:00+00:00, run_after=2022-01-01T00:00:00+00:00
[2023-06-14T13:31:58.591+0000] {logging_mixin.py:149} INFO - [2023-06-14T13:31:58.591+0000] {dag.py:3490} INFO - Setting next_dagrun for example_subdag_operator.section-1 to None, run_after=None
[2023-06-14T13:31:58.592+0000] {logging_mixin.py:149} INFO - [2023-06-14T13:31:58.592+0000] {dag.py:3490} INFO - Setting next_dagrun for example_subdag_operator.section-2 to None, run_after=None
[2023-06-14T13:31:58.599+0000] {logging_mixin.py:149} INFO - [2023-06-14T13:31:58.598+0000] {dag.py:2726} INFO - Sync 2 DAGs
[2023-06-14T13:31:58.602+0000] {logging_mixin.py:149} INFO - [2023-06-14T13:31:58.602+0000] {dag.py:3490} INFO - Setting next_dagrun for example_subdag_operator.section-1 to None, run_after=None
[2023-06-14T13:31:58.603+0000] {logging_mixin.py:149} INFO - [2023-06-14T13:31:58.603+0000] {dag.py:3490} INFO - Setting next_dagrun for example_subdag_operator.section-2 to None, run_after=None
[2023-06-14T13:31:58.611+0000] {processor.py:179} INFO - Processing /home/airflow/.local/lib/python3.7/site-packages/airflow/example_dags/example_subdag_operator.py took 0.109 seconds
[2023-06-14T13:32:28.714+0000] {processor.py:157} INFO - Started process (PID=611) to work on /home/airflow/.local/lib/python3.7/site-packages/airflow/example_dags/example_subdag_operator.py
[2023-06-14T13:32:28.716+0000] {processor.py:826} INFO - Processing file /home/airflow/.local/lib/python3.7/site-packages/airflow/example_dags/example_subdag_operator.py for tasks to queue
[2023-06-14T13:32:28.716+0000] {logging_mixin.py:149} INFO - [2023-06-14T13:32:28.716+0000] {dagbag.py:541} INFO - Filling up the DagBag from /home/airflow/.local/lib/python3.7/site-packages/airflow/example_dags/example_subdag_operator.py
[2023-06-14T13:32:28.736+0000] {processor.py:836} INFO - DAG(s) dict_keys(['example_subdag_operator.section-1', 'example_subdag_operator.section-2', 'example_subdag_operator']) retrieved from /home/airflow/.local/lib/python3.7/site-packages/airflow/example_dags/example_subdag_operator.py
[2023-06-14T13:32:28.749+0000] {logging_mixin.py:149} INFO - [2023-06-14T13:32:28.749+0000] {dag.py:2726} INFO - Sync 3 DAGs
[2023-06-14T13:32:28.764+0000] {logging_mixin.py:149} INFO - [2023-06-14T13:32:28.764+0000] {dag.py:3490} INFO - Setting next_dagrun for example_subdag_operator to 2022-01-01T00:00:00+00:00, run_after=2022-01-01T00:00:00+00:00
[2023-06-14T13:32:28.767+0000] {logging_mixin.py:149} INFO - [2023-06-14T13:32:28.767+0000] {dag.py:3490} INFO - Setting next_dagrun for example_subdag_operator.section-1 to None, run_after=None
[2023-06-14T13:32:28.768+0000] {logging_mixin.py:149} INFO - [2023-06-14T13:32:28.768+0000] {dag.py:3490} INFO - Setting next_dagrun for example_subdag_operator.section-2 to None, run_after=None
[2023-06-14T13:32:28.773+0000] {logging_mixin.py:149} INFO - [2023-06-14T13:32:28.773+0000] {dag.py:2726} INFO - Sync 2 DAGs
[2023-06-14T13:32:28.777+0000] {logging_mixin.py:149} INFO - [2023-06-14T13:32:28.777+0000] {dag.py:3490} INFO - Setting next_dagrun for example_subdag_operator.section-1 to None, run_after=None
[2023-06-14T13:32:28.777+0000] {logging_mixin.py:149} INFO - [2023-06-14T13:32:28.777+0000] {dag.py:3490} INFO - Setting next_dagrun for example_subdag_operator.section-2 to None, run_after=None
[2023-06-14T13:32:28.784+0000] {processor.py:179} INFO - Processing /home/airflow/.local/lib/python3.7/site-packages/airflow/example_dags/example_subdag_operator.py took 0.072 seconds
[2023-06-14T13:32:59.197+0000] {processor.py:157} INFO - Started process (PID=668) to work on /home/airflow/.local/lib/python3.7/site-packages/airflow/example_dags/example_subdag_operator.py
[2023-06-14T13:32:59.198+0000] {processor.py:826} INFO - Processing file /home/airflow/.local/lib/python3.7/site-packages/airflow/example_dags/example_subdag_operator.py for tasks to queue
[2023-06-14T13:32:59.199+0000] {logging_mixin.py:149} INFO - [2023-06-14T13:32:59.199+0000] {dagbag.py:541} INFO - Filling up the DagBag from /home/airflow/.local/lib/python3.7/site-packages/airflow/example_dags/example_subdag_operator.py
[2023-06-14T13:32:59.220+0000] {processor.py:836} INFO - DAG(s) dict_keys(['example_subdag_operator.section-1', 'example_subdag_operator.section-2', 'example_subdag_operator']) retrieved from /home/airflow/.local/lib/python3.7/site-packages/airflow/example_dags/example_subdag_operator.py
[2023-06-14T13:32:59.233+0000] {logging_mixin.py:149} INFO - [2023-06-14T13:32:59.233+0000] {dag.py:2726} INFO - Sync 3 DAGs
[2023-06-14T13:32:59.254+0000] {logging_mixin.py:149} INFO - [2023-06-14T13:32:59.254+0000] {dag.py:3490} INFO - Setting next_dagrun for example_subdag_operator to 2022-01-01T00:00:00+00:00, run_after=2022-01-01T00:00:00+00:00
[2023-06-14T13:32:59.257+0000] {logging_mixin.py:149} INFO - [2023-06-14T13:32:59.257+0000] {dag.py:3490} INFO - Setting next_dagrun for example_subdag_operator.section-1 to None, run_after=None
[2023-06-14T13:32:59.258+0000] {logging_mixin.py:149} INFO - [2023-06-14T13:32:59.258+0000] {dag.py:3490} INFO - Setting next_dagrun for example_subdag_operator.section-2 to None, run_after=None
[2023-06-14T13:32:59.264+0000] {logging_mixin.py:149} INFO - [2023-06-14T13:32:59.264+0000] {dag.py:2726} INFO - Sync 2 DAGs
[2023-06-14T13:32:59.268+0000] {logging_mixin.py:149} INFO - [2023-06-14T13:32:59.268+0000] {dag.py:3490} INFO - Setting next_dagrun for example_subdag_operator.section-1 to None, run_after=None
[2023-06-14T13:32:59.269+0000] {logging_mixin.py:149} INFO - [2023-06-14T13:32:59.269+0000] {dag.py:3490} INFO - Setting next_dagrun for example_subdag_operator.section-2 to None, run_after=None
[2023-06-14T13:32:59.278+0000] {processor.py:179} INFO - Processing /home/airflow/.local/lib/python3.7/site-packages/airflow/example_dags/example_subdag_operator.py took 0.084 seconds
[2023-06-14T13:33:29.608+0000] {processor.py:157} INFO - Started process (PID=725) to work on /home/airflow/.local/lib/python3.7/site-packages/airflow/example_dags/example_subdag_operator.py
[2023-06-14T13:33:29.611+0000] {processor.py:826} INFO - Processing file /home/airflow/.local/lib/python3.7/site-packages/airflow/example_dags/example_subdag_operator.py for tasks to queue
[2023-06-14T13:33:29.612+0000] {logging_mixin.py:149} INFO - [2023-06-14T13:33:29.612+0000] {dagbag.py:541} INFO - Filling up the DagBag from /home/airflow/.local/lib/python3.7/site-packages/airflow/example_dags/example_subdag_operator.py
[2023-06-14T13:33:29.641+0000] {processor.py:836} INFO - DAG(s) dict_keys(['example_subdag_operator.section-1', 'example_subdag_operator.section-2', 'example_subdag_operator']) retrieved from /home/airflow/.local/lib/python3.7/site-packages/airflow/example_dags/example_subdag_operator.py
[2023-06-14T13:33:29.654+0000] {logging_mixin.py:149} INFO - [2023-06-14T13:33:29.654+0000] {dag.py:2726} INFO - Sync 3 DAGs
[2023-06-14T13:33:29.670+0000] {logging_mixin.py:149} INFO - [2023-06-14T13:33:29.670+0000] {dag.py:3490} INFO - Setting next_dagrun for example_subdag_operator to 2022-01-01T00:00:00+00:00, run_after=2022-01-01T00:00:00+00:00
[2023-06-14T13:33:29.673+0000] {logging_mixin.py:149} INFO - [2023-06-14T13:33:29.672+0000] {dag.py:3490} INFO - Setting next_dagrun for example_subdag_operator.section-1 to None, run_after=None
[2023-06-14T13:33:29.674+0000] {logging_mixin.py:149} INFO - [2023-06-14T13:33:29.674+0000] {dag.py:3490} INFO - Setting next_dagrun for example_subdag_operator.section-2 to None, run_after=None
[2023-06-14T13:33:29.678+0000] {logging_mixin.py:149} INFO - [2023-06-14T13:33:29.678+0000] {dag.py:2726} INFO - Sync 2 DAGs
[2023-06-14T13:33:29.682+0000] {logging_mixin.py:149} INFO - [2023-06-14T13:33:29.682+0000] {dag.py:3490} INFO - Setting next_dagrun for example_subdag_operator.section-1 to None, run_after=None
[2023-06-14T13:33:29.682+0000] {logging_mixin.py:149} INFO - [2023-06-14T13:33:29.682+0000] {dag.py:3490} INFO - Setting next_dagrun for example_subdag_operator.section-2 to None, run_after=None
[2023-06-14T13:33:29.689+0000] {processor.py:179} INFO - Processing /home/airflow/.local/lib/python3.7/site-packages/airflow/example_dags/example_subdag_operator.py took 0.088 seconds
[2023-06-14T13:34:00.057+0000] {processor.py:157} INFO - Started process (PID=782) to work on /home/airflow/.local/lib/python3.7/site-packages/airflow/example_dags/example_subdag_operator.py
[2023-06-14T13:34:00.060+0000] {processor.py:826} INFO - Processing file /home/airflow/.local/lib/python3.7/site-packages/airflow/example_dags/example_subdag_operator.py for tasks to queue
[2023-06-14T13:34:00.062+0000] {logging_mixin.py:149} INFO - [2023-06-14T13:34:00.062+0000] {dagbag.py:541} INFO - Filling up the DagBag from /home/airflow/.local/lib/python3.7/site-packages/airflow/example_dags/example_subdag_operator.py
[2023-06-14T13:34:00.095+0000] {processor.py:836} INFO - DAG(s) dict_keys(['example_subdag_operator.section-1', 'example_subdag_operator.section-2', 'example_subdag_operator']) retrieved from /home/airflow/.local/lib/python3.7/site-packages/airflow/example_dags/example_subdag_operator.py
[2023-06-14T13:34:00.110+0000] {logging_mixin.py:149} INFO - [2023-06-14T13:34:00.110+0000] {dag.py:2726} INFO - Sync 3 DAGs
[2023-06-14T13:34:00.127+0000] {logging_mixin.py:149} INFO - [2023-06-14T13:34:00.127+0000] {dag.py:3490} INFO - Setting next_dagrun for example_subdag_operator to 2022-01-01T00:00:00+00:00, run_after=2022-01-01T00:00:00+00:00
[2023-06-14T13:34:00.130+0000] {logging_mixin.py:149} INFO - [2023-06-14T13:34:00.130+0000] {dag.py:3490} INFO - Setting next_dagrun for example_subdag_operator.section-1 to None, run_after=None
[2023-06-14T13:34:00.131+0000] {logging_mixin.py:149} INFO - [2023-06-14T13:34:00.131+0000] {dag.py:3490} INFO - Setting next_dagrun for example_subdag_operator.section-2 to None, run_after=None
[2023-06-14T13:34:00.135+0000] {logging_mixin.py:149} INFO - [2023-06-14T13:34:00.135+0000] {dag.py:2726} INFO - Sync 2 DAGs
[2023-06-14T13:34:00.139+0000] {logging_mixin.py:149} INFO - [2023-06-14T13:34:00.139+0000] {dag.py:3490} INFO - Setting next_dagrun for example_subdag_operator.section-1 to None, run_after=None
[2023-06-14T13:34:00.140+0000] {logging_mixin.py:149} INFO - [2023-06-14T13:34:00.139+0000] {dag.py:3490} INFO - Setting next_dagrun for example_subdag_operator.section-2 to None, run_after=None
[2023-06-14T13:34:00.150+0000] {processor.py:179} INFO - Processing /home/airflow/.local/lib/python3.7/site-packages/airflow/example_dags/example_subdag_operator.py took 0.100 seconds
[2023-06-14T13:34:30.872+0000] {processor.py:157} INFO - Started process (PID=839) to work on /home/airflow/.local/lib/python3.7/site-packages/airflow/example_dags/example_subdag_operator.py
[2023-06-14T13:34:30.875+0000] {processor.py:826} INFO - Processing file /home/airflow/.local/lib/python3.7/site-packages/airflow/example_dags/example_subdag_operator.py for tasks to queue
[2023-06-14T13:34:30.876+0000] {logging_mixin.py:149} INFO - [2023-06-14T13:34:30.876+0000] {dagbag.py:541} INFO - Filling up the DagBag from /home/airflow/.local/lib/python3.7/site-packages/airflow/example_dags/example_subdag_operator.py
[2023-06-14T13:34:30.901+0000] {processor.py:836} INFO - DAG(s) dict_keys(['example_subdag_operator.section-1', 'example_subdag_operator.section-2', 'example_subdag_operator']) retrieved from /home/airflow/.local/lib/python3.7/site-packages/airflow/example_dags/example_subdag_operator.py
[2023-06-14T13:34:30.915+0000] {logging_mixin.py:149} INFO - [2023-06-14T13:34:30.915+0000] {dag.py:2726} INFO - Sync 3 DAGs
[2023-06-14T13:34:30.932+0000] {logging_mixin.py:149} INFO - [2023-06-14T13:34:30.931+0000] {dag.py:3490} INFO - Setting next_dagrun for example_subdag_operator to 2022-01-01T00:00:00+00:00, run_after=2022-01-01T00:00:00+00:00
[2023-06-14T13:34:30.934+0000] {logging_mixin.py:149} INFO - [2023-06-14T13:34:30.934+0000] {dag.py:3490} INFO - Setting next_dagrun for example_subdag_operator.section-1 to None, run_after=None
[2023-06-14T13:34:30.935+0000] {logging_mixin.py:149} INFO - [2023-06-14T13:34:30.935+0000] {dag.py:3490} INFO - Setting next_dagrun for example_subdag_operator.section-2 to None, run_after=None
[2023-06-14T13:34:30.940+0000] {logging_mixin.py:149} INFO - [2023-06-14T13:34:30.940+0000] {dag.py:2726} INFO - Sync 2 DAGs
[2023-06-14T13:34:30.944+0000] {logging_mixin.py:149} INFO - [2023-06-14T13:34:30.944+0000] {dag.py:3490} INFO - Setting next_dagrun for example_subdag_operator.section-1 to None, run_after=None
[2023-06-14T13:34:30.945+0000] {logging_mixin.py:149} INFO - [2023-06-14T13:34:30.945+0000] {dag.py:3490} INFO - Setting next_dagrun for example_subdag_operator.section-2 to None, run_after=None
[2023-06-14T13:34:30.952+0000] {processor.py:179} INFO - Processing /home/airflow/.local/lib/python3.7/site-packages/airflow/example_dags/example_subdag_operator.py took 0.085 seconds
[2023-06-14T13:35:01.435+0000] {processor.py:157} INFO - Started process (PID=896) to work on /home/airflow/.local/lib/python3.7/site-packages/airflow/example_dags/example_subdag_operator.py
[2023-06-14T13:35:01.436+0000] {processor.py:826} INFO - Processing file /home/airflow/.local/lib/python3.7/site-packages/airflow/example_dags/example_subdag_operator.py for tasks to queue
[2023-06-14T13:35:01.437+0000] {logging_mixin.py:149} INFO - [2023-06-14T13:35:01.437+0000] {dagbag.py:541} INFO - Filling up the DagBag from /home/airflow/.local/lib/python3.7/site-packages/airflow/example_dags/example_subdag_operator.py
[2023-06-14T13:35:01.462+0000] {processor.py:836} INFO - DAG(s) dict_keys(['example_subdag_operator.section-1', 'example_subdag_operator.section-2', 'example_subdag_operator']) retrieved from /home/airflow/.local/lib/python3.7/site-packages/airflow/example_dags/example_subdag_operator.py
[2023-06-14T13:35:01.477+0000] {logging_mixin.py:149} INFO - [2023-06-14T13:35:01.477+0000] {dag.py:2726} INFO - Sync 3 DAGs
[2023-06-14T13:35:01.492+0000] {logging_mixin.py:149} INFO - [2023-06-14T13:35:01.492+0000] {dag.py:3490} INFO - Setting next_dagrun for example_subdag_operator to 2022-01-01T00:00:00+00:00, run_after=2022-01-01T00:00:00+00:00
[2023-06-14T13:35:01.495+0000] {logging_mixin.py:149} INFO - [2023-06-14T13:35:01.495+0000] {dag.py:3490} INFO - Setting next_dagrun for example_subdag_operator.section-1 to None, run_after=None
[2023-06-14T13:35:01.496+0000] {logging_mixin.py:149} INFO - [2023-06-14T13:35:01.496+0000] {dag.py:3490} INFO - Setting next_dagrun for example_subdag_operator.section-2 to None, run_after=None
[2023-06-14T13:35:01.501+0000] {logging_mixin.py:149} INFO - [2023-06-14T13:35:01.501+0000] {dag.py:2726} INFO - Sync 2 DAGs
[2023-06-14T13:35:01.505+0000] {logging_mixin.py:149} INFO - [2023-06-14T13:35:01.505+0000] {dag.py:3490} INFO - Setting next_dagrun for example_subdag_operator.section-1 to None, run_after=None
[2023-06-14T13:35:01.505+0000] {logging_mixin.py:149} INFO - [2023-06-14T13:35:01.505+0000] {dag.py:3490} INFO - Setting next_dagrun for example_subdag_operator.section-2 to None, run_after=None
[2023-06-14T13:35:01.513+0000] {processor.py:179} INFO - Processing /home/airflow/.local/lib/python3.7/site-packages/airflow/example_dags/example_subdag_operator.py took 0.083 seconds
