[2023-06-14T13:27:28.406+0000] {processor.py:157} INFO - Started process (PID=57) to work on /home/airflow/.local/lib/python3.7/site-packages/airflow/example_dags/example_xcomargs.py
[2023-06-14T13:27:28.412+0000] {processor.py:826} INFO - Processing file /home/airflow/.local/lib/python3.7/site-packages/airflow/example_dags/example_xcomargs.py for tasks to queue
[2023-06-14T13:27:28.424+0000] {logging_mixin.py:149} INFO - [2023-06-14T13:27:28.423+0000] {dagbag.py:541} INFO - Filling up the DagBag from /home/airflow/.local/lib/python3.7/site-packages/airflow/example_dags/example_xcomargs.py
[2023-06-14T13:27:28.461+0000] {processor.py:836} INFO - DAG(s) dict_keys(['example_xcom_args', 'example_xcom_args_with_operators']) retrieved from /home/airflow/.local/lib/python3.7/site-packages/airflow/example_dags/example_xcomargs.py
[2023-06-14T13:27:28.901+0000] {logging_mixin.py:149} INFO - [2023-06-14T13:27:28.901+0000] {manager.py:504} INFO - Created Permission View: can edit on DAG:example_xcom_args
[2023-06-14T13:27:28.934+0000] {logging_mixin.py:149} INFO - [2023-06-14T13:27:28.932+0000] {manager.py:504} INFO - Created Permission View: can read on DAG:example_xcom_args
[2023-06-14T13:27:28.971+0000] {logging_mixin.py:149} INFO - [2023-06-14T13:27:28.971+0000] {manager.py:504} INFO - Created Permission View: can delete on DAG:example_xcom_args
[2023-06-14T13:27:29.077+0000] {logging_mixin.py:149} INFO - [2023-06-14T13:27:29.076+0000] {manager.py:504} INFO - Created Permission View: can edit on DAG:example_xcom_args_with_operators
[2023-06-14T13:27:29.097+0000] {logging_mixin.py:149} INFO - [2023-06-14T13:27:29.097+0000] {manager.py:504} INFO - Created Permission View: can read on DAG:example_xcom_args_with_operators
[2023-06-14T13:27:29.116+0000] {logging_mixin.py:149} INFO - [2023-06-14T13:27:29.116+0000] {manager.py:504} INFO - Created Permission View: can delete on DAG:example_xcom_args_with_operators
[2023-06-14T13:27:29.119+0000] {logging_mixin.py:149} INFO - [2023-06-14T13:27:29.119+0000] {dag.py:2726} INFO - Sync 2 DAGs
[2023-06-14T13:27:29.135+0000] {logging_mixin.py:149} INFO - [2023-06-14T13:27:29.135+0000] {dag.py:2747} INFO - Creating ORM DAG for example_xcom_args_with_operators
[2023-06-14T13:27:29.137+0000] {logging_mixin.py:149} INFO - [2023-06-14T13:27:29.137+0000] {dag.py:2747} INFO - Creating ORM DAG for example_xcom_args
[2023-06-14T13:27:29.149+0000] {logging_mixin.py:149} INFO - [2023-06-14T13:27:29.149+0000] {dag.py:3490} INFO - Setting next_dagrun for example_xcom_args to None, run_after=None
[2023-06-14T13:27:29.152+0000] {logging_mixin.py:149} INFO - [2023-06-14T13:27:29.152+0000] {dag.py:3490} INFO - Setting next_dagrun for example_xcom_args_with_operators to None, run_after=None
[2023-06-14T13:27:29.201+0000] {processor.py:179} INFO - Processing /home/airflow/.local/lib/python3.7/site-packages/airflow/example_dags/example_xcomargs.py took 0.824 seconds
[2023-06-14T13:27:59.733+0000] {processor.py:157} INFO - Started process (PID=113) to work on /home/airflow/.local/lib/python3.7/site-packages/airflow/example_dags/example_xcomargs.py
[2023-06-14T13:27:59.736+0000] {processor.py:826} INFO - Processing file /home/airflow/.local/lib/python3.7/site-packages/airflow/example_dags/example_xcomargs.py for tasks to queue
[2023-06-14T13:27:59.739+0000] {logging_mixin.py:149} INFO - [2023-06-14T13:27:59.738+0000] {dagbag.py:541} INFO - Filling up the DagBag from /home/airflow/.local/lib/python3.7/site-packages/airflow/example_dags/example_xcomargs.py
[2023-06-14T13:27:59.756+0000] {processor.py:836} INFO - DAG(s) dict_keys(['example_xcom_args_with_operators', 'example_xcom_args']) retrieved from /home/airflow/.local/lib/python3.7/site-packages/airflow/example_dags/example_xcomargs.py
[2023-06-14T13:27:59.836+0000] {logging_mixin.py:149} INFO - [2023-06-14T13:27:59.834+0000] {dag.py:2726} INFO - Sync 2 DAGs
[2023-06-14T13:27:59.945+0000] {logging_mixin.py:149} INFO - [2023-06-14T13:27:59.945+0000] {dag.py:3490} INFO - Setting next_dagrun for example_xcom_args to None, run_after=None
[2023-06-14T13:27:59.957+0000] {logging_mixin.py:149} INFO - [2023-06-14T13:27:59.957+0000] {dag.py:3490} INFO - Setting next_dagrun for example_xcom_args_with_operators to None, run_after=None
[2023-06-14T13:28:00.010+0000] {processor.py:179} INFO - Processing /home/airflow/.local/lib/python3.7/site-packages/airflow/example_dags/example_xcomargs.py took 0.284 seconds
[2023-06-14T13:28:30.222+0000] {processor.py:157} INFO - Started process (PID=169) to work on /home/airflow/.local/lib/python3.7/site-packages/airflow/example_dags/example_xcomargs.py
[2023-06-14T13:28:30.224+0000] {processor.py:826} INFO - Processing file /home/airflow/.local/lib/python3.7/site-packages/airflow/example_dags/example_xcomargs.py for tasks to queue
[2023-06-14T13:28:30.225+0000] {logging_mixin.py:149} INFO - [2023-06-14T13:28:30.225+0000] {dagbag.py:541} INFO - Filling up the DagBag from /home/airflow/.local/lib/python3.7/site-packages/airflow/example_dags/example_xcomargs.py
[2023-06-14T13:28:30.233+0000] {processor.py:836} INFO - DAG(s) dict_keys(['example_xcom_args_with_operators', 'example_xcom_args']) retrieved from /home/airflow/.local/lib/python3.7/site-packages/airflow/example_dags/example_xcomargs.py
[2023-06-14T13:28:30.263+0000] {logging_mixin.py:149} INFO - [2023-06-14T13:28:30.263+0000] {dag.py:2726} INFO - Sync 2 DAGs
[2023-06-14T13:28:30.281+0000] {logging_mixin.py:149} INFO - [2023-06-14T13:28:30.281+0000] {dag.py:3490} INFO - Setting next_dagrun for example_xcom_args to None, run_after=None
[2023-06-14T13:28:30.287+0000] {logging_mixin.py:149} INFO - [2023-06-14T13:28:30.287+0000] {dag.py:3490} INFO - Setting next_dagrun for example_xcom_args_with_operators to None, run_after=None
[2023-06-14T13:28:30.304+0000] {processor.py:179} INFO - Processing /home/airflow/.local/lib/python3.7/site-packages/airflow/example_dags/example_xcomargs.py took 0.085 seconds
[2023-06-14T13:29:00.689+0000] {processor.py:157} INFO - Started process (PID=225) to work on /home/airflow/.local/lib/python3.7/site-packages/airflow/example_dags/example_xcomargs.py
[2023-06-14T13:29:00.691+0000] {processor.py:826} INFO - Processing file /home/airflow/.local/lib/python3.7/site-packages/airflow/example_dags/example_xcomargs.py for tasks to queue
[2023-06-14T13:29:00.692+0000] {logging_mixin.py:149} INFO - [2023-06-14T13:29:00.692+0000] {dagbag.py:541} INFO - Filling up the DagBag from /home/airflow/.local/lib/python3.7/site-packages/airflow/example_dags/example_xcomargs.py
[2023-06-14T13:29:00.704+0000] {processor.py:836} INFO - DAG(s) dict_keys(['example_xcom_args', 'example_xcom_args_with_operators']) retrieved from /home/airflow/.local/lib/python3.7/site-packages/airflow/example_dags/example_xcomargs.py
[2023-06-14T13:29:00.732+0000] {logging_mixin.py:149} INFO - [2023-06-14T13:29:00.732+0000] {dag.py:2726} INFO - Sync 2 DAGs
[2023-06-14T13:29:00.751+0000] {logging_mixin.py:149} INFO - [2023-06-14T13:29:00.751+0000] {dag.py:3490} INFO - Setting next_dagrun for example_xcom_args to None, run_after=None
[2023-06-14T13:29:00.754+0000] {logging_mixin.py:149} INFO - [2023-06-14T13:29:00.754+0000] {dag.py:3490} INFO - Setting next_dagrun for example_xcom_args_with_operators to None, run_after=None
[2023-06-14T13:29:00.764+0000] {processor.py:179} INFO - Processing /home/airflow/.local/lib/python3.7/site-packages/airflow/example_dags/example_xcomargs.py took 0.081 seconds
[2023-06-14T13:29:30.971+0000] {processor.py:157} INFO - Started process (PID=281) to work on /home/airflow/.local/lib/python3.7/site-packages/airflow/example_dags/example_xcomargs.py
[2023-06-14T13:29:30.973+0000] {processor.py:826} INFO - Processing file /home/airflow/.local/lib/python3.7/site-packages/airflow/example_dags/example_xcomargs.py for tasks to queue
[2023-06-14T13:29:30.974+0000] {logging_mixin.py:149} INFO - [2023-06-14T13:29:30.974+0000] {dagbag.py:541} INFO - Filling up the DagBag from /home/airflow/.local/lib/python3.7/site-packages/airflow/example_dags/example_xcomargs.py
[2023-06-14T13:29:30.980+0000] {processor.py:836} INFO - DAG(s) dict_keys(['example_xcom_args_with_operators', 'example_xcom_args']) retrieved from /home/airflow/.local/lib/python3.7/site-packages/airflow/example_dags/example_xcomargs.py
[2023-06-14T13:29:31.003+0000] {logging_mixin.py:149} INFO - [2023-06-14T13:29:31.003+0000] {dag.py:2726} INFO - Sync 2 DAGs
[2023-06-14T13:29:31.020+0000] {logging_mixin.py:149} INFO - [2023-06-14T13:29:31.020+0000] {dag.py:3490} INFO - Setting next_dagrun for example_xcom_args to None, run_after=None
[2023-06-14T13:29:31.022+0000] {logging_mixin.py:149} INFO - [2023-06-14T13:29:31.022+0000] {dag.py:3490} INFO - Setting next_dagrun for example_xcom_args_with_operators to None, run_after=None
[2023-06-14T13:29:31.033+0000] {processor.py:179} INFO - Processing /home/airflow/.local/lib/python3.7/site-packages/airflow/example_dags/example_xcomargs.py took 0.065 seconds
[2023-06-14T13:30:01.235+0000] {processor.py:157} INFO - Started process (PID=337) to work on /home/airflow/.local/lib/python3.7/site-packages/airflow/example_dags/example_xcomargs.py
[2023-06-14T13:30:01.236+0000] {processor.py:826} INFO - Processing file /home/airflow/.local/lib/python3.7/site-packages/airflow/example_dags/example_xcomargs.py for tasks to queue
[2023-06-14T13:30:01.238+0000] {logging_mixin.py:149} INFO - [2023-06-14T13:30:01.238+0000] {dagbag.py:541} INFO - Filling up the DagBag from /home/airflow/.local/lib/python3.7/site-packages/airflow/example_dags/example_xcomargs.py
[2023-06-14T13:30:01.249+0000] {processor.py:836} INFO - DAG(s) dict_keys(['example_xcom_args', 'example_xcom_args_with_operators']) retrieved from /home/airflow/.local/lib/python3.7/site-packages/airflow/example_dags/example_xcomargs.py
[2023-06-14T13:30:01.277+0000] {logging_mixin.py:149} INFO - [2023-06-14T13:30:01.277+0000] {dag.py:2726} INFO - Sync 2 DAGs
[2023-06-14T13:30:01.295+0000] {logging_mixin.py:149} INFO - [2023-06-14T13:30:01.295+0000] {dag.py:3490} INFO - Setting next_dagrun for example_xcom_args to None, run_after=None
[2023-06-14T13:30:01.298+0000] {logging_mixin.py:149} INFO - [2023-06-14T13:30:01.298+0000] {dag.py:3490} INFO - Setting next_dagrun for example_xcom_args_with_operators to None, run_after=None
[2023-06-14T13:30:01.312+0000] {processor.py:179} INFO - Processing /home/airflow/.local/lib/python3.7/site-packages/airflow/example_dags/example_xcomargs.py took 0.083 seconds
[2023-06-14T13:30:31.928+0000] {processor.py:157} INFO - Started process (PID=393) to work on /home/airflow/.local/lib/python3.7/site-packages/airflow/example_dags/example_xcomargs.py
[2023-06-14T13:30:31.932+0000] {processor.py:826} INFO - Processing file /home/airflow/.local/lib/python3.7/site-packages/airflow/example_dags/example_xcomargs.py for tasks to queue
[2023-06-14T13:30:31.934+0000] {logging_mixin.py:149} INFO - [2023-06-14T13:30:31.933+0000] {dagbag.py:541} INFO - Filling up the DagBag from /home/airflow/.local/lib/python3.7/site-packages/airflow/example_dags/example_xcomargs.py
[2023-06-14T13:30:31.943+0000] {processor.py:836} INFO - DAG(s) dict_keys(['example_xcom_args', 'example_xcom_args_with_operators']) retrieved from /home/airflow/.local/lib/python3.7/site-packages/airflow/example_dags/example_xcomargs.py
[2023-06-14T13:30:31.980+0000] {logging_mixin.py:149} INFO - [2023-06-14T13:30:31.979+0000] {dag.py:2726} INFO - Sync 2 DAGs
[2023-06-14T13:30:32.009+0000] {logging_mixin.py:149} INFO - [2023-06-14T13:30:32.008+0000] {dag.py:3490} INFO - Setting next_dagrun for example_xcom_args to None, run_after=None
[2023-06-14T13:30:32.011+0000] {logging_mixin.py:149} INFO - [2023-06-14T13:30:32.011+0000] {dag.py:3490} INFO - Setting next_dagrun for example_xcom_args_with_operators to None, run_after=None
[2023-06-14T13:30:32.024+0000] {processor.py:179} INFO - Processing /home/airflow/.local/lib/python3.7/site-packages/airflow/example_dags/example_xcomargs.py took 0.104 seconds
[2023-06-14T13:31:02.912+0000] {processor.py:157} INFO - Started process (PID=449) to work on /home/airflow/.local/lib/python3.7/site-packages/airflow/example_dags/example_xcomargs.py
[2023-06-14T13:31:02.914+0000] {processor.py:826} INFO - Processing file /home/airflow/.local/lib/python3.7/site-packages/airflow/example_dags/example_xcomargs.py for tasks to queue
[2023-06-14T13:31:02.915+0000] {logging_mixin.py:149} INFO - [2023-06-14T13:31:02.915+0000] {dagbag.py:541} INFO - Filling up the DagBag from /home/airflow/.local/lib/python3.7/site-packages/airflow/example_dags/example_xcomargs.py
[2023-06-14T13:31:02.921+0000] {processor.py:836} INFO - DAG(s) dict_keys(['example_xcom_args_with_operators', 'example_xcom_args']) retrieved from /home/airflow/.local/lib/python3.7/site-packages/airflow/example_dags/example_xcomargs.py
[2023-06-14T13:31:02.947+0000] {logging_mixin.py:149} INFO - [2023-06-14T13:31:02.947+0000] {dag.py:2726} INFO - Sync 2 DAGs
[2023-06-14T13:31:02.962+0000] {logging_mixin.py:149} INFO - [2023-06-14T13:31:02.962+0000] {dag.py:3490} INFO - Setting next_dagrun for example_xcom_args to None, run_after=None
[2023-06-14T13:31:02.965+0000] {logging_mixin.py:149} INFO - [2023-06-14T13:31:02.965+0000] {dag.py:3490} INFO - Setting next_dagrun for example_xcom_args_with_operators to None, run_after=None
[2023-06-14T13:31:02.975+0000] {processor.py:179} INFO - Processing /home/airflow/.local/lib/python3.7/site-packages/airflow/example_dags/example_xcomargs.py took 0.066 seconds
[2023-06-14T13:31:33.361+0000] {processor.py:157} INFO - Started process (PID=505) to work on /home/airflow/.local/lib/python3.7/site-packages/airflow/example_dags/example_xcomargs.py
[2023-06-14T13:31:33.363+0000] {processor.py:826} INFO - Processing file /home/airflow/.local/lib/python3.7/site-packages/airflow/example_dags/example_xcomargs.py for tasks to queue
[2023-06-14T13:31:33.364+0000] {logging_mixin.py:149} INFO - [2023-06-14T13:31:33.364+0000] {dagbag.py:541} INFO - Filling up the DagBag from /home/airflow/.local/lib/python3.7/site-packages/airflow/example_dags/example_xcomargs.py
[2023-06-14T13:31:33.371+0000] {processor.py:836} INFO - DAG(s) dict_keys(['example_xcom_args', 'example_xcom_args_with_operators']) retrieved from /home/airflow/.local/lib/python3.7/site-packages/airflow/example_dags/example_xcomargs.py
[2023-06-14T13:31:33.394+0000] {logging_mixin.py:149} INFO - [2023-06-14T13:31:33.393+0000] {dag.py:2726} INFO - Sync 2 DAGs
[2023-06-14T13:31:33.409+0000] {logging_mixin.py:149} INFO - [2023-06-14T13:31:33.409+0000] {dag.py:3490} INFO - Setting next_dagrun for example_xcom_args to None, run_after=None
[2023-06-14T13:31:33.411+0000] {logging_mixin.py:149} INFO - [2023-06-14T13:31:33.411+0000] {dag.py:3490} INFO - Setting next_dagrun for example_xcom_args_with_operators to None, run_after=None
[2023-06-14T13:31:33.420+0000] {processor.py:179} INFO - Processing /home/airflow/.local/lib/python3.7/site-packages/airflow/example_dags/example_xcomargs.py took 0.063 seconds
[2023-06-14T13:32:03.998+0000] {processor.py:157} INFO - Started process (PID=562) to work on /home/airflow/.local/lib/python3.7/site-packages/airflow/example_dags/example_xcomargs.py
[2023-06-14T13:32:04.000+0000] {processor.py:826} INFO - Processing file /home/airflow/.local/lib/python3.7/site-packages/airflow/example_dags/example_xcomargs.py for tasks to queue
[2023-06-14T13:32:04.001+0000] {logging_mixin.py:149} INFO - [2023-06-14T13:32:04.001+0000] {dagbag.py:541} INFO - Filling up the DagBag from /home/airflow/.local/lib/python3.7/site-packages/airflow/example_dags/example_xcomargs.py
[2023-06-14T13:32:04.010+0000] {processor.py:836} INFO - DAG(s) dict_keys(['example_xcom_args_with_operators', 'example_xcom_args']) retrieved from /home/airflow/.local/lib/python3.7/site-packages/airflow/example_dags/example_xcomargs.py
[2023-06-14T13:32:04.053+0000] {logging_mixin.py:149} INFO - [2023-06-14T13:32:04.053+0000] {dag.py:2726} INFO - Sync 2 DAGs
[2023-06-14T13:32:04.077+0000] {logging_mixin.py:149} INFO - [2023-06-14T13:32:04.077+0000] {dag.py:3490} INFO - Setting next_dagrun for example_xcom_args to None, run_after=None
[2023-06-14T13:32:04.080+0000] {logging_mixin.py:149} INFO - [2023-06-14T13:32:04.080+0000] {dag.py:3490} INFO - Setting next_dagrun for example_xcom_args_with_operators to None, run_after=None
[2023-06-14T13:32:04.093+0000] {processor.py:179} INFO - Processing /home/airflow/.local/lib/python3.7/site-packages/airflow/example_dags/example_xcomargs.py took 0.099 seconds
[2023-06-14T13:32:34.202+0000] {processor.py:157} INFO - Started process (PID=620) to work on /home/airflow/.local/lib/python3.7/site-packages/airflow/example_dags/example_xcomargs.py
[2023-06-14T13:32:34.204+0000] {processor.py:826} INFO - Processing file /home/airflow/.local/lib/python3.7/site-packages/airflow/example_dags/example_xcomargs.py for tasks to queue
[2023-06-14T13:32:34.205+0000] {logging_mixin.py:149} INFO - [2023-06-14T13:32:34.204+0000] {dagbag.py:541} INFO - Filling up the DagBag from /home/airflow/.local/lib/python3.7/site-packages/airflow/example_dags/example_xcomargs.py
[2023-06-14T13:32:34.211+0000] {processor.py:836} INFO - DAG(s) dict_keys(['example_xcom_args_with_operators', 'example_xcom_args']) retrieved from /home/airflow/.local/lib/python3.7/site-packages/airflow/example_dags/example_xcomargs.py
[2023-06-14T13:32:34.234+0000] {logging_mixin.py:149} INFO - [2023-06-14T13:32:34.234+0000] {dag.py:2726} INFO - Sync 2 DAGs
[2023-06-14T13:32:34.250+0000] {logging_mixin.py:149} INFO - [2023-06-14T13:32:34.250+0000] {dag.py:3490} INFO - Setting next_dagrun for example_xcom_args to None, run_after=None
[2023-06-14T13:32:34.252+0000] {logging_mixin.py:149} INFO - [2023-06-14T13:32:34.252+0000] {dag.py:3490} INFO - Setting next_dagrun for example_xcom_args_with_operators to None, run_after=None
[2023-06-14T13:32:34.262+0000] {processor.py:179} INFO - Processing /home/airflow/.local/lib/python3.7/site-packages/airflow/example_dags/example_xcomargs.py took 0.063 seconds
[2023-06-14T13:33:04.635+0000] {processor.py:157} INFO - Started process (PID=677) to work on /home/airflow/.local/lib/python3.7/site-packages/airflow/example_dags/example_xcomargs.py
[2023-06-14T13:33:04.637+0000] {processor.py:826} INFO - Processing file /home/airflow/.local/lib/python3.7/site-packages/airflow/example_dags/example_xcomargs.py for tasks to queue
[2023-06-14T13:33:04.638+0000] {logging_mixin.py:149} INFO - [2023-06-14T13:33:04.638+0000] {dagbag.py:541} INFO - Filling up the DagBag from /home/airflow/.local/lib/python3.7/site-packages/airflow/example_dags/example_xcomargs.py
[2023-06-14T13:33:04.647+0000] {processor.py:836} INFO - DAG(s) dict_keys(['example_xcom_args_with_operators', 'example_xcom_args']) retrieved from /home/airflow/.local/lib/python3.7/site-packages/airflow/example_dags/example_xcomargs.py
[2023-06-14T13:33:04.673+0000] {logging_mixin.py:149} INFO - [2023-06-14T13:33:04.673+0000] {dag.py:2726} INFO - Sync 2 DAGs
[2023-06-14T13:33:04.688+0000] {logging_mixin.py:149} INFO - [2023-06-14T13:33:04.688+0000] {dag.py:3490} INFO - Setting next_dagrun for example_xcom_args to None, run_after=None
[2023-06-14T13:33:04.690+0000] {logging_mixin.py:149} INFO - [2023-06-14T13:33:04.690+0000] {dag.py:3490} INFO - Setting next_dagrun for example_xcom_args_with_operators to None, run_after=None
[2023-06-14T13:33:04.701+0000] {processor.py:179} INFO - Processing /home/airflow/.local/lib/python3.7/site-packages/airflow/example_dags/example_xcomargs.py took 0.070 seconds
[2023-06-14T13:33:35.036+0000] {processor.py:157} INFO - Started process (PID=734) to work on /home/airflow/.local/lib/python3.7/site-packages/airflow/example_dags/example_xcomargs.py
[2023-06-14T13:33:35.038+0000] {processor.py:826} INFO - Processing file /home/airflow/.local/lib/python3.7/site-packages/airflow/example_dags/example_xcomargs.py for tasks to queue
[2023-06-14T13:33:35.040+0000] {logging_mixin.py:149} INFO - [2023-06-14T13:33:35.040+0000] {dagbag.py:541} INFO - Filling up the DagBag from /home/airflow/.local/lib/python3.7/site-packages/airflow/example_dags/example_xcomargs.py
[2023-06-14T13:33:35.049+0000] {processor.py:836} INFO - DAG(s) dict_keys(['example_xcom_args_with_operators', 'example_xcom_args']) retrieved from /home/airflow/.local/lib/python3.7/site-packages/airflow/example_dags/example_xcomargs.py
[2023-06-14T13:33:35.075+0000] {logging_mixin.py:149} INFO - [2023-06-14T13:33:35.075+0000] {dag.py:2726} INFO - Sync 2 DAGs
[2023-06-14T13:33:35.091+0000] {logging_mixin.py:149} INFO - [2023-06-14T13:33:35.091+0000] {dag.py:3490} INFO - Setting next_dagrun for example_xcom_args to None, run_after=None
[2023-06-14T13:33:35.093+0000] {logging_mixin.py:149} INFO - [2023-06-14T13:33:35.093+0000] {dag.py:3490} INFO - Setting next_dagrun for example_xcom_args_with_operators to None, run_after=None
[2023-06-14T13:33:35.104+0000] {processor.py:179} INFO - Processing /home/airflow/.local/lib/python3.7/site-packages/airflow/example_dags/example_xcomargs.py took 0.073 seconds
[2023-06-14T13:34:05.603+0000] {processor.py:157} INFO - Started process (PID=791) to work on /home/airflow/.local/lib/python3.7/site-packages/airflow/example_dags/example_xcomargs.py
[2023-06-14T13:34:05.605+0000] {processor.py:826} INFO - Processing file /home/airflow/.local/lib/python3.7/site-packages/airflow/example_dags/example_xcomargs.py for tasks to queue
[2023-06-14T13:34:05.606+0000] {logging_mixin.py:149} INFO - [2023-06-14T13:34:05.606+0000] {dagbag.py:541} INFO - Filling up the DagBag from /home/airflow/.local/lib/python3.7/site-packages/airflow/example_dags/example_xcomargs.py
[2023-06-14T13:34:05.617+0000] {processor.py:836} INFO - DAG(s) dict_keys(['example_xcom_args_with_operators', 'example_xcom_args']) retrieved from /home/airflow/.local/lib/python3.7/site-packages/airflow/example_dags/example_xcomargs.py
[2023-06-14T13:34:05.666+0000] {logging_mixin.py:149} INFO - [2023-06-14T13:34:05.666+0000] {dag.py:2726} INFO - Sync 2 DAGs
[2023-06-14T13:34:05.701+0000] {logging_mixin.py:149} INFO - [2023-06-14T13:34:05.701+0000] {dag.py:3490} INFO - Setting next_dagrun for example_xcom_args to None, run_after=None
[2023-06-14T13:34:05.706+0000] {logging_mixin.py:149} INFO - [2023-06-14T13:34:05.706+0000] {dag.py:3490} INFO - Setting next_dagrun for example_xcom_args_with_operators to None, run_after=None
[2023-06-14T13:34:05.720+0000] {processor.py:179} INFO - Processing /home/airflow/.local/lib/python3.7/site-packages/airflow/example_dags/example_xcomargs.py took 0.121 seconds
[2023-06-14T13:34:36.222+0000] {processor.py:157} INFO - Started process (PID=855) to work on /home/airflow/.local/lib/python3.7/site-packages/airflow/example_dags/example_xcomargs.py
[2023-06-14T13:34:36.224+0000] {processor.py:826} INFO - Processing file /home/airflow/.local/lib/python3.7/site-packages/airflow/example_dags/example_xcomargs.py for tasks to queue
[2023-06-14T13:34:36.225+0000] {logging_mixin.py:149} INFO - [2023-06-14T13:34:36.225+0000] {dagbag.py:541} INFO - Filling up the DagBag from /home/airflow/.local/lib/python3.7/site-packages/airflow/example_dags/example_xcomargs.py
[2023-06-14T13:34:36.234+0000] {processor.py:836} INFO - DAG(s) dict_keys(['example_xcom_args', 'example_xcom_args_with_operators']) retrieved from /home/airflow/.local/lib/python3.7/site-packages/airflow/example_dags/example_xcomargs.py
[2023-06-14T13:34:36.261+0000] {logging_mixin.py:149} INFO - [2023-06-14T13:34:36.261+0000] {dag.py:2726} INFO - Sync 2 DAGs
[2023-06-14T13:34:36.278+0000] {logging_mixin.py:149} INFO - [2023-06-14T13:34:36.277+0000] {dag.py:3490} INFO - Setting next_dagrun for example_xcom_args to None, run_after=None
[2023-06-14T13:34:36.280+0000] {logging_mixin.py:149} INFO - [2023-06-14T13:34:36.280+0000] {dag.py:3490} INFO - Setting next_dagrun for example_xcom_args_with_operators to None, run_after=None
[2023-06-14T13:34:36.294+0000] {processor.py:179} INFO - Processing /home/airflow/.local/lib/python3.7/site-packages/airflow/example_dags/example_xcomargs.py took 0.078 seconds
[2023-06-14T13:35:06.840+0000] {processor.py:157} INFO - Started process (PID=912) to work on /home/airflow/.local/lib/python3.7/site-packages/airflow/example_dags/example_xcomargs.py
[2023-06-14T13:35:06.843+0000] {processor.py:826} INFO - Processing file /home/airflow/.local/lib/python3.7/site-packages/airflow/example_dags/example_xcomargs.py for tasks to queue
[2023-06-14T13:35:06.844+0000] {logging_mixin.py:149} INFO - [2023-06-14T13:35:06.844+0000] {dagbag.py:541} INFO - Filling up the DagBag from /home/airflow/.local/lib/python3.7/site-packages/airflow/example_dags/example_xcomargs.py
[2023-06-14T13:35:06.855+0000] {processor.py:836} INFO - DAG(s) dict_keys(['example_xcom_args', 'example_xcom_args_with_operators']) retrieved from /home/airflow/.local/lib/python3.7/site-packages/airflow/example_dags/example_xcomargs.py
[2023-06-14T13:35:06.882+0000] {logging_mixin.py:149} INFO - [2023-06-14T13:35:06.882+0000] {dag.py:2726} INFO - Sync 2 DAGs
[2023-06-14T13:35:06.898+0000] {logging_mixin.py:149} INFO - [2023-06-14T13:35:06.898+0000] {dag.py:3490} INFO - Setting next_dagrun for example_xcom_args to None, run_after=None
[2023-06-14T13:35:06.901+0000] {logging_mixin.py:149} INFO - [2023-06-14T13:35:06.900+0000] {dag.py:3490} INFO - Setting next_dagrun for example_xcom_args_with_operators to None, run_after=None
[2023-06-14T13:35:06.912+0000] {processor.py:179} INFO - Processing /home/airflow/.local/lib/python3.7/site-packages/airflow/example_dags/example_xcomargs.py took 0.076 seconds
