[2023-06-14T13:27:40.920+0000] {processor.py:157} INFO - Started process (PID=76) to work on /home/airflow/.local/lib/python3.7/site-packages/airflow/example_dags/example_trigger_target_dag.py
[2023-06-14T13:27:40.923+0000] {processor.py:826} INFO - Processing file /home/airflow/.local/lib/python3.7/site-packages/airflow/example_dags/example_trigger_target_dag.py for tasks to queue
[2023-06-14T13:27:40.925+0000] {logging_mixin.py:149} INFO - [2023-06-14T13:27:40.924+0000] {dagbag.py:541} INFO - Filling up the DagBag from /home/airflow/.local/lib/python3.7/site-packages/airflow/example_dags/example_trigger_target_dag.py
[2023-06-14T13:27:40.959+0000] {processor.py:836} INFO - DAG(s) dict_keys(['example_trigger_target_dag']) retrieved from /home/airflow/.local/lib/python3.7/site-packages/airflow/example_dags/example_trigger_target_dag.py
[2023-06-14T13:27:42.323+0000] {logging_mixin.py:149} INFO - [2023-06-14T13:27:42.307+0000] {manager.py:504} INFO - Created Permission View: can edit on DAG:example_trigger_target_dag
[2023-06-14T13:27:42.522+0000] {logging_mixin.py:149} INFO - [2023-06-14T13:27:42.521+0000] {manager.py:504} INFO - Created Permission View: can read on DAG:example_trigger_target_dag
[2023-06-14T13:27:42.712+0000] {logging_mixin.py:149} INFO - [2023-06-14T13:27:42.712+0000] {manager.py:504} INFO - Created Permission View: can delete on DAG:example_trigger_target_dag
[2023-06-14T13:27:42.715+0000] {logging_mixin.py:149} INFO - [2023-06-14T13:27:42.715+0000] {dag.py:2726} INFO - Sync 1 DAGs
[2023-06-14T13:27:42.823+0000] {logging_mixin.py:149} INFO - [2023-06-14T13:27:42.823+0000] {dag.py:2747} INFO - Creating ORM DAG for example_trigger_target_dag
[2023-06-14T13:27:42.963+0000] {logging_mixin.py:149} INFO - [2023-06-14T13:27:42.963+0000] {dag.py:3490} INFO - Setting next_dagrun for example_trigger_target_dag to None, run_after=None
[2023-06-14T13:27:43.069+0000] {processor.py:179} INFO - Processing /home/airflow/.local/lib/python3.7/site-packages/airflow/example_dags/example_trigger_target_dag.py took 2.152 seconds
[2023-06-14T13:28:13.833+0000] {processor.py:157} INFO - Started process (PID=132) to work on /home/airflow/.local/lib/python3.7/site-packages/airflow/example_dags/example_trigger_target_dag.py
[2023-06-14T13:28:13.836+0000] {processor.py:826} INFO - Processing file /home/airflow/.local/lib/python3.7/site-packages/airflow/example_dags/example_trigger_target_dag.py for tasks to queue
[2023-06-14T13:28:13.839+0000] {logging_mixin.py:149} INFO - [2023-06-14T13:28:13.839+0000] {dagbag.py:541} INFO - Filling up the DagBag from /home/airflow/.local/lib/python3.7/site-packages/airflow/example_dags/example_trigger_target_dag.py
[2023-06-14T13:28:13.849+0000] {processor.py:836} INFO - DAG(s) dict_keys(['example_trigger_target_dag']) retrieved from /home/airflow/.local/lib/python3.7/site-packages/airflow/example_dags/example_trigger_target_dag.py
[2023-06-14T13:28:13.902+0000] {logging_mixin.py:149} INFO - [2023-06-14T13:28:13.902+0000] {dag.py:2726} INFO - Sync 1 DAGs
[2023-06-14T13:28:13.924+0000] {logging_mixin.py:149} INFO - [2023-06-14T13:28:13.924+0000] {dag.py:3490} INFO - Setting next_dagrun for example_trigger_target_dag to None, run_after=None
[2023-06-14T13:28:13.966+0000] {processor.py:179} INFO - Processing /home/airflow/.local/lib/python3.7/site-packages/airflow/example_dags/example_trigger_target_dag.py took 0.142 seconds
[2023-06-14T13:28:44.992+0000] {processor.py:157} INFO - Started process (PID=188) to work on /home/airflow/.local/lib/python3.7/site-packages/airflow/example_dags/example_trigger_target_dag.py
[2023-06-14T13:28:44.993+0000] {processor.py:826} INFO - Processing file /home/airflow/.local/lib/python3.7/site-packages/airflow/example_dags/example_trigger_target_dag.py for tasks to queue
[2023-06-14T13:28:44.994+0000] {logging_mixin.py:149} INFO - [2023-06-14T13:28:44.993+0000] {dagbag.py:541} INFO - Filling up the DagBag from /home/airflow/.local/lib/python3.7/site-packages/airflow/example_dags/example_trigger_target_dag.py
[2023-06-14T13:28:44.998+0000] {processor.py:836} INFO - DAG(s) dict_keys(['example_trigger_target_dag']) retrieved from /home/airflow/.local/lib/python3.7/site-packages/airflow/example_dags/example_trigger_target_dag.py
[2023-06-14T13:28:45.022+0000] {logging_mixin.py:149} INFO - [2023-06-14T13:28:45.022+0000] {dag.py:2726} INFO - Sync 1 DAGs
[2023-06-14T13:28:45.039+0000] {logging_mixin.py:149} INFO - [2023-06-14T13:28:45.039+0000] {dag.py:3490} INFO - Setting next_dagrun for example_trigger_target_dag to None, run_after=None
[2023-06-14T13:28:45.052+0000] {processor.py:179} INFO - Processing /home/airflow/.local/lib/python3.7/site-packages/airflow/example_dags/example_trigger_target_dag.py took 0.063 seconds
[2023-06-14T13:29:15.493+0000] {processor.py:157} INFO - Started process (PID=244) to work on /home/airflow/.local/lib/python3.7/site-packages/airflow/example_dags/example_trigger_target_dag.py
[2023-06-14T13:29:15.495+0000] {processor.py:826} INFO - Processing file /home/airflow/.local/lib/python3.7/site-packages/airflow/example_dags/example_trigger_target_dag.py for tasks to queue
[2023-06-14T13:29:15.496+0000] {logging_mixin.py:149} INFO - [2023-06-14T13:29:15.496+0000] {dagbag.py:541} INFO - Filling up the DagBag from /home/airflow/.local/lib/python3.7/site-packages/airflow/example_dags/example_trigger_target_dag.py
[2023-06-14T13:29:15.502+0000] {processor.py:836} INFO - DAG(s) dict_keys(['example_trigger_target_dag']) retrieved from /home/airflow/.local/lib/python3.7/site-packages/airflow/example_dags/example_trigger_target_dag.py
[2023-06-14T13:29:15.529+0000] {logging_mixin.py:149} INFO - [2023-06-14T13:29:15.529+0000] {dag.py:2726} INFO - Sync 1 DAGs
[2023-06-14T13:29:15.550+0000] {logging_mixin.py:149} INFO - [2023-06-14T13:29:15.550+0000] {dag.py:3490} INFO - Setting next_dagrun for example_trigger_target_dag to None, run_after=None
[2023-06-14T13:29:15.562+0000] {processor.py:179} INFO - Processing /home/airflow/.local/lib/python3.7/site-packages/airflow/example_dags/example_trigger_target_dag.py took 0.073 seconds
[2023-06-14T13:29:45.631+0000] {processor.py:157} INFO - Started process (PID=300) to work on /home/airflow/.local/lib/python3.7/site-packages/airflow/example_dags/example_trigger_target_dag.py
[2023-06-14T13:29:45.633+0000] {processor.py:826} INFO - Processing file /home/airflow/.local/lib/python3.7/site-packages/airflow/example_dags/example_trigger_target_dag.py for tasks to queue
[2023-06-14T13:29:45.634+0000] {logging_mixin.py:149} INFO - [2023-06-14T13:29:45.634+0000] {dagbag.py:541} INFO - Filling up the DagBag from /home/airflow/.local/lib/python3.7/site-packages/airflow/example_dags/example_trigger_target_dag.py
[2023-06-14T13:29:45.640+0000] {processor.py:836} INFO - DAG(s) dict_keys(['example_trigger_target_dag']) retrieved from /home/airflow/.local/lib/python3.7/site-packages/airflow/example_dags/example_trigger_target_dag.py
[2023-06-14T13:29:45.660+0000] {logging_mixin.py:149} INFO - [2023-06-14T13:29:45.660+0000] {dag.py:2726} INFO - Sync 1 DAGs
[2023-06-14T13:29:45.675+0000] {logging_mixin.py:149} INFO - [2023-06-14T13:29:45.675+0000] {dag.py:3490} INFO - Setting next_dagrun for example_trigger_target_dag to None, run_after=None
[2023-06-14T13:29:45.685+0000] {processor.py:179} INFO - Processing /home/airflow/.local/lib/python3.7/site-packages/airflow/example_dags/example_trigger_target_dag.py took 0.057 seconds
[2023-06-14T13:30:16.154+0000] {processor.py:157} INFO - Started process (PID=356) to work on /home/airflow/.local/lib/python3.7/site-packages/airflow/example_dags/example_trigger_target_dag.py
[2023-06-14T13:30:16.156+0000] {processor.py:826} INFO - Processing file /home/airflow/.local/lib/python3.7/site-packages/airflow/example_dags/example_trigger_target_dag.py for tasks to queue
[2023-06-14T13:30:16.157+0000] {logging_mixin.py:149} INFO - [2023-06-14T13:30:16.157+0000] {dagbag.py:541} INFO - Filling up the DagBag from /home/airflow/.local/lib/python3.7/site-packages/airflow/example_dags/example_trigger_target_dag.py
[2023-06-14T13:30:16.167+0000] {processor.py:836} INFO - DAG(s) dict_keys(['example_trigger_target_dag']) retrieved from /home/airflow/.local/lib/python3.7/site-packages/airflow/example_dags/example_trigger_target_dag.py
[2023-06-14T13:30:16.239+0000] {logging_mixin.py:149} INFO - [2023-06-14T13:30:16.239+0000] {dag.py:2726} INFO - Sync 1 DAGs
[2023-06-14T13:30:16.265+0000] {logging_mixin.py:149} INFO - [2023-06-14T13:30:16.265+0000] {dag.py:3490} INFO - Setting next_dagrun for example_trigger_target_dag to None, run_after=None
[2023-06-14T13:30:16.287+0000] {processor.py:179} INFO - Processing /home/airflow/.local/lib/python3.7/site-packages/airflow/example_dags/example_trigger_target_dag.py took 0.136 seconds
[2023-06-14T13:30:47.016+0000] {processor.py:157} INFO - Started process (PID=412) to work on /home/airflow/.local/lib/python3.7/site-packages/airflow/example_dags/example_trigger_target_dag.py
[2023-06-14T13:30:47.020+0000] {processor.py:826} INFO - Processing file /home/airflow/.local/lib/python3.7/site-packages/airflow/example_dags/example_trigger_target_dag.py for tasks to queue
[2023-06-14T13:30:47.021+0000] {logging_mixin.py:149} INFO - [2023-06-14T13:30:47.021+0000] {dagbag.py:541} INFO - Filling up the DagBag from /home/airflow/.local/lib/python3.7/site-packages/airflow/example_dags/example_trigger_target_dag.py
[2023-06-14T13:30:47.026+0000] {processor.py:836} INFO - DAG(s) dict_keys(['example_trigger_target_dag']) retrieved from /home/airflow/.local/lib/python3.7/site-packages/airflow/example_dags/example_trigger_target_dag.py
[2023-06-14T13:30:47.048+0000] {logging_mixin.py:149} INFO - [2023-06-14T13:30:47.047+0000] {dag.py:2726} INFO - Sync 1 DAGs
[2023-06-14T13:30:47.069+0000] {logging_mixin.py:149} INFO - [2023-06-14T13:30:47.069+0000] {dag.py:3490} INFO - Setting next_dagrun for example_trigger_target_dag to None, run_after=None
[2023-06-14T13:30:47.082+0000] {processor.py:179} INFO - Processing /home/airflow/.local/lib/python3.7/site-packages/airflow/example_dags/example_trigger_target_dag.py took 0.070 seconds
[2023-06-14T13:31:17.666+0000] {processor.py:157} INFO - Started process (PID=468) to work on /home/airflow/.local/lib/python3.7/site-packages/airflow/example_dags/example_trigger_target_dag.py
[2023-06-14T13:31:17.669+0000] {processor.py:826} INFO - Processing file /home/airflow/.local/lib/python3.7/site-packages/airflow/example_dags/example_trigger_target_dag.py for tasks to queue
[2023-06-14T13:31:17.670+0000] {logging_mixin.py:149} INFO - [2023-06-14T13:31:17.670+0000] {dagbag.py:541} INFO - Filling up the DagBag from /home/airflow/.local/lib/python3.7/site-packages/airflow/example_dags/example_trigger_target_dag.py
[2023-06-14T13:31:17.679+0000] {processor.py:836} INFO - DAG(s) dict_keys(['example_trigger_target_dag']) retrieved from /home/airflow/.local/lib/python3.7/site-packages/airflow/example_dags/example_trigger_target_dag.py
[2023-06-14T13:31:17.706+0000] {logging_mixin.py:149} INFO - [2023-06-14T13:31:17.706+0000] {dag.py:2726} INFO - Sync 1 DAGs
[2023-06-14T13:31:17.722+0000] {logging_mixin.py:149} INFO - [2023-06-14T13:31:17.721+0000] {dag.py:3490} INFO - Setting next_dagrun for example_trigger_target_dag to None, run_after=None
[2023-06-14T13:31:17.733+0000] {processor.py:179} INFO - Processing /home/airflow/.local/lib/python3.7/site-packages/airflow/example_dags/example_trigger_target_dag.py took 0.072 seconds
[2023-06-14T13:31:48.236+0000] {processor.py:157} INFO - Started process (PID=525) to work on /home/airflow/.local/lib/python3.7/site-packages/airflow/example_dags/example_trigger_target_dag.py
[2023-06-14T13:31:48.238+0000] {processor.py:826} INFO - Processing file /home/airflow/.local/lib/python3.7/site-packages/airflow/example_dags/example_trigger_target_dag.py for tasks to queue
[2023-06-14T13:31:48.239+0000] {logging_mixin.py:149} INFO - [2023-06-14T13:31:48.239+0000] {dagbag.py:541} INFO - Filling up the DagBag from /home/airflow/.local/lib/python3.7/site-packages/airflow/example_dags/example_trigger_target_dag.py
[2023-06-14T13:31:48.245+0000] {processor.py:836} INFO - DAG(s) dict_keys(['example_trigger_target_dag']) retrieved from /home/airflow/.local/lib/python3.7/site-packages/airflow/example_dags/example_trigger_target_dag.py
[2023-06-14T13:31:48.267+0000] {logging_mixin.py:149} INFO - [2023-06-14T13:31:48.266+0000] {dag.py:2726} INFO - Sync 1 DAGs
[2023-06-14T13:31:48.285+0000] {logging_mixin.py:149} INFO - [2023-06-14T13:31:48.284+0000] {dag.py:3490} INFO - Setting next_dagrun for example_trigger_target_dag to None, run_after=None
[2023-06-14T13:31:48.296+0000] {processor.py:179} INFO - Processing /home/airflow/.local/lib/python3.7/site-packages/airflow/example_dags/example_trigger_target_dag.py took 0.069 seconds
[2023-06-14T13:32:19.195+0000] {processor.py:157} INFO - Started process (PID=583) to work on /home/airflow/.local/lib/python3.7/site-packages/airflow/example_dags/example_trigger_target_dag.py
[2023-06-14T13:32:19.197+0000] {processor.py:826} INFO - Processing file /home/airflow/.local/lib/python3.7/site-packages/airflow/example_dags/example_trigger_target_dag.py for tasks to queue
[2023-06-14T13:32:19.199+0000] {logging_mixin.py:149} INFO - [2023-06-14T13:32:19.198+0000] {dagbag.py:541} INFO - Filling up the DagBag from /home/airflow/.local/lib/python3.7/site-packages/airflow/example_dags/example_trigger_target_dag.py
[2023-06-14T13:32:19.206+0000] {processor.py:836} INFO - DAG(s) dict_keys(['example_trigger_target_dag']) retrieved from /home/airflow/.local/lib/python3.7/site-packages/airflow/example_dags/example_trigger_target_dag.py
[2023-06-14T13:32:19.231+0000] {logging_mixin.py:149} INFO - [2023-06-14T13:32:19.231+0000] {dag.py:2726} INFO - Sync 1 DAGs
[2023-06-14T13:32:19.247+0000] {logging_mixin.py:149} INFO - [2023-06-14T13:32:19.247+0000] {dag.py:3490} INFO - Setting next_dagrun for example_trigger_target_dag to None, run_after=None
[2023-06-14T13:32:19.259+0000] {processor.py:179} INFO - Processing /home/airflow/.local/lib/python3.7/site-packages/airflow/example_dags/example_trigger_target_dag.py took 0.068 seconds
[2023-06-14T13:32:50.082+0000] {processor.py:157} INFO - Started process (PID=640) to work on /home/airflow/.local/lib/python3.7/site-packages/airflow/example_dags/example_trigger_target_dag.py
[2023-06-14T13:32:50.084+0000] {processor.py:826} INFO - Processing file /home/airflow/.local/lib/python3.7/site-packages/airflow/example_dags/example_trigger_target_dag.py for tasks to queue
[2023-06-14T13:32:50.085+0000] {logging_mixin.py:149} INFO - [2023-06-14T13:32:50.085+0000] {dagbag.py:541} INFO - Filling up the DagBag from /home/airflow/.local/lib/python3.7/site-packages/airflow/example_dags/example_trigger_target_dag.py
[2023-06-14T13:32:50.094+0000] {processor.py:836} INFO - DAG(s) dict_keys(['example_trigger_target_dag']) retrieved from /home/airflow/.local/lib/python3.7/site-packages/airflow/example_dags/example_trigger_target_dag.py
[2023-06-14T13:32:50.120+0000] {logging_mixin.py:149} INFO - [2023-06-14T13:32:50.120+0000] {dag.py:2726} INFO - Sync 1 DAGs
[2023-06-14T13:32:50.135+0000] {logging_mixin.py:149} INFO - [2023-06-14T13:32:50.135+0000] {dag.py:3490} INFO - Setting next_dagrun for example_trigger_target_dag to None, run_after=None
[2023-06-14T13:32:50.146+0000] {processor.py:179} INFO - Processing /home/airflow/.local/lib/python3.7/site-packages/airflow/example_dags/example_trigger_target_dag.py took 0.068 seconds
[2023-06-14T13:33:20.449+0000] {processor.py:157} INFO - Started process (PID=697) to work on /home/airflow/.local/lib/python3.7/site-packages/airflow/example_dags/example_trigger_target_dag.py
[2023-06-14T13:33:20.451+0000] {processor.py:826} INFO - Processing file /home/airflow/.local/lib/python3.7/site-packages/airflow/example_dags/example_trigger_target_dag.py for tasks to queue
[2023-06-14T13:33:20.452+0000] {logging_mixin.py:149} INFO - [2023-06-14T13:33:20.452+0000] {dagbag.py:541} INFO - Filling up the DagBag from /home/airflow/.local/lib/python3.7/site-packages/airflow/example_dags/example_trigger_target_dag.py
[2023-06-14T13:33:20.460+0000] {processor.py:836} INFO - DAG(s) dict_keys(['example_trigger_target_dag']) retrieved from /home/airflow/.local/lib/python3.7/site-packages/airflow/example_dags/example_trigger_target_dag.py
[2023-06-14T13:33:20.483+0000] {logging_mixin.py:149} INFO - [2023-06-14T13:33:20.483+0000] {dag.py:2726} INFO - Sync 1 DAGs
[2023-06-14T13:33:20.499+0000] {logging_mixin.py:149} INFO - [2023-06-14T13:33:20.499+0000] {dag.py:3490} INFO - Setting next_dagrun for example_trigger_target_dag to None, run_after=None
[2023-06-14T13:33:20.510+0000] {processor.py:179} INFO - Processing /home/airflow/.local/lib/python3.7/site-packages/airflow/example_dags/example_trigger_target_dag.py took 0.065 seconds
[2023-06-14T13:33:50.932+0000] {processor.py:157} INFO - Started process (PID=754) to work on /home/airflow/.local/lib/python3.7/site-packages/airflow/example_dags/example_trigger_target_dag.py
[2023-06-14T13:33:50.935+0000] {processor.py:826} INFO - Processing file /home/airflow/.local/lib/python3.7/site-packages/airflow/example_dags/example_trigger_target_dag.py for tasks to queue
[2023-06-14T13:33:50.936+0000] {logging_mixin.py:149} INFO - [2023-06-14T13:33:50.936+0000] {dagbag.py:541} INFO - Filling up the DagBag from /home/airflow/.local/lib/python3.7/site-packages/airflow/example_dags/example_trigger_target_dag.py
[2023-06-14T13:33:50.944+0000] {processor.py:836} INFO - DAG(s) dict_keys(['example_trigger_target_dag']) retrieved from /home/airflow/.local/lib/python3.7/site-packages/airflow/example_dags/example_trigger_target_dag.py
[2023-06-14T13:33:50.970+0000] {logging_mixin.py:149} INFO - [2023-06-14T13:33:50.970+0000] {dag.py:2726} INFO - Sync 1 DAGs
[2023-06-14T13:33:50.986+0000] {logging_mixin.py:149} INFO - [2023-06-14T13:33:50.986+0000] {dag.py:3490} INFO - Setting next_dagrun for example_trigger_target_dag to None, run_after=None
[2023-06-14T13:33:50.998+0000] {processor.py:179} INFO - Processing /home/airflow/.local/lib/python3.7/site-packages/airflow/example_dags/example_trigger_target_dag.py took 0.071 seconds
[2023-06-14T13:34:21.621+0000] {processor.py:157} INFO - Started process (PID=811) to work on /home/airflow/.local/lib/python3.7/site-packages/airflow/example_dags/example_trigger_target_dag.py
[2023-06-14T13:34:21.630+0000] {processor.py:826} INFO - Processing file /home/airflow/.local/lib/python3.7/site-packages/airflow/example_dags/example_trigger_target_dag.py for tasks to queue
[2023-06-14T13:34:21.634+0000] {logging_mixin.py:149} INFO - [2023-06-14T13:34:21.634+0000] {dagbag.py:541} INFO - Filling up the DagBag from /home/airflow/.local/lib/python3.7/site-packages/airflow/example_dags/example_trigger_target_dag.py
[2023-06-14T13:34:21.664+0000] {processor.py:836} INFO - DAG(s) dict_keys(['example_trigger_target_dag']) retrieved from /home/airflow/.local/lib/python3.7/site-packages/airflow/example_dags/example_trigger_target_dag.py
[2023-06-14T13:34:21.696+0000] {logging_mixin.py:149} INFO - [2023-06-14T13:34:21.695+0000] {dag.py:2726} INFO - Sync 1 DAGs
[2023-06-14T13:34:21.716+0000] {logging_mixin.py:149} INFO - [2023-06-14T13:34:21.716+0000] {dag.py:3490} INFO - Setting next_dagrun for example_trigger_target_dag to None, run_after=None
[2023-06-14T13:34:21.731+0000] {processor.py:179} INFO - Processing /home/airflow/.local/lib/python3.7/site-packages/airflow/example_dags/example_trigger_target_dag.py took 0.117 seconds
[2023-06-14T13:34:52.276+0000] {processor.py:157} INFO - Started process (PID=868) to work on /home/airflow/.local/lib/python3.7/site-packages/airflow/example_dags/example_trigger_target_dag.py
[2023-06-14T13:34:52.278+0000] {processor.py:826} INFO - Processing file /home/airflow/.local/lib/python3.7/site-packages/airflow/example_dags/example_trigger_target_dag.py for tasks to queue
[2023-06-14T13:34:52.278+0000] {logging_mixin.py:149} INFO - [2023-06-14T13:34:52.278+0000] {dagbag.py:541} INFO - Filling up the DagBag from /home/airflow/.local/lib/python3.7/site-packages/airflow/example_dags/example_trigger_target_dag.py
[2023-06-14T13:34:52.283+0000] {processor.py:836} INFO - DAG(s) dict_keys(['example_trigger_target_dag']) retrieved from /home/airflow/.local/lib/python3.7/site-packages/airflow/example_dags/example_trigger_target_dag.py
[2023-06-14T13:34:52.303+0000] {logging_mixin.py:149} INFO - [2023-06-14T13:34:52.303+0000] {dag.py:2726} INFO - Sync 1 DAGs
[2023-06-14T13:34:52.319+0000] {logging_mixin.py:149} INFO - [2023-06-14T13:34:52.319+0000] {dag.py:3490} INFO - Setting next_dagrun for example_trigger_target_dag to None, run_after=None
[2023-06-14T13:34:52.330+0000] {processor.py:179} INFO - Processing /home/airflow/.local/lib/python3.7/site-packages/airflow/example_dags/example_trigger_target_dag.py took 0.057 seconds
