[2023-06-14T13:27:11.729+0000] {processor.py:157} INFO - Started process (PID=31) to work on /home/airflow/.local/lib/python3.7/site-packages/airflow/example_dags/example_task_group_decorator.py
[2023-06-14T13:27:11.782+0000] {processor.py:826} INFO - Processing file /home/airflow/.local/lib/python3.7/site-packages/airflow/example_dags/example_task_group_decorator.py for tasks to queue
[2023-06-14T13:27:11.837+0000] {logging_mixin.py:149} INFO - [2023-06-14T13:27:11.837+0000] {dagbag.py:541} INFO - Filling up the DagBag from /home/airflow/.local/lib/python3.7/site-packages/airflow/example_dags/example_task_group_decorator.py
[2023-06-14T13:27:12.423+0000] {processor.py:836} INFO - DAG(s) dict_keys(['example_task_group_decorator']) retrieved from /home/airflow/.local/lib/python3.7/site-packages/airflow/example_dags/example_task_group_decorator.py
[2023-06-14T13:27:12.857+0000] {logging_mixin.py:149} INFO - [2023-06-14T13:27:12.857+0000] {manager.py:504} INFO - Created Permission View: can edit on DAG:example_task_group_decorator
[2023-06-14T13:27:12.892+0000] {logging_mixin.py:149} INFO - [2023-06-14T13:27:12.892+0000] {manager.py:504} INFO - Created Permission View: can read on DAG:example_task_group_decorator
[2023-06-14T13:27:12.934+0000] {logging_mixin.py:149} INFO - [2023-06-14T13:27:12.930+0000] {manager.py:504} INFO - Created Permission View: can delete on DAG:example_task_group_decorator
[2023-06-14T13:27:12.937+0000] {logging_mixin.py:149} INFO - [2023-06-14T13:27:12.937+0000] {dag.py:2726} INFO - Sync 1 DAGs
[2023-06-14T13:27:12.972+0000] {logging_mixin.py:149} INFO - [2023-06-14T13:27:12.970+0000] {dag.py:2747} INFO - Creating ORM DAG for example_task_group_decorator
[2023-06-14T13:27:13.006+0000] {logging_mixin.py:149} INFO - [2023-06-14T13:27:13.006+0000] {dag.py:3490} INFO - Setting next_dagrun for example_task_group_decorator to 2023-06-13T13:27:13.006175+00:00, run_after=2023-06-14T13:27:13.006175+00:00
[2023-06-14T13:27:13.170+0000] {processor.py:179} INFO - Processing /home/airflow/.local/lib/python3.7/site-packages/airflow/example_dags/example_task_group_decorator.py took 1.463 seconds
[2023-06-14T13:27:47.069+0000] {processor.py:157} INFO - Started process (PID=86) to work on /home/airflow/.local/lib/python3.7/site-packages/airflow/example_dags/example_task_group_decorator.py
[2023-06-14T13:27:47.073+0000] {processor.py:826} INFO - Processing file /home/airflow/.local/lib/python3.7/site-packages/airflow/example_dags/example_task_group_decorator.py for tasks to queue
[2023-06-14T13:27:47.080+0000] {logging_mixin.py:149} INFO - [2023-06-14T13:27:47.080+0000] {dagbag.py:541} INFO - Filling up the DagBag from /home/airflow/.local/lib/python3.7/site-packages/airflow/example_dags/example_task_group_decorator.py
[2023-06-14T13:27:47.170+0000] {processor.py:836} INFO - DAG(s) dict_keys(['example_task_group_decorator']) retrieved from /home/airflow/.local/lib/python3.7/site-packages/airflow/example_dags/example_task_group_decorator.py
[2023-06-14T13:27:47.231+0000] {logging_mixin.py:149} INFO - [2023-06-14T13:27:47.231+0000] {dag.py:2726} INFO - Sync 1 DAGs
[2023-06-14T13:27:47.321+0000] {logging_mixin.py:149} INFO - [2023-06-14T13:27:47.320+0000] {dag.py:3490} INFO - Setting next_dagrun for example_task_group_decorator to 2023-06-13T13:27:47.319968+00:00, run_after=2023-06-14T13:27:47.319968+00:00
[2023-06-14T13:27:47.372+0000] {processor.py:179} INFO - Processing /home/airflow/.local/lib/python3.7/site-packages/airflow/example_dags/example_task_group_decorator.py took 0.316 seconds
[2023-06-14T13:28:17.815+0000] {processor.py:157} INFO - Started process (PID=138) to work on /home/airflow/.local/lib/python3.7/site-packages/airflow/example_dags/example_task_group_decorator.py
[2023-06-14T13:28:17.818+0000] {processor.py:826} INFO - Processing file /home/airflow/.local/lib/python3.7/site-packages/airflow/example_dags/example_task_group_decorator.py for tasks to queue
[2023-06-14T13:28:17.820+0000] {logging_mixin.py:149} INFO - [2023-06-14T13:28:17.819+0000] {dagbag.py:541} INFO - Filling up the DagBag from /home/airflow/.local/lib/python3.7/site-packages/airflow/example_dags/example_task_group_decorator.py
[2023-06-14T13:28:17.836+0000] {processor.py:836} INFO - DAG(s) dict_keys(['example_task_group_decorator']) retrieved from /home/airflow/.local/lib/python3.7/site-packages/airflow/example_dags/example_task_group_decorator.py
[2023-06-14T13:28:17.881+0000] {logging_mixin.py:149} INFO - [2023-06-14T13:28:17.881+0000] {dag.py:2726} INFO - Sync 1 DAGs
[2023-06-14T13:28:17.915+0000] {logging_mixin.py:149} INFO - [2023-06-14T13:28:17.915+0000] {dag.py:3490} INFO - Setting next_dagrun for example_task_group_decorator to 2023-06-13T13:28:17.914861+00:00, run_after=2023-06-14T13:28:17.914861+00:00
[2023-06-14T13:28:17.950+0000] {processor.py:179} INFO - Processing /home/airflow/.local/lib/python3.7/site-packages/airflow/example_dags/example_task_group_decorator.py took 0.141 seconds
[2023-06-14T13:28:48.289+0000] {processor.py:157} INFO - Started process (PID=193) to work on /home/airflow/.local/lib/python3.7/site-packages/airflow/example_dags/example_task_group_decorator.py
[2023-06-14T13:28:48.291+0000] {processor.py:826} INFO - Processing file /home/airflow/.local/lib/python3.7/site-packages/airflow/example_dags/example_task_group_decorator.py for tasks to queue
[2023-06-14T13:28:48.293+0000] {logging_mixin.py:149} INFO - [2023-06-14T13:28:48.293+0000] {dagbag.py:541} INFO - Filling up the DagBag from /home/airflow/.local/lib/python3.7/site-packages/airflow/example_dags/example_task_group_decorator.py
[2023-06-14T13:28:48.308+0000] {processor.py:836} INFO - DAG(s) dict_keys(['example_task_group_decorator']) retrieved from /home/airflow/.local/lib/python3.7/site-packages/airflow/example_dags/example_task_group_decorator.py
[2023-06-14T13:28:48.333+0000] {logging_mixin.py:149} INFO - [2023-06-14T13:28:48.333+0000] {dag.py:2726} INFO - Sync 1 DAGs
[2023-06-14T13:28:48.348+0000] {logging_mixin.py:149} INFO - [2023-06-14T13:28:48.348+0000] {dag.py:3490} INFO - Setting next_dagrun for example_task_group_decorator to 2023-06-13T13:28:48.348139+00:00, run_after=2023-06-14T13:28:48.348139+00:00
[2023-06-14T13:28:48.359+0000] {processor.py:179} INFO - Processing /home/airflow/.local/lib/python3.7/site-packages/airflow/example_dags/example_task_group_decorator.py took 0.075 seconds
[2023-06-14T13:29:18.715+0000] {processor.py:157} INFO - Started process (PID=249) to work on /home/airflow/.local/lib/python3.7/site-packages/airflow/example_dags/example_task_group_decorator.py
[2023-06-14T13:29:18.716+0000] {processor.py:826} INFO - Processing file /home/airflow/.local/lib/python3.7/site-packages/airflow/example_dags/example_task_group_decorator.py for tasks to queue
[2023-06-14T13:29:18.717+0000] {logging_mixin.py:149} INFO - [2023-06-14T13:29:18.717+0000] {dagbag.py:541} INFO - Filling up the DagBag from /home/airflow/.local/lib/python3.7/site-packages/airflow/example_dags/example_task_group_decorator.py
[2023-06-14T13:29:18.726+0000] {processor.py:836} INFO - DAG(s) dict_keys(['example_task_group_decorator']) retrieved from /home/airflow/.local/lib/python3.7/site-packages/airflow/example_dags/example_task_group_decorator.py
[2023-06-14T13:29:18.764+0000] {logging_mixin.py:149} INFO - [2023-06-14T13:29:18.764+0000] {dag.py:2726} INFO - Sync 1 DAGs
[2023-06-14T13:29:18.782+0000] {logging_mixin.py:149} INFO - [2023-06-14T13:29:18.782+0000] {dag.py:3490} INFO - Setting next_dagrun for example_task_group_decorator to 2023-06-13T13:29:18.782365+00:00, run_after=2023-06-14T13:29:18.782365+00:00
[2023-06-14T13:29:18.794+0000] {processor.py:179} INFO - Processing /home/airflow/.local/lib/python3.7/site-packages/airflow/example_dags/example_task_group_decorator.py took 0.083 seconds
[2023-06-14T13:29:48.844+0000] {processor.py:157} INFO - Started process (PID=305) to work on /home/airflow/.local/lib/python3.7/site-packages/airflow/example_dags/example_task_group_decorator.py
[2023-06-14T13:29:48.847+0000] {processor.py:826} INFO - Processing file /home/airflow/.local/lib/python3.7/site-packages/airflow/example_dags/example_task_group_decorator.py for tasks to queue
[2023-06-14T13:29:48.849+0000] {logging_mixin.py:149} INFO - [2023-06-14T13:29:48.849+0000] {dagbag.py:541} INFO - Filling up the DagBag from /home/airflow/.local/lib/python3.7/site-packages/airflow/example_dags/example_task_group_decorator.py
[2023-06-14T13:29:48.865+0000] {processor.py:836} INFO - DAG(s) dict_keys(['example_task_group_decorator']) retrieved from /home/airflow/.local/lib/python3.7/site-packages/airflow/example_dags/example_task_group_decorator.py
[2023-06-14T13:29:48.891+0000] {logging_mixin.py:149} INFO - [2023-06-14T13:29:48.891+0000] {dag.py:2726} INFO - Sync 1 DAGs
[2023-06-14T13:29:48.906+0000] {logging_mixin.py:149} INFO - [2023-06-14T13:29:48.906+0000] {dag.py:3490} INFO - Setting next_dagrun for example_task_group_decorator to 2023-06-13T13:29:48.906151+00:00, run_after=2023-06-14T13:29:48.906151+00:00
[2023-06-14T13:29:48.916+0000] {processor.py:179} INFO - Processing /home/airflow/.local/lib/python3.7/site-packages/airflow/example_dags/example_task_group_decorator.py took 0.078 seconds
[2023-06-14T13:30:19.466+0000] {processor.py:157} INFO - Started process (PID=361) to work on /home/airflow/.local/lib/python3.7/site-packages/airflow/example_dags/example_task_group_decorator.py
[2023-06-14T13:30:19.469+0000] {processor.py:826} INFO - Processing file /home/airflow/.local/lib/python3.7/site-packages/airflow/example_dags/example_task_group_decorator.py for tasks to queue
[2023-06-14T13:30:19.470+0000] {logging_mixin.py:149} INFO - [2023-06-14T13:30:19.470+0000] {dagbag.py:541} INFO - Filling up the DagBag from /home/airflow/.local/lib/python3.7/site-packages/airflow/example_dags/example_task_group_decorator.py
[2023-06-14T13:30:19.486+0000] {processor.py:836} INFO - DAG(s) dict_keys(['example_task_group_decorator']) retrieved from /home/airflow/.local/lib/python3.7/site-packages/airflow/example_dags/example_task_group_decorator.py
[2023-06-14T13:30:19.514+0000] {logging_mixin.py:149} INFO - [2023-06-14T13:30:19.514+0000] {dag.py:2726} INFO - Sync 1 DAGs
[2023-06-14T13:30:19.529+0000] {logging_mixin.py:149} INFO - [2023-06-14T13:30:19.529+0000] {dag.py:3490} INFO - Setting next_dagrun for example_task_group_decorator to 2023-06-13T13:30:19.529443+00:00, run_after=2023-06-14T13:30:19.529443+00:00
[2023-06-14T13:30:19.540+0000] {processor.py:179} INFO - Processing /home/airflow/.local/lib/python3.7/site-packages/airflow/example_dags/example_task_group_decorator.py took 0.081 seconds
[2023-06-14T13:30:50.362+0000] {processor.py:157} INFO - Started process (PID=417) to work on /home/airflow/.local/lib/python3.7/site-packages/airflow/example_dags/example_task_group_decorator.py
[2023-06-14T13:30:50.364+0000] {processor.py:826} INFO - Processing file /home/airflow/.local/lib/python3.7/site-packages/airflow/example_dags/example_task_group_decorator.py for tasks to queue
[2023-06-14T13:30:50.364+0000] {logging_mixin.py:149} INFO - [2023-06-14T13:30:50.364+0000] {dagbag.py:541} INFO - Filling up the DagBag from /home/airflow/.local/lib/python3.7/site-packages/airflow/example_dags/example_task_group_decorator.py
[2023-06-14T13:30:50.375+0000] {processor.py:836} INFO - DAG(s) dict_keys(['example_task_group_decorator']) retrieved from /home/airflow/.local/lib/python3.7/site-packages/airflow/example_dags/example_task_group_decorator.py
[2023-06-14T13:30:50.400+0000] {logging_mixin.py:149} INFO - [2023-06-14T13:30:50.400+0000] {dag.py:2726} INFO - Sync 1 DAGs
[2023-06-14T13:30:50.416+0000] {logging_mixin.py:149} INFO - [2023-06-14T13:30:50.416+0000] {dag.py:3490} INFO - Setting next_dagrun for example_task_group_decorator to 2023-06-13T13:30:50.416282+00:00, run_after=2023-06-14T13:30:50.416282+00:00
[2023-06-14T13:30:50.430+0000] {processor.py:179} INFO - Processing /home/airflow/.local/lib/python3.7/site-packages/airflow/example_dags/example_task_group_decorator.py took 0.071 seconds
[2023-06-14T13:31:20.903+0000] {processor.py:157} INFO - Started process (PID=473) to work on /home/airflow/.local/lib/python3.7/site-packages/airflow/example_dags/example_task_group_decorator.py
[2023-06-14T13:31:20.906+0000] {processor.py:826} INFO - Processing file /home/airflow/.local/lib/python3.7/site-packages/airflow/example_dags/example_task_group_decorator.py for tasks to queue
[2023-06-14T13:31:20.909+0000] {logging_mixin.py:149} INFO - [2023-06-14T13:31:20.909+0000] {dagbag.py:541} INFO - Filling up the DagBag from /home/airflow/.local/lib/python3.7/site-packages/airflow/example_dags/example_task_group_decorator.py
[2023-06-14T13:31:20.929+0000] {processor.py:836} INFO - DAG(s) dict_keys(['example_task_group_decorator']) retrieved from /home/airflow/.local/lib/python3.7/site-packages/airflow/example_dags/example_task_group_decorator.py
[2023-06-14T13:31:20.955+0000] {logging_mixin.py:149} INFO - [2023-06-14T13:31:20.955+0000] {dag.py:2726} INFO - Sync 1 DAGs
[2023-06-14T13:31:20.970+0000] {logging_mixin.py:149} INFO - [2023-06-14T13:31:20.970+0000] {dag.py:3490} INFO - Setting next_dagrun for example_task_group_decorator to 2023-06-13T13:31:20.970364+00:00, run_after=2023-06-14T13:31:20.970364+00:00
[2023-06-14T13:31:20.981+0000] {processor.py:179} INFO - Processing /home/airflow/.local/lib/python3.7/site-packages/airflow/example_dags/example_task_group_decorator.py took 0.083 seconds
[2023-06-14T13:31:51.484+0000] {processor.py:157} INFO - Started process (PID=530) to work on /home/airflow/.local/lib/python3.7/site-packages/airflow/example_dags/example_task_group_decorator.py
[2023-06-14T13:31:51.486+0000] {processor.py:826} INFO - Processing file /home/airflow/.local/lib/python3.7/site-packages/airflow/example_dags/example_task_group_decorator.py for tasks to queue
[2023-06-14T13:31:51.487+0000] {logging_mixin.py:149} INFO - [2023-06-14T13:31:51.487+0000] {dagbag.py:541} INFO - Filling up the DagBag from /home/airflow/.local/lib/python3.7/site-packages/airflow/example_dags/example_task_group_decorator.py
[2023-06-14T13:31:51.502+0000] {processor.py:836} INFO - DAG(s) dict_keys(['example_task_group_decorator']) retrieved from /home/airflow/.local/lib/python3.7/site-packages/airflow/example_dags/example_task_group_decorator.py
[2023-06-14T13:31:51.527+0000] {logging_mixin.py:149} INFO - [2023-06-14T13:31:51.527+0000] {dag.py:2726} INFO - Sync 1 DAGs
[2023-06-14T13:31:51.542+0000] {logging_mixin.py:149} INFO - [2023-06-14T13:31:51.542+0000] {dag.py:3490} INFO - Setting next_dagrun for example_task_group_decorator to 2023-06-13T13:31:51.542610+00:00, run_after=2023-06-14T13:31:51.542610+00:00
[2023-06-14T13:31:51.553+0000] {processor.py:179} INFO - Processing /home/airflow/.local/lib/python3.7/site-packages/airflow/example_dags/example_task_group_decorator.py took 0.075 seconds
[2023-06-14T13:32:22.431+0000] {processor.py:157} INFO - Started process (PID=588) to work on /home/airflow/.local/lib/python3.7/site-packages/airflow/example_dags/example_task_group_decorator.py
[2023-06-14T13:32:22.433+0000] {processor.py:826} INFO - Processing file /home/airflow/.local/lib/python3.7/site-packages/airflow/example_dags/example_task_group_decorator.py for tasks to queue
[2023-06-14T13:32:22.434+0000] {logging_mixin.py:149} INFO - [2023-06-14T13:32:22.434+0000] {dagbag.py:541} INFO - Filling up the DagBag from /home/airflow/.local/lib/python3.7/site-packages/airflow/example_dags/example_task_group_decorator.py
[2023-06-14T13:32:22.450+0000] {processor.py:836} INFO - DAG(s) dict_keys(['example_task_group_decorator']) retrieved from /home/airflow/.local/lib/python3.7/site-packages/airflow/example_dags/example_task_group_decorator.py
[2023-06-14T13:32:22.478+0000] {logging_mixin.py:149} INFO - [2023-06-14T13:32:22.478+0000] {dag.py:2726} INFO - Sync 1 DAGs
[2023-06-14T13:32:22.494+0000] {logging_mixin.py:149} INFO - [2023-06-14T13:32:22.494+0000] {dag.py:3490} INFO - Setting next_dagrun for example_task_group_decorator to 2023-06-13T13:32:22.494224+00:00, run_after=2023-06-14T13:32:22.494224+00:00
[2023-06-14T13:32:22.506+0000] {processor.py:179} INFO - Processing /home/airflow/.local/lib/python3.7/site-packages/airflow/example_dags/example_task_group_decorator.py took 0.079 seconds
[2023-06-14T13:32:53.358+0000] {processor.py:157} INFO - Started process (PID=645) to work on /home/airflow/.local/lib/python3.7/site-packages/airflow/example_dags/example_task_group_decorator.py
[2023-06-14T13:32:53.362+0000] {processor.py:826} INFO - Processing file /home/airflow/.local/lib/python3.7/site-packages/airflow/example_dags/example_task_group_decorator.py for tasks to queue
[2023-06-14T13:32:53.364+0000] {logging_mixin.py:149} INFO - [2023-06-14T13:32:53.364+0000] {dagbag.py:541} INFO - Filling up the DagBag from /home/airflow/.local/lib/python3.7/site-packages/airflow/example_dags/example_task_group_decorator.py
[2023-06-14T13:32:53.383+0000] {processor.py:836} INFO - DAG(s) dict_keys(['example_task_group_decorator']) retrieved from /home/airflow/.local/lib/python3.7/site-packages/airflow/example_dags/example_task_group_decorator.py
[2023-06-14T13:32:53.411+0000] {logging_mixin.py:149} INFO - [2023-06-14T13:32:53.410+0000] {dag.py:2726} INFO - Sync 1 DAGs
[2023-06-14T13:32:53.426+0000] {logging_mixin.py:149} INFO - [2023-06-14T13:32:53.426+0000] {dag.py:3490} INFO - Setting next_dagrun for example_task_group_decorator to 2023-06-13T13:32:53.426380+00:00, run_after=2023-06-14T13:32:53.426380+00:00
[2023-06-14T13:32:53.437+0000] {processor.py:179} INFO - Processing /home/airflow/.local/lib/python3.7/site-packages/airflow/example_dags/example_task_group_decorator.py took 0.086 seconds
[2023-06-14T13:33:23.670+0000] {processor.py:157} INFO - Started process (PID=702) to work on /home/airflow/.local/lib/python3.7/site-packages/airflow/example_dags/example_task_group_decorator.py
[2023-06-14T13:33:23.672+0000] {processor.py:826} INFO - Processing file /home/airflow/.local/lib/python3.7/site-packages/airflow/example_dags/example_task_group_decorator.py for tasks to queue
[2023-06-14T13:33:23.673+0000] {logging_mixin.py:149} INFO - [2023-06-14T13:33:23.673+0000] {dagbag.py:541} INFO - Filling up the DagBag from /home/airflow/.local/lib/python3.7/site-packages/airflow/example_dags/example_task_group_decorator.py
[2023-06-14T13:33:23.688+0000] {processor.py:836} INFO - DAG(s) dict_keys(['example_task_group_decorator']) retrieved from /home/airflow/.local/lib/python3.7/site-packages/airflow/example_dags/example_task_group_decorator.py
[2023-06-14T13:33:23.713+0000] {logging_mixin.py:149} INFO - [2023-06-14T13:33:23.713+0000] {dag.py:2726} INFO - Sync 1 DAGs
[2023-06-14T13:33:23.728+0000] {logging_mixin.py:149} INFO - [2023-06-14T13:33:23.728+0000] {dag.py:3490} INFO - Setting next_dagrun for example_task_group_decorator to 2023-06-13T13:33:23.728290+00:00, run_after=2023-06-14T13:33:23.728290+00:00
[2023-06-14T13:33:23.739+0000] {processor.py:179} INFO - Processing /home/airflow/.local/lib/python3.7/site-packages/airflow/example_dags/example_task_group_decorator.py took 0.074 seconds
[2023-06-14T13:33:54.153+0000] {processor.py:157} INFO - Started process (PID=759) to work on /home/airflow/.local/lib/python3.7/site-packages/airflow/example_dags/example_task_group_decorator.py
[2023-06-14T13:33:54.155+0000] {processor.py:826} INFO - Processing file /home/airflow/.local/lib/python3.7/site-packages/airflow/example_dags/example_task_group_decorator.py for tasks to queue
[2023-06-14T13:33:54.157+0000] {logging_mixin.py:149} INFO - [2023-06-14T13:33:54.156+0000] {dagbag.py:541} INFO - Filling up the DagBag from /home/airflow/.local/lib/python3.7/site-packages/airflow/example_dags/example_task_group_decorator.py
[2023-06-14T13:33:54.171+0000] {processor.py:836} INFO - DAG(s) dict_keys(['example_task_group_decorator']) retrieved from /home/airflow/.local/lib/python3.7/site-packages/airflow/example_dags/example_task_group_decorator.py
[2023-06-14T13:33:54.195+0000] {logging_mixin.py:149} INFO - [2023-06-14T13:33:54.195+0000] {dag.py:2726} INFO - Sync 1 DAGs
[2023-06-14T13:33:54.210+0000] {logging_mixin.py:149} INFO - [2023-06-14T13:33:54.210+0000] {dag.py:3490} INFO - Setting next_dagrun for example_task_group_decorator to 2023-06-13T13:33:54.210671+00:00, run_after=2023-06-14T13:33:54.210671+00:00
[2023-06-14T13:33:54.221+0000] {processor.py:179} INFO - Processing /home/airflow/.local/lib/python3.7/site-packages/airflow/example_dags/example_task_group_decorator.py took 0.074 seconds
[2023-06-14T13:34:24.939+0000] {processor.py:157} INFO - Started process (PID=816) to work on /home/airflow/.local/lib/python3.7/site-packages/airflow/example_dags/example_task_group_decorator.py
[2023-06-14T13:34:24.941+0000] {processor.py:826} INFO - Processing file /home/airflow/.local/lib/python3.7/site-packages/airflow/example_dags/example_task_group_decorator.py for tasks to queue
[2023-06-14T13:34:24.943+0000] {logging_mixin.py:149} INFO - [2023-06-14T13:34:24.943+0000] {dagbag.py:541} INFO - Filling up the DagBag from /home/airflow/.local/lib/python3.7/site-packages/airflow/example_dags/example_task_group_decorator.py
[2023-06-14T13:34:24.962+0000] {processor.py:836} INFO - DAG(s) dict_keys(['example_task_group_decorator']) retrieved from /home/airflow/.local/lib/python3.7/site-packages/airflow/example_dags/example_task_group_decorator.py
[2023-06-14T13:34:24.989+0000] {logging_mixin.py:149} INFO - [2023-06-14T13:34:24.989+0000] {dag.py:2726} INFO - Sync 1 DAGs
[2023-06-14T13:34:25.005+0000] {logging_mixin.py:149} INFO - [2023-06-14T13:34:25.005+0000] {dag.py:3490} INFO - Setting next_dagrun for example_task_group_decorator to 2023-06-13T13:34:25.004860+00:00, run_after=2023-06-14T13:34:25.004860+00:00
[2023-06-14T13:34:25.016+0000] {processor.py:179} INFO - Processing /home/airflow/.local/lib/python3.7/site-packages/airflow/example_dags/example_task_group_decorator.py took 0.084 seconds
[2023-06-14T13:34:55.543+0000] {processor.py:157} INFO - Started process (PID=873) to work on /home/airflow/.local/lib/python3.7/site-packages/airflow/example_dags/example_task_group_decorator.py
[2023-06-14T13:34:55.545+0000] {processor.py:826} INFO - Processing file /home/airflow/.local/lib/python3.7/site-packages/airflow/example_dags/example_task_group_decorator.py for tasks to queue
[2023-06-14T13:34:55.546+0000] {logging_mixin.py:149} INFO - [2023-06-14T13:34:55.546+0000] {dagbag.py:541} INFO - Filling up the DagBag from /home/airflow/.local/lib/python3.7/site-packages/airflow/example_dags/example_task_group_decorator.py
[2023-06-14T13:34:55.565+0000] {processor.py:836} INFO - DAG(s) dict_keys(['example_task_group_decorator']) retrieved from /home/airflow/.local/lib/python3.7/site-packages/airflow/example_dags/example_task_group_decorator.py
[2023-06-14T13:34:55.593+0000] {logging_mixin.py:149} INFO - [2023-06-14T13:34:55.593+0000] {dag.py:2726} INFO - Sync 1 DAGs
[2023-06-14T13:34:55.610+0000] {logging_mixin.py:149} INFO - [2023-06-14T13:34:55.610+0000] {dag.py:3490} INFO - Setting next_dagrun for example_task_group_decorator to 2023-06-13T13:34:55.609861+00:00, run_after=2023-06-14T13:34:55.609861+00:00
[2023-06-14T13:34:55.621+0000] {processor.py:179} INFO - Processing /home/airflow/.local/lib/python3.7/site-packages/airflow/example_dags/example_task_group_decorator.py took 0.084 seconds
