[2023-06-14T13:27:40.355+0000] {processor.py:157} INFO - Started process (PID=75) to work on /home/airflow/.local/lib/python3.7/site-packages/airflow/example_dags/example_bash_operator.py
[2023-06-14T13:27:40.380+0000] {processor.py:826} INFO - Processing file /home/airflow/.local/lib/python3.7/site-packages/airflow/example_dags/example_bash_operator.py for tasks to queue
[2023-06-14T13:27:40.382+0000] {logging_mixin.py:149} INFO - [2023-06-14T13:27:40.382+0000] {dagbag.py:541} INFO - Filling up the DagBag from /home/airflow/.local/lib/python3.7/site-packages/airflow/example_dags/example_bash_operator.py
[2023-06-14T13:27:40.464+0000] {processor.py:836} INFO - DAG(s) dict_keys(['example_bash_operator']) retrieved from /home/airflow/.local/lib/python3.7/site-packages/airflow/example_dags/example_bash_operator.py
[2023-06-14T13:27:40.881+0000] {logging_mixin.py:149} INFO - [2023-06-14T13:27:40.881+0000] {manager.py:504} INFO - Created Permission View: can edit on DAG:example_bash_operator
[2023-06-14T13:27:40.902+0000] {logging_mixin.py:149} INFO - [2023-06-14T13:27:40.902+0000] {manager.py:504} INFO - Created Permission View: can read on DAG:example_bash_operator
[2023-06-14T13:27:40.920+0000] {logging_mixin.py:149} INFO - [2023-06-14T13:27:40.919+0000] {manager.py:504} INFO - Created Permission View: can delete on DAG:example_bash_operator
[2023-06-14T13:27:40.922+0000] {logging_mixin.py:149} INFO - [2023-06-14T13:27:40.922+0000] {dag.py:2726} INFO - Sync 1 DAGs
[2023-06-14T13:27:40.954+0000] {logging_mixin.py:149} INFO - [2023-06-14T13:27:40.954+0000] {dag.py:2747} INFO - Creating ORM DAG for example_bash_operator
[2023-06-14T13:27:41.007+0000] {logging_mixin.py:149} INFO - [2023-06-14T13:27:41.007+0000] {dag.py:3490} INFO - Setting next_dagrun for example_bash_operator to 2023-06-13T00:00:00+00:00, run_after=2023-06-14T00:00:00+00:00
[2023-06-14T13:27:41.028+0000] {processor.py:179} INFO - Processing /home/airflow/.local/lib/python3.7/site-packages/airflow/example_dags/example_bash_operator.py took 0.889 seconds
[2023-06-14T13:28:11.670+0000] {processor.py:157} INFO - Started process (PID=131) to work on /home/airflow/.local/lib/python3.7/site-packages/airflow/example_dags/example_bash_operator.py
[2023-06-14T13:28:11.676+0000] {processor.py:826} INFO - Processing file /home/airflow/.local/lib/python3.7/site-packages/airflow/example_dags/example_bash_operator.py for tasks to queue
[2023-06-14T13:28:11.691+0000] {logging_mixin.py:149} INFO - [2023-06-14T13:28:11.690+0000] {dagbag.py:541} INFO - Filling up the DagBag from /home/airflow/.local/lib/python3.7/site-packages/airflow/example_dags/example_bash_operator.py
[2023-06-14T13:28:11.721+0000] {processor.py:836} INFO - DAG(s) dict_keys(['example_bash_operator']) retrieved from /home/airflow/.local/lib/python3.7/site-packages/airflow/example_dags/example_bash_operator.py
[2023-06-14T13:28:11.890+0000] {logging_mixin.py:149} INFO - [2023-06-14T13:28:11.890+0000] {dag.py:2726} INFO - Sync 1 DAGs
[2023-06-14T13:28:11.932+0000] {logging_mixin.py:149} INFO - [2023-06-14T13:28:11.931+0000] {dag.py:3490} INFO - Setting next_dagrun for example_bash_operator to 2023-06-13T00:00:00+00:00, run_after=2023-06-14T00:00:00+00:00
[2023-06-14T13:28:11.957+0000] {processor.py:179} INFO - Processing /home/airflow/.local/lib/python3.7/site-packages/airflow/example_dags/example_bash_operator.py took 0.293 seconds
[2023-06-14T13:28:42.879+0000] {processor.py:157} INFO - Started process (PID=187) to work on /home/airflow/.local/lib/python3.7/site-packages/airflow/example_dags/example_bash_operator.py
[2023-06-14T13:28:42.880+0000] {processor.py:826} INFO - Processing file /home/airflow/.local/lib/python3.7/site-packages/airflow/example_dags/example_bash_operator.py for tasks to queue
[2023-06-14T13:28:42.881+0000] {logging_mixin.py:149} INFO - [2023-06-14T13:28:42.881+0000] {dagbag.py:541} INFO - Filling up the DagBag from /home/airflow/.local/lib/python3.7/site-packages/airflow/example_dags/example_bash_operator.py
[2023-06-14T13:28:42.898+0000] {processor.py:836} INFO - DAG(s) dict_keys(['example_bash_operator']) retrieved from /home/airflow/.local/lib/python3.7/site-packages/airflow/example_dags/example_bash_operator.py
[2023-06-14T13:28:42.928+0000] {logging_mixin.py:149} INFO - [2023-06-14T13:28:42.928+0000] {dag.py:2726} INFO - Sync 1 DAGs
[2023-06-14T13:28:42.948+0000] {logging_mixin.py:149} INFO - [2023-06-14T13:28:42.947+0000] {dag.py:3490} INFO - Setting next_dagrun for example_bash_operator to 2023-06-13T00:00:00+00:00, run_after=2023-06-14T00:00:00+00:00
[2023-06-14T13:28:42.966+0000] {processor.py:179} INFO - Processing /home/airflow/.local/lib/python3.7/site-packages/airflow/example_dags/example_bash_operator.py took 0.089 seconds
[2023-06-14T13:29:13.377+0000] {processor.py:157} INFO - Started process (PID=243) to work on /home/airflow/.local/lib/python3.7/site-packages/airflow/example_dags/example_bash_operator.py
[2023-06-14T13:29:13.379+0000] {processor.py:826} INFO - Processing file /home/airflow/.local/lib/python3.7/site-packages/airflow/example_dags/example_bash_operator.py for tasks to queue
[2023-06-14T13:29:13.381+0000] {logging_mixin.py:149} INFO - [2023-06-14T13:29:13.381+0000] {dagbag.py:541} INFO - Filling up the DagBag from /home/airflow/.local/lib/python3.7/site-packages/airflow/example_dags/example_bash_operator.py
[2023-06-14T13:29:13.397+0000] {processor.py:836} INFO - DAG(s) dict_keys(['example_bash_operator']) retrieved from /home/airflow/.local/lib/python3.7/site-packages/airflow/example_dags/example_bash_operator.py
[2023-06-14T13:29:13.428+0000] {logging_mixin.py:149} INFO - [2023-06-14T13:29:13.428+0000] {dag.py:2726} INFO - Sync 1 DAGs
[2023-06-14T13:29:13.446+0000] {logging_mixin.py:149} INFO - [2023-06-14T13:29:13.446+0000] {dag.py:3490} INFO - Setting next_dagrun for example_bash_operator to 2023-06-13T00:00:00+00:00, run_after=2023-06-14T00:00:00+00:00
[2023-06-14T13:29:13.459+0000] {processor.py:179} INFO - Processing /home/airflow/.local/lib/python3.7/site-packages/airflow/example_dags/example_bash_operator.py took 0.088 seconds
[2023-06-14T13:29:43.531+0000] {processor.py:157} INFO - Started process (PID=299) to work on /home/airflow/.local/lib/python3.7/site-packages/airflow/example_dags/example_bash_operator.py
[2023-06-14T13:29:43.533+0000] {processor.py:826} INFO - Processing file /home/airflow/.local/lib/python3.7/site-packages/airflow/example_dags/example_bash_operator.py for tasks to queue
[2023-06-14T13:29:43.534+0000] {logging_mixin.py:149} INFO - [2023-06-14T13:29:43.534+0000] {dagbag.py:541} INFO - Filling up the DagBag from /home/airflow/.local/lib/python3.7/site-packages/airflow/example_dags/example_bash_operator.py
[2023-06-14T13:29:43.548+0000] {processor.py:836} INFO - DAG(s) dict_keys(['example_bash_operator']) retrieved from /home/airflow/.local/lib/python3.7/site-packages/airflow/example_dags/example_bash_operator.py
[2023-06-14T13:29:43.577+0000] {logging_mixin.py:149} INFO - [2023-06-14T13:29:43.576+0000] {dag.py:2726} INFO - Sync 1 DAGs
[2023-06-14T13:29:43.593+0000] {logging_mixin.py:149} INFO - [2023-06-14T13:29:43.593+0000] {dag.py:3490} INFO - Setting next_dagrun for example_bash_operator to 2023-06-13T00:00:00+00:00, run_after=2023-06-14T00:00:00+00:00
[2023-06-14T13:29:43.605+0000] {processor.py:179} INFO - Processing /home/airflow/.local/lib/python3.7/site-packages/airflow/example_dags/example_bash_operator.py took 0.079 seconds
[2023-06-14T13:30:14.041+0000] {processor.py:157} INFO - Started process (PID=355) to work on /home/airflow/.local/lib/python3.7/site-packages/airflow/example_dags/example_bash_operator.py
[2023-06-14T13:30:14.042+0000] {processor.py:826} INFO - Processing file /home/airflow/.local/lib/python3.7/site-packages/airflow/example_dags/example_bash_operator.py for tasks to queue
[2023-06-14T13:30:14.044+0000] {logging_mixin.py:149} INFO - [2023-06-14T13:30:14.043+0000] {dagbag.py:541} INFO - Filling up the DagBag from /home/airflow/.local/lib/python3.7/site-packages/airflow/example_dags/example_bash_operator.py
[2023-06-14T13:30:14.061+0000] {processor.py:836} INFO - DAG(s) dict_keys(['example_bash_operator']) retrieved from /home/airflow/.local/lib/python3.7/site-packages/airflow/example_dags/example_bash_operator.py
[2023-06-14T13:30:14.091+0000] {logging_mixin.py:149} INFO - [2023-06-14T13:30:14.091+0000] {dag.py:2726} INFO - Sync 1 DAGs
[2023-06-14T13:30:14.109+0000] {logging_mixin.py:149} INFO - [2023-06-14T13:30:14.108+0000] {dag.py:3490} INFO - Setting next_dagrun for example_bash_operator to 2023-06-13T00:00:00+00:00, run_after=2023-06-14T00:00:00+00:00
[2023-06-14T13:30:14.122+0000] {processor.py:179} INFO - Processing /home/airflow/.local/lib/python3.7/site-packages/airflow/example_dags/example_bash_operator.py took 0.087 seconds
[2023-06-14T13:30:44.976+0000] {processor.py:157} INFO - Started process (PID=411) to work on /home/airflow/.local/lib/python3.7/site-packages/airflow/example_dags/example_bash_operator.py
[2023-06-14T13:30:44.977+0000] {processor.py:826} INFO - Processing file /home/airflow/.local/lib/python3.7/site-packages/airflow/example_dags/example_bash_operator.py for tasks to queue
[2023-06-14T13:30:44.978+0000] {logging_mixin.py:149} INFO - [2023-06-14T13:30:44.978+0000] {dagbag.py:541} INFO - Filling up the DagBag from /home/airflow/.local/lib/python3.7/site-packages/airflow/example_dags/example_bash_operator.py
[2023-06-14T13:30:45.000+0000] {processor.py:836} INFO - DAG(s) dict_keys(['example_bash_operator']) retrieved from /home/airflow/.local/lib/python3.7/site-packages/airflow/example_dags/example_bash_operator.py
[2023-06-14T13:30:45.032+0000] {logging_mixin.py:149} INFO - [2023-06-14T13:30:45.032+0000] {dag.py:2726} INFO - Sync 1 DAGs
[2023-06-14T13:30:45.055+0000] {logging_mixin.py:149} INFO - [2023-06-14T13:30:45.054+0000] {dag.py:3490} INFO - Setting next_dagrun for example_bash_operator to 2023-06-13T00:00:00+00:00, run_after=2023-06-14T00:00:00+00:00
[2023-06-14T13:30:45.067+0000] {processor.py:179} INFO - Processing /home/airflow/.local/lib/python3.7/site-packages/airflow/example_dags/example_bash_operator.py took 0.097 seconds
[2023-06-14T13:31:15.532+0000] {processor.py:157} INFO - Started process (PID=467) to work on /home/airflow/.local/lib/python3.7/site-packages/airflow/example_dags/example_bash_operator.py
[2023-06-14T13:31:15.533+0000] {processor.py:826} INFO - Processing file /home/airflow/.local/lib/python3.7/site-packages/airflow/example_dags/example_bash_operator.py for tasks to queue
[2023-06-14T13:31:15.535+0000] {logging_mixin.py:149} INFO - [2023-06-14T13:31:15.535+0000] {dagbag.py:541} INFO - Filling up the DagBag from /home/airflow/.local/lib/python3.7/site-packages/airflow/example_dags/example_bash_operator.py
[2023-06-14T13:31:15.551+0000] {processor.py:836} INFO - DAG(s) dict_keys(['example_bash_operator']) retrieved from /home/airflow/.local/lib/python3.7/site-packages/airflow/example_dags/example_bash_operator.py
[2023-06-14T13:31:15.578+0000] {logging_mixin.py:149} INFO - [2023-06-14T13:31:15.578+0000] {dag.py:2726} INFO - Sync 1 DAGs
[2023-06-14T13:31:15.594+0000] {logging_mixin.py:149} INFO - [2023-06-14T13:31:15.594+0000] {dag.py:3490} INFO - Setting next_dagrun for example_bash_operator to 2023-06-13T00:00:00+00:00, run_after=2023-06-14T00:00:00+00:00
[2023-06-14T13:31:15.607+0000] {processor.py:179} INFO - Processing /home/airflow/.local/lib/python3.7/site-packages/airflow/example_dags/example_bash_operator.py took 0.081 seconds
[2023-06-14T13:31:46.104+0000] {processor.py:157} INFO - Started process (PID=524) to work on /home/airflow/.local/lib/python3.7/site-packages/airflow/example_dags/example_bash_operator.py
[2023-06-14T13:31:46.105+0000] {processor.py:826} INFO - Processing file /home/airflow/.local/lib/python3.7/site-packages/airflow/example_dags/example_bash_operator.py for tasks to queue
[2023-06-14T13:31:46.106+0000] {logging_mixin.py:149} INFO - [2023-06-14T13:31:46.106+0000] {dagbag.py:541} INFO - Filling up the DagBag from /home/airflow/.local/lib/python3.7/site-packages/airflow/example_dags/example_bash_operator.py
[2023-06-14T13:31:46.122+0000] {processor.py:836} INFO - DAG(s) dict_keys(['example_bash_operator']) retrieved from /home/airflow/.local/lib/python3.7/site-packages/airflow/example_dags/example_bash_operator.py
[2023-06-14T13:31:46.152+0000] {logging_mixin.py:149} INFO - [2023-06-14T13:31:46.152+0000] {dag.py:2726} INFO - Sync 1 DAGs
[2023-06-14T13:31:46.170+0000] {logging_mixin.py:149} INFO - [2023-06-14T13:31:46.170+0000] {dag.py:3490} INFO - Setting next_dagrun for example_bash_operator to 2023-06-13T00:00:00+00:00, run_after=2023-06-14T00:00:00+00:00
[2023-06-14T13:31:46.186+0000] {processor.py:179} INFO - Processing /home/airflow/.local/lib/python3.7/site-packages/airflow/example_dags/example_bash_operator.py took 0.087 seconds
[2023-06-14T13:32:17.080+0000] {processor.py:157} INFO - Started process (PID=582) to work on /home/airflow/.local/lib/python3.7/site-packages/airflow/example_dags/example_bash_operator.py
[2023-06-14T13:32:17.082+0000] {processor.py:826} INFO - Processing file /home/airflow/.local/lib/python3.7/site-packages/airflow/example_dags/example_bash_operator.py for tasks to queue
[2023-06-14T13:32:17.083+0000] {logging_mixin.py:149} INFO - [2023-06-14T13:32:17.083+0000] {dagbag.py:541} INFO - Filling up the DagBag from /home/airflow/.local/lib/python3.7/site-packages/airflow/example_dags/example_bash_operator.py
[2023-06-14T13:32:17.098+0000] {processor.py:836} INFO - DAG(s) dict_keys(['example_bash_operator']) retrieved from /home/airflow/.local/lib/python3.7/site-packages/airflow/example_dags/example_bash_operator.py
[2023-06-14T13:32:17.126+0000] {logging_mixin.py:149} INFO - [2023-06-14T13:32:17.126+0000] {dag.py:2726} INFO - Sync 1 DAGs
[2023-06-14T13:32:17.142+0000] {logging_mixin.py:149} INFO - [2023-06-14T13:32:17.142+0000] {dag.py:3490} INFO - Setting next_dagrun for example_bash_operator to 2023-06-13T00:00:00+00:00, run_after=2023-06-14T00:00:00+00:00
[2023-06-14T13:32:17.154+0000] {processor.py:179} INFO - Processing /home/airflow/.local/lib/python3.7/site-packages/airflow/example_dags/example_bash_operator.py took 0.080 seconds
[2023-06-14T13:32:47.971+0000] {processor.py:157} INFO - Started process (PID=639) to work on /home/airflow/.local/lib/python3.7/site-packages/airflow/example_dags/example_bash_operator.py
[2023-06-14T13:32:47.972+0000] {processor.py:826} INFO - Processing file /home/airflow/.local/lib/python3.7/site-packages/airflow/example_dags/example_bash_operator.py for tasks to queue
[2023-06-14T13:32:47.973+0000] {logging_mixin.py:149} INFO - [2023-06-14T13:32:47.973+0000] {dagbag.py:541} INFO - Filling up the DagBag from /home/airflow/.local/lib/python3.7/site-packages/airflow/example_dags/example_bash_operator.py
[2023-06-14T13:32:47.985+0000] {processor.py:836} INFO - DAG(s) dict_keys(['example_bash_operator']) retrieved from /home/airflow/.local/lib/python3.7/site-packages/airflow/example_dags/example_bash_operator.py
[2023-06-14T13:32:48.010+0000] {logging_mixin.py:149} INFO - [2023-06-14T13:32:48.009+0000] {dag.py:2726} INFO - Sync 1 DAGs
[2023-06-14T13:32:48.026+0000] {logging_mixin.py:149} INFO - [2023-06-14T13:32:48.026+0000] {dag.py:3490} INFO - Setting next_dagrun for example_bash_operator to 2023-06-13T00:00:00+00:00, run_after=2023-06-14T00:00:00+00:00
[2023-06-14T13:32:48.039+0000] {processor.py:179} INFO - Processing /home/airflow/.local/lib/python3.7/site-packages/airflow/example_dags/example_bash_operator.py took 0.072 seconds
[2023-06-14T13:33:18.339+0000] {processor.py:157} INFO - Started process (PID=696) to work on /home/airflow/.local/lib/python3.7/site-packages/airflow/example_dags/example_bash_operator.py
[2023-06-14T13:33:18.340+0000] {processor.py:826} INFO - Processing file /home/airflow/.local/lib/python3.7/site-packages/airflow/example_dags/example_bash_operator.py for tasks to queue
[2023-06-14T13:33:18.341+0000] {logging_mixin.py:149} INFO - [2023-06-14T13:33:18.341+0000] {dagbag.py:541} INFO - Filling up the DagBag from /home/airflow/.local/lib/python3.7/site-packages/airflow/example_dags/example_bash_operator.py
[2023-06-14T13:33:18.354+0000] {processor.py:836} INFO - DAG(s) dict_keys(['example_bash_operator']) retrieved from /home/airflow/.local/lib/python3.7/site-packages/airflow/example_dags/example_bash_operator.py
[2023-06-14T13:33:18.380+0000] {logging_mixin.py:149} INFO - [2023-06-14T13:33:18.380+0000] {dag.py:2726} INFO - Sync 1 DAGs
[2023-06-14T13:33:18.396+0000] {logging_mixin.py:149} INFO - [2023-06-14T13:33:18.396+0000] {dag.py:3490} INFO - Setting next_dagrun for example_bash_operator to 2023-06-13T00:00:00+00:00, run_after=2023-06-14T00:00:00+00:00
[2023-06-14T13:33:18.408+0000] {processor.py:179} INFO - Processing /home/airflow/.local/lib/python3.7/site-packages/airflow/example_dags/example_bash_operator.py took 0.073 seconds
[2023-06-14T13:33:48.800+0000] {processor.py:157} INFO - Started process (PID=753) to work on /home/airflow/.local/lib/python3.7/site-packages/airflow/example_dags/example_bash_operator.py
[2023-06-14T13:33:48.802+0000] {processor.py:826} INFO - Processing file /home/airflow/.local/lib/python3.7/site-packages/airflow/example_dags/example_bash_operator.py for tasks to queue
[2023-06-14T13:33:48.803+0000] {logging_mixin.py:149} INFO - [2023-06-14T13:33:48.803+0000] {dagbag.py:541} INFO - Filling up the DagBag from /home/airflow/.local/lib/python3.7/site-packages/airflow/example_dags/example_bash_operator.py
[2023-06-14T13:33:48.817+0000] {processor.py:836} INFO - DAG(s) dict_keys(['example_bash_operator']) retrieved from /home/airflow/.local/lib/python3.7/site-packages/airflow/example_dags/example_bash_operator.py
[2023-06-14T13:33:48.844+0000] {logging_mixin.py:149} INFO - [2023-06-14T13:33:48.844+0000] {dag.py:2726} INFO - Sync 1 DAGs
[2023-06-14T13:33:48.861+0000] {logging_mixin.py:149} INFO - [2023-06-14T13:33:48.860+0000] {dag.py:3490} INFO - Setting next_dagrun for example_bash_operator to 2023-06-13T00:00:00+00:00, run_after=2023-06-14T00:00:00+00:00
[2023-06-14T13:33:48.873+0000] {processor.py:179} INFO - Processing /home/airflow/.local/lib/python3.7/site-packages/airflow/example_dags/example_bash_operator.py took 0.078 seconds
[2023-06-14T13:34:19.472+0000] {processor.py:157} INFO - Started process (PID=810) to work on /home/airflow/.local/lib/python3.7/site-packages/airflow/example_dags/example_bash_operator.py
[2023-06-14T13:34:19.474+0000] {processor.py:826} INFO - Processing file /home/airflow/.local/lib/python3.7/site-packages/airflow/example_dags/example_bash_operator.py for tasks to queue
[2023-06-14T13:34:19.475+0000] {logging_mixin.py:149} INFO - [2023-06-14T13:34:19.475+0000] {dagbag.py:541} INFO - Filling up the DagBag from /home/airflow/.local/lib/python3.7/site-packages/airflow/example_dags/example_bash_operator.py
[2023-06-14T13:34:19.495+0000] {processor.py:836} INFO - DAG(s) dict_keys(['example_bash_operator']) retrieved from /home/airflow/.local/lib/python3.7/site-packages/airflow/example_dags/example_bash_operator.py
[2023-06-14T13:34:19.530+0000] {logging_mixin.py:149} INFO - [2023-06-14T13:34:19.530+0000] {dag.py:2726} INFO - Sync 1 DAGs
[2023-06-14T13:34:19.546+0000] {logging_mixin.py:149} INFO - [2023-06-14T13:34:19.546+0000] {dag.py:3490} INFO - Setting next_dagrun for example_bash_operator to 2023-06-13T00:00:00+00:00, run_after=2023-06-14T00:00:00+00:00
[2023-06-14T13:34:19.559+0000] {processor.py:179} INFO - Processing /home/airflow/.local/lib/python3.7/site-packages/airflow/example_dags/example_bash_operator.py took 0.093 seconds
[2023-06-14T13:34:50.124+0000] {processor.py:157} INFO - Started process (PID=867) to work on /home/airflow/.local/lib/python3.7/site-packages/airflow/example_dags/example_bash_operator.py
[2023-06-14T13:34:50.125+0000] {processor.py:826} INFO - Processing file /home/airflow/.local/lib/python3.7/site-packages/airflow/example_dags/example_bash_operator.py for tasks to queue
[2023-06-14T13:34:50.126+0000] {logging_mixin.py:149} INFO - [2023-06-14T13:34:50.126+0000] {dagbag.py:541} INFO - Filling up the DagBag from /home/airflow/.local/lib/python3.7/site-packages/airflow/example_dags/example_bash_operator.py
[2023-06-14T13:34:50.144+0000] {processor.py:836} INFO - DAG(s) dict_keys(['example_bash_operator']) retrieved from /home/airflow/.local/lib/python3.7/site-packages/airflow/example_dags/example_bash_operator.py
[2023-06-14T13:34:50.197+0000] {logging_mixin.py:149} INFO - [2023-06-14T13:34:50.196+0000] {dag.py:2726} INFO - Sync 1 DAGs
[2023-06-14T13:34:50.220+0000] {logging_mixin.py:149} INFO - [2023-06-14T13:34:50.220+0000] {dag.py:3490} INFO - Setting next_dagrun for example_bash_operator to 2023-06-13T00:00:00+00:00, run_after=2023-06-14T00:00:00+00:00
[2023-06-14T13:34:50.234+0000] {processor.py:179} INFO - Processing /home/airflow/.local/lib/python3.7/site-packages/airflow/example_dags/example_bash_operator.py took 0.116 seconds
