[2023-06-14T13:27:19.611+0000] {processor.py:157} INFO - Started process (PID=44) to work on /home/airflow/.local/lib/python3.7/site-packages/airflow/example_dags/example_dag_decorator.py
[2023-06-14T13:27:19.616+0000] {processor.py:826} INFO - Processing file /home/airflow/.local/lib/python3.7/site-packages/airflow/example_dags/example_dag_decorator.py for tasks to queue
[2023-06-14T13:27:19.618+0000] {logging_mixin.py:149} INFO - [2023-06-14T13:27:19.618+0000] {dagbag.py:541} INFO - Filling up the DagBag from /home/airflow/.local/lib/python3.7/site-packages/airflow/example_dags/example_dag_decorator.py
[2023-06-14T13:27:19.694+0000] {logging_mixin.py:149} INFO - [2023-06-14T13:27:19.693+0000] {taskmixin.py:211} WARNING - Dependency <Task(_PythonDecoratedOperator): prepare_email>, send_email already registered for DAG: example_dag_decorator
[2023-06-14T13:27:19.713+0000] {logging_mixin.py:149} INFO - [2023-06-14T13:27:19.712+0000] {taskmixin.py:211} WARNING - Dependency <Task(EmailOperator): send_email>, prepare_email already registered for DAG: example_dag_decorator
[2023-06-14T13:27:19.887+0000] {processor.py:836} INFO - DAG(s) dict_keys(['example_dag_decorator']) retrieved from /home/airflow/.local/lib/python3.7/site-packages/airflow/example_dags/example_dag_decorator.py
[2023-06-14T13:27:20.305+0000] {logging_mixin.py:149} INFO - [2023-06-14T13:27:20.305+0000] {manager.py:504} INFO - Created Permission View: can edit on DAG:example_dag_decorator
[2023-06-14T13:27:20.334+0000] {logging_mixin.py:149} INFO - [2023-06-14T13:27:20.334+0000] {manager.py:504} INFO - Created Permission View: can read on DAG:example_dag_decorator
[2023-06-14T13:27:20.364+0000] {logging_mixin.py:149} INFO - [2023-06-14T13:27:20.363+0000] {manager.py:504} INFO - Created Permission View: can delete on DAG:example_dag_decorator
[2023-06-14T13:27:20.366+0000] {logging_mixin.py:149} INFO - [2023-06-14T13:27:20.365+0000] {dag.py:2726} INFO - Sync 1 DAGs
[2023-06-14T13:27:20.458+0000] {logging_mixin.py:149} INFO - [2023-06-14T13:27:20.457+0000] {dag.py:2747} INFO - Creating ORM DAG for example_dag_decorator
[2023-06-14T13:27:20.479+0000] {logging_mixin.py:149} INFO - [2023-06-14T13:27:20.479+0000] {dag.py:3490} INFO - Setting next_dagrun for example_dag_decorator to None, run_after=None
[2023-06-14T13:27:20.904+0000] {processor.py:179} INFO - Processing /home/airflow/.local/lib/python3.7/site-packages/airflow/example_dags/example_dag_decorator.py took 1.317 seconds
[2023-06-14T13:27:51.588+0000] {processor.py:157} INFO - Started process (PID=100) to work on /home/airflow/.local/lib/python3.7/site-packages/airflow/example_dags/example_dag_decorator.py
[2023-06-14T13:27:51.592+0000] {processor.py:826} INFO - Processing file /home/airflow/.local/lib/python3.7/site-packages/airflow/example_dags/example_dag_decorator.py for tasks to queue
[2023-06-14T13:27:51.595+0000] {logging_mixin.py:149} INFO - [2023-06-14T13:27:51.594+0000] {dagbag.py:541} INFO - Filling up the DagBag from /home/airflow/.local/lib/python3.7/site-packages/airflow/example_dags/example_dag_decorator.py
[2023-06-14T13:27:51.611+0000] {logging_mixin.py:149} INFO - [2023-06-14T13:27:51.611+0000] {taskmixin.py:211} WARNING - Dependency <Task(_PythonDecoratedOperator): prepare_email>, send_email already registered for DAG: example_dag_decorator
[2023-06-14T13:27:51.613+0000] {logging_mixin.py:149} INFO - [2023-06-14T13:27:51.613+0000] {taskmixin.py:211} WARNING - Dependency <Task(EmailOperator): send_email>, prepare_email already registered for DAG: example_dag_decorator
[2023-06-14T13:27:51.630+0000] {processor.py:836} INFO - DAG(s) dict_keys(['example_dag_decorator']) retrieved from /home/airflow/.local/lib/python3.7/site-packages/airflow/example_dags/example_dag_decorator.py
[2023-06-14T13:27:51.766+0000] {logging_mixin.py:149} INFO - [2023-06-14T13:27:51.765+0000] {dag.py:2726} INFO - Sync 1 DAGs
[2023-06-14T13:27:51.806+0000] {logging_mixin.py:149} INFO - [2023-06-14T13:27:51.806+0000] {dag.py:3490} INFO - Setting next_dagrun for example_dag_decorator to None, run_after=None
[2023-06-14T13:27:51.843+0000] {processor.py:179} INFO - Processing /home/airflow/.local/lib/python3.7/site-packages/airflow/example_dags/example_dag_decorator.py took 0.270 seconds
[2023-06-14T13:28:22.047+0000] {processor.py:157} INFO - Started process (PID=156) to work on /home/airflow/.local/lib/python3.7/site-packages/airflow/example_dags/example_dag_decorator.py
[2023-06-14T13:28:22.050+0000] {processor.py:826} INFO - Processing file /home/airflow/.local/lib/python3.7/site-packages/airflow/example_dags/example_dag_decorator.py for tasks to queue
[2023-06-14T13:28:22.053+0000] {logging_mixin.py:149} INFO - [2023-06-14T13:28:22.052+0000] {dagbag.py:541} INFO - Filling up the DagBag from /home/airflow/.local/lib/python3.7/site-packages/airflow/example_dags/example_dag_decorator.py
[2023-06-14T13:28:22.068+0000] {logging_mixin.py:149} INFO - [2023-06-14T13:28:22.068+0000] {taskmixin.py:211} WARNING - Dependency <Task(_PythonDecoratedOperator): prepare_email>, send_email already registered for DAG: example_dag_decorator
[2023-06-14T13:28:22.069+0000] {logging_mixin.py:149} INFO - [2023-06-14T13:28:22.069+0000] {taskmixin.py:211} WARNING - Dependency <Task(EmailOperator): send_email>, prepare_email already registered for DAG: example_dag_decorator
[2023-06-14T13:28:22.083+0000] {processor.py:836} INFO - DAG(s) dict_keys(['example_dag_decorator']) retrieved from /home/airflow/.local/lib/python3.7/site-packages/airflow/example_dags/example_dag_decorator.py
[2023-06-14T13:28:22.163+0000] {logging_mixin.py:149} INFO - [2023-06-14T13:28:22.163+0000] {dag.py:2726} INFO - Sync 1 DAGs
[2023-06-14T13:28:22.189+0000] {logging_mixin.py:149} INFO - [2023-06-14T13:28:22.189+0000] {dag.py:3490} INFO - Setting next_dagrun for example_dag_decorator to None, run_after=None
[2023-06-14T13:28:22.245+0000] {processor.py:179} INFO - Processing /home/airflow/.local/lib/python3.7/site-packages/airflow/example_dags/example_dag_decorator.py took 0.203 seconds
[2023-06-14T13:28:53.152+0000] {processor.py:157} INFO - Started process (PID=212) to work on /home/airflow/.local/lib/python3.7/site-packages/airflow/example_dags/example_dag_decorator.py
[2023-06-14T13:28:53.154+0000] {processor.py:826} INFO - Processing file /home/airflow/.local/lib/python3.7/site-packages/airflow/example_dags/example_dag_decorator.py for tasks to queue
[2023-06-14T13:28:53.155+0000] {logging_mixin.py:149} INFO - [2023-06-14T13:28:53.155+0000] {dagbag.py:541} INFO - Filling up the DagBag from /home/airflow/.local/lib/python3.7/site-packages/airflow/example_dags/example_dag_decorator.py
[2023-06-14T13:28:53.165+0000] {logging_mixin.py:149} INFO - [2023-06-14T13:28:53.165+0000] {taskmixin.py:211} WARNING - Dependency <Task(_PythonDecoratedOperator): prepare_email>, send_email already registered for DAG: example_dag_decorator
[2023-06-14T13:28:53.166+0000] {logging_mixin.py:149} INFO - [2023-06-14T13:28:53.166+0000] {taskmixin.py:211} WARNING - Dependency <Task(EmailOperator): send_email>, prepare_email already registered for DAG: example_dag_decorator
[2023-06-14T13:28:53.176+0000] {processor.py:836} INFO - DAG(s) dict_keys(['example_dag_decorator']) retrieved from /home/airflow/.local/lib/python3.7/site-packages/airflow/example_dags/example_dag_decorator.py
[2023-06-14T13:28:53.219+0000] {logging_mixin.py:149} INFO - [2023-06-14T13:28:53.219+0000] {dag.py:2726} INFO - Sync 1 DAGs
[2023-06-14T13:28:53.232+0000] {logging_mixin.py:149} INFO - [2023-06-14T13:28:53.232+0000] {dag.py:3490} INFO - Setting next_dagrun for example_dag_decorator to None, run_after=None
[2023-06-14T13:28:53.244+0000] {processor.py:179} INFO - Processing /home/airflow/.local/lib/python3.7/site-packages/airflow/example_dags/example_dag_decorator.py took 0.097 seconds
[2023-06-14T13:29:23.448+0000] {processor.py:157} INFO - Started process (PID=268) to work on /home/airflow/.local/lib/python3.7/site-packages/airflow/example_dags/example_dag_decorator.py
[2023-06-14T13:29:23.450+0000] {processor.py:826} INFO - Processing file /home/airflow/.local/lib/python3.7/site-packages/airflow/example_dags/example_dag_decorator.py for tasks to queue
[2023-06-14T13:29:23.452+0000] {logging_mixin.py:149} INFO - [2023-06-14T13:29:23.452+0000] {dagbag.py:541} INFO - Filling up the DagBag from /home/airflow/.local/lib/python3.7/site-packages/airflow/example_dags/example_dag_decorator.py
[2023-06-14T13:29:23.461+0000] {logging_mixin.py:149} INFO - [2023-06-14T13:29:23.461+0000] {taskmixin.py:211} WARNING - Dependency <Task(_PythonDecoratedOperator): prepare_email>, send_email already registered for DAG: example_dag_decorator
[2023-06-14T13:29:23.462+0000] {logging_mixin.py:149} INFO - [2023-06-14T13:29:23.461+0000] {taskmixin.py:211} WARNING - Dependency <Task(EmailOperator): send_email>, prepare_email already registered for DAG: example_dag_decorator
[2023-06-14T13:29:23.470+0000] {processor.py:836} INFO - DAG(s) dict_keys(['example_dag_decorator']) retrieved from /home/airflow/.local/lib/python3.7/site-packages/airflow/example_dags/example_dag_decorator.py
[2023-06-14T13:29:23.516+0000] {logging_mixin.py:149} INFO - [2023-06-14T13:29:23.516+0000] {dag.py:2726} INFO - Sync 1 DAGs
[2023-06-14T13:29:23.529+0000] {logging_mixin.py:149} INFO - [2023-06-14T13:29:23.529+0000] {dag.py:3490} INFO - Setting next_dagrun for example_dag_decorator to None, run_after=None
[2023-06-14T13:29:23.540+0000] {processor.py:179} INFO - Processing /home/airflow/.local/lib/python3.7/site-packages/airflow/example_dags/example_dag_decorator.py took 0.099 seconds
[2023-06-14T13:29:53.634+0000] {processor.py:157} INFO - Started process (PID=325) to work on /home/airflow/.local/lib/python3.7/site-packages/airflow/example_dags/example_dag_decorator.py
[2023-06-14T13:29:53.636+0000] {processor.py:826} INFO - Processing file /home/airflow/.local/lib/python3.7/site-packages/airflow/example_dags/example_dag_decorator.py for tasks to queue
[2023-06-14T13:29:53.637+0000] {logging_mixin.py:149} INFO - [2023-06-14T13:29:53.637+0000] {dagbag.py:541} INFO - Filling up the DagBag from /home/airflow/.local/lib/python3.7/site-packages/airflow/example_dags/example_dag_decorator.py
[2023-06-14T13:29:53.642+0000] {logging_mixin.py:149} INFO - [2023-06-14T13:29:53.641+0000] {taskmixin.py:211} WARNING - Dependency <Task(_PythonDecoratedOperator): prepare_email>, send_email already registered for DAG: example_dag_decorator
[2023-06-14T13:29:53.642+0000] {logging_mixin.py:149} INFO - [2023-06-14T13:29:53.642+0000] {taskmixin.py:211} WARNING - Dependency <Task(EmailOperator): send_email>, prepare_email already registered for DAG: example_dag_decorator
[2023-06-14T13:29:53.648+0000] {processor.py:836} INFO - DAG(s) dict_keys(['example_dag_decorator']) retrieved from /home/airflow/.local/lib/python3.7/site-packages/airflow/example_dags/example_dag_decorator.py
[2023-06-14T13:29:53.688+0000] {logging_mixin.py:149} INFO - [2023-06-14T13:29:53.687+0000] {dag.py:2726} INFO - Sync 1 DAGs
[2023-06-14T13:29:53.701+0000] {logging_mixin.py:149} INFO - [2023-06-14T13:29:53.701+0000] {dag.py:3490} INFO - Setting next_dagrun for example_dag_decorator to None, run_after=None
[2023-06-14T13:29:53.714+0000] {processor.py:179} INFO - Processing /home/airflow/.local/lib/python3.7/site-packages/airflow/example_dags/example_dag_decorator.py took 0.082 seconds
[2023-06-14T13:30:24.322+0000] {processor.py:157} INFO - Started process (PID=380) to work on /home/airflow/.local/lib/python3.7/site-packages/airflow/example_dags/example_dag_decorator.py
[2023-06-14T13:30:24.324+0000] {processor.py:826} INFO - Processing file /home/airflow/.local/lib/python3.7/site-packages/airflow/example_dags/example_dag_decorator.py for tasks to queue
[2023-06-14T13:30:24.325+0000] {logging_mixin.py:149} INFO - [2023-06-14T13:30:24.325+0000] {dagbag.py:541} INFO - Filling up the DagBag from /home/airflow/.local/lib/python3.7/site-packages/airflow/example_dags/example_dag_decorator.py
[2023-06-14T13:30:24.334+0000] {logging_mixin.py:149} INFO - [2023-06-14T13:30:24.334+0000] {taskmixin.py:211} WARNING - Dependency <Task(_PythonDecoratedOperator): prepare_email>, send_email already registered for DAG: example_dag_decorator
[2023-06-14T13:30:24.336+0000] {logging_mixin.py:149} INFO - [2023-06-14T13:30:24.335+0000] {taskmixin.py:211} WARNING - Dependency <Task(EmailOperator): send_email>, prepare_email already registered for DAG: example_dag_decorator
[2023-06-14T13:30:24.348+0000] {processor.py:836} INFO - DAG(s) dict_keys(['example_dag_decorator']) retrieved from /home/airflow/.local/lib/python3.7/site-packages/airflow/example_dags/example_dag_decorator.py
[2023-06-14T13:30:24.415+0000] {logging_mixin.py:149} INFO - [2023-06-14T13:30:24.415+0000] {dag.py:2726} INFO - Sync 1 DAGs
[2023-06-14T13:30:24.434+0000] {logging_mixin.py:149} INFO - [2023-06-14T13:30:24.434+0000] {dag.py:3490} INFO - Setting next_dagrun for example_dag_decorator to None, run_after=None
[2023-06-14T13:30:24.450+0000] {processor.py:179} INFO - Processing /home/airflow/.local/lib/python3.7/site-packages/airflow/example_dags/example_dag_decorator.py took 0.131 seconds
[2023-06-14T13:30:54.830+0000] {processor.py:157} INFO - Started process (PID=436) to work on /home/airflow/.local/lib/python3.7/site-packages/airflow/example_dags/example_dag_decorator.py
[2023-06-14T13:30:54.835+0000] {processor.py:826} INFO - Processing file /home/airflow/.local/lib/python3.7/site-packages/airflow/example_dags/example_dag_decorator.py for tasks to queue
[2023-06-14T13:30:54.840+0000] {logging_mixin.py:149} INFO - [2023-06-14T13:30:54.840+0000] {dagbag.py:541} INFO - Filling up the DagBag from /home/airflow/.local/lib/python3.7/site-packages/airflow/example_dags/example_dag_decorator.py
[2023-06-14T13:30:54.857+0000] {logging_mixin.py:149} INFO - [2023-06-14T13:30:54.856+0000] {taskmixin.py:211} WARNING - Dependency <Task(_PythonDecoratedOperator): prepare_email>, send_email already registered for DAG: example_dag_decorator
[2023-06-14T13:30:54.859+0000] {logging_mixin.py:149} INFO - [2023-06-14T13:30:54.859+0000] {taskmixin.py:211} WARNING - Dependency <Task(EmailOperator): send_email>, prepare_email already registered for DAG: example_dag_decorator
[2023-06-14T13:30:54.882+0000] {processor.py:836} INFO - DAG(s) dict_keys(['example_dag_decorator']) retrieved from /home/airflow/.local/lib/python3.7/site-packages/airflow/example_dags/example_dag_decorator.py
[2023-06-14T13:30:55.048+0000] {logging_mixin.py:149} INFO - [2023-06-14T13:30:55.048+0000] {dag.py:2726} INFO - Sync 1 DAGs
[2023-06-14T13:30:55.078+0000] {logging_mixin.py:149} INFO - [2023-06-14T13:30:55.078+0000] {dag.py:3490} INFO - Setting next_dagrun for example_dag_decorator to None, run_after=None
[2023-06-14T13:30:55.101+0000] {processor.py:179} INFO - Processing /home/airflow/.local/lib/python3.7/site-packages/airflow/example_dags/example_dag_decorator.py took 0.293 seconds
[2023-06-14T13:31:25.743+0000] {processor.py:157} INFO - Started process (PID=492) to work on /home/airflow/.local/lib/python3.7/site-packages/airflow/example_dags/example_dag_decorator.py
[2023-06-14T13:31:25.745+0000] {processor.py:826} INFO - Processing file /home/airflow/.local/lib/python3.7/site-packages/airflow/example_dags/example_dag_decorator.py for tasks to queue
[2023-06-14T13:31:25.746+0000] {logging_mixin.py:149} INFO - [2023-06-14T13:31:25.745+0000] {dagbag.py:541} INFO - Filling up the DagBag from /home/airflow/.local/lib/python3.7/site-packages/airflow/example_dags/example_dag_decorator.py
[2023-06-14T13:31:25.753+0000] {logging_mixin.py:149} INFO - [2023-06-14T13:31:25.753+0000] {taskmixin.py:211} WARNING - Dependency <Task(_PythonDecoratedOperator): prepare_email>, send_email already registered for DAG: example_dag_decorator
[2023-06-14T13:31:25.753+0000] {logging_mixin.py:149} INFO - [2023-06-14T13:31:25.753+0000] {taskmixin.py:211} WARNING - Dependency <Task(EmailOperator): send_email>, prepare_email already registered for DAG: example_dag_decorator
[2023-06-14T13:31:25.763+0000] {processor.py:836} INFO - DAG(s) dict_keys(['example_dag_decorator']) retrieved from /home/airflow/.local/lib/python3.7/site-packages/airflow/example_dags/example_dag_decorator.py
[2023-06-14T13:31:25.830+0000] {logging_mixin.py:149} INFO - [2023-06-14T13:31:25.830+0000] {dag.py:2726} INFO - Sync 1 DAGs
[2023-06-14T13:31:25.851+0000] {logging_mixin.py:149} INFO - [2023-06-14T13:31:25.851+0000] {dag.py:3490} INFO - Setting next_dagrun for example_dag_decorator to None, run_after=None
[2023-06-14T13:31:25.867+0000] {processor.py:179} INFO - Processing /home/airflow/.local/lib/python3.7/site-packages/airflow/example_dags/example_dag_decorator.py took 0.128 seconds
[2023-06-14T13:31:56.340+0000] {processor.py:157} INFO - Started process (PID=549) to work on /home/airflow/.local/lib/python3.7/site-packages/airflow/example_dags/example_dag_decorator.py
[2023-06-14T13:31:56.342+0000] {processor.py:826} INFO - Processing file /home/airflow/.local/lib/python3.7/site-packages/airflow/example_dags/example_dag_decorator.py for tasks to queue
[2023-06-14T13:31:56.343+0000] {logging_mixin.py:149} INFO - [2023-06-14T13:31:56.343+0000] {dagbag.py:541} INFO - Filling up the DagBag from /home/airflow/.local/lib/python3.7/site-packages/airflow/example_dags/example_dag_decorator.py
[2023-06-14T13:31:56.351+0000] {logging_mixin.py:149} INFO - [2023-06-14T13:31:56.351+0000] {taskmixin.py:211} WARNING - Dependency <Task(_PythonDecoratedOperator): prepare_email>, send_email already registered for DAG: example_dag_decorator
[2023-06-14T13:31:56.352+0000] {logging_mixin.py:149} INFO - [2023-06-14T13:31:56.352+0000] {taskmixin.py:211} WARNING - Dependency <Task(EmailOperator): send_email>, prepare_email already registered for DAG: example_dag_decorator
[2023-06-14T13:31:56.361+0000] {processor.py:836} INFO - DAG(s) dict_keys(['example_dag_decorator']) retrieved from /home/airflow/.local/lib/python3.7/site-packages/airflow/example_dags/example_dag_decorator.py
[2023-06-14T13:31:56.417+0000] {logging_mixin.py:149} INFO - [2023-06-14T13:31:56.417+0000] {dag.py:2726} INFO - Sync 1 DAGs
[2023-06-14T13:31:56.432+0000] {logging_mixin.py:149} INFO - [2023-06-14T13:31:56.431+0000] {dag.py:3490} INFO - Setting next_dagrun for example_dag_decorator to None, run_after=None
[2023-06-14T13:31:56.444+0000] {processor.py:179} INFO - Processing /home/airflow/.local/lib/python3.7/site-packages/airflow/example_dags/example_dag_decorator.py took 0.107 seconds
[2023-06-14T13:32:26.559+0000] {processor.py:157} INFO - Started process (PID=607) to work on /home/airflow/.local/lib/python3.7/site-packages/airflow/example_dags/example_dag_decorator.py
[2023-06-14T13:32:26.560+0000] {processor.py:826} INFO - Processing file /home/airflow/.local/lib/python3.7/site-packages/airflow/example_dags/example_dag_decorator.py for tasks to queue
[2023-06-14T13:32:26.561+0000] {logging_mixin.py:149} INFO - [2023-06-14T13:32:26.561+0000] {dagbag.py:541} INFO - Filling up the DagBag from /home/airflow/.local/lib/python3.7/site-packages/airflow/example_dags/example_dag_decorator.py
[2023-06-14T13:32:26.566+0000] {logging_mixin.py:149} INFO - [2023-06-14T13:32:26.566+0000] {taskmixin.py:211} WARNING - Dependency <Task(_PythonDecoratedOperator): prepare_email>, send_email already registered for DAG: example_dag_decorator
[2023-06-14T13:32:26.567+0000] {logging_mixin.py:149} INFO - [2023-06-14T13:32:26.567+0000] {taskmixin.py:211} WARNING - Dependency <Task(EmailOperator): send_email>, prepare_email already registered for DAG: example_dag_decorator
[2023-06-14T13:32:26.575+0000] {processor.py:836} INFO - DAG(s) dict_keys(['example_dag_decorator']) retrieved from /home/airflow/.local/lib/python3.7/site-packages/airflow/example_dags/example_dag_decorator.py
[2023-06-14T13:32:26.618+0000] {logging_mixin.py:149} INFO - [2023-06-14T13:32:26.618+0000] {dag.py:2726} INFO - Sync 1 DAGs
[2023-06-14T13:32:26.633+0000] {logging_mixin.py:149} INFO - [2023-06-14T13:32:26.632+0000] {dag.py:3490} INFO - Setting next_dagrun for example_dag_decorator to None, run_after=None
[2023-06-14T13:32:26.644+0000] {processor.py:179} INFO - Processing /home/airflow/.local/lib/python3.7/site-packages/airflow/example_dags/example_dag_decorator.py took 0.088 seconds
[2023-06-14T13:32:57.010+0000] {processor.py:157} INFO - Started process (PID=659) to work on /home/airflow/.local/lib/python3.7/site-packages/airflow/example_dags/example_dag_decorator.py
[2023-06-14T13:32:57.012+0000] {processor.py:826} INFO - Processing file /home/airflow/.local/lib/python3.7/site-packages/airflow/example_dags/example_dag_decorator.py for tasks to queue
[2023-06-14T13:32:57.013+0000] {logging_mixin.py:149} INFO - [2023-06-14T13:32:57.013+0000] {dagbag.py:541} INFO - Filling up the DagBag from /home/airflow/.local/lib/python3.7/site-packages/airflow/example_dags/example_dag_decorator.py
[2023-06-14T13:32:57.018+0000] {logging_mixin.py:149} INFO - [2023-06-14T13:32:57.018+0000] {taskmixin.py:211} WARNING - Dependency <Task(_PythonDecoratedOperator): prepare_email>, send_email already registered for DAG: example_dag_decorator
[2023-06-14T13:32:57.019+0000] {logging_mixin.py:149} INFO - [2023-06-14T13:32:57.019+0000] {taskmixin.py:211} WARNING - Dependency <Task(EmailOperator): send_email>, prepare_email already registered for DAG: example_dag_decorator
[2023-06-14T13:32:57.028+0000] {processor.py:836} INFO - DAG(s) dict_keys(['example_dag_decorator']) retrieved from /home/airflow/.local/lib/python3.7/site-packages/airflow/example_dags/example_dag_decorator.py
[2023-06-14T13:32:57.078+0000] {logging_mixin.py:149} INFO - [2023-06-14T13:32:57.078+0000] {dag.py:2726} INFO - Sync 1 DAGs
[2023-06-14T13:32:57.103+0000] {logging_mixin.py:149} INFO - [2023-06-14T13:32:57.102+0000] {dag.py:3490} INFO - Setting next_dagrun for example_dag_decorator to None, run_after=None
[2023-06-14T13:32:57.124+0000] {processor.py:179} INFO - Processing /home/airflow/.local/lib/python3.7/site-packages/airflow/example_dags/example_dag_decorator.py took 0.116 seconds
[2023-06-14T13:33:27.332+0000] {processor.py:157} INFO - Started process (PID=716) to work on /home/airflow/.local/lib/python3.7/site-packages/airflow/example_dags/example_dag_decorator.py
[2023-06-14T13:33:27.334+0000] {processor.py:826} INFO - Processing file /home/airflow/.local/lib/python3.7/site-packages/airflow/example_dags/example_dag_decorator.py for tasks to queue
[2023-06-14T13:33:27.334+0000] {logging_mixin.py:149} INFO - [2023-06-14T13:33:27.334+0000] {dagbag.py:541} INFO - Filling up the DagBag from /home/airflow/.local/lib/python3.7/site-packages/airflow/example_dags/example_dag_decorator.py
[2023-06-14T13:33:27.339+0000] {logging_mixin.py:149} INFO - [2023-06-14T13:33:27.339+0000] {taskmixin.py:211} WARNING - Dependency <Task(_PythonDecoratedOperator): prepare_email>, send_email already registered for DAG: example_dag_decorator
[2023-06-14T13:33:27.340+0000] {logging_mixin.py:149} INFO - [2023-06-14T13:33:27.340+0000] {taskmixin.py:211} WARNING - Dependency <Task(EmailOperator): send_email>, prepare_email already registered for DAG: example_dag_decorator
[2023-06-14T13:33:27.346+0000] {processor.py:836} INFO - DAG(s) dict_keys(['example_dag_decorator']) retrieved from /home/airflow/.local/lib/python3.7/site-packages/airflow/example_dags/example_dag_decorator.py
[2023-06-14T13:33:27.388+0000] {logging_mixin.py:149} INFO - [2023-06-14T13:33:27.388+0000] {dag.py:2726} INFO - Sync 1 DAGs
[2023-06-14T13:33:27.403+0000] {logging_mixin.py:149} INFO - [2023-06-14T13:33:27.403+0000] {dag.py:3490} INFO - Setting next_dagrun for example_dag_decorator to None, run_after=None
[2023-06-14T13:33:27.417+0000] {processor.py:179} INFO - Processing /home/airflow/.local/lib/python3.7/site-packages/airflow/example_dags/example_dag_decorator.py took 0.087 seconds
[2023-06-14T13:33:57.744+0000] {processor.py:157} INFO - Started process (PID=773) to work on /home/airflow/.local/lib/python3.7/site-packages/airflow/example_dags/example_dag_decorator.py
[2023-06-14T13:33:57.746+0000] {processor.py:826} INFO - Processing file /home/airflow/.local/lib/python3.7/site-packages/airflow/example_dags/example_dag_decorator.py for tasks to queue
[2023-06-14T13:33:57.747+0000] {logging_mixin.py:149} INFO - [2023-06-14T13:33:57.747+0000] {dagbag.py:541} INFO - Filling up the DagBag from /home/airflow/.local/lib/python3.7/site-packages/airflow/example_dags/example_dag_decorator.py
[2023-06-14T13:33:57.756+0000] {logging_mixin.py:149} INFO - [2023-06-14T13:33:57.756+0000] {taskmixin.py:211} WARNING - Dependency <Task(_PythonDecoratedOperator): prepare_email>, send_email already registered for DAG: example_dag_decorator
[2023-06-14T13:33:57.758+0000] {logging_mixin.py:149} INFO - [2023-06-14T13:33:57.757+0000] {taskmixin.py:211} WARNING - Dependency <Task(EmailOperator): send_email>, prepare_email already registered for DAG: example_dag_decorator
[2023-06-14T13:33:57.770+0000] {processor.py:836} INFO - DAG(s) dict_keys(['example_dag_decorator']) retrieved from /home/airflow/.local/lib/python3.7/site-packages/airflow/example_dags/example_dag_decorator.py
[2023-06-14T13:33:57.822+0000] {logging_mixin.py:149} INFO - [2023-06-14T13:33:57.822+0000] {dag.py:2726} INFO - Sync 1 DAGs
[2023-06-14T13:33:57.841+0000] {logging_mixin.py:149} INFO - [2023-06-14T13:33:57.841+0000] {dag.py:3490} INFO - Setting next_dagrun for example_dag_decorator to None, run_after=None
[2023-06-14T13:33:57.855+0000] {processor.py:179} INFO - Processing /home/airflow/.local/lib/python3.7/site-packages/airflow/example_dags/example_dag_decorator.py took 0.118 seconds
[2023-06-14T13:34:28.612+0000] {processor.py:157} INFO - Started process (PID=830) to work on /home/airflow/.local/lib/python3.7/site-packages/airflow/example_dags/example_dag_decorator.py
[2023-06-14T13:34:28.613+0000] {processor.py:826} INFO - Processing file /home/airflow/.local/lib/python3.7/site-packages/airflow/example_dags/example_dag_decorator.py for tasks to queue
[2023-06-14T13:34:28.613+0000] {logging_mixin.py:149} INFO - [2023-06-14T13:34:28.613+0000] {dagbag.py:541} INFO - Filling up the DagBag from /home/airflow/.local/lib/python3.7/site-packages/airflow/example_dags/example_dag_decorator.py
[2023-06-14T13:34:28.618+0000] {logging_mixin.py:149} INFO - [2023-06-14T13:34:28.618+0000] {taskmixin.py:211} WARNING - Dependency <Task(_PythonDecoratedOperator): prepare_email>, send_email already registered for DAG: example_dag_decorator
[2023-06-14T13:34:28.619+0000] {logging_mixin.py:149} INFO - [2023-06-14T13:34:28.619+0000] {taskmixin.py:211} WARNING - Dependency <Task(EmailOperator): send_email>, prepare_email already registered for DAG: example_dag_decorator
[2023-06-14T13:34:28.625+0000] {processor.py:836} INFO - DAG(s) dict_keys(['example_dag_decorator']) retrieved from /home/airflow/.local/lib/python3.7/site-packages/airflow/example_dags/example_dag_decorator.py
[2023-06-14T13:34:28.669+0000] {logging_mixin.py:149} INFO - [2023-06-14T13:34:28.669+0000] {dag.py:2726} INFO - Sync 1 DAGs
[2023-06-14T13:34:28.685+0000] {logging_mixin.py:149} INFO - [2023-06-14T13:34:28.685+0000] {dag.py:3490} INFO - Setting next_dagrun for example_dag_decorator to None, run_after=None
[2023-06-14T13:34:28.698+0000] {processor.py:179} INFO - Processing /home/airflow/.local/lib/python3.7/site-packages/airflow/example_dags/example_dag_decorator.py took 0.089 seconds
[2023-06-14T13:34:59.195+0000] {processor.py:157} INFO - Started process (PID=887) to work on /home/airflow/.local/lib/python3.7/site-packages/airflow/example_dags/example_dag_decorator.py
[2023-06-14T13:34:59.197+0000] {processor.py:826} INFO - Processing file /home/airflow/.local/lib/python3.7/site-packages/airflow/example_dags/example_dag_decorator.py for tasks to queue
[2023-06-14T13:34:59.198+0000] {logging_mixin.py:149} INFO - [2023-06-14T13:34:59.198+0000] {dagbag.py:541} INFO - Filling up the DagBag from /home/airflow/.local/lib/python3.7/site-packages/airflow/example_dags/example_dag_decorator.py
[2023-06-14T13:34:59.205+0000] {logging_mixin.py:149} INFO - [2023-06-14T13:34:59.205+0000] {taskmixin.py:211} WARNING - Dependency <Task(_PythonDecoratedOperator): prepare_email>, send_email already registered for DAG: example_dag_decorator
[2023-06-14T13:34:59.206+0000] {logging_mixin.py:149} INFO - [2023-06-14T13:34:59.206+0000] {taskmixin.py:211} WARNING - Dependency <Task(EmailOperator): send_email>, prepare_email already registered for DAG: example_dag_decorator
[2023-06-14T13:34:59.214+0000] {processor.py:836} INFO - DAG(s) dict_keys(['example_dag_decorator']) retrieved from /home/airflow/.local/lib/python3.7/site-packages/airflow/example_dags/example_dag_decorator.py
[2023-06-14T13:34:59.259+0000] {logging_mixin.py:149} INFO - [2023-06-14T13:34:59.258+0000] {dag.py:2726} INFO - Sync 1 DAGs
[2023-06-14T13:34:59.275+0000] {logging_mixin.py:149} INFO - [2023-06-14T13:34:59.275+0000] {dag.py:3490} INFO - Setting next_dagrun for example_dag_decorator to None, run_after=None
[2023-06-14T13:34:59.288+0000] {processor.py:179} INFO - Processing /home/airflow/.local/lib/python3.7/site-packages/airflow/example_dags/example_dag_decorator.py took 0.097 seconds
