[2023-06-14T13:27:37.084+0000] {processor.py:157} INFO - Started process (PID=71) to work on /home/airflow/.local/lib/python3.7/site-packages/airflow/example_dags/example_short_circuit_operator.py
[2023-06-14T13:27:37.086+0000] {processor.py:826} INFO - Processing file /home/airflow/.local/lib/python3.7/site-packages/airflow/example_dags/example_short_circuit_operator.py for tasks to queue
[2023-06-14T13:27:37.088+0000] {logging_mixin.py:149} INFO - [2023-06-14T13:27:37.088+0000] {dagbag.py:541} INFO - Filling up the DagBag from /home/airflow/.local/lib/python3.7/site-packages/airflow/example_dags/example_short_circuit_operator.py
[2023-06-14T13:27:37.100+0000] {processor.py:836} INFO - DAG(s) dict_keys(['example_short_circuit_operator']) retrieved from /home/airflow/.local/lib/python3.7/site-packages/airflow/example_dags/example_short_circuit_operator.py
[2023-06-14T13:27:37.667+0000] {logging_mixin.py:149} INFO - [2023-06-14T13:27:37.666+0000] {manager.py:504} INFO - Created Permission View: can edit on DAG:example_short_circuit_operator
[2023-06-14T13:27:37.683+0000] {logging_mixin.py:149} INFO - [2023-06-14T13:27:37.683+0000] {manager.py:504} INFO - Created Permission View: can read on DAG:example_short_circuit_operator
[2023-06-14T13:27:37.707+0000] {logging_mixin.py:149} INFO - [2023-06-14T13:27:37.706+0000] {manager.py:504} INFO - Created Permission View: can delete on DAG:example_short_circuit_operator
[2023-06-14T13:27:37.711+0000] {logging_mixin.py:149} INFO - [2023-06-14T13:27:37.711+0000] {dag.py:2726} INFO - Sync 1 DAGs
[2023-06-14T13:27:37.761+0000] {logging_mixin.py:149} INFO - [2023-06-14T13:27:37.761+0000] {dag.py:2747} INFO - Creating ORM DAG for example_short_circuit_operator
[2023-06-14T13:27:37.818+0000] {logging_mixin.py:149} INFO - [2023-06-14T13:27:37.815+0000] {dag.py:3490} INFO - Setting next_dagrun for example_short_circuit_operator to 2023-06-13T13:27:37.814900+00:00, run_after=2023-06-14T13:27:37.814900+00:00
[2023-06-14T13:27:37.916+0000] {processor.py:179} INFO - Processing /home/airflow/.local/lib/python3.7/site-packages/airflow/example_dags/example_short_circuit_operator.py took 0.837 seconds
[2023-06-14T13:28:08.323+0000] {processor.py:157} INFO - Started process (PID=127) to work on /home/airflow/.local/lib/python3.7/site-packages/airflow/example_dags/example_short_circuit_operator.py
[2023-06-14T13:28:08.326+0000] {processor.py:826} INFO - Processing file /home/airflow/.local/lib/python3.7/site-packages/airflow/example_dags/example_short_circuit_operator.py for tasks to queue
[2023-06-14T13:28:08.328+0000] {logging_mixin.py:149} INFO - [2023-06-14T13:28:08.328+0000] {dagbag.py:541} INFO - Filling up the DagBag from /home/airflow/.local/lib/python3.7/site-packages/airflow/example_dags/example_short_circuit_operator.py
[2023-06-14T13:28:08.338+0000] {processor.py:836} INFO - DAG(s) dict_keys(['example_short_circuit_operator']) retrieved from /home/airflow/.local/lib/python3.7/site-packages/airflow/example_dags/example_short_circuit_operator.py
[2023-06-14T13:28:08.382+0000] {logging_mixin.py:149} INFO - [2023-06-14T13:28:08.381+0000] {dag.py:2726} INFO - Sync 1 DAGs
[2023-06-14T13:28:08.409+0000] {logging_mixin.py:149} INFO - [2023-06-14T13:28:08.409+0000] {dag.py:3490} INFO - Setting next_dagrun for example_short_circuit_operator to 2023-06-13T13:28:08.408976+00:00, run_after=2023-06-14T13:28:08.408976+00:00
[2023-06-14T13:28:08.442+0000] {processor.py:179} INFO - Processing /home/airflow/.local/lib/python3.7/site-packages/airflow/example_dags/example_short_circuit_operator.py took 0.125 seconds
[2023-06-14T13:28:38.724+0000] {processor.py:157} INFO - Started process (PID=183) to work on /home/airflow/.local/lib/python3.7/site-packages/airflow/example_dags/example_short_circuit_operator.py
[2023-06-14T13:28:38.728+0000] {processor.py:826} INFO - Processing file /home/airflow/.local/lib/python3.7/site-packages/airflow/example_dags/example_short_circuit_operator.py for tasks to queue
[2023-06-14T13:28:38.731+0000] {logging_mixin.py:149} INFO - [2023-06-14T13:28:38.731+0000] {dagbag.py:541} INFO - Filling up the DagBag from /home/airflow/.local/lib/python3.7/site-packages/airflow/example_dags/example_short_circuit_operator.py
[2023-06-14T13:28:38.747+0000] {processor.py:836} INFO - DAG(s) dict_keys(['example_short_circuit_operator']) retrieved from /home/airflow/.local/lib/python3.7/site-packages/airflow/example_dags/example_short_circuit_operator.py
[2023-06-14T13:28:38.775+0000] {logging_mixin.py:149} INFO - [2023-06-14T13:28:38.775+0000] {dag.py:2726} INFO - Sync 1 DAGs
[2023-06-14T13:28:38.791+0000] {logging_mixin.py:149} INFO - [2023-06-14T13:28:38.791+0000] {dag.py:3490} INFO - Setting next_dagrun for example_short_circuit_operator to 2023-06-13T13:28:38.791115+00:00, run_after=2023-06-14T13:28:38.791115+00:00
[2023-06-14T13:28:38.802+0000] {processor.py:179} INFO - Processing /home/airflow/.local/lib/python3.7/site-packages/airflow/example_dags/example_short_circuit_operator.py took 0.084 seconds
[2023-06-14T13:29:09.234+0000] {processor.py:157} INFO - Started process (PID=239) to work on /home/airflow/.local/lib/python3.7/site-packages/airflow/example_dags/example_short_circuit_operator.py
[2023-06-14T13:29:09.236+0000] {processor.py:826} INFO - Processing file /home/airflow/.local/lib/python3.7/site-packages/airflow/example_dags/example_short_circuit_operator.py for tasks to queue
[2023-06-14T13:29:09.238+0000] {logging_mixin.py:149} INFO - [2023-06-14T13:29:09.237+0000] {dagbag.py:541} INFO - Filling up the DagBag from /home/airflow/.local/lib/python3.7/site-packages/airflow/example_dags/example_short_circuit_operator.py
[2023-06-14T13:29:09.250+0000] {processor.py:836} INFO - DAG(s) dict_keys(['example_short_circuit_operator']) retrieved from /home/airflow/.local/lib/python3.7/site-packages/airflow/example_dags/example_short_circuit_operator.py
[2023-06-14T13:29:09.276+0000] {logging_mixin.py:149} INFO - [2023-06-14T13:29:09.276+0000] {dag.py:2726} INFO - Sync 1 DAGs
[2023-06-14T13:29:09.291+0000] {logging_mixin.py:149} INFO - [2023-06-14T13:29:09.291+0000] {dag.py:3490} INFO - Setting next_dagrun for example_short_circuit_operator to 2023-06-13T13:29:09.291462+00:00, run_after=2023-06-14T13:29:09.291462+00:00
[2023-06-14T13:29:09.302+0000] {processor.py:179} INFO - Processing /home/airflow/.local/lib/python3.7/site-packages/airflow/example_dags/example_short_circuit_operator.py took 0.077 seconds
[2023-06-14T13:29:39.369+0000] {processor.py:157} INFO - Started process (PID=295) to work on /home/airflow/.local/lib/python3.7/site-packages/airflow/example_dags/example_short_circuit_operator.py
[2023-06-14T13:29:39.377+0000] {processor.py:826} INFO - Processing file /home/airflow/.local/lib/python3.7/site-packages/airflow/example_dags/example_short_circuit_operator.py for tasks to queue
[2023-06-14T13:29:39.378+0000] {logging_mixin.py:149} INFO - [2023-06-14T13:29:39.378+0000] {dagbag.py:541} INFO - Filling up the DagBag from /home/airflow/.local/lib/python3.7/site-packages/airflow/example_dags/example_short_circuit_operator.py
[2023-06-14T13:29:39.388+0000] {processor.py:836} INFO - DAG(s) dict_keys(['example_short_circuit_operator']) retrieved from /home/airflow/.local/lib/python3.7/site-packages/airflow/example_dags/example_short_circuit_operator.py
[2023-06-14T13:29:39.413+0000] {logging_mixin.py:149} INFO - [2023-06-14T13:29:39.413+0000] {dag.py:2726} INFO - Sync 1 DAGs
[2023-06-14T13:29:39.428+0000] {logging_mixin.py:149} INFO - [2023-06-14T13:29:39.428+0000] {dag.py:3490} INFO - Setting next_dagrun for example_short_circuit_operator to 2023-06-13T13:29:39.428678+00:00, run_after=2023-06-14T13:29:39.428678+00:00
[2023-06-14T13:29:39.439+0000] {processor.py:179} INFO - Processing /home/airflow/.local/lib/python3.7/site-packages/airflow/example_dags/example_short_circuit_operator.py took 0.077 seconds
[2023-06-14T13:30:09.869+0000] {processor.py:157} INFO - Started process (PID=351) to work on /home/airflow/.local/lib/python3.7/site-packages/airflow/example_dags/example_short_circuit_operator.py
[2023-06-14T13:30:09.871+0000] {processor.py:826} INFO - Processing file /home/airflow/.local/lib/python3.7/site-packages/airflow/example_dags/example_short_circuit_operator.py for tasks to queue
[2023-06-14T13:30:09.874+0000] {logging_mixin.py:149} INFO - [2023-06-14T13:30:09.874+0000] {dagbag.py:541} INFO - Filling up the DagBag from /home/airflow/.local/lib/python3.7/site-packages/airflow/example_dags/example_short_circuit_operator.py
[2023-06-14T13:30:09.886+0000] {processor.py:836} INFO - DAG(s) dict_keys(['example_short_circuit_operator']) retrieved from /home/airflow/.local/lib/python3.7/site-packages/airflow/example_dags/example_short_circuit_operator.py
[2023-06-14T13:30:09.917+0000] {logging_mixin.py:149} INFO - [2023-06-14T13:30:09.917+0000] {dag.py:2726} INFO - Sync 1 DAGs
[2023-06-14T13:30:09.936+0000] {logging_mixin.py:149} INFO - [2023-06-14T13:30:09.936+0000] {dag.py:3490} INFO - Setting next_dagrun for example_short_circuit_operator to 2023-06-13T13:30:09.935933+00:00, run_after=2023-06-14T13:30:09.935933+00:00
[2023-06-14T13:30:09.949+0000] {processor.py:179} INFO - Processing /home/airflow/.local/lib/python3.7/site-packages/airflow/example_dags/example_short_circuit_operator.py took 0.086 seconds
[2023-06-14T13:30:40.774+0000] {processor.py:157} INFO - Started process (PID=407) to work on /home/airflow/.local/lib/python3.7/site-packages/airflow/example_dags/example_short_circuit_operator.py
[2023-06-14T13:30:40.778+0000] {processor.py:826} INFO - Processing file /home/airflow/.local/lib/python3.7/site-packages/airflow/example_dags/example_short_circuit_operator.py for tasks to queue
[2023-06-14T13:30:40.780+0000] {logging_mixin.py:149} INFO - [2023-06-14T13:30:40.779+0000] {dagbag.py:541} INFO - Filling up the DagBag from /home/airflow/.local/lib/python3.7/site-packages/airflow/example_dags/example_short_circuit_operator.py
[2023-06-14T13:30:40.791+0000] {processor.py:836} INFO - DAG(s) dict_keys(['example_short_circuit_operator']) retrieved from /home/airflow/.local/lib/python3.7/site-packages/airflow/example_dags/example_short_circuit_operator.py
[2023-06-14T13:30:40.817+0000] {logging_mixin.py:149} INFO - [2023-06-14T13:30:40.817+0000] {dag.py:2726} INFO - Sync 1 DAGs
[2023-06-14T13:30:40.833+0000] {logging_mixin.py:149} INFO - [2023-06-14T13:30:40.832+0000] {dag.py:3490} INFO - Setting next_dagrun for example_short_circuit_operator to 2023-06-13T13:30:40.832677+00:00, run_after=2023-06-14T13:30:40.832677+00:00
[2023-06-14T13:30:40.844+0000] {processor.py:179} INFO - Processing /home/airflow/.local/lib/python3.7/site-packages/airflow/example_dags/example_short_circuit_operator.py took 0.076 seconds
[2023-06-14T13:31:11.373+0000] {processor.py:157} INFO - Started process (PID=463) to work on /home/airflow/.local/lib/python3.7/site-packages/airflow/example_dags/example_short_circuit_operator.py
[2023-06-14T13:31:11.375+0000] {processor.py:826} INFO - Processing file /home/airflow/.local/lib/python3.7/site-packages/airflow/example_dags/example_short_circuit_operator.py for tasks to queue
[2023-06-14T13:31:11.376+0000] {logging_mixin.py:149} INFO - [2023-06-14T13:31:11.376+0000] {dagbag.py:541} INFO - Filling up the DagBag from /home/airflow/.local/lib/python3.7/site-packages/airflow/example_dags/example_short_circuit_operator.py
[2023-06-14T13:31:11.384+0000] {processor.py:836} INFO - DAG(s) dict_keys(['example_short_circuit_operator']) retrieved from /home/airflow/.local/lib/python3.7/site-packages/airflow/example_dags/example_short_circuit_operator.py
[2023-06-14T13:31:11.408+0000] {logging_mixin.py:149} INFO - [2023-06-14T13:31:11.408+0000] {dag.py:2726} INFO - Sync 1 DAGs
[2023-06-14T13:31:11.423+0000] {logging_mixin.py:149} INFO - [2023-06-14T13:31:11.422+0000] {dag.py:3490} INFO - Setting next_dagrun for example_short_circuit_operator to 2023-06-13T13:31:11.422722+00:00, run_after=2023-06-14T13:31:11.422722+00:00
[2023-06-14T13:31:11.433+0000] {processor.py:179} INFO - Processing /home/airflow/.local/lib/python3.7/site-packages/airflow/example_dags/example_short_circuit_operator.py took 0.065 seconds
[2023-06-14T13:31:41.936+0000] {processor.py:157} INFO - Started process (PID=520) to work on /home/airflow/.local/lib/python3.7/site-packages/airflow/example_dags/example_short_circuit_operator.py
[2023-06-14T13:31:41.940+0000] {processor.py:826} INFO - Processing file /home/airflow/.local/lib/python3.7/site-packages/airflow/example_dags/example_short_circuit_operator.py for tasks to queue
[2023-06-14T13:31:41.941+0000] {logging_mixin.py:149} INFO - [2023-06-14T13:31:41.941+0000] {dagbag.py:541} INFO - Filling up the DagBag from /home/airflow/.local/lib/python3.7/site-packages/airflow/example_dags/example_short_circuit_operator.py
[2023-06-14T13:31:41.951+0000] {processor.py:836} INFO - DAG(s) dict_keys(['example_short_circuit_operator']) retrieved from /home/airflow/.local/lib/python3.7/site-packages/airflow/example_dags/example_short_circuit_operator.py
[2023-06-14T13:31:41.977+0000] {logging_mixin.py:149} INFO - [2023-06-14T13:31:41.977+0000] {dag.py:2726} INFO - Sync 1 DAGs
[2023-06-14T13:31:41.993+0000] {logging_mixin.py:149} INFO - [2023-06-14T13:31:41.993+0000] {dag.py:3490} INFO - Setting next_dagrun for example_short_circuit_operator to 2023-06-13T13:31:41.993071+00:00, run_after=2023-06-14T13:31:41.993071+00:00
[2023-06-14T13:31:42.004+0000] {processor.py:179} INFO - Processing /home/airflow/.local/lib/python3.7/site-packages/airflow/example_dags/example_short_circuit_operator.py took 0.074 seconds
[2023-06-14T13:32:12.857+0000] {processor.py:157} INFO - Started process (PID=577) to work on /home/airflow/.local/lib/python3.7/site-packages/airflow/example_dags/example_short_circuit_operator.py
[2023-06-14T13:32:12.859+0000] {processor.py:826} INFO - Processing file /home/airflow/.local/lib/python3.7/site-packages/airflow/example_dags/example_short_circuit_operator.py for tasks to queue
[2023-06-14T13:32:12.860+0000] {logging_mixin.py:149} INFO - [2023-06-14T13:32:12.860+0000] {dagbag.py:541} INFO - Filling up the DagBag from /home/airflow/.local/lib/python3.7/site-packages/airflow/example_dags/example_short_circuit_operator.py
[2023-06-14T13:32:12.871+0000] {processor.py:836} INFO - DAG(s) dict_keys(['example_short_circuit_operator']) retrieved from /home/airflow/.local/lib/python3.7/site-packages/airflow/example_dags/example_short_circuit_operator.py
[2023-06-14T13:32:12.896+0000] {logging_mixin.py:149} INFO - [2023-06-14T13:32:12.896+0000] {dag.py:2726} INFO - Sync 1 DAGs
[2023-06-14T13:32:12.911+0000] {logging_mixin.py:149} INFO - [2023-06-14T13:32:12.911+0000] {dag.py:3490} INFO - Setting next_dagrun for example_short_circuit_operator to 2023-06-13T13:32:12.911566+00:00, run_after=2023-06-14T13:32:12.911566+00:00
[2023-06-14T13:32:12.922+0000] {processor.py:179} INFO - Processing /home/airflow/.local/lib/python3.7/site-packages/airflow/example_dags/example_short_circuit_operator.py took 0.072 seconds
[2023-06-14T13:32:43.781+0000] {processor.py:157} INFO - Started process (PID=634) to work on /home/airflow/.local/lib/python3.7/site-packages/airflow/example_dags/example_short_circuit_operator.py
[2023-06-14T13:32:43.784+0000] {processor.py:826} INFO - Processing file /home/airflow/.local/lib/python3.7/site-packages/airflow/example_dags/example_short_circuit_operator.py for tasks to queue
[2023-06-14T13:32:43.785+0000] {logging_mixin.py:149} INFO - [2023-06-14T13:32:43.785+0000] {dagbag.py:541} INFO - Filling up the DagBag from /home/airflow/.local/lib/python3.7/site-packages/airflow/example_dags/example_short_circuit_operator.py
[2023-06-14T13:32:43.797+0000] {processor.py:836} INFO - DAG(s) dict_keys(['example_short_circuit_operator']) retrieved from /home/airflow/.local/lib/python3.7/site-packages/airflow/example_dags/example_short_circuit_operator.py
[2023-06-14T13:32:43.826+0000] {logging_mixin.py:149} INFO - [2023-06-14T13:32:43.826+0000] {dag.py:2726} INFO - Sync 1 DAGs
[2023-06-14T13:32:43.841+0000] {logging_mixin.py:149} INFO - [2023-06-14T13:32:43.841+0000] {dag.py:3490} INFO - Setting next_dagrun for example_short_circuit_operator to 2023-06-13T13:32:43.841279+00:00, run_after=2023-06-14T13:32:43.841279+00:00
[2023-06-14T13:32:43.854+0000] {processor.py:179} INFO - Processing /home/airflow/.local/lib/python3.7/site-packages/airflow/example_dags/example_short_circuit_operator.py took 0.079 seconds
[2023-06-14T13:33:14.152+0000] {processor.py:157} INFO - Started process (PID=691) to work on /home/airflow/.local/lib/python3.7/site-packages/airflow/example_dags/example_short_circuit_operator.py
[2023-06-14T13:33:14.155+0000] {processor.py:826} INFO - Processing file /home/airflow/.local/lib/python3.7/site-packages/airflow/example_dags/example_short_circuit_operator.py for tasks to queue
[2023-06-14T13:33:14.156+0000] {logging_mixin.py:149} INFO - [2023-06-14T13:33:14.156+0000] {dagbag.py:541} INFO - Filling up the DagBag from /home/airflow/.local/lib/python3.7/site-packages/airflow/example_dags/example_short_circuit_operator.py
[2023-06-14T13:33:14.165+0000] {processor.py:836} INFO - DAG(s) dict_keys(['example_short_circuit_operator']) retrieved from /home/airflow/.local/lib/python3.7/site-packages/airflow/example_dags/example_short_circuit_operator.py
[2023-06-14T13:33:14.189+0000] {logging_mixin.py:149} INFO - [2023-06-14T13:33:14.189+0000] {dag.py:2726} INFO - Sync 1 DAGs
[2023-06-14T13:33:14.204+0000] {logging_mixin.py:149} INFO - [2023-06-14T13:33:14.204+0000] {dag.py:3490} INFO - Setting next_dagrun for example_short_circuit_operator to 2023-06-13T13:33:14.204543+00:00, run_after=2023-06-14T13:33:14.204543+00:00
[2023-06-14T13:33:14.215+0000] {processor.py:179} INFO - Processing /home/airflow/.local/lib/python3.7/site-packages/airflow/example_dags/example_short_circuit_operator.py took 0.067 seconds
[2023-06-14T13:33:44.551+0000] {processor.py:157} INFO - Started process (PID=748) to work on /home/airflow/.local/lib/python3.7/site-packages/airflow/example_dags/example_short_circuit_operator.py
[2023-06-14T13:33:44.555+0000] {processor.py:826} INFO - Processing file /home/airflow/.local/lib/python3.7/site-packages/airflow/example_dags/example_short_circuit_operator.py for tasks to queue
[2023-06-14T13:33:44.557+0000] {logging_mixin.py:149} INFO - [2023-06-14T13:33:44.556+0000] {dagbag.py:541} INFO - Filling up the DagBag from /home/airflow/.local/lib/python3.7/site-packages/airflow/example_dags/example_short_circuit_operator.py
[2023-06-14T13:33:44.568+0000] {processor.py:836} INFO - DAG(s) dict_keys(['example_short_circuit_operator']) retrieved from /home/airflow/.local/lib/python3.7/site-packages/airflow/example_dags/example_short_circuit_operator.py
[2023-06-14T13:33:44.595+0000] {logging_mixin.py:149} INFO - [2023-06-14T13:33:44.595+0000] {dag.py:2726} INFO - Sync 1 DAGs
[2023-06-14T13:33:44.610+0000] {logging_mixin.py:149} INFO - [2023-06-14T13:33:44.610+0000] {dag.py:3490} INFO - Setting next_dagrun for example_short_circuit_operator to 2023-06-13T13:33:44.610310+00:00, run_after=2023-06-14T13:33:44.610310+00:00
[2023-06-14T13:33:44.621+0000] {processor.py:179} INFO - Processing /home/airflow/.local/lib/python3.7/site-packages/airflow/example_dags/example_short_circuit_operator.py took 0.076 seconds
[2023-06-14T13:34:15.271+0000] {processor.py:157} INFO - Started process (PID=805) to work on /home/airflow/.local/lib/python3.7/site-packages/airflow/example_dags/example_short_circuit_operator.py
[2023-06-14T13:34:15.274+0000] {processor.py:826} INFO - Processing file /home/airflow/.local/lib/python3.7/site-packages/airflow/example_dags/example_short_circuit_operator.py for tasks to queue
[2023-06-14T13:34:15.276+0000] {logging_mixin.py:149} INFO - [2023-06-14T13:34:15.276+0000] {dagbag.py:541} INFO - Filling up the DagBag from /home/airflow/.local/lib/python3.7/site-packages/airflow/example_dags/example_short_circuit_operator.py
[2023-06-14T13:34:15.287+0000] {processor.py:836} INFO - DAG(s) dict_keys(['example_short_circuit_operator']) retrieved from /home/airflow/.local/lib/python3.7/site-packages/airflow/example_dags/example_short_circuit_operator.py
[2023-06-14T13:34:15.315+0000] {logging_mixin.py:149} INFO - [2023-06-14T13:34:15.315+0000] {dag.py:2726} INFO - Sync 1 DAGs
[2023-06-14T13:34:15.331+0000] {logging_mixin.py:149} INFO - [2023-06-14T13:34:15.331+0000] {dag.py:3490} INFO - Setting next_dagrun for example_short_circuit_operator to 2023-06-13T13:34:15.331116+00:00, run_after=2023-06-14T13:34:15.331116+00:00
[2023-06-14T13:34:15.342+0000] {processor.py:179} INFO - Processing /home/airflow/.local/lib/python3.7/site-packages/airflow/example_dags/example_short_circuit_operator.py took 0.077 seconds
[2023-06-14T13:34:45.919+0000] {processor.py:157} INFO - Started process (PID=862) to work on /home/airflow/.local/lib/python3.7/site-packages/airflow/example_dags/example_short_circuit_operator.py
[2023-06-14T13:34:45.922+0000] {processor.py:826} INFO - Processing file /home/airflow/.local/lib/python3.7/site-packages/airflow/example_dags/example_short_circuit_operator.py for tasks to queue
[2023-06-14T13:34:45.923+0000] {logging_mixin.py:149} INFO - [2023-06-14T13:34:45.923+0000] {dagbag.py:541} INFO - Filling up the DagBag from /home/airflow/.local/lib/python3.7/site-packages/airflow/example_dags/example_short_circuit_operator.py
[2023-06-14T13:34:45.934+0000] {processor.py:836} INFO - DAG(s) dict_keys(['example_short_circuit_operator']) retrieved from /home/airflow/.local/lib/python3.7/site-packages/airflow/example_dags/example_short_circuit_operator.py
[2023-06-14T13:34:45.960+0000] {logging_mixin.py:149} INFO - [2023-06-14T13:34:45.960+0000] {dag.py:2726} INFO - Sync 1 DAGs
[2023-06-14T13:34:45.976+0000] {logging_mixin.py:149} INFO - [2023-06-14T13:34:45.975+0000] {dag.py:3490} INFO - Setting next_dagrun for example_short_circuit_operator to 2023-06-13T13:34:45.975702+00:00, run_after=2023-06-14T13:34:45.975702+00:00
[2023-06-14T13:34:45.986+0000] {processor.py:179} INFO - Processing /home/airflow/.local/lib/python3.7/site-packages/airflow/example_dags/example_short_circuit_operator.py took 0.073 seconds
