[2023-06-14T13:27:24.691+0000] {processor.py:157} INFO - Started process (PID=52) to work on /home/airflow/.local/lib/python3.7/site-packages/airflow/example_dags/example_sensor_decorator.py
[2023-06-14T13:27:24.693+0000] {processor.py:826} INFO - Processing file /home/airflow/.local/lib/python3.7/site-packages/airflow/example_dags/example_sensor_decorator.py for tasks to queue
[2023-06-14T13:27:24.695+0000] {logging_mixin.py:149} INFO - [2023-06-14T13:27:24.695+0000] {dagbag.py:541} INFO - Filling up the DagBag from /home/airflow/.local/lib/python3.7/site-packages/airflow/example_dags/example_sensor_decorator.py
[2023-06-14T13:27:24.718+0000] {processor.py:836} INFO - DAG(s) dict_keys(['example_sensor_decorator']) retrieved from /home/airflow/.local/lib/python3.7/site-packages/airflow/example_dags/example_sensor_decorator.py
[2023-06-14T13:27:25.473+0000] {logging_mixin.py:149} INFO - [2023-06-14T13:27:25.471+0000] {manager.py:504} INFO - Created Permission View: can edit on DAG:example_sensor_decorator
[2023-06-14T13:27:25.524+0000] {logging_mixin.py:149} INFO - [2023-06-14T13:27:25.524+0000] {manager.py:504} INFO - Created Permission View: can read on DAG:example_sensor_decorator
[2023-06-14T13:27:25.542+0000] {logging_mixin.py:149} INFO - [2023-06-14T13:27:25.542+0000] {manager.py:504} INFO - Created Permission View: can delete on DAG:example_sensor_decorator
[2023-06-14T13:27:25.569+0000] {logging_mixin.py:149} INFO - [2023-06-14T13:27:25.569+0000] {dag.py:2726} INFO - Sync 1 DAGs
[2023-06-14T13:27:25.600+0000] {logging_mixin.py:149} INFO - [2023-06-14T13:27:25.600+0000] {dag.py:2747} INFO - Creating ORM DAG for example_sensor_decorator
[2023-06-14T13:27:25.623+0000] {logging_mixin.py:149} INFO - [2023-06-14T13:27:25.623+0000] {dag.py:3490} INFO - Setting next_dagrun for example_sensor_decorator to None, run_after=None
[2023-06-14T13:27:25.717+0000] {processor.py:179} INFO - Processing /home/airflow/.local/lib/python3.7/site-packages/airflow/example_dags/example_sensor_decorator.py took 1.031 seconds
[2023-06-14T13:27:56.424+0000] {processor.py:157} INFO - Started process (PID=108) to work on /home/airflow/.local/lib/python3.7/site-packages/airflow/example_dags/example_sensor_decorator.py
[2023-06-14T13:27:56.428+0000] {processor.py:826} INFO - Processing file /home/airflow/.local/lib/python3.7/site-packages/airflow/example_dags/example_sensor_decorator.py for tasks to queue
[2023-06-14T13:27:56.430+0000] {logging_mixin.py:149} INFO - [2023-06-14T13:27:56.430+0000] {dagbag.py:541} INFO - Filling up the DagBag from /home/airflow/.local/lib/python3.7/site-packages/airflow/example_dags/example_sensor_decorator.py
[2023-06-14T13:27:56.449+0000] {processor.py:836} INFO - DAG(s) dict_keys(['example_sensor_decorator']) retrieved from /home/airflow/.local/lib/python3.7/site-packages/airflow/example_dags/example_sensor_decorator.py
[2023-06-14T13:27:56.496+0000] {logging_mixin.py:149} INFO - [2023-06-14T13:27:56.496+0000] {dag.py:2726} INFO - Sync 1 DAGs
[2023-06-14T13:27:56.537+0000] {logging_mixin.py:149} INFO - [2023-06-14T13:27:56.537+0000] {dag.py:3490} INFO - Setting next_dagrun for example_sensor_decorator to None, run_after=None
[2023-06-14T13:27:56.574+0000] {processor.py:179} INFO - Processing /home/airflow/.local/lib/python3.7/site-packages/airflow/example_dags/example_sensor_decorator.py took 0.156 seconds
[2023-06-14T13:28:26.942+0000] {processor.py:157} INFO - Started process (PID=164) to work on /home/airflow/.local/lib/python3.7/site-packages/airflow/example_dags/example_sensor_decorator.py
[2023-06-14T13:28:26.944+0000] {processor.py:826} INFO - Processing file /home/airflow/.local/lib/python3.7/site-packages/airflow/example_dags/example_sensor_decorator.py for tasks to queue
[2023-06-14T13:28:26.946+0000] {logging_mixin.py:149} INFO - [2023-06-14T13:28:26.946+0000] {dagbag.py:541} INFO - Filling up the DagBag from /home/airflow/.local/lib/python3.7/site-packages/airflow/example_dags/example_sensor_decorator.py
[2023-06-14T13:28:26.954+0000] {processor.py:836} INFO - DAG(s) dict_keys(['example_sensor_decorator']) retrieved from /home/airflow/.local/lib/python3.7/site-packages/airflow/example_dags/example_sensor_decorator.py
[2023-06-14T13:28:26.981+0000] {logging_mixin.py:149} INFO - [2023-06-14T13:28:26.981+0000] {dag.py:2726} INFO - Sync 1 DAGs
[2023-06-14T13:28:26.998+0000] {logging_mixin.py:149} INFO - [2023-06-14T13:28:26.998+0000] {dag.py:3490} INFO - Setting next_dagrun for example_sensor_decorator to None, run_after=None
[2023-06-14T13:28:27.030+0000] {processor.py:179} INFO - Processing /home/airflow/.local/lib/python3.7/site-packages/airflow/example_dags/example_sensor_decorator.py took 0.094 seconds
[2023-06-14T13:28:57.455+0000] {processor.py:157} INFO - Started process (PID=220) to work on /home/airflow/.local/lib/python3.7/site-packages/airflow/example_dags/example_sensor_decorator.py
[2023-06-14T13:28:57.456+0000] {processor.py:826} INFO - Processing file /home/airflow/.local/lib/python3.7/site-packages/airflow/example_dags/example_sensor_decorator.py for tasks to queue
[2023-06-14T13:28:57.457+0000] {logging_mixin.py:149} INFO - [2023-06-14T13:28:57.457+0000] {dagbag.py:541} INFO - Filling up the DagBag from /home/airflow/.local/lib/python3.7/site-packages/airflow/example_dags/example_sensor_decorator.py
[2023-06-14T13:28:57.463+0000] {processor.py:836} INFO - DAG(s) dict_keys(['example_sensor_decorator']) retrieved from /home/airflow/.local/lib/python3.7/site-packages/airflow/example_dags/example_sensor_decorator.py
[2023-06-14T13:28:57.484+0000] {logging_mixin.py:149} INFO - [2023-06-14T13:28:57.484+0000] {dag.py:2726} INFO - Sync 1 DAGs
[2023-06-14T13:28:57.501+0000] {logging_mixin.py:149} INFO - [2023-06-14T13:28:57.500+0000] {dag.py:3490} INFO - Setting next_dagrun for example_sensor_decorator to None, run_after=None
[2023-06-14T13:28:57.513+0000] {processor.py:179} INFO - Processing /home/airflow/.local/lib/python3.7/site-packages/airflow/example_dags/example_sensor_decorator.py took 0.062 seconds
[2023-06-14T13:29:27.797+0000] {processor.py:157} INFO - Started process (PID=276) to work on /home/airflow/.local/lib/python3.7/site-packages/airflow/example_dags/example_sensor_decorator.py
[2023-06-14T13:29:27.800+0000] {processor.py:826} INFO - Processing file /home/airflow/.local/lib/python3.7/site-packages/airflow/example_dags/example_sensor_decorator.py for tasks to queue
[2023-06-14T13:29:27.801+0000] {logging_mixin.py:149} INFO - [2023-06-14T13:29:27.801+0000] {dagbag.py:541} INFO - Filling up the DagBag from /home/airflow/.local/lib/python3.7/site-packages/airflow/example_dags/example_sensor_decorator.py
[2023-06-14T13:29:27.810+0000] {processor.py:836} INFO - DAG(s) dict_keys(['example_sensor_decorator']) retrieved from /home/airflow/.local/lib/python3.7/site-packages/airflow/example_dags/example_sensor_decorator.py
[2023-06-14T13:29:27.837+0000] {logging_mixin.py:149} INFO - [2023-06-14T13:29:27.837+0000] {dag.py:2726} INFO - Sync 1 DAGs
[2023-06-14T13:29:27.854+0000] {logging_mixin.py:149} INFO - [2023-06-14T13:29:27.854+0000] {dag.py:3490} INFO - Setting next_dagrun for example_sensor_decorator to None, run_after=None
[2023-06-14T13:29:27.865+0000] {processor.py:179} INFO - Processing /home/airflow/.local/lib/python3.7/site-packages/airflow/example_dags/example_sensor_decorator.py took 0.073 seconds
[2023-06-14T13:29:58.034+0000] {processor.py:157} INFO - Started process (PID=332) to work on /home/airflow/.local/lib/python3.7/site-packages/airflow/example_dags/example_sensor_decorator.py
[2023-06-14T13:29:58.036+0000] {processor.py:826} INFO - Processing file /home/airflow/.local/lib/python3.7/site-packages/airflow/example_dags/example_sensor_decorator.py for tasks to queue
[2023-06-14T13:29:58.038+0000] {logging_mixin.py:149} INFO - [2023-06-14T13:29:58.038+0000] {dagbag.py:541} INFO - Filling up the DagBag from /home/airflow/.local/lib/python3.7/site-packages/airflow/example_dags/example_sensor_decorator.py
[2023-06-14T13:29:58.047+0000] {processor.py:836} INFO - DAG(s) dict_keys(['example_sensor_decorator']) retrieved from /home/airflow/.local/lib/python3.7/site-packages/airflow/example_dags/example_sensor_decorator.py
[2023-06-14T13:29:58.074+0000] {logging_mixin.py:149} INFO - [2023-06-14T13:29:58.074+0000] {dag.py:2726} INFO - Sync 1 DAGs
[2023-06-14T13:29:58.091+0000] {logging_mixin.py:149} INFO - [2023-06-14T13:29:58.091+0000] {dag.py:3490} INFO - Setting next_dagrun for example_sensor_decorator to None, run_after=None
[2023-06-14T13:29:58.103+0000] {processor.py:179} INFO - Processing /home/airflow/.local/lib/python3.7/site-packages/airflow/example_dags/example_sensor_decorator.py took 0.075 seconds
[2023-06-14T13:30:28.717+0000] {processor.py:157} INFO - Started process (PID=388) to work on /home/airflow/.local/lib/python3.7/site-packages/airflow/example_dags/example_sensor_decorator.py
[2023-06-14T13:30:28.720+0000] {processor.py:826} INFO - Processing file /home/airflow/.local/lib/python3.7/site-packages/airflow/example_dags/example_sensor_decorator.py for tasks to queue
[2023-06-14T13:30:28.721+0000] {logging_mixin.py:149} INFO - [2023-06-14T13:30:28.721+0000] {dagbag.py:541} INFO - Filling up the DagBag from /home/airflow/.local/lib/python3.7/site-packages/airflow/example_dags/example_sensor_decorator.py
[2023-06-14T13:30:28.730+0000] {processor.py:836} INFO - DAG(s) dict_keys(['example_sensor_decorator']) retrieved from /home/airflow/.local/lib/python3.7/site-packages/airflow/example_dags/example_sensor_decorator.py
[2023-06-14T13:30:28.757+0000] {logging_mixin.py:149} INFO - [2023-06-14T13:30:28.757+0000] {dag.py:2726} INFO - Sync 1 DAGs
[2023-06-14T13:30:28.773+0000] {logging_mixin.py:149} INFO - [2023-06-14T13:30:28.773+0000] {dag.py:3490} INFO - Setting next_dagrun for example_sensor_decorator to None, run_after=None
[2023-06-14T13:30:28.784+0000] {processor.py:179} INFO - Processing /home/airflow/.local/lib/python3.7/site-packages/airflow/example_dags/example_sensor_decorator.py took 0.074 seconds
[2023-06-14T13:30:59.513+0000] {processor.py:157} INFO - Started process (PID=444) to work on /home/airflow/.local/lib/python3.7/site-packages/airflow/example_dags/example_sensor_decorator.py
[2023-06-14T13:30:59.518+0000] {processor.py:826} INFO - Processing file /home/airflow/.local/lib/python3.7/site-packages/airflow/example_dags/example_sensor_decorator.py for tasks to queue
[2023-06-14T13:30:59.521+0000] {logging_mixin.py:149} INFO - [2023-06-14T13:30:59.521+0000] {dagbag.py:541} INFO - Filling up the DagBag from /home/airflow/.local/lib/python3.7/site-packages/airflow/example_dags/example_sensor_decorator.py
[2023-06-14T13:30:59.536+0000] {processor.py:836} INFO - DAG(s) dict_keys(['example_sensor_decorator']) retrieved from /home/airflow/.local/lib/python3.7/site-packages/airflow/example_dags/example_sensor_decorator.py
[2023-06-14T13:30:59.592+0000] {logging_mixin.py:149} INFO - [2023-06-14T13:30:59.591+0000] {dag.py:2726} INFO - Sync 1 DAGs
[2023-06-14T13:30:59.651+0000] {logging_mixin.py:149} INFO - [2023-06-14T13:30:59.651+0000] {dag.py:3490} INFO - Setting next_dagrun for example_sensor_decorator to None, run_after=None
[2023-06-14T13:30:59.691+0000] {processor.py:179} INFO - Processing /home/airflow/.local/lib/python3.7/site-packages/airflow/example_dags/example_sensor_decorator.py took 0.189 seconds
[2023-06-14T13:31:30.225+0000] {processor.py:157} INFO - Started process (PID=500) to work on /home/airflow/.local/lib/python3.7/site-packages/airflow/example_dags/example_sensor_decorator.py
[2023-06-14T13:31:30.228+0000] {processor.py:826} INFO - Processing file /home/airflow/.local/lib/python3.7/site-packages/airflow/example_dags/example_sensor_decorator.py for tasks to queue
[2023-06-14T13:31:30.229+0000] {logging_mixin.py:149} INFO - [2023-06-14T13:31:30.229+0000] {dagbag.py:541} INFO - Filling up the DagBag from /home/airflow/.local/lib/python3.7/site-packages/airflow/example_dags/example_sensor_decorator.py
[2023-06-14T13:31:30.237+0000] {processor.py:836} INFO - DAG(s) dict_keys(['example_sensor_decorator']) retrieved from /home/airflow/.local/lib/python3.7/site-packages/airflow/example_dags/example_sensor_decorator.py
[2023-06-14T13:31:30.265+0000] {logging_mixin.py:149} INFO - [2023-06-14T13:31:30.265+0000] {dag.py:2726} INFO - Sync 1 DAGs
[2023-06-14T13:31:30.282+0000] {logging_mixin.py:149} INFO - [2023-06-14T13:31:30.282+0000] {dag.py:3490} INFO - Setting next_dagrun for example_sensor_decorator to None, run_after=None
[2023-06-14T13:31:30.294+0000] {processor.py:179} INFO - Processing /home/airflow/.local/lib/python3.7/site-packages/airflow/example_dags/example_sensor_decorator.py took 0.075 seconds
[2023-06-14T13:32:00.805+0000] {processor.py:157} INFO - Started process (PID=557) to work on /home/airflow/.local/lib/python3.7/site-packages/airflow/example_dags/example_sensor_decorator.py
[2023-06-14T13:32:00.808+0000] {processor.py:826} INFO - Processing file /home/airflow/.local/lib/python3.7/site-packages/airflow/example_dags/example_sensor_decorator.py for tasks to queue
[2023-06-14T13:32:00.809+0000] {logging_mixin.py:149} INFO - [2023-06-14T13:32:00.809+0000] {dagbag.py:541} INFO - Filling up the DagBag from /home/airflow/.local/lib/python3.7/site-packages/airflow/example_dags/example_sensor_decorator.py
[2023-06-14T13:32:00.817+0000] {processor.py:836} INFO - DAG(s) dict_keys(['example_sensor_decorator']) retrieved from /home/airflow/.local/lib/python3.7/site-packages/airflow/example_dags/example_sensor_decorator.py
[2023-06-14T13:32:00.846+0000] {logging_mixin.py:149} INFO - [2023-06-14T13:32:00.846+0000] {dag.py:2726} INFO - Sync 1 DAGs
[2023-06-14T13:32:00.867+0000] {logging_mixin.py:149} INFO - [2023-06-14T13:32:00.867+0000] {dag.py:3490} INFO - Setting next_dagrun for example_sensor_decorator to None, run_after=None
[2023-06-14T13:32:00.884+0000] {processor.py:179} INFO - Processing /home/airflow/.local/lib/python3.7/site-packages/airflow/example_dags/example_sensor_decorator.py took 0.085 seconds
[2023-06-14T13:32:30.959+0000] {processor.py:157} INFO - Started process (PID=615) to work on /home/airflow/.local/lib/python3.7/site-packages/airflow/example_dags/example_sensor_decorator.py
[2023-06-14T13:32:30.961+0000] {processor.py:826} INFO - Processing file /home/airflow/.local/lib/python3.7/site-packages/airflow/example_dags/example_sensor_decorator.py for tasks to queue
[2023-06-14T13:32:30.963+0000] {logging_mixin.py:149} INFO - [2023-06-14T13:32:30.963+0000] {dagbag.py:541} INFO - Filling up the DagBag from /home/airflow/.local/lib/python3.7/site-packages/airflow/example_dags/example_sensor_decorator.py
[2023-06-14T13:32:30.971+0000] {processor.py:836} INFO - DAG(s) dict_keys(['example_sensor_decorator']) retrieved from /home/airflow/.local/lib/python3.7/site-packages/airflow/example_dags/example_sensor_decorator.py
[2023-06-14T13:32:30.998+0000] {logging_mixin.py:149} INFO - [2023-06-14T13:32:30.998+0000] {dag.py:2726} INFO - Sync 1 DAGs
[2023-06-14T13:32:31.017+0000] {logging_mixin.py:149} INFO - [2023-06-14T13:32:31.017+0000] {dag.py:3490} INFO - Setting next_dagrun for example_sensor_decorator to None, run_after=None
[2023-06-14T13:32:31.032+0000] {processor.py:179} INFO - Processing /home/airflow/.local/lib/python3.7/site-packages/airflow/example_dags/example_sensor_decorator.py took 0.079 seconds
[2023-06-14T13:33:01.375+0000] {processor.py:157} INFO - Started process (PID=672) to work on /home/airflow/.local/lib/python3.7/site-packages/airflow/example_dags/example_sensor_decorator.py
[2023-06-14T13:33:01.378+0000] {processor.py:826} INFO - Processing file /home/airflow/.local/lib/python3.7/site-packages/airflow/example_dags/example_sensor_decorator.py for tasks to queue
[2023-06-14T13:33:01.380+0000] {logging_mixin.py:149} INFO - [2023-06-14T13:33:01.380+0000] {dagbag.py:541} INFO - Filling up the DagBag from /home/airflow/.local/lib/python3.7/site-packages/airflow/example_dags/example_sensor_decorator.py
[2023-06-14T13:33:01.390+0000] {processor.py:836} INFO - DAG(s) dict_keys(['example_sensor_decorator']) retrieved from /home/airflow/.local/lib/python3.7/site-packages/airflow/example_dags/example_sensor_decorator.py
[2023-06-14T13:33:01.419+0000] {logging_mixin.py:149} INFO - [2023-06-14T13:33:01.419+0000] {dag.py:2726} INFO - Sync 1 DAGs
[2023-06-14T13:33:01.436+0000] {logging_mixin.py:149} INFO - [2023-06-14T13:33:01.436+0000] {dag.py:3490} INFO - Setting next_dagrun for example_sensor_decorator to None, run_after=None
[2023-06-14T13:33:01.448+0000] {processor.py:179} INFO - Processing /home/airflow/.local/lib/python3.7/site-packages/airflow/example_dags/example_sensor_decorator.py took 0.080 seconds
[2023-06-14T13:33:31.835+0000] {processor.py:157} INFO - Started process (PID=729) to work on /home/airflow/.local/lib/python3.7/site-packages/airflow/example_dags/example_sensor_decorator.py
[2023-06-14T13:33:31.838+0000] {processor.py:826} INFO - Processing file /home/airflow/.local/lib/python3.7/site-packages/airflow/example_dags/example_sensor_decorator.py for tasks to queue
[2023-06-14T13:33:31.840+0000] {logging_mixin.py:149} INFO - [2023-06-14T13:33:31.840+0000] {dagbag.py:541} INFO - Filling up the DagBag from /home/airflow/.local/lib/python3.7/site-packages/airflow/example_dags/example_sensor_decorator.py
[2023-06-14T13:33:31.848+0000] {processor.py:836} INFO - DAG(s) dict_keys(['example_sensor_decorator']) retrieved from /home/airflow/.local/lib/python3.7/site-packages/airflow/example_dags/example_sensor_decorator.py
[2023-06-14T13:33:31.874+0000] {logging_mixin.py:149} INFO - [2023-06-14T13:33:31.874+0000] {dag.py:2726} INFO - Sync 1 DAGs
[2023-06-14T13:33:31.891+0000] {logging_mixin.py:149} INFO - [2023-06-14T13:33:31.891+0000] {dag.py:3490} INFO - Setting next_dagrun for example_sensor_decorator to None, run_after=None
[2023-06-14T13:33:31.903+0000] {processor.py:179} INFO - Processing /home/airflow/.local/lib/python3.7/site-packages/airflow/example_dags/example_sensor_decorator.py took 0.074 seconds
[2023-06-14T13:34:02.316+0000] {processor.py:157} INFO - Started process (PID=786) to work on /home/airflow/.local/lib/python3.7/site-packages/airflow/example_dags/example_sensor_decorator.py
[2023-06-14T13:34:02.318+0000] {processor.py:826} INFO - Processing file /home/airflow/.local/lib/python3.7/site-packages/airflow/example_dags/example_sensor_decorator.py for tasks to queue
[2023-06-14T13:34:02.319+0000] {logging_mixin.py:149} INFO - [2023-06-14T13:34:02.318+0000] {dagbag.py:541} INFO - Filling up the DagBag from /home/airflow/.local/lib/python3.7/site-packages/airflow/example_dags/example_sensor_decorator.py
[2023-06-14T13:34:02.326+0000] {processor.py:836} INFO - DAG(s) dict_keys(['example_sensor_decorator']) retrieved from /home/airflow/.local/lib/python3.7/site-packages/airflow/example_dags/example_sensor_decorator.py
[2023-06-14T13:34:02.369+0000] {logging_mixin.py:149} INFO - [2023-06-14T13:34:02.369+0000] {dag.py:2726} INFO - Sync 1 DAGs
[2023-06-14T13:34:02.401+0000] {logging_mixin.py:149} INFO - [2023-06-14T13:34:02.400+0000] {dag.py:3490} INFO - Setting next_dagrun for example_sensor_decorator to None, run_after=None
[2023-06-14T13:34:02.418+0000] {processor.py:179} INFO - Processing /home/airflow/.local/lib/python3.7/site-packages/airflow/example_dags/example_sensor_decorator.py took 0.106 seconds
[2023-06-14T13:34:33.035+0000] {processor.py:157} INFO - Started process (PID=843) to work on /home/airflow/.local/lib/python3.7/site-packages/airflow/example_dags/example_sensor_decorator.py
[2023-06-14T13:34:33.039+0000] {processor.py:826} INFO - Processing file /home/airflow/.local/lib/python3.7/site-packages/airflow/example_dags/example_sensor_decorator.py for tasks to queue
[2023-06-14T13:34:33.040+0000] {logging_mixin.py:149} INFO - [2023-06-14T13:34:33.040+0000] {dagbag.py:541} INFO - Filling up the DagBag from /home/airflow/.local/lib/python3.7/site-packages/airflow/example_dags/example_sensor_decorator.py
[2023-06-14T13:34:33.047+0000] {processor.py:836} INFO - DAG(s) dict_keys(['example_sensor_decorator']) retrieved from /home/airflow/.local/lib/python3.7/site-packages/airflow/example_dags/example_sensor_decorator.py
[2023-06-14T13:34:33.072+0000] {logging_mixin.py:149} INFO - [2023-06-14T13:34:33.072+0000] {dag.py:2726} INFO - Sync 1 DAGs
[2023-06-14T13:34:33.092+0000] {logging_mixin.py:149} INFO - [2023-06-14T13:34:33.092+0000] {dag.py:3490} INFO - Setting next_dagrun for example_sensor_decorator to None, run_after=None
[2023-06-14T13:34:33.106+0000] {processor.py:179} INFO - Processing /home/airflow/.local/lib/python3.7/site-packages/airflow/example_dags/example_sensor_decorator.py took 0.075 seconds
[2023-06-14T13:35:03.612+0000] {processor.py:157} INFO - Started process (PID=900) to work on /home/airflow/.local/lib/python3.7/site-packages/airflow/example_dags/example_sensor_decorator.py
[2023-06-14T13:35:03.615+0000] {processor.py:826} INFO - Processing file /home/airflow/.local/lib/python3.7/site-packages/airflow/example_dags/example_sensor_decorator.py for tasks to queue
[2023-06-14T13:35:03.617+0000] {logging_mixin.py:149} INFO - [2023-06-14T13:35:03.617+0000] {dagbag.py:541} INFO - Filling up the DagBag from /home/airflow/.local/lib/python3.7/site-packages/airflow/example_dags/example_sensor_decorator.py
[2023-06-14T13:35:03.627+0000] {processor.py:836} INFO - DAG(s) dict_keys(['example_sensor_decorator']) retrieved from /home/airflow/.local/lib/python3.7/site-packages/airflow/example_dags/example_sensor_decorator.py
[2023-06-14T13:35:03.656+0000] {logging_mixin.py:149} INFO - [2023-06-14T13:35:03.656+0000] {dag.py:2726} INFO - Sync 1 DAGs
[2023-06-14T13:35:03.672+0000] {logging_mixin.py:149} INFO - [2023-06-14T13:35:03.672+0000] {dag.py:3490} INFO - Setting next_dagrun for example_sensor_decorator to None, run_after=None
[2023-06-14T13:35:03.684+0000] {processor.py:179} INFO - Processing /home/airflow/.local/lib/python3.7/site-packages/airflow/example_dags/example_sensor_decorator.py took 0.078 seconds
