[2023-06-14T13:27:17.278+0000] {processor.py:157} INFO - Started process (PID=40) to work on /home/airflow/.local/lib/python3.7/site-packages/airflow/example_dags/example_external_task_marker_dag.py
[2023-06-14T13:27:17.283+0000] {processor.py:826} INFO - Processing file /home/airflow/.local/lib/python3.7/site-packages/airflow/example_dags/example_external_task_marker_dag.py for tasks to queue
[2023-06-14T13:27:17.327+0000] {logging_mixin.py:149} INFO - [2023-06-14T13:27:17.327+0000] {dagbag.py:541} INFO - Filling up the DagBag from /home/airflow/.local/lib/python3.7/site-packages/airflow/example_dags/example_external_task_marker_dag.py
[2023-06-14T13:27:17.354+0000] {processor.py:836} INFO - DAG(s) dict_keys(['example_external_task_marker_child', 'example_external_task_marker_parent']) retrieved from /home/airflow/.local/lib/python3.7/site-packages/airflow/example_dags/example_external_task_marker_dag.py
[2023-06-14T13:27:17.780+0000] {logging_mixin.py:149} INFO - [2023-06-14T13:27:17.780+0000] {manager.py:504} INFO - Created Permission View: can edit on DAG:example_external_task_marker_child
[2023-06-14T13:27:17.848+0000] {logging_mixin.py:149} INFO - [2023-06-14T13:27:17.848+0000] {manager.py:504} INFO - Created Permission View: can read on DAG:example_external_task_marker_child
[2023-06-14T13:27:17.870+0000] {logging_mixin.py:149} INFO - [2023-06-14T13:27:17.870+0000] {manager.py:504} INFO - Created Permission View: can delete on DAG:example_external_task_marker_child
[2023-06-14T13:27:17.907+0000] {logging_mixin.py:149} INFO - [2023-06-14T13:27:17.907+0000] {manager.py:504} INFO - Created Permission View: can edit on DAG:example_external_task_marker_parent
[2023-06-14T13:27:17.938+0000] {logging_mixin.py:149} INFO - [2023-06-14T13:27:17.938+0000] {manager.py:504} INFO - Created Permission View: can read on DAG:example_external_task_marker_parent
[2023-06-14T13:27:17.955+0000] {logging_mixin.py:149} INFO - [2023-06-14T13:27:17.954+0000] {manager.py:504} INFO - Created Permission View: can delete on DAG:example_external_task_marker_parent
[2023-06-14T13:27:17.956+0000] {logging_mixin.py:149} INFO - [2023-06-14T13:27:17.956+0000] {dag.py:2726} INFO - Sync 2 DAGs
[2023-06-14T13:27:17.990+0000] {logging_mixin.py:149} INFO - [2023-06-14T13:27:17.990+0000] {dag.py:2747} INFO - Creating ORM DAG for example_external_task_marker_child
[2023-06-14T13:27:17.992+0000] {logging_mixin.py:149} INFO - [2023-06-14T13:27:17.992+0000] {dag.py:2747} INFO - Creating ORM DAG for example_external_task_marker_parent
[2023-06-14T13:27:18.073+0000] {logging_mixin.py:149} INFO - [2023-06-14T13:27:18.073+0000] {dag.py:3490} INFO - Setting next_dagrun for example_external_task_marker_child to None, run_after=None
[2023-06-14T13:27:18.075+0000] {logging_mixin.py:149} INFO - [2023-06-14T13:27:18.075+0000] {dag.py:3490} INFO - Setting next_dagrun for example_external_task_marker_parent to None, run_after=None
[2023-06-14T13:27:18.108+0000] {processor.py:179} INFO - Processing /home/airflow/.local/lib/python3.7/site-packages/airflow/example_dags/example_external_task_marker_dag.py took 0.834 seconds
[2023-06-14T13:27:49.864+0000] {processor.py:157} INFO - Started process (PID=96) to work on /home/airflow/.local/lib/python3.7/site-packages/airflow/example_dags/example_external_task_marker_dag.py
[2023-06-14T13:27:49.867+0000] {processor.py:826} INFO - Processing file /home/airflow/.local/lib/python3.7/site-packages/airflow/example_dags/example_external_task_marker_dag.py for tasks to queue
[2023-06-14T13:27:49.869+0000] {logging_mixin.py:149} INFO - [2023-06-14T13:27:49.869+0000] {dagbag.py:541} INFO - Filling up the DagBag from /home/airflow/.local/lib/python3.7/site-packages/airflow/example_dags/example_external_task_marker_dag.py
[2023-06-14T13:27:49.888+0000] {processor.py:836} INFO - DAG(s) dict_keys(['example_external_task_marker_parent', 'example_external_task_marker_child']) retrieved from /home/airflow/.local/lib/python3.7/site-packages/airflow/example_dags/example_external_task_marker_dag.py
[2023-06-14T13:27:49.969+0000] {logging_mixin.py:149} INFO - [2023-06-14T13:27:49.969+0000] {dag.py:2726} INFO - Sync 2 DAGs
[2023-06-14T13:27:49.999+0000] {logging_mixin.py:149} INFO - [2023-06-14T13:27:49.999+0000] {dag.py:3490} INFO - Setting next_dagrun for example_external_task_marker_child to None, run_after=None
[2023-06-14T13:27:50.005+0000] {logging_mixin.py:149} INFO - [2023-06-14T13:27:50.004+0000] {dag.py:3490} INFO - Setting next_dagrun for example_external_task_marker_parent to None, run_after=None
[2023-06-14T13:27:50.046+0000] {processor.py:179} INFO - Processing /home/airflow/.local/lib/python3.7/site-packages/airflow/example_dags/example_external_task_marker_dag.py took 0.190 seconds
[2023-06-14T13:28:20.280+0000] {processor.py:157} INFO - Started process (PID=152) to work on /home/airflow/.local/lib/python3.7/site-packages/airflow/example_dags/example_external_task_marker_dag.py
[2023-06-14T13:28:20.285+0000] {processor.py:826} INFO - Processing file /home/airflow/.local/lib/python3.7/site-packages/airflow/example_dags/example_external_task_marker_dag.py for tasks to queue
[2023-06-14T13:28:20.288+0000] {logging_mixin.py:149} INFO - [2023-06-14T13:28:20.287+0000] {dagbag.py:541} INFO - Filling up the DagBag from /home/airflow/.local/lib/python3.7/site-packages/airflow/example_dags/example_external_task_marker_dag.py
[2023-06-14T13:28:20.299+0000] {processor.py:836} INFO - DAG(s) dict_keys(['example_external_task_marker_child', 'example_external_task_marker_parent']) retrieved from /home/airflow/.local/lib/python3.7/site-packages/airflow/example_dags/example_external_task_marker_dag.py
[2023-06-14T13:28:20.423+0000] {logging_mixin.py:149} INFO - [2023-06-14T13:28:20.423+0000] {dag.py:2726} INFO - Sync 2 DAGs
[2023-06-14T13:28:20.451+0000] {logging_mixin.py:149} INFO - [2023-06-14T13:28:20.451+0000] {dag.py:3490} INFO - Setting next_dagrun for example_external_task_marker_child to None, run_after=None
[2023-06-14T13:28:20.457+0000] {logging_mixin.py:149} INFO - [2023-06-14T13:28:20.457+0000] {dag.py:3490} INFO - Setting next_dagrun for example_external_task_marker_parent to None, run_after=None
[2023-06-14T13:28:20.496+0000] {processor.py:179} INFO - Processing /home/airflow/.local/lib/python3.7/site-packages/airflow/example_dags/example_external_task_marker_dag.py took 0.219 seconds
[2023-06-14T13:28:50.828+0000] {processor.py:157} INFO - Started process (PID=207) to work on /home/airflow/.local/lib/python3.7/site-packages/airflow/example_dags/example_external_task_marker_dag.py
[2023-06-14T13:28:50.830+0000] {processor.py:826} INFO - Processing file /home/airflow/.local/lib/python3.7/site-packages/airflow/example_dags/example_external_task_marker_dag.py for tasks to queue
[2023-06-14T13:28:50.832+0000] {logging_mixin.py:149} INFO - [2023-06-14T13:28:50.832+0000] {dagbag.py:541} INFO - Filling up the DagBag from /home/airflow/.local/lib/python3.7/site-packages/airflow/example_dags/example_external_task_marker_dag.py
[2023-06-14T13:28:50.843+0000] {processor.py:836} INFO - DAG(s) dict_keys(['example_external_task_marker_child', 'example_external_task_marker_parent']) retrieved from /home/airflow/.local/lib/python3.7/site-packages/airflow/example_dags/example_external_task_marker_dag.py
[2023-06-14T13:28:50.870+0000] {logging_mixin.py:149} INFO - [2023-06-14T13:28:50.870+0000] {dag.py:2726} INFO - Sync 2 DAGs
[2023-06-14T13:28:50.890+0000] {logging_mixin.py:149} INFO - [2023-06-14T13:28:50.889+0000] {dag.py:3490} INFO - Setting next_dagrun for example_external_task_marker_child to None, run_after=None
[2023-06-14T13:28:50.892+0000] {logging_mixin.py:149} INFO - [2023-06-14T13:28:50.892+0000] {dag.py:3490} INFO - Setting next_dagrun for example_external_task_marker_parent to None, run_after=None
[2023-06-14T13:28:50.904+0000] {processor.py:179} INFO - Processing /home/airflow/.local/lib/python3.7/site-packages/airflow/example_dags/example_external_task_marker_dag.py took 0.081 seconds
[2023-06-14T13:29:21.171+0000] {processor.py:157} INFO - Started process (PID=259) to work on /home/airflow/.local/lib/python3.7/site-packages/airflow/example_dags/example_external_task_marker_dag.py
[2023-06-14T13:29:21.172+0000] {processor.py:826} INFO - Processing file /home/airflow/.local/lib/python3.7/site-packages/airflow/example_dags/example_external_task_marker_dag.py for tasks to queue
[2023-06-14T13:29:21.173+0000] {logging_mixin.py:149} INFO - [2023-06-14T13:29:21.173+0000] {dagbag.py:541} INFO - Filling up the DagBag from /home/airflow/.local/lib/python3.7/site-packages/airflow/example_dags/example_external_task_marker_dag.py
[2023-06-14T13:29:21.178+0000] {processor.py:836} INFO - DAG(s) dict_keys(['example_external_task_marker_child', 'example_external_task_marker_parent']) retrieved from /home/airflow/.local/lib/python3.7/site-packages/airflow/example_dags/example_external_task_marker_dag.py
[2023-06-14T13:29:21.201+0000] {logging_mixin.py:149} INFO - [2023-06-14T13:29:21.201+0000] {dag.py:2726} INFO - Sync 2 DAGs
[2023-06-14T13:29:21.227+0000] {logging_mixin.py:149} INFO - [2023-06-14T13:29:21.227+0000] {dag.py:3490} INFO - Setting next_dagrun for example_external_task_marker_child to None, run_after=None
[2023-06-14T13:29:21.230+0000] {logging_mixin.py:149} INFO - [2023-06-14T13:29:21.230+0000] {dag.py:3490} INFO - Setting next_dagrun for example_external_task_marker_parent to None, run_after=None
[2023-06-14T13:29:21.245+0000] {processor.py:179} INFO - Processing /home/airflow/.local/lib/python3.7/site-packages/airflow/example_dags/example_external_task_marker_dag.py took 0.077 seconds
[2023-06-14T13:29:51.333+0000] {processor.py:157} INFO - Started process (PID=315) to work on /home/airflow/.local/lib/python3.7/site-packages/airflow/example_dags/example_external_task_marker_dag.py
[2023-06-14T13:29:51.334+0000] {processor.py:826} INFO - Processing file /home/airflow/.local/lib/python3.7/site-packages/airflow/example_dags/example_external_task_marker_dag.py for tasks to queue
[2023-06-14T13:29:51.335+0000] {logging_mixin.py:149} INFO - [2023-06-14T13:29:51.335+0000] {dagbag.py:541} INFO - Filling up the DagBag from /home/airflow/.local/lib/python3.7/site-packages/airflow/example_dags/example_external_task_marker_dag.py
[2023-06-14T13:29:51.340+0000] {processor.py:836} INFO - DAG(s) dict_keys(['example_external_task_marker_parent', 'example_external_task_marker_child']) retrieved from /home/airflow/.local/lib/python3.7/site-packages/airflow/example_dags/example_external_task_marker_dag.py
[2023-06-14T13:29:51.361+0000] {logging_mixin.py:149} INFO - [2023-06-14T13:29:51.361+0000] {dag.py:2726} INFO - Sync 2 DAGs
[2023-06-14T13:29:51.379+0000] {logging_mixin.py:149} INFO - [2023-06-14T13:29:51.379+0000] {dag.py:3490} INFO - Setting next_dagrun for example_external_task_marker_child to None, run_after=None
[2023-06-14T13:29:51.382+0000] {logging_mixin.py:149} INFO - [2023-06-14T13:29:51.382+0000] {dag.py:3490} INFO - Setting next_dagrun for example_external_task_marker_parent to None, run_after=None
[2023-06-14T13:29:51.392+0000] {processor.py:179} INFO - Processing /home/airflow/.local/lib/python3.7/site-packages/airflow/example_dags/example_external_task_marker_dag.py took 0.062 seconds
[2023-06-14T13:30:22.045+0000] {processor.py:157} INFO - Started process (PID=371) to work on /home/airflow/.local/lib/python3.7/site-packages/airflow/example_dags/example_external_task_marker_dag.py
[2023-06-14T13:30:22.047+0000] {processor.py:826} INFO - Processing file /home/airflow/.local/lib/python3.7/site-packages/airflow/example_dags/example_external_task_marker_dag.py for tasks to queue
[2023-06-14T13:30:22.048+0000] {logging_mixin.py:149} INFO - [2023-06-14T13:30:22.048+0000] {dagbag.py:541} INFO - Filling up the DagBag from /home/airflow/.local/lib/python3.7/site-packages/airflow/example_dags/example_external_task_marker_dag.py
[2023-06-14T13:30:22.055+0000] {processor.py:836} INFO - DAG(s) dict_keys(['example_external_task_marker_parent', 'example_external_task_marker_child']) retrieved from /home/airflow/.local/lib/python3.7/site-packages/airflow/example_dags/example_external_task_marker_dag.py
[2023-06-14T13:30:22.085+0000] {logging_mixin.py:149} INFO - [2023-06-14T13:30:22.085+0000] {dag.py:2726} INFO - Sync 2 DAGs
[2023-06-14T13:30:22.103+0000] {logging_mixin.py:149} INFO - [2023-06-14T13:30:22.103+0000] {dag.py:3490} INFO - Setting next_dagrun for example_external_task_marker_child to None, run_after=None
[2023-06-14T13:30:22.107+0000] {logging_mixin.py:149} INFO - [2023-06-14T13:30:22.107+0000] {dag.py:3490} INFO - Setting next_dagrun for example_external_task_marker_parent to None, run_after=None
[2023-06-14T13:30:22.118+0000] {processor.py:179} INFO - Processing /home/airflow/.local/lib/python3.7/site-packages/airflow/example_dags/example_external_task_marker_dag.py took 0.077 seconds
[2023-06-14T13:30:53.252+0000] {processor.py:157} INFO - Started process (PID=427) to work on /home/airflow/.local/lib/python3.7/site-packages/airflow/example_dags/example_external_task_marker_dag.py
[2023-06-14T13:30:53.255+0000] {processor.py:826} INFO - Processing file /home/airflow/.local/lib/python3.7/site-packages/airflow/example_dags/example_external_task_marker_dag.py for tasks to queue
[2023-06-14T13:30:53.257+0000] {logging_mixin.py:149} INFO - [2023-06-14T13:30:53.257+0000] {dagbag.py:541} INFO - Filling up the DagBag from /home/airflow/.local/lib/python3.7/site-packages/airflow/example_dags/example_external_task_marker_dag.py
[2023-06-14T13:30:53.264+0000] {processor.py:836} INFO - DAG(s) dict_keys(['example_external_task_marker_parent', 'example_external_task_marker_child']) retrieved from /home/airflow/.local/lib/python3.7/site-packages/airflow/example_dags/example_external_task_marker_dag.py
[2023-06-14T13:30:53.305+0000] {logging_mixin.py:149} INFO - [2023-06-14T13:30:53.305+0000] {dag.py:2726} INFO - Sync 2 DAGs
[2023-06-14T13:30:53.328+0000] {logging_mixin.py:149} INFO - [2023-06-14T13:30:53.328+0000] {dag.py:3490} INFO - Setting next_dagrun for example_external_task_marker_child to None, run_after=None
[2023-06-14T13:30:53.332+0000] {logging_mixin.py:149} INFO - [2023-06-14T13:30:53.331+0000] {dag.py:3490} INFO - Setting next_dagrun for example_external_task_marker_parent to None, run_after=None
[2023-06-14T13:30:53.363+0000] {processor.py:179} INFO - Processing /home/airflow/.local/lib/python3.7/site-packages/airflow/example_dags/example_external_task_marker_dag.py took 0.117 seconds
[2023-06-14T13:31:23.438+0000] {processor.py:157} INFO - Started process (PID=483) to work on /home/airflow/.local/lib/python3.7/site-packages/airflow/example_dags/example_external_task_marker_dag.py
[2023-06-14T13:31:23.440+0000] {processor.py:826} INFO - Processing file /home/airflow/.local/lib/python3.7/site-packages/airflow/example_dags/example_external_task_marker_dag.py for tasks to queue
[2023-06-14T13:31:23.440+0000] {logging_mixin.py:149} INFO - [2023-06-14T13:31:23.440+0000] {dagbag.py:541} INFO - Filling up the DagBag from /home/airflow/.local/lib/python3.7/site-packages/airflow/example_dags/example_external_task_marker_dag.py
[2023-06-14T13:31:23.445+0000] {processor.py:836} INFO - DAG(s) dict_keys(['example_external_task_marker_parent', 'example_external_task_marker_child']) retrieved from /home/airflow/.local/lib/python3.7/site-packages/airflow/example_dags/example_external_task_marker_dag.py
[2023-06-14T13:31:23.466+0000] {logging_mixin.py:149} INFO - [2023-06-14T13:31:23.466+0000] {dag.py:2726} INFO - Sync 2 DAGs
[2023-06-14T13:31:23.481+0000] {logging_mixin.py:149} INFO - [2023-06-14T13:31:23.481+0000] {dag.py:3490} INFO - Setting next_dagrun for example_external_task_marker_child to None, run_after=None
[2023-06-14T13:31:23.484+0000] {logging_mixin.py:149} INFO - [2023-06-14T13:31:23.484+0000] {dag.py:3490} INFO - Setting next_dagrun for example_external_task_marker_parent to None, run_after=None
[2023-06-14T13:31:23.493+0000] {processor.py:179} INFO - Processing /home/airflow/.local/lib/python3.7/site-packages/airflow/example_dags/example_external_task_marker_dag.py took 0.058 seconds
[2023-06-14T13:31:54.004+0000] {processor.py:157} INFO - Started process (PID=540) to work on /home/airflow/.local/lib/python3.7/site-packages/airflow/example_dags/example_external_task_marker_dag.py
[2023-06-14T13:31:54.006+0000] {processor.py:826} INFO - Processing file /home/airflow/.local/lib/python3.7/site-packages/airflow/example_dags/example_external_task_marker_dag.py for tasks to queue
[2023-06-14T13:31:54.007+0000] {logging_mixin.py:149} INFO - [2023-06-14T13:31:54.007+0000] {dagbag.py:541} INFO - Filling up the DagBag from /home/airflow/.local/lib/python3.7/site-packages/airflow/example_dags/example_external_task_marker_dag.py
[2023-06-14T13:31:54.013+0000] {processor.py:836} INFO - DAG(s) dict_keys(['example_external_task_marker_child', 'example_external_task_marker_parent']) retrieved from /home/airflow/.local/lib/python3.7/site-packages/airflow/example_dags/example_external_task_marker_dag.py
[2023-06-14T13:31:54.040+0000] {logging_mixin.py:149} INFO - [2023-06-14T13:31:54.040+0000] {dag.py:2726} INFO - Sync 2 DAGs
[2023-06-14T13:31:54.060+0000] {logging_mixin.py:149} INFO - [2023-06-14T13:31:54.060+0000] {dag.py:3490} INFO - Setting next_dagrun for example_external_task_marker_child to None, run_after=None
[2023-06-14T13:31:54.063+0000] {logging_mixin.py:149} INFO - [2023-06-14T13:31:54.063+0000] {dag.py:3490} INFO - Setting next_dagrun for example_external_task_marker_parent to None, run_after=None
[2023-06-14T13:31:54.075+0000] {processor.py:179} INFO - Processing /home/airflow/.local/lib/python3.7/site-packages/airflow/example_dags/example_external_task_marker_dag.py took 0.074 seconds
[2023-06-14T13:32:25.005+0000] {processor.py:157} INFO - Started process (PID=598) to work on /home/airflow/.local/lib/python3.7/site-packages/airflow/example_dags/example_external_task_marker_dag.py
[2023-06-14T13:32:25.006+0000] {processor.py:826} INFO - Processing file /home/airflow/.local/lib/python3.7/site-packages/airflow/example_dags/example_external_task_marker_dag.py for tasks to queue
[2023-06-14T13:32:25.007+0000] {logging_mixin.py:149} INFO - [2023-06-14T13:32:25.007+0000] {dagbag.py:541} INFO - Filling up the DagBag from /home/airflow/.local/lib/python3.7/site-packages/airflow/example_dags/example_external_task_marker_dag.py
[2023-06-14T13:32:25.012+0000] {processor.py:836} INFO - DAG(s) dict_keys(['example_external_task_marker_child', 'example_external_task_marker_parent']) retrieved from /home/airflow/.local/lib/python3.7/site-packages/airflow/example_dags/example_external_task_marker_dag.py
[2023-06-14T13:32:25.037+0000] {logging_mixin.py:149} INFO - [2023-06-14T13:32:25.036+0000] {dag.py:2726} INFO - Sync 2 DAGs
[2023-06-14T13:32:25.055+0000] {logging_mixin.py:149} INFO - [2023-06-14T13:32:25.055+0000] {dag.py:3490} INFO - Setting next_dagrun for example_external_task_marker_child to None, run_after=None
[2023-06-14T13:32:25.058+0000] {logging_mixin.py:149} INFO - [2023-06-14T13:32:25.057+0000] {dag.py:3490} INFO - Setting next_dagrun for example_external_task_marker_parent to None, run_after=None
[2023-06-14T13:32:25.069+0000] {processor.py:179} INFO - Processing /home/airflow/.local/lib/python3.7/site-packages/airflow/example_dags/example_external_task_marker_dag.py took 0.067 seconds
[2023-06-14T13:32:55.867+0000] {processor.py:157} INFO - Started process (PID=655) to work on /home/airflow/.local/lib/python3.7/site-packages/airflow/example_dags/example_external_task_marker_dag.py
[2023-06-14T13:32:55.868+0000] {processor.py:826} INFO - Processing file /home/airflow/.local/lib/python3.7/site-packages/airflow/example_dags/example_external_task_marker_dag.py for tasks to queue
[2023-06-14T13:32:55.869+0000] {logging_mixin.py:149} INFO - [2023-06-14T13:32:55.869+0000] {dagbag.py:541} INFO - Filling up the DagBag from /home/airflow/.local/lib/python3.7/site-packages/airflow/example_dags/example_external_task_marker_dag.py
[2023-06-14T13:32:55.874+0000] {processor.py:836} INFO - DAG(s) dict_keys(['example_external_task_marker_child', 'example_external_task_marker_parent']) retrieved from /home/airflow/.local/lib/python3.7/site-packages/airflow/example_dags/example_external_task_marker_dag.py
[2023-06-14T13:32:55.896+0000] {logging_mixin.py:149} INFO - [2023-06-14T13:32:55.896+0000] {dag.py:2726} INFO - Sync 2 DAGs
[2023-06-14T13:32:55.914+0000] {logging_mixin.py:149} INFO - [2023-06-14T13:32:55.914+0000] {dag.py:3490} INFO - Setting next_dagrun for example_external_task_marker_child to None, run_after=None
[2023-06-14T13:32:55.917+0000] {logging_mixin.py:149} INFO - [2023-06-14T13:32:55.917+0000] {dag.py:3490} INFO - Setting next_dagrun for example_external_task_marker_parent to None, run_after=None
[2023-06-14T13:32:55.927+0000] {processor.py:179} INFO - Processing /home/airflow/.local/lib/python3.7/site-packages/airflow/example_dags/example_external_task_marker_dag.py took 0.063 seconds
[2023-06-14T13:33:26.213+0000] {processor.py:157} INFO - Started process (PID=712) to work on /home/airflow/.local/lib/python3.7/site-packages/airflow/example_dags/example_external_task_marker_dag.py
[2023-06-14T13:33:26.214+0000] {processor.py:826} INFO - Processing file /home/airflow/.local/lib/python3.7/site-packages/airflow/example_dags/example_external_task_marker_dag.py for tasks to queue
[2023-06-14T13:33:26.215+0000] {logging_mixin.py:149} INFO - [2023-06-14T13:33:26.215+0000] {dagbag.py:541} INFO - Filling up the DagBag from /home/airflow/.local/lib/python3.7/site-packages/airflow/example_dags/example_external_task_marker_dag.py
[2023-06-14T13:33:26.220+0000] {processor.py:836} INFO - DAG(s) dict_keys(['example_external_task_marker_parent', 'example_external_task_marker_child']) retrieved from /home/airflow/.local/lib/python3.7/site-packages/airflow/example_dags/example_external_task_marker_dag.py
[2023-06-14T13:33:26.244+0000] {logging_mixin.py:149} INFO - [2023-06-14T13:33:26.244+0000] {dag.py:2726} INFO - Sync 2 DAGs
[2023-06-14T13:33:26.260+0000] {logging_mixin.py:149} INFO - [2023-06-14T13:33:26.260+0000] {dag.py:3490} INFO - Setting next_dagrun for example_external_task_marker_child to None, run_after=None
[2023-06-14T13:33:26.262+0000] {logging_mixin.py:149} INFO - [2023-06-14T13:33:26.262+0000] {dag.py:3490} INFO - Setting next_dagrun for example_external_task_marker_parent to None, run_after=None
[2023-06-14T13:33:26.273+0000] {processor.py:179} INFO - Processing /home/airflow/.local/lib/python3.7/site-packages/airflow/example_dags/example_external_task_marker_dag.py took 0.063 seconds
[2023-06-14T13:33:56.585+0000] {processor.py:157} INFO - Started process (PID=769) to work on /home/airflow/.local/lib/python3.7/site-packages/airflow/example_dags/example_external_task_marker_dag.py
[2023-06-14T13:33:56.586+0000] {processor.py:826} INFO - Processing file /home/airflow/.local/lib/python3.7/site-packages/airflow/example_dags/example_external_task_marker_dag.py for tasks to queue
[2023-06-14T13:33:56.587+0000] {logging_mixin.py:149} INFO - [2023-06-14T13:33:56.587+0000] {dagbag.py:541} INFO - Filling up the DagBag from /home/airflow/.local/lib/python3.7/site-packages/airflow/example_dags/example_external_task_marker_dag.py
[2023-06-14T13:33:56.592+0000] {processor.py:836} INFO - DAG(s) dict_keys(['example_external_task_marker_child', 'example_external_task_marker_parent']) retrieved from /home/airflow/.local/lib/python3.7/site-packages/airflow/example_dags/example_external_task_marker_dag.py
[2023-06-14T13:33:56.619+0000] {logging_mixin.py:149} INFO - [2023-06-14T13:33:56.619+0000] {dag.py:2726} INFO - Sync 2 DAGs
[2023-06-14T13:33:56.636+0000] {logging_mixin.py:149} INFO - [2023-06-14T13:33:56.636+0000] {dag.py:3490} INFO - Setting next_dagrun for example_external_task_marker_child to None, run_after=None
[2023-06-14T13:33:56.639+0000] {logging_mixin.py:149} INFO - [2023-06-14T13:33:56.639+0000] {dag.py:3490} INFO - Setting next_dagrun for example_external_task_marker_parent to None, run_after=None
[2023-06-14T13:33:56.648+0000] {processor.py:179} INFO - Processing /home/airflow/.local/lib/python3.7/site-packages/airflow/example_dags/example_external_task_marker_dag.py took 0.066 seconds
[2023-06-14T13:34:27.464+0000] {processor.py:157} INFO - Started process (PID=826) to work on /home/airflow/.local/lib/python3.7/site-packages/airflow/example_dags/example_external_task_marker_dag.py
[2023-06-14T13:34:27.466+0000] {processor.py:826} INFO - Processing file /home/airflow/.local/lib/python3.7/site-packages/airflow/example_dags/example_external_task_marker_dag.py for tasks to queue
[2023-06-14T13:34:27.467+0000] {logging_mixin.py:149} INFO - [2023-06-14T13:34:27.467+0000] {dagbag.py:541} INFO - Filling up the DagBag from /home/airflow/.local/lib/python3.7/site-packages/airflow/example_dags/example_external_task_marker_dag.py
[2023-06-14T13:34:27.473+0000] {processor.py:836} INFO - DAG(s) dict_keys(['example_external_task_marker_parent', 'example_external_task_marker_child']) retrieved from /home/airflow/.local/lib/python3.7/site-packages/airflow/example_dags/example_external_task_marker_dag.py
[2023-06-14T13:34:27.498+0000] {logging_mixin.py:149} INFO - [2023-06-14T13:34:27.498+0000] {dag.py:2726} INFO - Sync 2 DAGs
[2023-06-14T13:34:27.516+0000] {logging_mixin.py:149} INFO - [2023-06-14T13:34:27.516+0000] {dag.py:3490} INFO - Setting next_dagrun for example_external_task_marker_child to None, run_after=None
[2023-06-14T13:34:27.519+0000] {logging_mixin.py:149} INFO - [2023-06-14T13:34:27.519+0000] {dag.py:3490} INFO - Setting next_dagrun for example_external_task_marker_parent to None, run_after=None
[2023-06-14T13:34:27.530+0000] {processor.py:179} INFO - Processing /home/airflow/.local/lib/python3.7/site-packages/airflow/example_dags/example_external_task_marker_dag.py took 0.069 seconds
[2023-06-14T13:34:58.021+0000] {processor.py:157} INFO - Started process (PID=883) to work on /home/airflow/.local/lib/python3.7/site-packages/airflow/example_dags/example_external_task_marker_dag.py
[2023-06-14T13:34:58.023+0000] {processor.py:826} INFO - Processing file /home/airflow/.local/lib/python3.7/site-packages/airflow/example_dags/example_external_task_marker_dag.py for tasks to queue
[2023-06-14T13:34:58.023+0000] {logging_mixin.py:149} INFO - [2023-06-14T13:34:58.023+0000] {dagbag.py:541} INFO - Filling up the DagBag from /home/airflow/.local/lib/python3.7/site-packages/airflow/example_dags/example_external_task_marker_dag.py
[2023-06-14T13:34:58.028+0000] {processor.py:836} INFO - DAG(s) dict_keys(['example_external_task_marker_parent', 'example_external_task_marker_child']) retrieved from /home/airflow/.local/lib/python3.7/site-packages/airflow/example_dags/example_external_task_marker_dag.py
[2023-06-14T13:34:58.051+0000] {logging_mixin.py:149} INFO - [2023-06-14T13:34:58.051+0000] {dag.py:2726} INFO - Sync 2 DAGs
[2023-06-14T13:34:58.069+0000] {logging_mixin.py:149} INFO - [2023-06-14T13:34:58.069+0000] {dag.py:3490} INFO - Setting next_dagrun for example_external_task_marker_child to None, run_after=None
[2023-06-14T13:34:58.071+0000] {logging_mixin.py:149} INFO - [2023-06-14T13:34:58.071+0000] {dag.py:3490} INFO - Setting next_dagrun for example_external_task_marker_parent to None, run_after=None
[2023-06-14T13:34:58.082+0000] {processor.py:179} INFO - Processing /home/airflow/.local/lib/python3.7/site-packages/airflow/example_dags/example_external_task_marker_dag.py took 0.064 seconds
