[2023-06-14T13:27:24.017+0000] {processor.py:157} INFO - Started process (PID=51) to work on /home/airflow/.local/lib/python3.7/site-packages/airflow/example_dags/tutorial_taskflow_api.py
[2023-06-14T13:27:24.024+0000] {processor.py:826} INFO - Processing file /home/airflow/.local/lib/python3.7/site-packages/airflow/example_dags/tutorial_taskflow_api.py for tasks to queue
[2023-06-14T13:27:24.036+0000] {logging_mixin.py:149} INFO - [2023-06-14T13:27:24.036+0000] {dagbag.py:541} INFO - Filling up the DagBag from /home/airflow/.local/lib/python3.7/site-packages/airflow/example_dags/tutorial_taskflow_api.py
[2023-06-14T13:27:24.048+0000] {processor.py:836} INFO - DAG(s) dict_keys(['tutorial_taskflow_api']) retrieved from /home/airflow/.local/lib/python3.7/site-packages/airflow/example_dags/tutorial_taskflow_api.py
[2023-06-14T13:27:24.447+0000] {logging_mixin.py:149} INFO - [2023-06-14T13:27:24.447+0000] {manager.py:504} INFO - Created Permission View: can edit on DAG:tutorial_taskflow_api
[2023-06-14T13:27:24.478+0000] {logging_mixin.py:149} INFO - [2023-06-14T13:27:24.478+0000] {manager.py:504} INFO - Created Permission View: can read on DAG:tutorial_taskflow_api
[2023-06-14T13:27:24.527+0000] {logging_mixin.py:149} INFO - [2023-06-14T13:27:24.526+0000] {manager.py:504} INFO - Created Permission View: can delete on DAG:tutorial_taskflow_api
[2023-06-14T13:27:24.529+0000] {logging_mixin.py:149} INFO - [2023-06-14T13:27:24.529+0000] {dag.py:2726} INFO - Sync 1 DAGs
[2023-06-14T13:27:24.560+0000] {logging_mixin.py:149} INFO - [2023-06-14T13:27:24.560+0000] {dag.py:2747} INFO - Creating ORM DAG for tutorial_taskflow_api
[2023-06-14T13:27:24.572+0000] {logging_mixin.py:149} INFO - [2023-06-14T13:27:24.572+0000] {dag.py:3490} INFO - Setting next_dagrun for tutorial_taskflow_api to None, run_after=None
[2023-06-14T13:27:24.593+0000] {processor.py:179} INFO - Processing /home/airflow/.local/lib/python3.7/site-packages/airflow/example_dags/tutorial_taskflow_api.py took 0.580 seconds
[2023-06-14T13:27:55.231+0000] {processor.py:157} INFO - Started process (PID=107) to work on /home/airflow/.local/lib/python3.7/site-packages/airflow/example_dags/tutorial_taskflow_api.py
[2023-06-14T13:27:55.234+0000] {processor.py:826} INFO - Processing file /home/airflow/.local/lib/python3.7/site-packages/airflow/example_dags/tutorial_taskflow_api.py for tasks to queue
[2023-06-14T13:27:55.236+0000] {logging_mixin.py:149} INFO - [2023-06-14T13:27:55.236+0000] {dagbag.py:541} INFO - Filling up the DagBag from /home/airflow/.local/lib/python3.7/site-packages/airflow/example_dags/tutorial_taskflow_api.py
[2023-06-14T13:27:55.246+0000] {processor.py:836} INFO - DAG(s) dict_keys(['tutorial_taskflow_api']) retrieved from /home/airflow/.local/lib/python3.7/site-packages/airflow/example_dags/tutorial_taskflow_api.py
[2023-06-14T13:27:55.287+0000] {logging_mixin.py:149} INFO - [2023-06-14T13:27:55.287+0000] {dag.py:2726} INFO - Sync 1 DAGs
[2023-06-14T13:27:55.312+0000] {logging_mixin.py:149} INFO - [2023-06-14T13:27:55.311+0000] {dag.py:3490} INFO - Setting next_dagrun for tutorial_taskflow_api to None, run_after=None
[2023-06-14T13:27:55.349+0000] {processor.py:179} INFO - Processing /home/airflow/.local/lib/python3.7/site-packages/airflow/example_dags/tutorial_taskflow_api.py took 0.123 seconds
[2023-06-14T13:28:25.906+0000] {processor.py:157} INFO - Started process (PID=163) to work on /home/airflow/.local/lib/python3.7/site-packages/airflow/example_dags/tutorial_taskflow_api.py
[2023-06-14T13:28:25.908+0000] {processor.py:826} INFO - Processing file /home/airflow/.local/lib/python3.7/site-packages/airflow/example_dags/tutorial_taskflow_api.py for tasks to queue
[2023-06-14T13:28:25.909+0000] {logging_mixin.py:149} INFO - [2023-06-14T13:28:25.909+0000] {dagbag.py:541} INFO - Filling up the DagBag from /home/airflow/.local/lib/python3.7/site-packages/airflow/example_dags/tutorial_taskflow_api.py
[2023-06-14T13:28:25.917+0000] {processor.py:836} INFO - DAG(s) dict_keys(['tutorial_taskflow_api']) retrieved from /home/airflow/.local/lib/python3.7/site-packages/airflow/example_dags/tutorial_taskflow_api.py
[2023-06-14T13:28:25.943+0000] {logging_mixin.py:149} INFO - [2023-06-14T13:28:25.943+0000] {dag.py:2726} INFO - Sync 1 DAGs
[2023-06-14T13:28:25.959+0000] {logging_mixin.py:149} INFO - [2023-06-14T13:28:25.959+0000] {dag.py:3490} INFO - Setting next_dagrun for tutorial_taskflow_api to None, run_after=None
[2023-06-14T13:28:25.972+0000] {processor.py:179} INFO - Processing /home/airflow/.local/lib/python3.7/site-packages/airflow/example_dags/tutorial_taskflow_api.py took 0.070 seconds
[2023-06-14T13:28:56.440+0000] {processor.py:157} INFO - Started process (PID=219) to work on /home/airflow/.local/lib/python3.7/site-packages/airflow/example_dags/tutorial_taskflow_api.py
[2023-06-14T13:28:56.442+0000] {processor.py:826} INFO - Processing file /home/airflow/.local/lib/python3.7/site-packages/airflow/example_dags/tutorial_taskflow_api.py for tasks to queue
[2023-06-14T13:28:56.443+0000] {logging_mixin.py:149} INFO - [2023-06-14T13:28:56.443+0000] {dagbag.py:541} INFO - Filling up the DagBag from /home/airflow/.local/lib/python3.7/site-packages/airflow/example_dags/tutorial_taskflow_api.py
[2023-06-14T13:28:56.450+0000] {processor.py:836} INFO - DAG(s) dict_keys(['tutorial_taskflow_api']) retrieved from /home/airflow/.local/lib/python3.7/site-packages/airflow/example_dags/tutorial_taskflow_api.py
[2023-06-14T13:28:56.473+0000] {logging_mixin.py:149} INFO - [2023-06-14T13:28:56.473+0000] {dag.py:2726} INFO - Sync 1 DAGs
[2023-06-14T13:28:56.489+0000] {logging_mixin.py:149} INFO - [2023-06-14T13:28:56.489+0000] {dag.py:3490} INFO - Setting next_dagrun for tutorial_taskflow_api to None, run_after=None
[2023-06-14T13:28:56.500+0000] {processor.py:179} INFO - Processing /home/airflow/.local/lib/python3.7/site-packages/airflow/example_dags/tutorial_taskflow_api.py took 0.064 seconds
[2023-06-14T13:29:26.752+0000] {processor.py:157} INFO - Started process (PID=275) to work on /home/airflow/.local/lib/python3.7/site-packages/airflow/example_dags/tutorial_taskflow_api.py
[2023-06-14T13:29:26.753+0000] {processor.py:826} INFO - Processing file /home/airflow/.local/lib/python3.7/site-packages/airflow/example_dags/tutorial_taskflow_api.py for tasks to queue
[2023-06-14T13:29:26.754+0000] {logging_mixin.py:149} INFO - [2023-06-14T13:29:26.754+0000] {dagbag.py:541} INFO - Filling up the DagBag from /home/airflow/.local/lib/python3.7/site-packages/airflow/example_dags/tutorial_taskflow_api.py
[2023-06-14T13:29:26.762+0000] {processor.py:836} INFO - DAG(s) dict_keys(['tutorial_taskflow_api']) retrieved from /home/airflow/.local/lib/python3.7/site-packages/airflow/example_dags/tutorial_taskflow_api.py
[2023-06-14T13:29:26.788+0000] {logging_mixin.py:149} INFO - [2023-06-14T13:29:26.788+0000] {dag.py:2726} INFO - Sync 1 DAGs
[2023-06-14T13:29:26.804+0000] {logging_mixin.py:149} INFO - [2023-06-14T13:29:26.804+0000] {dag.py:3490} INFO - Setting next_dagrun for tutorial_taskflow_api to None, run_after=None
[2023-06-14T13:29:26.814+0000] {processor.py:179} INFO - Processing /home/airflow/.local/lib/python3.7/site-packages/airflow/example_dags/tutorial_taskflow_api.py took 0.067 seconds
[2023-06-14T13:29:56.920+0000] {processor.py:157} INFO - Started process (PID=331) to work on /home/airflow/.local/lib/python3.7/site-packages/airflow/example_dags/tutorial_taskflow_api.py
[2023-06-14T13:29:56.922+0000] {processor.py:826} INFO - Processing file /home/airflow/.local/lib/python3.7/site-packages/airflow/example_dags/tutorial_taskflow_api.py for tasks to queue
[2023-06-14T13:29:56.923+0000] {logging_mixin.py:149} INFO - [2023-06-14T13:29:56.923+0000] {dagbag.py:541} INFO - Filling up the DagBag from /home/airflow/.local/lib/python3.7/site-packages/airflow/example_dags/tutorial_taskflow_api.py
[2023-06-14T13:29:56.931+0000] {processor.py:836} INFO - DAG(s) dict_keys(['tutorial_taskflow_api']) retrieved from /home/airflow/.local/lib/python3.7/site-packages/airflow/example_dags/tutorial_taskflow_api.py
[2023-06-14T13:29:56.953+0000] {logging_mixin.py:149} INFO - [2023-06-14T13:29:56.953+0000] {dag.py:2726} INFO - Sync 1 DAGs
[2023-06-14T13:29:56.977+0000] {logging_mixin.py:149} INFO - [2023-06-14T13:29:56.977+0000] {dag.py:3490} INFO - Setting next_dagrun for tutorial_taskflow_api to None, run_after=None
[2023-06-14T13:29:56.992+0000] {processor.py:179} INFO - Processing /home/airflow/.local/lib/python3.7/site-packages/airflow/example_dags/tutorial_taskflow_api.py took 0.077 seconds
[2023-06-14T13:30:27.601+0000] {processor.py:157} INFO - Started process (PID=387) to work on /home/airflow/.local/lib/python3.7/site-packages/airflow/example_dags/tutorial_taskflow_api.py
[2023-06-14T13:30:27.602+0000] {processor.py:826} INFO - Processing file /home/airflow/.local/lib/python3.7/site-packages/airflow/example_dags/tutorial_taskflow_api.py for tasks to queue
[2023-06-14T13:30:27.603+0000] {logging_mixin.py:149} INFO - [2023-06-14T13:30:27.603+0000] {dagbag.py:541} INFO - Filling up the DagBag from /home/airflow/.local/lib/python3.7/site-packages/airflow/example_dags/tutorial_taskflow_api.py
[2023-06-14T13:30:27.609+0000] {processor.py:836} INFO - DAG(s) dict_keys(['tutorial_taskflow_api']) retrieved from /home/airflow/.local/lib/python3.7/site-packages/airflow/example_dags/tutorial_taskflow_api.py
[2023-06-14T13:30:27.629+0000] {logging_mixin.py:149} INFO - [2023-06-14T13:30:27.629+0000] {dag.py:2726} INFO - Sync 1 DAGs
[2023-06-14T13:30:27.646+0000] {logging_mixin.py:149} INFO - [2023-06-14T13:30:27.646+0000] {dag.py:3490} INFO - Setting next_dagrun for tutorial_taskflow_api to None, run_after=None
[2023-06-14T13:30:27.658+0000] {processor.py:179} INFO - Processing /home/airflow/.local/lib/python3.7/site-packages/airflow/example_dags/tutorial_taskflow_api.py took 0.061 seconds
[2023-06-14T13:30:58.442+0000] {processor.py:157} INFO - Started process (PID=443) to work on /home/airflow/.local/lib/python3.7/site-packages/airflow/example_dags/tutorial_taskflow_api.py
[2023-06-14T13:30:58.443+0000] {processor.py:826} INFO - Processing file /home/airflow/.local/lib/python3.7/site-packages/airflow/example_dags/tutorial_taskflow_api.py for tasks to queue
[2023-06-14T13:30:58.444+0000] {logging_mixin.py:149} INFO - [2023-06-14T13:30:58.444+0000] {dagbag.py:541} INFO - Filling up the DagBag from /home/airflow/.local/lib/python3.7/site-packages/airflow/example_dags/tutorial_taskflow_api.py
[2023-06-14T13:30:58.451+0000] {processor.py:836} INFO - DAG(s) dict_keys(['tutorial_taskflow_api']) retrieved from /home/airflow/.local/lib/python3.7/site-packages/airflow/example_dags/tutorial_taskflow_api.py
[2023-06-14T13:30:58.479+0000] {logging_mixin.py:149} INFO - [2023-06-14T13:30:58.479+0000] {dag.py:2726} INFO - Sync 1 DAGs
[2023-06-14T13:30:58.499+0000] {logging_mixin.py:149} INFO - [2023-06-14T13:30:58.499+0000] {dag.py:3490} INFO - Setting next_dagrun for tutorial_taskflow_api to None, run_after=None
[2023-06-14T13:30:58.513+0000] {processor.py:179} INFO - Processing /home/airflow/.local/lib/python3.7/site-packages/airflow/example_dags/tutorial_taskflow_api.py took 0.074 seconds
[2023-06-14T13:31:29.116+0000] {processor.py:157} INFO - Started process (PID=499) to work on /home/airflow/.local/lib/python3.7/site-packages/airflow/example_dags/tutorial_taskflow_api.py
[2023-06-14T13:31:29.118+0000] {processor.py:826} INFO - Processing file /home/airflow/.local/lib/python3.7/site-packages/airflow/example_dags/tutorial_taskflow_api.py for tasks to queue
[2023-06-14T13:31:29.119+0000] {logging_mixin.py:149} INFO - [2023-06-14T13:31:29.119+0000] {dagbag.py:541} INFO - Filling up the DagBag from /home/airflow/.local/lib/python3.7/site-packages/airflow/example_dags/tutorial_taskflow_api.py
[2023-06-14T13:31:29.126+0000] {processor.py:836} INFO - DAG(s) dict_keys(['tutorial_taskflow_api']) retrieved from /home/airflow/.local/lib/python3.7/site-packages/airflow/example_dags/tutorial_taskflow_api.py
[2023-06-14T13:31:29.150+0000] {logging_mixin.py:149} INFO - [2023-06-14T13:31:29.150+0000] {dag.py:2726} INFO - Sync 1 DAGs
[2023-06-14T13:31:29.167+0000] {logging_mixin.py:149} INFO - [2023-06-14T13:31:29.167+0000] {dag.py:3490} INFO - Setting next_dagrun for tutorial_taskflow_api to None, run_after=None
[2023-06-14T13:31:29.179+0000] {processor.py:179} INFO - Processing /home/airflow/.local/lib/python3.7/site-packages/airflow/example_dags/tutorial_taskflow_api.py took 0.067 seconds
[2023-06-14T13:31:59.676+0000] {processor.py:157} INFO - Started process (PID=556) to work on /home/airflow/.local/lib/python3.7/site-packages/airflow/example_dags/tutorial_taskflow_api.py
[2023-06-14T13:31:59.678+0000] {processor.py:826} INFO - Processing file /home/airflow/.local/lib/python3.7/site-packages/airflow/example_dags/tutorial_taskflow_api.py for tasks to queue
[2023-06-14T13:31:59.679+0000] {logging_mixin.py:149} INFO - [2023-06-14T13:31:59.679+0000] {dagbag.py:541} INFO - Filling up the DagBag from /home/airflow/.local/lib/python3.7/site-packages/airflow/example_dags/tutorial_taskflow_api.py
[2023-06-14T13:31:59.686+0000] {processor.py:836} INFO - DAG(s) dict_keys(['tutorial_taskflow_api']) retrieved from /home/airflow/.local/lib/python3.7/site-packages/airflow/example_dags/tutorial_taskflow_api.py
[2023-06-14T13:31:59.712+0000] {logging_mixin.py:149} INFO - [2023-06-14T13:31:59.712+0000] {dag.py:2726} INFO - Sync 1 DAGs
[2023-06-14T13:31:59.739+0000] {logging_mixin.py:149} INFO - [2023-06-14T13:31:59.738+0000] {dag.py:3490} INFO - Setting next_dagrun for tutorial_taskflow_api to None, run_after=None
[2023-06-14T13:31:59.770+0000] {processor.py:179} INFO - Processing /home/airflow/.local/lib/python3.7/site-packages/airflow/example_dags/tutorial_taskflow_api.py took 0.097 seconds
[2023-06-14T13:32:29.838+0000] {processor.py:157} INFO - Started process (PID=614) to work on /home/airflow/.local/lib/python3.7/site-packages/airflow/example_dags/tutorial_taskflow_api.py
[2023-06-14T13:32:29.840+0000] {processor.py:826} INFO - Processing file /home/airflow/.local/lib/python3.7/site-packages/airflow/example_dags/tutorial_taskflow_api.py for tasks to queue
[2023-06-14T13:32:29.843+0000] {logging_mixin.py:149} INFO - [2023-06-14T13:32:29.843+0000] {dagbag.py:541} INFO - Filling up the DagBag from /home/airflow/.local/lib/python3.7/site-packages/airflow/example_dags/tutorial_taskflow_api.py
[2023-06-14T13:32:29.850+0000] {processor.py:836} INFO - DAG(s) dict_keys(['tutorial_taskflow_api']) retrieved from /home/airflow/.local/lib/python3.7/site-packages/airflow/example_dags/tutorial_taskflow_api.py
[2023-06-14T13:32:29.872+0000] {logging_mixin.py:149} INFO - [2023-06-14T13:32:29.872+0000] {dag.py:2726} INFO - Sync 1 DAGs
[2023-06-14T13:32:29.889+0000] {logging_mixin.py:149} INFO - [2023-06-14T13:32:29.889+0000] {dag.py:3490} INFO - Setting next_dagrun for tutorial_taskflow_api to None, run_after=None
[2023-06-14T13:32:29.902+0000] {processor.py:179} INFO - Processing /home/airflow/.local/lib/python3.7/site-packages/airflow/example_dags/tutorial_taskflow_api.py took 0.068 seconds
[2023-06-14T13:33:00.335+0000] {processor.py:157} INFO - Started process (PID=671) to work on /home/airflow/.local/lib/python3.7/site-packages/airflow/example_dags/tutorial_taskflow_api.py
[2023-06-14T13:33:00.337+0000] {processor.py:826} INFO - Processing file /home/airflow/.local/lib/python3.7/site-packages/airflow/example_dags/tutorial_taskflow_api.py for tasks to queue
[2023-06-14T13:33:00.338+0000] {logging_mixin.py:149} INFO - [2023-06-14T13:33:00.338+0000] {dagbag.py:541} INFO - Filling up the DagBag from /home/airflow/.local/lib/python3.7/site-packages/airflow/example_dags/tutorial_taskflow_api.py
[2023-06-14T13:33:00.346+0000] {processor.py:836} INFO - DAG(s) dict_keys(['tutorial_taskflow_api']) retrieved from /home/airflow/.local/lib/python3.7/site-packages/airflow/example_dags/tutorial_taskflow_api.py
[2023-06-14T13:33:00.368+0000] {logging_mixin.py:149} INFO - [2023-06-14T13:33:00.368+0000] {dag.py:2726} INFO - Sync 1 DAGs
[2023-06-14T13:33:00.385+0000] {logging_mixin.py:149} INFO - [2023-06-14T13:33:00.384+0000] {dag.py:3490} INFO - Setting next_dagrun for tutorial_taskflow_api to None, run_after=None
[2023-06-14T13:33:00.396+0000] {processor.py:179} INFO - Processing /home/airflow/.local/lib/python3.7/site-packages/airflow/example_dags/tutorial_taskflow_api.py took 0.065 seconds
[2023-06-14T13:33:30.721+0000] {processor.py:157} INFO - Started process (PID=728) to work on /home/airflow/.local/lib/python3.7/site-packages/airflow/example_dags/tutorial_taskflow_api.py
[2023-06-14T13:33:30.722+0000] {processor.py:826} INFO - Processing file /home/airflow/.local/lib/python3.7/site-packages/airflow/example_dags/tutorial_taskflow_api.py for tasks to queue
[2023-06-14T13:33:30.723+0000] {logging_mixin.py:149} INFO - [2023-06-14T13:33:30.723+0000] {dagbag.py:541} INFO - Filling up the DagBag from /home/airflow/.local/lib/python3.7/site-packages/airflow/example_dags/tutorial_taskflow_api.py
[2023-06-14T13:33:30.730+0000] {processor.py:836} INFO - DAG(s) dict_keys(['tutorial_taskflow_api']) retrieved from /home/airflow/.local/lib/python3.7/site-packages/airflow/example_dags/tutorial_taskflow_api.py
[2023-06-14T13:33:30.749+0000] {logging_mixin.py:149} INFO - [2023-06-14T13:33:30.749+0000] {dag.py:2726} INFO - Sync 1 DAGs
[2023-06-14T13:33:30.764+0000] {logging_mixin.py:149} INFO - [2023-06-14T13:33:30.764+0000] {dag.py:3490} INFO - Setting next_dagrun for tutorial_taskflow_api to None, run_after=None
[2023-06-14T13:33:30.776+0000] {processor.py:179} INFO - Processing /home/airflow/.local/lib/python3.7/site-packages/airflow/example_dags/tutorial_taskflow_api.py took 0.057 seconds
[2023-06-14T13:34:01.216+0000] {processor.py:157} INFO - Started process (PID=785) to work on /home/airflow/.local/lib/python3.7/site-packages/airflow/example_dags/tutorial_taskflow_api.py
[2023-06-14T13:34:01.219+0000] {processor.py:826} INFO - Processing file /home/airflow/.local/lib/python3.7/site-packages/airflow/example_dags/tutorial_taskflow_api.py for tasks to queue
[2023-06-14T13:34:01.220+0000] {logging_mixin.py:149} INFO - [2023-06-14T13:34:01.220+0000] {dagbag.py:541} INFO - Filling up the DagBag from /home/airflow/.local/lib/python3.7/site-packages/airflow/example_dags/tutorial_taskflow_api.py
[2023-06-14T13:34:01.230+0000] {processor.py:836} INFO - DAG(s) dict_keys(['tutorial_taskflow_api']) retrieved from /home/airflow/.local/lib/python3.7/site-packages/airflow/example_dags/tutorial_taskflow_api.py
[2023-06-14T13:34:01.257+0000] {logging_mixin.py:149} INFO - [2023-06-14T13:34:01.257+0000] {dag.py:2726} INFO - Sync 1 DAGs
[2023-06-14T13:34:01.274+0000] {logging_mixin.py:149} INFO - [2023-06-14T13:34:01.274+0000] {dag.py:3490} INFO - Setting next_dagrun for tutorial_taskflow_api to None, run_after=None
[2023-06-14T13:34:01.287+0000] {processor.py:179} INFO - Processing /home/airflow/.local/lib/python3.7/site-packages/airflow/example_dags/tutorial_taskflow_api.py took 0.076 seconds
[2023-06-14T13:34:32.015+0000] {processor.py:157} INFO - Started process (PID=842) to work on /home/airflow/.local/lib/python3.7/site-packages/airflow/example_dags/tutorial_taskflow_api.py
[2023-06-14T13:34:32.017+0000] {processor.py:826} INFO - Processing file /home/airflow/.local/lib/python3.7/site-packages/airflow/example_dags/tutorial_taskflow_api.py for tasks to queue
[2023-06-14T13:34:32.018+0000] {logging_mixin.py:149} INFO - [2023-06-14T13:34:32.018+0000] {dagbag.py:541} INFO - Filling up the DagBag from /home/airflow/.local/lib/python3.7/site-packages/airflow/example_dags/tutorial_taskflow_api.py
[2023-06-14T13:34:32.027+0000] {processor.py:836} INFO - DAG(s) dict_keys(['tutorial_taskflow_api']) retrieved from /home/airflow/.local/lib/python3.7/site-packages/airflow/example_dags/tutorial_taskflow_api.py
[2023-06-14T13:34:32.051+0000] {logging_mixin.py:149} INFO - [2023-06-14T13:34:32.050+0000] {dag.py:2726} INFO - Sync 1 DAGs
[2023-06-14T13:34:32.068+0000] {logging_mixin.py:149} INFO - [2023-06-14T13:34:32.068+0000] {dag.py:3490} INFO - Setting next_dagrun for tutorial_taskflow_api to None, run_after=None
[2023-06-14T13:34:32.084+0000] {processor.py:179} INFO - Processing /home/airflow/.local/lib/python3.7/site-packages/airflow/example_dags/tutorial_taskflow_api.py took 0.073 seconds
[2023-06-14T13:35:02.571+0000] {processor.py:157} INFO - Started process (PID=899) to work on /home/airflow/.local/lib/python3.7/site-packages/airflow/example_dags/tutorial_taskflow_api.py
[2023-06-14T13:35:02.573+0000] {processor.py:826} INFO - Processing file /home/airflow/.local/lib/python3.7/site-packages/airflow/example_dags/tutorial_taskflow_api.py for tasks to queue
[2023-06-14T13:35:02.574+0000] {logging_mixin.py:149} INFO - [2023-06-14T13:35:02.574+0000] {dagbag.py:541} INFO - Filling up the DagBag from /home/airflow/.local/lib/python3.7/site-packages/airflow/example_dags/tutorial_taskflow_api.py
[2023-06-14T13:35:02.581+0000] {processor.py:836} INFO - DAG(s) dict_keys(['tutorial_taskflow_api']) retrieved from /home/airflow/.local/lib/python3.7/site-packages/airflow/example_dags/tutorial_taskflow_api.py
[2023-06-14T13:35:02.604+0000] {logging_mixin.py:149} INFO - [2023-06-14T13:35:02.604+0000] {dag.py:2726} INFO - Sync 1 DAGs
[2023-06-14T13:35:02.620+0000] {logging_mixin.py:149} INFO - [2023-06-14T13:35:02.620+0000] {dag.py:3490} INFO - Setting next_dagrun for tutorial_taskflow_api to None, run_after=None
[2023-06-14T13:35:02.631+0000] {processor.py:179} INFO - Processing /home/airflow/.local/lib/python3.7/site-packages/airflow/example_dags/tutorial_taskflow_api.py took 0.065 seconds
