[2023-06-14T13:27:21.712+0000] {processor.py:157} INFO - Started process (PID=46) to work on /home/airflow/.local/lib/python3.7/site-packages/airflow/example_dags/tutorial.py
[2023-06-14T13:27:21.745+0000] {processor.py:826} INFO - Processing file /home/airflow/.local/lib/python3.7/site-packages/airflow/example_dags/tutorial.py for tasks to queue
[2023-06-14T13:27:21.750+0000] {logging_mixin.py:149} INFO - [2023-06-14T13:27:21.750+0000] {dagbag.py:541} INFO - Filling up the DagBag from /home/airflow/.local/lib/python3.7/site-packages/airflow/example_dags/tutorial.py
[2023-06-14T13:27:21.777+0000] {processor.py:836} INFO - DAG(s) dict_keys(['tutorial']) retrieved from /home/airflow/.local/lib/python3.7/site-packages/airflow/example_dags/tutorial.py
[2023-06-14T13:27:22.267+0000] {logging_mixin.py:149} INFO - [2023-06-14T13:27:22.267+0000] {manager.py:504} INFO - Created Permission View: can edit on DAG:tutorial
[2023-06-14T13:27:22.311+0000] {logging_mixin.py:149} INFO - [2023-06-14T13:27:22.310+0000] {manager.py:504} INFO - Created Permission View: can read on DAG:tutorial
[2023-06-14T13:27:22.348+0000] {logging_mixin.py:149} INFO - [2023-06-14T13:27:22.348+0000] {manager.py:504} INFO - Created Permission View: can delete on DAG:tutorial
[2023-06-14T13:27:22.351+0000] {logging_mixin.py:149} INFO - [2023-06-14T13:27:22.351+0000] {dag.py:2726} INFO - Sync 1 DAGs
[2023-06-14T13:27:22.539+0000] {logging_mixin.py:149} INFO - [2023-06-14T13:27:22.536+0000] {dag.py:2747} INFO - Creating ORM DAG for tutorial
[2023-06-14T13:27:22.574+0000] {logging_mixin.py:149} INFO - [2023-06-14T13:27:22.574+0000] {dag.py:3490} INFO - Setting next_dagrun for tutorial to 2023-06-13T13:27:22.573823+00:00, run_after=2023-06-14T13:27:22.573823+00:00
[2023-06-14T13:27:22.714+0000] {processor.py:179} INFO - Processing /home/airflow/.local/lib/python3.7/site-packages/airflow/example_dags/tutorial.py took 1.087 seconds
[2023-06-14T13:27:52.953+0000] {processor.py:157} INFO - Started process (PID=103) to work on /home/airflow/.local/lib/python3.7/site-packages/airflow/example_dags/tutorial.py
[2023-06-14T13:27:52.957+0000] {processor.py:826} INFO - Processing file /home/airflow/.local/lib/python3.7/site-packages/airflow/example_dags/tutorial.py for tasks to queue
[2023-06-14T13:27:52.960+0000] {logging_mixin.py:149} INFO - [2023-06-14T13:27:52.960+0000] {dagbag.py:541} INFO - Filling up the DagBag from /home/airflow/.local/lib/python3.7/site-packages/airflow/example_dags/tutorial.py
[2023-06-14T13:27:52.975+0000] {processor.py:836} INFO - DAG(s) dict_keys(['tutorial']) retrieved from /home/airflow/.local/lib/python3.7/site-packages/airflow/example_dags/tutorial.py
[2023-06-14T13:27:53.022+0000] {logging_mixin.py:149} INFO - [2023-06-14T13:27:53.022+0000] {dag.py:2726} INFO - Sync 1 DAGs
[2023-06-14T13:27:53.070+0000] {logging_mixin.py:149} INFO - [2023-06-14T13:27:53.070+0000] {dag.py:3490} INFO - Setting next_dagrun for tutorial to 2023-06-13T13:27:53.069810+00:00, run_after=2023-06-14T13:27:53.069810+00:00
[2023-06-14T13:27:53.117+0000] {processor.py:179} INFO - Processing /home/airflow/.local/lib/python3.7/site-packages/airflow/example_dags/tutorial.py took 0.172 seconds
[2023-06-14T13:28:23.495+0000] {processor.py:157} INFO - Started process (PID=159) to work on /home/airflow/.local/lib/python3.7/site-packages/airflow/example_dags/tutorial.py
[2023-06-14T13:28:23.500+0000] {processor.py:826} INFO - Processing file /home/airflow/.local/lib/python3.7/site-packages/airflow/example_dags/tutorial.py for tasks to queue
[2023-06-14T13:28:23.507+0000] {logging_mixin.py:149} INFO - [2023-06-14T13:28:23.507+0000] {dagbag.py:541} INFO - Filling up the DagBag from /home/airflow/.local/lib/python3.7/site-packages/airflow/example_dags/tutorial.py
[2023-06-14T13:28:23.514+0000] {processor.py:836} INFO - DAG(s) dict_keys(['tutorial']) retrieved from /home/airflow/.local/lib/python3.7/site-packages/airflow/example_dags/tutorial.py
[2023-06-14T13:28:23.577+0000] {logging_mixin.py:149} INFO - [2023-06-14T13:28:23.577+0000] {dag.py:2726} INFO - Sync 1 DAGs
[2023-06-14T13:28:23.614+0000] {logging_mixin.py:149} INFO - [2023-06-14T13:28:23.614+0000] {dag.py:3490} INFO - Setting next_dagrun for tutorial to 2023-06-13T13:28:23.613869+00:00, run_after=2023-06-14T13:28:23.613869+00:00
[2023-06-14T13:28:23.656+0000] {processor.py:179} INFO - Processing /home/airflow/.local/lib/python3.7/site-packages/airflow/example_dags/tutorial.py took 0.168 seconds
[2023-06-14T13:28:54.241+0000] {processor.py:157} INFO - Started process (PID=215) to work on /home/airflow/.local/lib/python3.7/site-packages/airflow/example_dags/tutorial.py
[2023-06-14T13:28:54.243+0000] {processor.py:826} INFO - Processing file /home/airflow/.local/lib/python3.7/site-packages/airflow/example_dags/tutorial.py for tasks to queue
[2023-06-14T13:28:54.244+0000] {logging_mixin.py:149} INFO - [2023-06-14T13:28:54.244+0000] {dagbag.py:541} INFO - Filling up the DagBag from /home/airflow/.local/lib/python3.7/site-packages/airflow/example_dags/tutorial.py
[2023-06-14T13:28:54.255+0000] {processor.py:836} INFO - DAG(s) dict_keys(['tutorial']) retrieved from /home/airflow/.local/lib/python3.7/site-packages/airflow/example_dags/tutorial.py
[2023-06-14T13:28:54.284+0000] {logging_mixin.py:149} INFO - [2023-06-14T13:28:54.284+0000] {dag.py:2726} INFO - Sync 1 DAGs
[2023-06-14T13:28:54.303+0000] {logging_mixin.py:149} INFO - [2023-06-14T13:28:54.303+0000] {dag.py:3490} INFO - Setting next_dagrun for tutorial to 2023-06-13T13:28:54.302890+00:00, run_after=2023-06-14T13:28:54.302890+00:00
[2023-06-14T13:28:54.317+0000] {processor.py:179} INFO - Processing /home/airflow/.local/lib/python3.7/site-packages/airflow/example_dags/tutorial.py took 0.081 seconds
[2023-06-14T13:29:24.546+0000] {processor.py:157} INFO - Started process (PID=271) to work on /home/airflow/.local/lib/python3.7/site-packages/airflow/example_dags/tutorial.py
[2023-06-14T13:29:24.548+0000] {processor.py:826} INFO - Processing file /home/airflow/.local/lib/python3.7/site-packages/airflow/example_dags/tutorial.py for tasks to queue
[2023-06-14T13:29:24.549+0000] {logging_mixin.py:149} INFO - [2023-06-14T13:29:24.549+0000] {dagbag.py:541} INFO - Filling up the DagBag from /home/airflow/.local/lib/python3.7/site-packages/airflow/example_dags/tutorial.py
[2023-06-14T13:29:24.558+0000] {processor.py:836} INFO - DAG(s) dict_keys(['tutorial']) retrieved from /home/airflow/.local/lib/python3.7/site-packages/airflow/example_dags/tutorial.py
[2023-06-14T13:29:24.580+0000] {logging_mixin.py:149} INFO - [2023-06-14T13:29:24.579+0000] {dag.py:2726} INFO - Sync 1 DAGs
[2023-06-14T13:29:24.596+0000] {logging_mixin.py:149} INFO - [2023-06-14T13:29:24.596+0000] {dag.py:3490} INFO - Setting next_dagrun for tutorial to 2023-06-13T13:29:24.595902+00:00, run_after=2023-06-14T13:29:24.595902+00:00
[2023-06-14T13:29:24.607+0000] {processor.py:179} INFO - Processing /home/airflow/.local/lib/python3.7/site-packages/airflow/example_dags/tutorial.py took 0.067 seconds
[2023-06-14T13:29:54.682+0000] {processor.py:157} INFO - Started process (PID=327) to work on /home/airflow/.local/lib/python3.7/site-packages/airflow/example_dags/tutorial.py
[2023-06-14T13:29:54.684+0000] {processor.py:826} INFO - Processing file /home/airflow/.local/lib/python3.7/site-packages/airflow/example_dags/tutorial.py for tasks to queue
[2023-06-14T13:29:54.685+0000] {logging_mixin.py:149} INFO - [2023-06-14T13:29:54.685+0000] {dagbag.py:541} INFO - Filling up the DagBag from /home/airflow/.local/lib/python3.7/site-packages/airflow/example_dags/tutorial.py
[2023-06-14T13:29:54.694+0000] {processor.py:836} INFO - DAG(s) dict_keys(['tutorial']) retrieved from /home/airflow/.local/lib/python3.7/site-packages/airflow/example_dags/tutorial.py
[2023-06-14T13:29:54.716+0000] {logging_mixin.py:149} INFO - [2023-06-14T13:29:54.716+0000] {dag.py:2726} INFO - Sync 1 DAGs
[2023-06-14T13:29:54.732+0000] {logging_mixin.py:149} INFO - [2023-06-14T13:29:54.732+0000] {dag.py:3490} INFO - Setting next_dagrun for tutorial to 2023-06-13T13:29:54.731994+00:00, run_after=2023-06-14T13:29:54.731994+00:00
[2023-06-14T13:29:54.744+0000] {processor.py:179} INFO - Processing /home/airflow/.local/lib/python3.7/site-packages/airflow/example_dags/tutorial.py took 0.067 seconds
[2023-06-14T13:30:25.402+0000] {processor.py:157} INFO - Started process (PID=383) to work on /home/airflow/.local/lib/python3.7/site-packages/airflow/example_dags/tutorial.py
[2023-06-14T13:30:25.404+0000] {processor.py:826} INFO - Processing file /home/airflow/.local/lib/python3.7/site-packages/airflow/example_dags/tutorial.py for tasks to queue
[2023-06-14T13:30:25.406+0000] {logging_mixin.py:149} INFO - [2023-06-14T13:30:25.406+0000] {dagbag.py:541} INFO - Filling up the DagBag from /home/airflow/.local/lib/python3.7/site-packages/airflow/example_dags/tutorial.py
[2023-06-14T13:30:25.415+0000] {processor.py:836} INFO - DAG(s) dict_keys(['tutorial']) retrieved from /home/airflow/.local/lib/python3.7/site-packages/airflow/example_dags/tutorial.py
[2023-06-14T13:30:25.437+0000] {logging_mixin.py:149} INFO - [2023-06-14T13:30:25.437+0000] {dag.py:2726} INFO - Sync 1 DAGs
[2023-06-14T13:30:25.453+0000] {logging_mixin.py:149} INFO - [2023-06-14T13:30:25.452+0000] {dag.py:3490} INFO - Setting next_dagrun for tutorial to 2023-06-13T13:30:25.452624+00:00, run_after=2023-06-14T13:30:25.452624+00:00
[2023-06-14T13:30:25.465+0000] {processor.py:179} INFO - Processing /home/airflow/.local/lib/python3.7/site-packages/airflow/example_dags/tutorial.py took 0.068 seconds
[2023-06-14T13:30:56.065+0000] {processor.py:157} INFO - Started process (PID=439) to work on /home/airflow/.local/lib/python3.7/site-packages/airflow/example_dags/tutorial.py
[2023-06-14T13:30:56.069+0000] {processor.py:826} INFO - Processing file /home/airflow/.local/lib/python3.7/site-packages/airflow/example_dags/tutorial.py for tasks to queue
[2023-06-14T13:30:56.071+0000] {logging_mixin.py:149} INFO - [2023-06-14T13:30:56.071+0000] {dagbag.py:541} INFO - Filling up the DagBag from /home/airflow/.local/lib/python3.7/site-packages/airflow/example_dags/tutorial.py
[2023-06-14T13:30:56.090+0000] {processor.py:836} INFO - DAG(s) dict_keys(['tutorial']) retrieved from /home/airflow/.local/lib/python3.7/site-packages/airflow/example_dags/tutorial.py
[2023-06-14T13:30:56.153+0000] {logging_mixin.py:149} INFO - [2023-06-14T13:30:56.153+0000] {dag.py:2726} INFO - Sync 1 DAGs
[2023-06-14T13:30:56.178+0000] {logging_mixin.py:149} INFO - [2023-06-14T13:30:56.178+0000] {dag.py:3490} INFO - Setting next_dagrun for tutorial to 2023-06-13T13:30:56.178073+00:00, run_after=2023-06-14T13:30:56.178073+00:00
[2023-06-14T13:30:56.200+0000] {processor.py:179} INFO - Processing /home/airflow/.local/lib/python3.7/site-packages/airflow/example_dags/tutorial.py took 0.156 seconds
[2023-06-14T13:31:26.837+0000] {processor.py:157} INFO - Started process (PID=495) to work on /home/airflow/.local/lib/python3.7/site-packages/airflow/example_dags/tutorial.py
[2023-06-14T13:31:26.840+0000] {processor.py:826} INFO - Processing file /home/airflow/.local/lib/python3.7/site-packages/airflow/example_dags/tutorial.py for tasks to queue
[2023-06-14T13:31:26.841+0000] {logging_mixin.py:149} INFO - [2023-06-14T13:31:26.841+0000] {dagbag.py:541} INFO - Filling up the DagBag from /home/airflow/.local/lib/python3.7/site-packages/airflow/example_dags/tutorial.py
[2023-06-14T13:31:26.853+0000] {processor.py:836} INFO - DAG(s) dict_keys(['tutorial']) retrieved from /home/airflow/.local/lib/python3.7/site-packages/airflow/example_dags/tutorial.py
[2023-06-14T13:31:26.879+0000] {logging_mixin.py:149} INFO - [2023-06-14T13:31:26.878+0000] {dag.py:2726} INFO - Sync 1 DAGs
[2023-06-14T13:31:26.897+0000] {logging_mixin.py:149} INFO - [2023-06-14T13:31:26.897+0000] {dag.py:3490} INFO - Setting next_dagrun for tutorial to 2023-06-13T13:31:26.897167+00:00, run_after=2023-06-14T13:31:26.897167+00:00
[2023-06-14T13:31:26.909+0000] {processor.py:179} INFO - Processing /home/airflow/.local/lib/python3.7/site-packages/airflow/example_dags/tutorial.py took 0.077 seconds
[2023-06-14T13:31:57.414+0000] {processor.py:157} INFO - Started process (PID=552) to work on /home/airflow/.local/lib/python3.7/site-packages/airflow/example_dags/tutorial.py
[2023-06-14T13:31:57.416+0000] {processor.py:826} INFO - Processing file /home/airflow/.local/lib/python3.7/site-packages/airflow/example_dags/tutorial.py for tasks to queue
[2023-06-14T13:31:57.417+0000] {logging_mixin.py:149} INFO - [2023-06-14T13:31:57.417+0000] {dagbag.py:541} INFO - Filling up the DagBag from /home/airflow/.local/lib/python3.7/site-packages/airflow/example_dags/tutorial.py
[2023-06-14T13:31:57.423+0000] {processor.py:836} INFO - DAG(s) dict_keys(['tutorial']) retrieved from /home/airflow/.local/lib/python3.7/site-packages/airflow/example_dags/tutorial.py
[2023-06-14T13:31:57.445+0000] {logging_mixin.py:149} INFO - [2023-06-14T13:31:57.444+0000] {dag.py:2726} INFO - Sync 1 DAGs
[2023-06-14T13:31:57.462+0000] {logging_mixin.py:149} INFO - [2023-06-14T13:31:57.461+0000] {dag.py:3490} INFO - Setting next_dagrun for tutorial to 2023-06-13T13:31:57.461716+00:00, run_after=2023-06-14T13:31:57.461716+00:00
[2023-06-14T13:31:57.475+0000] {processor.py:179} INFO - Processing /home/airflow/.local/lib/python3.7/site-packages/airflow/example_dags/tutorial.py took 0.064 seconds
[2023-06-14T13:32:27.616+0000] {processor.py:157} INFO - Started process (PID=610) to work on /home/airflow/.local/lib/python3.7/site-packages/airflow/example_dags/tutorial.py
[2023-06-14T13:32:27.617+0000] {processor.py:826} INFO - Processing file /home/airflow/.local/lib/python3.7/site-packages/airflow/example_dags/tutorial.py for tasks to queue
[2023-06-14T13:32:27.618+0000] {logging_mixin.py:149} INFO - [2023-06-14T13:32:27.618+0000] {dagbag.py:541} INFO - Filling up the DagBag from /home/airflow/.local/lib/python3.7/site-packages/airflow/example_dags/tutorial.py
[2023-06-14T13:32:27.624+0000] {processor.py:836} INFO - DAG(s) dict_keys(['tutorial']) retrieved from /home/airflow/.local/lib/python3.7/site-packages/airflow/example_dags/tutorial.py
[2023-06-14T13:32:27.657+0000] {logging_mixin.py:149} INFO - [2023-06-14T13:32:27.657+0000] {dag.py:2726} INFO - Sync 1 DAGs
[2023-06-14T13:32:27.674+0000] {logging_mixin.py:149} INFO - [2023-06-14T13:32:27.674+0000] {dag.py:3490} INFO - Setting next_dagrun for tutorial to 2023-06-13T13:32:27.674144+00:00, run_after=2023-06-14T13:32:27.674144+00:00
[2023-06-14T13:32:27.690+0000] {processor.py:179} INFO - Processing /home/airflow/.local/lib/python3.7/site-packages/airflow/example_dags/tutorial.py took 0.077 seconds
[2023-06-14T13:32:58.200+0000] {processor.py:157} INFO - Started process (PID=667) to work on /home/airflow/.local/lib/python3.7/site-packages/airflow/example_dags/tutorial.py
[2023-06-14T13:32:58.203+0000] {processor.py:826} INFO - Processing file /home/airflow/.local/lib/python3.7/site-packages/airflow/example_dags/tutorial.py for tasks to queue
[2023-06-14T13:32:58.204+0000] {logging_mixin.py:149} INFO - [2023-06-14T13:32:58.204+0000] {dagbag.py:541} INFO - Filling up the DagBag from /home/airflow/.local/lib/python3.7/site-packages/airflow/example_dags/tutorial.py
[2023-06-14T13:32:58.212+0000] {processor.py:836} INFO - DAG(s) dict_keys(['tutorial']) retrieved from /home/airflow/.local/lib/python3.7/site-packages/airflow/example_dags/tutorial.py
[2023-06-14T13:32:58.234+0000] {logging_mixin.py:149} INFO - [2023-06-14T13:32:58.234+0000] {dag.py:2726} INFO - Sync 1 DAGs
[2023-06-14T13:32:58.249+0000] {logging_mixin.py:149} INFO - [2023-06-14T13:32:58.249+0000] {dag.py:3490} INFO - Setting next_dagrun for tutorial to 2023-06-13T13:32:58.249026+00:00, run_after=2023-06-14T13:32:58.249026+00:00
[2023-06-14T13:32:58.260+0000] {processor.py:179} INFO - Processing /home/airflow/.local/lib/python3.7/site-packages/airflow/example_dags/tutorial.py took 0.067 seconds
[2023-06-14T13:33:28.488+0000] {processor.py:157} INFO - Started process (PID=719) to work on /home/airflow/.local/lib/python3.7/site-packages/airflow/example_dags/tutorial.py
[2023-06-14T13:33:28.490+0000] {processor.py:826} INFO - Processing file /home/airflow/.local/lib/python3.7/site-packages/airflow/example_dags/tutorial.py for tasks to queue
[2023-06-14T13:33:28.491+0000] {logging_mixin.py:149} INFO - [2023-06-14T13:33:28.491+0000] {dagbag.py:541} INFO - Filling up the DagBag from /home/airflow/.local/lib/python3.7/site-packages/airflow/example_dags/tutorial.py
[2023-06-14T13:33:28.500+0000] {processor.py:836} INFO - DAG(s) dict_keys(['tutorial']) retrieved from /home/airflow/.local/lib/python3.7/site-packages/airflow/example_dags/tutorial.py
[2023-06-14T13:33:28.523+0000] {logging_mixin.py:149} INFO - [2023-06-14T13:33:28.523+0000] {dag.py:2726} INFO - Sync 1 DAGs
[2023-06-14T13:33:28.539+0000] {logging_mixin.py:149} INFO - [2023-06-14T13:33:28.539+0000] {dag.py:3490} INFO - Setting next_dagrun for tutorial to 2023-06-13T13:33:28.539175+00:00, run_after=2023-06-14T13:33:28.539175+00:00
[2023-06-14T13:33:28.551+0000] {processor.py:179} INFO - Processing /home/airflow/.local/lib/python3.7/site-packages/airflow/example_dags/tutorial.py took 0.067 seconds
[2023-06-14T13:33:58.931+0000] {processor.py:157} INFO - Started process (PID=776) to work on /home/airflow/.local/lib/python3.7/site-packages/airflow/example_dags/tutorial.py
[2023-06-14T13:33:58.933+0000] {processor.py:826} INFO - Processing file /home/airflow/.local/lib/python3.7/site-packages/airflow/example_dags/tutorial.py for tasks to queue
[2023-06-14T13:33:58.934+0000] {logging_mixin.py:149} INFO - [2023-06-14T13:33:58.934+0000] {dagbag.py:541} INFO - Filling up the DagBag from /home/airflow/.local/lib/python3.7/site-packages/airflow/example_dags/tutorial.py
[2023-06-14T13:33:58.945+0000] {processor.py:836} INFO - DAG(s) dict_keys(['tutorial']) retrieved from /home/airflow/.local/lib/python3.7/site-packages/airflow/example_dags/tutorial.py
[2023-06-14T13:33:58.968+0000] {logging_mixin.py:149} INFO - [2023-06-14T13:33:58.968+0000] {dag.py:2726} INFO - Sync 1 DAGs
[2023-06-14T13:33:58.986+0000] {logging_mixin.py:149} INFO - [2023-06-14T13:33:58.986+0000] {dag.py:3490} INFO - Setting next_dagrun for tutorial to 2023-06-13T13:33:58.985826+00:00, run_after=2023-06-14T13:33:58.985826+00:00
[2023-06-14T13:33:58.998+0000] {processor.py:179} INFO - Processing /home/airflow/.local/lib/python3.7/site-packages/airflow/example_dags/tutorial.py took 0.072 seconds
[2023-06-14T13:34:29.768+0000] {processor.py:157} INFO - Started process (PID=833) to work on /home/airflow/.local/lib/python3.7/site-packages/airflow/example_dags/tutorial.py
[2023-06-14T13:34:29.770+0000] {processor.py:826} INFO - Processing file /home/airflow/.local/lib/python3.7/site-packages/airflow/example_dags/tutorial.py for tasks to queue
[2023-06-14T13:34:29.771+0000] {logging_mixin.py:149} INFO - [2023-06-14T13:34:29.771+0000] {dagbag.py:541} INFO - Filling up the DagBag from /home/airflow/.local/lib/python3.7/site-packages/airflow/example_dags/tutorial.py
[2023-06-14T13:34:29.779+0000] {processor.py:836} INFO - DAG(s) dict_keys(['tutorial']) retrieved from /home/airflow/.local/lib/python3.7/site-packages/airflow/example_dags/tutorial.py
[2023-06-14T13:34:29.800+0000] {logging_mixin.py:149} INFO - [2023-06-14T13:34:29.800+0000] {dag.py:2726} INFO - Sync 1 DAGs
[2023-06-14T13:34:29.815+0000] {logging_mixin.py:149} INFO - [2023-06-14T13:34:29.815+0000] {dag.py:3490} INFO - Setting next_dagrun for tutorial to 2023-06-13T13:34:29.815675+00:00, run_after=2023-06-14T13:34:29.815675+00:00
[2023-06-14T13:34:29.827+0000] {processor.py:179} INFO - Processing /home/airflow/.local/lib/python3.7/site-packages/airflow/example_dags/tutorial.py took 0.062 seconds
[2023-06-14T13:35:00.324+0000] {processor.py:157} INFO - Started process (PID=890) to work on /home/airflow/.local/lib/python3.7/site-packages/airflow/example_dags/tutorial.py
[2023-06-14T13:35:00.326+0000] {processor.py:826} INFO - Processing file /home/airflow/.local/lib/python3.7/site-packages/airflow/example_dags/tutorial.py for tasks to queue
[2023-06-14T13:35:00.327+0000] {logging_mixin.py:149} INFO - [2023-06-14T13:35:00.327+0000] {dagbag.py:541} INFO - Filling up the DagBag from /home/airflow/.local/lib/python3.7/site-packages/airflow/example_dags/tutorial.py
[2023-06-14T13:35:00.337+0000] {processor.py:836} INFO - DAG(s) dict_keys(['tutorial']) retrieved from /home/airflow/.local/lib/python3.7/site-packages/airflow/example_dags/tutorial.py
[2023-06-14T13:35:00.363+0000] {logging_mixin.py:149} INFO - [2023-06-14T13:35:00.363+0000] {dag.py:2726} INFO - Sync 1 DAGs
[2023-06-14T13:35:00.383+0000] {logging_mixin.py:149} INFO - [2023-06-14T13:35:00.383+0000] {dag.py:3490} INFO - Setting next_dagrun for tutorial to 2023-06-13T13:35:00.383120+00:00, run_after=2023-06-14T13:35:00.383120+00:00
[2023-06-14T13:35:00.397+0000] {processor.py:179} INFO - Processing /home/airflow/.local/lib/python3.7/site-packages/airflow/example_dags/tutorial.py took 0.078 seconds
